# JRE version: OpenJDK Runtime Environment (8.0_252-b09) (build 1.8.0_252-b09)
# Java VM: OpenJDK 64-Bit Server VM (25.252-b09 mixed mode windows-amd64 compressed oops)
Heap:
 PSYoungGen      total 152064K, used 50536K [0x00000000d8980000, 0x00000000e3980000, 0x0000000100000000)
  eden space 136192K, 28% used [0x00000000d8980000,0x00000000daf7faa8,0x00000000e0e80000)
  from space 15872K, 73% used [0x00000000e2a00000,0x00000000e355a858,0x00000000e3980000)
  to   space 22016K, 0% used [0x00000000e0e80000,0x00000000e0e80000,0x00000000e2400000)
 ParOldGen       total 171520K, used 64777K [0x0000000089c00000, 0x0000000094380000, 0x00000000d8980000)
  object space 171520K, 37% used [0x0000000089c00000,0x000000008db42748,0x0000000094380000)
 Metaspace       used 59922K, capacity 60904K, committed 61312K, reserved 1103872K
  class space    used 7269K, capacity 7518K, committed 7552K, reserved 1048576K
GC Heap History (54 events):
Event: 6.898 GC heap before
{Heap before GC invocations=1 (full 0):
 PSYoungGen      total 35840K, used 30720K [0x00000000d8980000, 0x00000000db180000, 0x0000000100000000)
  eden space 30720K, 100% used [0x00000000d8980000,0x00000000da780000,0x00000000da780000)
  from space 5120K, 0% used [0x00000000dac80000,0x00000000dac80000,0x00000000db180000)
  to   space 5120K, 0% used [0x00000000da780000,0x00000000da780000,0x00000000dac80000)
 ParOldGen       total 81920K, used 0K [0x0000000089c00000, 0x000000008ec00000, 0x00000000d8980000)
  object space 81920K, 0% used [0x0000000089c00000,0x0000000089c00000,0x000000008ec00000)
 Metaspace       used 8947K, capacity 9132K, committed 9344K, reserved 1056768K
  class space    used 980K, capacity 1048K, committed 1152K, reserved 1048576K
Event: 6.902 GC heap after
Heap after GC invocations=1 (full 0):
 PSYoungGen      total 35840K, used 4882K [0x00000000d8980000, 0x00000000db180000, 0x0000000100000000)
  eden space 30720K, 0% used [0x00000000d8980000,0x00000000d8980000,0x00000000da780000)
  from space 5120K, 95% used [0x00000000da780000,0x00000000dac44b48,0x00000000dac80000)
  to   space 5120K, 0% used [0x00000000dac80000,0x00000000dac80000,0x00000000db180000)
 ParOldGen       total 81920K, used 8K [0x0000000089c00000, 0x000000008ec00000, 0x00000000d8980000)
  object space 81920K, 0% used [0x0000000089c00000,0x0000000089c02000,0x000000008ec00000)
 Metaspace       used 8947K, capacity 9132K, committed 9344K, reserved 1056768K
  class space    used 980K, capacity 1048K, committed 1152K, reserved 1048576K
}
Event: 7.187 GC heap before
{Heap before GC invocations=2 (full 0):
 PSYoungGen      total 35840K, used 35602K [0x00000000d8980000, 0x00000000db180000, 0x0000000100000000)
  eden space 30720K, 100% used [0x00000000d8980000,0x00000000da780000,0x00000000da780000)
  from space 5120K, 95% used [0x00000000da780000,0x00000000dac44b48,0x00000000dac80000)
  to   space 5120K, 0% used [0x00000000dac80000,0x00000000dac80000,0x00000000db180000)
 ParOldGen       total 81920K, used 8K [0x0000000089c00000, 0x000000008ec00000, 0x00000000d8980000)
  object space 81920K, 0% used [0x0000000089c00000,0x0000000089c02000,0x000000008ec00000)
 Metaspace       used 11960K, capacity 12116K, committed 12288K, reserved 1060864K
  class space    used 1352K, capacity 1444K, committed 1536K, reserved 1048576K
Event: 7.191 GC heap after
Heap after GC invocations=2 (full 0):
 PSYoungGen      total 35840K, used 5100K [0x00000000d8980000, 0x00000000db180000, 0x0000000100000000)
  eden space 30720K, 0% used [0x00000000d8980000,0x00000000d8980000,0x00000000da780000)
  from space 5120K, 99% used [0x00000000dac80000,0x00000000db17b3d0,0x00000000db180000)
  to   space 5120K, 0% used [0x00000000da780000,0x00000000da780000,0x00000000dac80000)
 ParOldGen       total 81920K, used 1367K [0x0000000089c00000, 0x000000008ec00000, 0x00000000d8980000)
  object space 81920K, 1% used [0x0000000089c00000,0x0000000089d55d68,0x000000008ec00000)
 Metaspace       used 11960K, capacity 12116K, committed 12288K, reserved 1060864K
  class space    used 1352K, capacity 1444K, committed 1536K, reserved 1048576K
}
Event: 7.719 GC heap before
{Heap before GC invocations=3 (full 0):
 PSYoungGen      total 35840K, used 35801K [0x00000000d8980000, 0x00000000db180000, 0x0000000100000000)
  eden space 30720K, 99% used [0x00000000d8980000,0x00000000da77b120,0x00000000da780000)
  from space 5120K, 99% used [0x00000000dac80000,0x00000000db17b3d0,0x00000000db180000)
  to   space 5120K, 0% used [0x00000000da780000,0x00000000da780000,0x00000000dac80000)
 ParOldGen       total 81920K, used 1367K [0x0000000089c00000, 0x000000008ec00000, 0x00000000d8980000)
  object space 81920K, 1% used [0x0000000089c00000,0x0000000089d55d68,0x000000008ec00000)
 Metaspace       used 15659K, capacity 15872K, committed 16256K, reserved 1062912K
  class space    used 1777K, capacity 1872K, committed 1920K, reserved 1048576K
Event: 7.724 GC heap after
Heap after GC invocations=3 (full 0):
 PSYoungGen      total 35840K, used 5088K [0x00000000d8980000, 0x00000000db180000, 0x0000000100000000)
  eden space 30720K, 0% used [0x00000000d8980000,0x00000000d8980000,0x00000000da780000)
  from space 5120K, 99% used [0x00000000da780000,0x00000000dac78020,0x00000000dac80000)
  to   space 5120K, 0% used [0x00000000dac80000,0x00000000dac80000,0x00000000db180000)
 ParOldGen       total 81920K, used 4045K [0x0000000089c00000, 0x000000008ec00000, 0x00000000d8980000)
  object space 81920K, 4% used [0x0000000089c00000,0x0000000089ff3400,0x000000008ec00000)
 Metaspace       used 15659K, capacity 15872K, committed 16256K, reserved 1062912K
  class space    used 1777K, capacity 1872K, committed 1920K, reserved 1048576K
}
Event: 8.921 GC heap before
{Heap before GC invocations=4 (full 0):
 PSYoungGen      total 35840K, used 35808K [0x00000000d8980000, 0x00000000db180000, 0x0000000100000000)
  eden space 30720K, 100% used [0x00000000d8980000,0x00000000da780000,0x00000000da780000)
  from space 5120K, 99% used [0x00000000da780000,0x00000000dac78020,0x00000000dac80000)
  to   space 5120K, 0% used [0x00000000dac80000,0x00000000dac80000,0x00000000db180000)
 ParOldGen       total 81920K, used 4045K [0x0000000089c00000, 0x000000008ec00000, 0x00000000d8980000)
  object space 81920K, 4% used [0x0000000089c00000,0x0000000089ff3400,0x000000008ec00000)
 Metaspace       used 16145K, capacity 16376K, committed 16512K, reserved 1064960K
  class space    used 1808K, capacity 1908K, committed 1920K, reserved 1048576K
Event: 8.928 GC heap after
Heap after GC invocations=4 (full 0):
 PSYoungGen      total 35840K, used 5104K [0x00000000d8980000, 0x00000000db180000, 0x0000000100000000)
  eden space 30720K, 0% used [0x00000000d8980000,0x00000000d8980000,0x00000000da780000)
  from space 5120K, 99% used [0x00000000dac80000,0x00000000db17c030,0x00000000db180000)
  to   space 5120K, 0% used [0x00000000da780000,0x00000000da780000,0x00000000dac80000)
 ParOldGen       total 81920K, used 7525K [0x0000000089c00000, 0x000000008ec00000, 0x00000000d8980000)
  object space 81920K, 9% used [0x0000000089c00000,0x000000008a359648,0x000000008ec00000)
 Metaspace       used 16145K, capacity 16376K, committed 16512K, reserved 1064960K
  class space    used 1808K, capacity 1908K, committed 1920K, reserved 1048576K
}
Event: 9.530 GC heap before
{Heap before GC invocations=5 (full 0):
 PSYoungGen      total 35840K, used 35824K [0x00000000d8980000, 0x00000000db180000, 0x0000000100000000)
  eden space 30720K, 100% used [0x00000000d8980000,0x00000000da780000,0x00000000da780000)
  from space 5120K, 99% used [0x00000000dac80000,0x00000000db17c030,0x00000000db180000)
  to   space 5120K, 0% used [0x00000000da780000,0x00000000da780000,0x00000000dac80000)
 ParOldGen       total 81920K, used 7525K [0x0000000089c00000, 0x000000008ec00000, 0x00000000d8980000)
  object space 81920K, 9% used [0x0000000089c00000,0x000000008a359648,0x000000008ec00000)
 Metaspace       used 16307K, capacity 16586K, committed 16768K, reserved 1064960K
  class space    used 1811K, capacity 1911K, committed 1920K, reserved 1048576K
Event: 9.537 GC heap after
Heap after GC invocations=5 (full 0):
 PSYoungGen      total 35328K, used 5088K [0x00000000d8980000, 0x00000000dbe00000, 0x0000000100000000)
  eden space 30208K, 0% used [0x00000000d8980000,0x00000000d8980000,0x00000000da700000)
  from space 5120K, 99% used [0x00000000da780000,0x00000000dac78040,0x00000000dac80000)
  to   space 11776K, 0% used [0x00000000db280000,0x00000000db280000,0x00000000dbe00000)
 ParOldGen       total 81920K, used 12577K [0x0000000089c00000, 0x000000008ec00000, 0x00000000d8980000)
  object space 81920K, 15% used [0x0000000089c00000,0x000000008a848528,0x000000008ec00000)
 Metaspace       used 16307K, capacity 16586K, committed 16768K, reserved 1064960K
  class space    used 1811K, capacity 1911K, committed 1920K, reserved 1048576K
}
Event: 10.167 GC heap before
{Heap before GC invocations=6 (full 0):
 PSYoungGen      total 35328K, used 35296K [0x00000000d8980000, 0x00000000dbe00000, 0x0000000100000000)
  eden space 30208K, 100% used [0x00000000d8980000,0x00000000da700000,0x00000000da700000)
  from space 5120K, 99% used [0x00000000da780000,0x00000000dac78040,0x00000000dac80000)
  to   space 11776K, 0% used [0x00000000db280000,0x00000000db280000,0x00000000dbe00000)
 ParOldGen       total 81920K, used 12577K [0x0000000089c00000, 0x000000008ec00000, 0x00000000d8980000)
  object space 81920K, 15% used [0x0000000089c00000,0x000000008a848528,0x000000008ec00000)
 Metaspace       used 16445K, capacity 16668K, committed 17024K, reserved 1064960K
  class space    used 1813K, capacity 1914K, committed 1920K, reserved 1048576K
Event: 10.175 GC heap after
Heap after GC invocations=6 (full 0):
 PSYoungGen      total 40960K, used 9088K [0x00000000d8980000, 0x00000000dbd80000, 0x0000000100000000)
  eden space 29696K, 0% used [0x00000000d8980000,0x00000000d8980000,0x00000000da680000)
  from space 11264K, 80% used [0x00000000db280000,0x00000000dbb60040,0x00000000dbd80000)
  to   space 11776K, 0% used [0x00000000da680000,0x00000000da680000,0x00000000db200000)
 ParOldGen       total 81920K, used 12585K [0x0000000089c00000, 0x000000008ec00000, 0x00000000d8980000)
  object space 81920K, 15% used [0x0000000089c00000,0x000000008a84a528,0x000000008ec00000)
 Metaspace       used 16445K, capacity 16668K, committed 17024K, reserved 1064960K
  class space    used 1813K, capacity 1914K, committed 1920K, reserved 1048576K
}
Event: 11.039 GC heap before
{Heap before GC invocations=7 (full 0):
 PSYoungGen      total 40960K, used 38784K [0x00000000d8980000, 0x00000000dbd80000, 0x0000000100000000)
  eden space 29696K, 100% used [0x00000000d8980000,0x00000000da680000,0x00000000da680000)
  from space 11264K, 80% used [0x00000000db280000,0x00000000dbb60040,0x00000000dbd80000)
  to   space 11776K, 0% used [0x00000000da680000,0x00000000da680000,0x00000000db200000)
 ParOldGen       total 81920K, used 12585K [0x0000000089c00000, 0x000000008ec00000, 0x00000000d8980000)
  object space 81920K, 15% used [0x0000000089c00000,0x000000008a84a528,0x000000008ec00000)
 Metaspace       used 16630K, capacity 16866K, committed 17024K, reserved 1064960K
  class space    used 1814K, capacity 1915K, committed 1920K, reserved 1048576K
Event: 11.046 GC heap after
Heap after GC invocations=7 (full 0):
 PSYoungGen      total 40960K, used 10992K [0x00000000d8980000, 0x00000000dbf00000, 0x0000000100000000)
  eden space 29184K, 0% used [0x00000000d8980000,0x00000000d8980000,0x00000000da600000)
  from space 11776K, 93% used [0x00000000da680000,0x00000000db13c030,0x00000000db200000)
  to   space 12800K, 0% used [0x00000000db280000,0x00000000db280000,0x00000000dbf00000)
 ParOldGen       total 81920K, used 14629K [0x0000000089c00000, 0x000000008ec00000, 0x00000000d8980000)
  object space 81920K, 17% used [0x0000000089c00000,0x000000008aa49588,0x000000008ec00000)
 Metaspace       used 16630K, capacity 16866K, committed 17024K, reserved 1064960K
  class space    used 1814K, capacity 1915K, committed 1920K, reserved 1048576K
}
Event: 11.939 GC heap before
{Heap before GC invocations=8 (full 0):
 PSYoungGen      total 40960K, used 40176K [0x00000000d8980000, 0x00000000dbf00000, 0x0000000100000000)
  eden space 29184K, 100% used [0x00000000d8980000,0x00000000da600000,0x00000000da600000)
  from space 11776K, 93% used [0x00000000da680000,0x00000000db13c030,0x00000000db200000)
  to   space 12800K, 0% used [0x00000000db280000,0x00000000db280000,0x00000000dbf00000)
 ParOldGen       total 81920K, used 14629K [0x0000000089c00000, 0x000000008ec00000, 0x00000000d8980000)
  object space 81920K, 17% used [0x0000000089c00000,0x000000008aa49588,0x000000008ec00000)
 Metaspace       used 16720K, capacity 16942K, committed 17280K, reserved 1064960K
  class space    used 1815K, capacity 1917K, committed 1920K, reserved 1048576K
Event: 11.962 GC heap after
Heap after GC invocations=8 (full 0):
 PSYoungGen      total 39424K, used 12800K [0x00000000d8980000, 0x00000000de080000, 0x0000000100000000)
  eden space 26624K, 0% used [0x00000000d8980000,0x00000000d8980000,0x00000000da380000)
  from space 12800K, 100% used [0x00000000db280000,0x00000000dbf00000,0x00000000dbf00000)
  to   space 15360K, 0% used [0x00000000da380000,0x00000000da380000,0x00000000db280000)
 ParOldGen       total 81920K, used 17335K [0x0000000089c00000, 0x000000008ec00000, 0x00000000d8980000)
  object space 81920K, 21% used [0x0000000089c00000,0x000000008aceddd8,0x000000008ec00000)
 Metaspace       used 16720K, capacity 16942K, committed 17280K, reserved 1064960K
  class space    used 1815K, capacity 1917K, committed 1920K, reserved 1048576K
}
Event: 12.856 GC heap before
{Heap before GC invocations=9 (full 0):
 PSYoungGen      total 39424K, used 39424K [0x00000000d8980000, 0x00000000de080000, 0x0000000100000000)
  eden space 26624K, 100% used [0x00000000d8980000,0x00000000da380000,0x00000000da380000)
  from space 12800K, 100% used [0x00000000db280000,0x00000000dbf00000,0x00000000dbf00000)
  to   space 15360K, 0% used [0x00000000da380000,0x00000000da380000,0x00000000db280000)
 ParOldGen       total 81920K, used 17335K [0x0000000089c00000, 0x000000008ec00000, 0x00000000d8980000)
  object space 81920K, 21% used [0x0000000089c00000,0x000000008aceddd8,0x000000008ec00000)
 Metaspace       used 16790K, capacity 17006K, committed 17280K, reserved 1064960K
  class space    used 1815K, capacity 1917K, committed 1920K, reserved 1048576K
Event: 12.865 GC heap after
Heap after GC invocations=9 (full 0):
 PSYoungGen      total 41984K, used 12608K [0x00000000d8980000, 0x00000000dd380000, 0x0000000100000000)
  eden space 26624K, 0% used [0x00000000d8980000,0x00000000d8980000,0x00000000da380000)
  from space 15360K, 82% used [0x00000000da380000,0x00000000dafd0000,0x00000000db280000)
  to   space 16384K, 0% used [0x00000000dc380000,0x00000000dc380000,0x00000000dd380000)
 ParOldGen       total 81920K, used 21790K [0x0000000089c00000, 0x000000008ec00000, 0x00000000d8980000)
  object space 81920K, 26% used [0x0000000089c00000,0x000000008b147b68,0x000000008ec00000)
 Metaspace       used 16790K, capacity 17006K, committed 17280K, reserved 1064960K
  class space    used 1815K, capacity 1917K, committed 1920K, reserved 1048576K
}
Event: 13.207 GC heap before
{Heap before GC invocations=10 (full 0):
 PSYoungGen      total 41984K, used 39232K [0x00000000d8980000, 0x00000000dd380000, 0x0000000100000000)
  eden space 26624K, 100% used [0x00000000d8980000,0x00000000da380000,0x00000000da380000)
  from space 15360K, 82% used [0x00000000da380000,0x00000000dafd0000,0x00000000db280000)
  to   space 16384K, 0% used [0x00000000dc380000,0x00000000dc380000,0x00000000dd380000)
 ParOldGen       total 81920K, used 21790K [0x0000000089c00000, 0x000000008ec00000, 0x00000000d8980000)
  object space 81920K, 26% used [0x0000000089c00000,0x000000008b147b68,0x000000008ec00000)
 Metaspace       used 16945K, capacity 17204K, committed 17536K, reserved 1064960K
  class space    used 1827K, capacity 1918K, committed 1920K, reserved 1048576K
Event: 13.214 GC heap after
Heap after GC invocations=10 (full 0):
 PSYoungGen      total 58368K, used 7648K [0x00000000d8980000, 0x00000000dd280000, 0x0000000100000000)
  eden space 43008K, 0% used [0x00000000d8980000,0x00000000d8980000,0x00000000db380000)
  from space 15360K, 49% used [0x00000000dc380000,0x00000000dcaf8000,0x00000000dd280000)
  to   space 15872K, 0% used [0x00000000db380000,0x00000000db380000,0x00000000dc300000)
 ParOldGen       total 81920K, used 29534K [0x0000000089c00000, 0x000000008ec00000, 0x00000000d8980000)
  object space 81920K, 36% used [0x0000000089c00000,0x000000008b8d7918,0x000000008ec00000)
 Metaspace       used 16945K, capacity 17204K, committed 17536K, reserved 1064960K
  class space    used 1827K, capacity 1918K, committed 1920K, reserved 1048576K
}
Event: 14.576 GC heap before
{Heap before GC invocations=11 (full 0):
 PSYoungGen      total 58368K, used 50656K [0x00000000d8980000, 0x00000000dd280000, 0x0000000100000000)
  eden space 43008K, 100% used [0x00000000d8980000,0x00000000db380000,0x00000000db380000)
  from space 15360K, 49% used [0x00000000dc380000,0x00000000dcaf8000,0x00000000dd280000)
  to   space 15872K, 0% used [0x00000000db380000,0x00000000db380000,0x00000000dc300000)
 ParOldGen       total 81920K, used 29534K [0x0000000089c00000, 0x000000008ec00000, 0x00000000d8980000)
  object space 81920K, 36% used [0x0000000089c00000,0x000000008b8d7918,0x000000008ec00000)
 Metaspace       used 18068K, capacity 18478K, committed 18816K, reserved 1067008K
  class space    used 1937K, capacity 2065K, committed 2176K, reserved 1048576K
Event: 14.583 GC heap after
Heap after GC invocations=11 (full 0):
 PSYoungGen      total 58880K, used 3163K [0x00000000d8980000, 0x00000000ded00000, 0x0000000100000000)
  eden space 43008K, 0% used [0x00000000d8980000,0x00000000d8980000,0x00000000db380000)
  from space 15872K, 19% used [0x00000000db380000,0x00000000db696e00,0x00000000dc300000)
  to   space 16384K, 0% used [0x00000000ddd00000,0x00000000ddd00000,0x00000000ded00000)
 ParOldGen       total 81920K, used 36829K [0x0000000089c00000, 0x000000008ec00000, 0x00000000d8980000)
  object space 81920K, 44% used [0x0000000089c00000,0x000000008bff7648,0x000000008ec00000)
 Metaspace       used 18068K, capacity 18478K, committed 18816K, reserved 1067008K
  class space    used 1937K, capacity 2065K, committed 2176K, reserved 1048576K
}
Event: 16.819 GC heap before
{Heap before GC invocations=12 (full 0):
 PSYoungGen      total 58880K, used 46171K [0x00000000d8980000, 0x00000000ded00000, 0x0000000100000000)
  eden space 43008K, 100% used [0x00000000d8980000,0x00000000db380000,0x00000000db380000)
  from space 15872K, 19% used [0x00000000db380000,0x00000000db696e00,0x00000000dc300000)
  to   space 16384K, 0% used [0x00000000ddd00000,0x00000000ddd00000,0x00000000ded00000)
 ParOldGen       total 81920K, used 36829K [0x0000000089c00000, 0x000000008ec00000, 0x00000000d8980000)
  object space 81920K, 44% used [0x0000000089c00000,0x000000008bff7648,0x000000008ec00000)
 Metaspace       used 18319K, capacity 18790K, committed 19072K, reserved 1067008K
  class space    used 1950K, capacity 2105K, committed 2176K, reserved 1048576K
Event: 16.822 GC heap after
Heap after GC invocations=12 (full 0):
 PSYoungGen      total 45568K, used 3188K [0x00000000d8980000, 0x00000000de080000, 0x0000000100000000)
  eden space 41984K, 0% used [0x00000000d8980000,0x00000000d8980000,0x00000000db280000)
  from space 3584K, 88% used [0x00000000ddd00000,0x00000000de01d270,0x00000000de080000)
  to   space 16384K, 0% used [0x00000000dc080000,0x00000000dc080000,0x00000000dd080000)
 ParOldGen       total 81920K, used 38717K [0x0000000089c00000, 0x000000008ec00000, 0x00000000d8980000)
  object space 81920K, 47% used [0x0000000089c00000,0x000000008c1cf648,0x000000008ec00000)
 Metaspace       used 18319K, capacity 18790K, committed 19072K, reserved 1067008K
  class space    used 1950K, capacity 2105K, committed 2176K, reserved 1048576K
}
Event: 18.157 GC heap before
{Heap before GC invocations=13 (full 0):
 PSYoungGen      total 45568K, used 26782K [0x00000000d8980000, 0x00000000de080000, 0x0000000100000000)
  eden space 41984K, 56% used [0x00000000d8980000,0x00000000da08a900,0x00000000db280000)
  from space 3584K, 88% used [0x00000000ddd00000,0x00000000de01d270,0x00000000de080000)
  to   space 16384K, 0% used [0x00000000dc080000,0x00000000dc080000,0x00000000dd080000)
 ParOldGen       total 81920K, used 38717K [0x0000000089c00000, 0x000000008ec00000, 0x00000000d8980000)
  object space 81920K, 47% used [0x0000000089c00000,0x000000008c1cf648,0x000000008ec00000)
 Metaspace       used 20605K, capacity 21132K, committed 21296K, reserved 1069056K
  class space    used 2247K, capacity 2420K, committed 2432K, reserved 1048576K
Event: 18.169 GC heap after
Heap after GC invocations=13 (full 0):
 PSYoungGen      total 44032K, used 2829K [0x00000000d8980000, 0x00000000ddd80000, 0x0000000100000000)
  eden space 40960K, 0% used [0x00000000d8980000,0x00000000d8980000,0x00000000db180000)
  from space 3072K, 92% used [0x00000000dc080000,0x00000000dc343618,0x00000000dc380000)
  to   space 16896K, 0% used [0x00000000dcd00000,0x00000000dcd00000,0x00000000ddd80000)
 ParOldGen       total 81920K, used 40957K [0x0000000089c00000, 0x000000008ec00000, 0x00000000d8980000)
  object space 81920K, 49% used [0x0000000089c00000,0x000000008c3ff508,0x000000008ec00000)
 Metaspace       used 20605K, capacity 21132K, committed 21296K, reserved 1069056K
  class space    used 2247K, capacity 2420K, committed 2432K, reserved 1048576K
}
Event: 18.169 GC heap before
{Heap before GC invocations=14 (full 1):
 PSYoungGen      total 44032K, used 2829K [0x00000000d8980000, 0x00000000ddd80000, 0x0000000100000000)
  eden space 40960K, 0% used [0x00000000d8980000,0x00000000d8980000,0x00000000db180000)
  from space 3072K, 92% used [0x00000000dc080000,0x00000000dc343618,0x00000000dc380000)
  to   space 16896K, 0% used [0x00000000dcd00000,0x00000000dcd00000,0x00000000ddd80000)
 ParOldGen       total 81920K, used 40957K [0x0000000089c00000, 0x000000008ec00000, 0x00000000d8980000)
  object space 81920K, 49% used [0x0000000089c00000,0x000000008c3ff508,0x000000008ec00000)
 Metaspace       used 20605K, capacity 21132K, committed 21296K, reserved 1069056K
  class space    used 2247K, capacity 2420K, committed 2432K, reserved 1048576K
Event: 18.274 GC heap after
Heap after GC invocations=14 (full 1):
 PSYoungGen      total 44032K, used 0K [0x00000000d8980000, 0x00000000ddd80000, 0x0000000100000000)
  eden space 40960K, 0% used [0x00000000d8980000,0x00000000d8980000,0x00000000db180000)
  from space 3072K, 0% used [0x00000000dc080000,0x00000000dc080000,0x00000000dc380000)
  to   space 16896K, 0% used [0x00000000dcd00000,0x00000000dcd00000,0x00000000ddd80000)
 ParOldGen       total 88576K, used 37103K [0x0000000089c00000, 0x000000008f280000, 0x00000000d8980000)
  object space 88576K, 41% used [0x0000000089c00000,0x000000008c03be08,0x000000008f280000)
 Metaspace       used 20605K, capacity 21132K, committed 21296K, reserved 1069056K
  class space    used 2247K, capacity 2420K, committed 2432K, reserved 1048576K
}
Event: 18.788 GC heap before
{Heap before GC invocations=15 (full 1):
 PSYoungGen      total 44032K, used 40960K [0x00000000d8980000, 0x00000000ddd80000, 0x0000000100000000)
  eden space 40960K, 100% used [0x00000000d8980000,0x00000000db180000,0x00000000db180000)
  from space 3072K, 0% used [0x00000000dc080000,0x00000000dc080000,0x00000000dc380000)
  to   space 16896K, 0% used [0x00000000dcd00000,0x00000000dcd00000,0x00000000ddd80000)
 ParOldGen       total 88576K, used 37103K [0x0000000089c00000, 0x000000008f280000, 0x00000000d8980000)
  object space 88576K, 41% used [0x0000000089c00000,0x000000008c03be08,0x000000008f280000)
 Metaspace       used 23325K, capacity 23970K, committed 24320K, reserved 1071104K
  class space    used 2641K, capacity 2815K, committed 2816K, reserved 1048576K
Event: 18.792 GC heap after
Heap after GC invocations=15 (full 1):
 PSYoungGen      total 69632K, used 3573K [0x00000000d8980000, 0x00000000de000000, 0x0000000100000000)
  eden space 52736K, 0% used [0x00000000d8980000,0x00000000d8980000,0x00000000dbd00000)
  from space 16896K, 21% used [0x00000000dcd00000,0x00000000dd07d788,0x00000000ddd80000)
  to   space 16384K, 0% used [0x00000000dbd00000,0x00000000dbd00000,0x00000000dcd00000)
 ParOldGen       total 88576K, used 37111K [0x0000000089c00000, 0x000000008f280000, 0x00000000d8980000)
  object space 88576K, 41% used [0x0000000089c00000,0x000000008c03de08,0x000000008f280000)
 Metaspace       used 23325K, capacity 23970K, committed 24320K, reserved 1071104K
  class space    used 2641K, capacity 2815K, committed 2816K, reserved 1048576K
}
Event: 19.172 GC heap before
{Heap before GC invocations=16 (full 1):
 PSYoungGen      total 69632K, used 56309K [0x00000000d8980000, 0x00000000de000000, 0x0000000100000000)
  eden space 52736K, 100% used [0x00000000d8980000,0x00000000dbd00000,0x00000000dbd00000)
  from space 16896K, 21% used [0x00000000dcd00000,0x00000000dd07d788,0x00000000ddd80000)
  to   space 16384K, 0% used [0x00000000dbd00000,0x00000000dbd00000,0x00000000dcd00000)
 ParOldGen       total 88576K, used 37111K [0x0000000089c00000, 0x000000008f280000, 0x00000000d8980000)
  object space 88576K, 41% used [0x0000000089c00000,0x000000008c03de08,0x000000008f280000)
 Metaspace       used 26864K, capacity 27444K, committed 27904K, reserved 1073152K
  class space    used 3093K, capacity 3266K, committed 3328K, reserved 1048576K
Event: 19.177 GC heap after
Heap after GC invocations=16 (full 1):
 PSYoungGen      total 69120K, used 6926K [0x00000000d8980000, 0x00000000def00000, 0x0000000100000000)
  eden space 52736K, 0% used [0x00000000d8980000,0x00000000d8980000,0x00000000dbd00000)
  from space 16384K, 42% used [0x00000000dbd00000,0x00000000dc3c3b00,0x00000000dcd00000)
  to   space 15872K, 0% used [0x00000000ddf80000,0x00000000ddf80000,0x00000000def00000)
 ParOldGen       total 88576K, used 38287K [0x0000000089c00000, 0x000000008f280000, 0x00000000d8980000)
  object space 88576K, 43% used [0x0000000089c00000,0x000000008c163e48,0x000000008f280000)
 Metaspace       used 26864K, capacity 27444K, committed 27904K, reserved 1073152K
  class space    used 3093K, capacity 3266K, committed 3328K, reserved 1048576K
}
Event: 19.959 GC heap before
{Heap before GC invocations=17 (full 1):
 PSYoungGen      total 69120K, used 59662K [0x00000000d8980000, 0x00000000def00000, 0x0000000100000000)
  eden space 52736K, 100% used [0x00000000d8980000,0x00000000dbd00000,0x00000000dbd00000)
  from space 16384K, 42% used [0x00000000dbd00000,0x00000000dc3c3b00,0x00000000dcd00000)
  to   space 15872K, 0% used [0x00000000ddf80000,0x00000000ddf80000,0x00000000def00000)
 ParOldGen       total 88576K, used 38287K [0x0000000089c00000, 0x000000008f280000, 0x00000000d8980000)
  object space 88576K, 43% used [0x0000000089c00000,0x000000008c163e48,0x000000008f280000)
 Metaspace       used 30128K, capacity 30808K, committed 31104K, reserved 1077248K
  class space    used 3453K, capacity 3656K, committed 3712K, reserved 1048576K
Event: 19.968 GC heap after
Heap after GC invocations=17 (full 1):
 PSYoungGen      total 87040K, used 6354K [0x00000000d8980000, 0x00000000ded80000, 0x0000000100000000)
  eden space 72704K, 0% used [0x00000000d8980000,0x00000000d8980000,0x00000000dd080000)
  from space 14336K, 44% used [0x00000000ddf80000,0x00000000de5b4978,0x00000000ded80000)
  to   space 14848K, 0% used [0x00000000dd080000,0x00000000dd080000,0x00000000ddf00000)
 ParOldGen       total 88576K, used 40271K [0x0000000089c00000, 0x000000008f280000, 0x00000000d8980000)
  object space 88576K, 45% used [0x0000000089c00000,0x000000008c353e78,0x000000008f280000)
 Metaspace       used 30128K, capacity 30808K, committed 31104K, reserved 1077248K
  class space    used 3453K, capacity 3656K, committed 3712K, reserved 1048576K
}
Event: 20.255 GC heap before
{Heap before GC invocations=18 (full 1):
 PSYoungGen      total 87040K, used 79058K [0x00000000d8980000, 0x00000000ded80000, 0x0000000100000000)
  eden space 72704K, 100% used [0x00000000d8980000,0x00000000dd080000,0x00000000dd080000)
  from space 14336K, 44% used [0x00000000ddf80000,0x00000000de5b4978,0x00000000ded80000)
  to   space 14848K, 0% used [0x00000000dd080000,0x00000000dd080000,0x00000000ddf00000)
 ParOldGen       total 88576K, used 40271K [0x0000000089c00000, 0x000000008f280000, 0x00000000d8980000)
  object space 88576K, 45% used [0x0000000089c00000,0x000000008c353e78,0x000000008f280000)
 Metaspace       used 33371K, capacity 34006K, committed 34560K, reserved 1079296K
  class space    used 3827K, capacity 4013K, committed 4096K, reserved 1048576K
Event: 20.266 GC heap after
Heap after GC invocations=18 (full 1):
 PSYoungGen      total 87552K, used 5305K [0x00000000d8980000, 0x00000000e0180000, 0x0000000100000000)
  eden space 72704K, 0% used [0x00000000d8980000,0x00000000d8980000,0x00000000dd080000)
  from space 14848K, 35% used [0x00000000dd080000,0x00000000dd5ae6b8,0x00000000ddf00000)
  to   space 14336K, 0% used [0x00000000df380000,0x00000000df380000,0x00000000e0180000)
 ParOldGen       total 88576K, used 43533K [0x0000000089c00000, 0x000000008f280000, 0x00000000d8980000)
  object space 88576K, 49% used [0x0000000089c00000,0x000000008c6836d8,0x000000008f280000)
 Metaspace       used 33371K, capacity 34006K, committed 34560K, reserved 1079296K
  class space    used 3827K, capacity 4013K, committed 4096K, reserved 1048576K
}
Event: 20.517 GC heap before
{Heap before GC invocations=19 (full 1):
 PSYoungGen      total 87552K, used 36275K [0x00000000d8980000, 0x00000000e0180000, 0x0000000100000000)
  eden space 72704K, 42% used [0x00000000d8980000,0x00000000da7be680,0x00000000dd080000)
  from space 14848K, 35% used [0x00000000dd080000,0x00000000dd5ae6b8,0x00000000ddf00000)
  to   space 14336K, 0% used [0x00000000df380000,0x00000000df380000,0x00000000e0180000)
 ParOldGen       total 88576K, used 43533K [0x0000000089c00000, 0x000000008f280000, 0x00000000d8980000)
  object space 88576K, 49% used [0x0000000089c00000,0x000000008c6836d8,0x000000008f280000)
 Metaspace       used 34499K, capacity 35132K, committed 35456K, reserved 1081344K
  class space    used 3964K, capacity 4174K, committed 4224K, reserved 1048576K
Event: 20.520 GC heap after
Heap after GC invocations=19 (full 1):
 PSYoungGen      total 108032K, used 1689K [0x00000000d8980000, 0x00000000e0200000, 0x0000000100000000)
  eden space 93696K, 0% used [0x00000000d8980000,0x00000000d8980000,0x00000000de500000)
  from space 14336K, 11% used [0x00000000df380000,0x00000000df526440,0x00000000e0180000)
  to   space 14848K, 0% used [0x00000000de500000,0x00000000de500000,0x00000000df380000)
 ParOldGen       total 88576K, used 44940K [0x0000000089c00000, 0x000000008f280000, 0x00000000d8980000)
  object space 88576K, 50% used [0x0000000089c00000,0x000000008c7e3238,0x000000008f280000)
 Metaspace       used 34499K, capacity 35132K, committed 35456K, reserved 1081344K
  class space    used 3964K, capacity 4174K, committed 4224K, reserved 1048576K
}
Event: 20.520 GC heap before
{Heap before GC invocations=20 (full 2):
 PSYoungGen      total 108032K, used 1689K [0x00000000d8980000, 0x00000000e0200000, 0x0000000100000000)
  eden space 93696K, 0% used [0x00000000d8980000,0x00000000d8980000,0x00000000de500000)
  from space 14336K, 11% used [0x00000000df380000,0x00000000df526440,0x00000000e0180000)
  to   space 14848K, 0% used [0x00000000de500000,0x00000000de500000,0x00000000df380000)
 ParOldGen       total 88576K, used 44940K [0x0000000089c00000, 0x000000008f280000, 0x00000000d8980000)
  object space 88576K, 50% used [0x0000000089c00000,0x000000008c7e3238,0x000000008f280000)
 Metaspace       used 34499K, capacity 35132K, committed 35456K, reserved 1081344K
  class space    used 3964K, capacity 4174K, committed 4224K, reserved 1048576K
Event: 20.614 GC heap after
Heap after GC invocations=20 (full 2):
 PSYoungGen      total 108032K, used 0K [0x00000000d8980000, 0x00000000e0200000, 0x0000000100000000)
  eden space 93696K, 0% used [0x00000000d8980000,0x00000000d8980000,0x00000000de500000)
  from space 14336K, 0% used [0x00000000df380000,0x00000000df380000,0x00000000e0180000)
  to   space 14848K, 0% used [0x00000000de500000,0x00000000de500000,0x00000000df380000)
 ParOldGen       total 121344K, used 44326K [0x0000000089c00000, 0x0000000091280000, 0x00000000d8980000)
  object space 121344K, 36% used [0x0000000089c00000,0x000000008c7499d0,0x0000000091280000)
 Metaspace       used 34499K, capacity 35132K, committed 35456K, reserved 1081344K
  class space    used 3964K, capacity 4174K, committed 4224K, reserved 1048576K
}
Event: 21.669 GC heap before
{Heap before GC invocations=21 (full 2):
 PSYoungGen      total 108032K, used 93696K [0x00000000d8980000, 0x00000000e0200000, 0x0000000100000000)
  eden space 93696K, 100% used [0x00000000d8980000,0x00000000de500000,0x00000000de500000)
  from space 14336K, 0% used [0x00000000df380000,0x00000000df380000,0x00000000e0180000)
  to   space 14848K, 0% used [0x00000000de500000,0x00000000de500000,0x00000000df380000)
 ParOldGen       total 121344K, used 44326K [0x0000000089c00000, 0x0000000091280000, 0x00000000d8980000)
  object space 121344K, 36% used [0x0000000089c00000,0x000000008c7499d0,0x0000000091280000)
 Metaspace       used 42220K, capacity 42968K, committed 43392K, reserved 1087488K
  class space    used 5007K, capacity 5206K, committed 5248K, reserved 1048576K
Event: 21.675 GC heap after
Heap after GC invocations=21 (full 2):
 PSYoungGen      total 108544K, used 9396K [0x00000000d8980000, 0x00000000e0f00000, 0x0000000100000000)
  eden space 93696K, 0% used [0x00000000d8980000,0x00000000d8980000,0x00000000de500000)
  from space 14848K, 63% used [0x00000000de500000,0x00000000dee2d030,0x00000000df380000)
  to   space 14848K, 0% used [0x00000000e0080000,0x00000000e0080000,0x00000000e0f00000)
 ParOldGen       total 121344K, used 44334K [0x0000000089c00000, 0x0000000091280000, 0x00000000d8980000)
  object space 121344K, 36% used [0x0000000089c00000,0x000000008c74b9d0,0x0000000091280000)
 Metaspace       used 42220K, capacity 42968K, committed 43392K, reserved 1087488K
  class space    used 5007K, capacity 5206K, committed 5248K, reserved 1048576K
}
Event: 22.459 GC heap before
{Heap before GC invocations=22 (full 2):
 PSYoungGen      total 108544K, used 103092K [0x00000000d8980000, 0x00000000e0f00000, 0x0000000100000000)
  eden space 93696K, 100% used [0x00000000d8980000,0x00000000de500000,0x00000000de500000)
  from space 14848K, 63% used [0x00000000de500000,0x00000000dee2d030,0x00000000df380000)
  to   space 14848K, 0% used [0x00000000e0080000,0x00000000e0080000,0x00000000e0f00000)
 ParOldGen       total 121344K, used 44334K [0x0000000089c00000, 0x0000000091280000, 0x00000000d8980000)
  object space 121344K, 36% used [0x0000000089c00000,0x000000008c74b9d0,0x0000000091280000)
 Metaspace       used 47311K, capacity 48200K, committed 48512K, reserved 1091584K
  class space    used 5716K, capacity 5950K, committed 6016K, reserved 1048576K
Event: 22.476 GC heap after
Heap after GC invocations=22 (full 2):
 PSYoungGen      total 119808K, used 13977K [0x00000000d8980000, 0x00000000e1480000, 0x0000000100000000)
  eden space 104960K, 0% used [0x00000000d8980000,0x00000000d8980000,0x00000000df000000)
  from space 14848K, 94% used [0x00000000e0080000,0x00000000e0e26690,0x00000000e0f00000)
  to   space 16896K, 0% used [0x00000000df000000,0x00000000df000000,0x00000000e0080000)
 ParOldGen       total 121344K, used 44342K [0x0000000089c00000, 0x0000000091280000, 0x00000000d8980000)
  object space 121344K, 36% used [0x0000000089c00000,0x000000008c74d9d0,0x0000000091280000)
 Metaspace       used 47311K, capacity 48200K, committed 48512K, reserved 1091584K
  class space    used 5716K, capacity 5950K, committed 6016K, reserved 1048576K
}
Event: 23.251 GC heap before
{Heap before GC invocations=23 (full 2):
 PSYoungGen      total 119808K, used 118937K [0x00000000d8980000, 0x00000000e1480000, 0x0000000100000000)
  eden space 104960K, 100% used [0x00000000d8980000,0x00000000df000000,0x00000000df000000)
  from space 14848K, 94% used [0x00000000e0080000,0x00000000e0e26690,0x00000000e0f00000)
  to   space 16896K, 0% used [0x00000000df000000,0x00000000df000000,0x00000000e0080000)
 ParOldGen       total 121344K, used 44342K [0x0000000089c00000, 0x0000000091280000, 0x00000000d8980000)
  object space 121344K, 36% used [0x0000000089c00000,0x000000008c74d9d0,0x0000000091280000)
 Metaspace       used 50914K, capacity 51770K, committed 52224K, reserved 1095680K
  class space    used 6141K, capacity 6369K, committed 6400K, reserved 1048576K
Event: 23.274 GC heap after
Heap after GC invocations=23 (full 2):
 PSYoungGen      total 121856K, used 12517K [0x00000000d8980000, 0x00000000e2500000, 0x0000000100000000)
  eden space 104960K, 0% used [0x00000000d8980000,0x00000000d8980000,0x00000000df000000)
  from space 16896K, 74% used [0x00000000df000000,0x00000000dfc39790,0x00000000e0080000)
  to   space 17920K, 0% used [0x00000000e1380000,0x00000000e1380000,0x00000000e2500000)
 ParOldGen       total 121344K, used 44350K [0x0000000089c00000, 0x0000000091280000, 0x00000000d8980000)
  object space 121344K, 36% used [0x0000000089c00000,0x000000008c74f9d0,0x0000000091280000)
 Metaspace       used 50914K, capacity 51770K, committed 52224K, reserved 1095680K
  class space    used 6141K, capacity 6369K, committed 6400K, reserved 1048576K
}
Event: 24.356 GC heap before
{Heap before GC invocations=24 (full 2):
 PSYoungGen      total 121856K, used 117477K [0x00000000d8980000, 0x00000000e2500000, 0x0000000100000000)
  eden space 104960K, 100% used [0x00000000d8980000,0x00000000df000000,0x00000000df000000)
  from space 16896K, 74% used [0x00000000df000000,0x00000000dfc39790,0x00000000e0080000)
  to   space 17920K, 0% used [0x00000000e1380000,0x00000000e1380000,0x00000000e2500000)
 ParOldGen       total 121344K, used 44350K [0x0000000089c00000, 0x0000000091280000, 0x00000000d8980000)
  object space 121344K, 36% used [0x0000000089c00000,0x000000008c74f9d0,0x0000000091280000)
 Metaspace       used 55338K, capacity 56230K, committed 56704K, reserved 1099776K
  class space    used 6670K, capacity 6915K, committed 7040K, reserved 1048576K
Event: 24.368 GC heap after
Heap after GC invocations=24 (full 2):
 PSYoungGen      total 138240K, used 17888K [0x00000000d8980000, 0x00000000e2a00000, 0x0000000100000000)
  eden space 120320K, 0% used [0x00000000d8980000,0x00000000d8980000,0x00000000dff00000)
  from space 17920K, 99% used [0x00000000e1380000,0x00000000e24f8118,0x00000000e2500000)
  to   space 20992K, 0% used [0x00000000dff00000,0x00000000dff00000,0x00000000e1380000)
 ParOldGen       total 121344K, used 46161K [0x0000000089c00000, 0x0000000091280000, 0x00000000d8980000)
  object space 121344K, 38% used [0x0000000089c00000,0x000000008c914428,0x0000000091280000)
 Metaspace       used 55338K, capacity 56230K, committed 56704K, reserved 1099776K
  class space    used 6670K, capacity 6915K, committed 7040K, reserved 1048576K
}
Event: 24.931 GC heap before
{Heap before GC invocations=25 (full 2):
 PSYoungGen      total 138240K, used 122243K [0x00000000d8980000, 0x00000000e2a00000, 0x0000000100000000)
  eden space 120320K, 86% used [0x00000000d8980000,0x00000000def68e20,0x00000000dff00000)
  from space 17920K, 99% used [0x00000000e1380000,0x00000000e24f8118,0x00000000e2500000)
  to   space 20992K, 0% used [0x00000000dff00000,0x00000000dff00000,0x00000000e1380000)
 ParOldGen       total 121344K, used 46161K [0x0000000089c00000, 0x0000000091280000, 0x00000000d8980000)
  object space 121344K, 38% used [0x0000000089c00000,0x000000008c914428,0x0000000091280000)
 Metaspace       used 57940K, capacity 58810K, committed 59096K, reserved 1101824K
  class space    used 7013K, capacity 7253K, committed 7296K, reserved 1048576K
Event: 24.945 GC heap after
Heap after GC invocations=25 (full 2):
 PSYoungGen      total 141312K, used 15981K [0x00000000d8980000, 0x00000000e4000000, 0x0000000100000000)
  eden space 120320K, 0% used [0x00000000d8980000,0x00000000d8980000,0x00000000dff00000)
  from space 20992K, 76% used [0x00000000dff00000,0x00000000e0e9b490,0x00000000e1380000)
  to   space 22528K, 0% used [0x00000000e2a00000,0x00000000e2a00000,0x00000000e4000000)
 ParOldGen       total 121344K, used 52824K [0x0000000089c00000, 0x0000000091280000, 0x00000000d8980000)
  object space 121344K, 43% used [0x0000000089c00000,0x000000008cf96220,0x0000000091280000)
 Metaspace       used 57940K, capacity 58810K, committed 59096K, reserved 1101824K
  class space    used 7013K, capacity 7253K, committed 7296K, reserved 1048576K
}
Event: 24.945 GC heap before
{Heap before GC invocations=26 (full 3):
 PSYoungGen      total 141312K, used 15981K [0x00000000d8980000, 0x00000000e4000000, 0x0000000100000000)
  eden space 120320K, 0% used [0x00000000d8980000,0x00000000d8980000,0x00000000dff00000)
  from space 20992K, 76% used [0x00000000dff00000,0x00000000e0e9b490,0x00000000e1380000)
  to   space 22528K, 0% used [0x00000000e2a00000,0x00000000e2a00000,0x00000000e4000000)
 ParOldGen       total 121344K, used 52824K [0x0000000089c00000, 0x0000000091280000, 0x00000000d8980000)
  object space 121344K, 43% used [0x0000000089c00000,0x000000008cf96220,0x0000000091280000)
 Metaspace       used 57940K, capacity 58810K, committed 59096K, reserved 1101824K
  class space    used 7013K, capacity 7253K, committed 7296K, reserved 1048576K
Event: 25.278 GC heap after
Heap after GC invocations=26 (full 3):
 PSYoungGen      total 141312K, used 0K [0x00000000d8980000, 0x00000000e4000000, 0x0000000100000000)
  eden space 120320K, 0% used [0x00000000d8980000,0x00000000d8980000,0x00000000dff00000)
  from space 20992K, 0% used [0x00000000dff00000,0x00000000dff00000,0x00000000e1380000)
  to   space 22528K, 0% used [0x00000000e2a00000,0x00000000e2a00000,0x00000000e4000000)
 ParOldGen       total 171520K, used 64769K [0x0000000089c00000, 0x0000000094380000, 0x00000000d8980000)
  object space 171520K, 37% used [0x0000000089c00000,0x000000008db40748,0x0000000094380000)
 Metaspace       used 57940K, capacity 58810K, committed 59096K, reserved 1101824K
  class space    used 7013K, capacity 7253K, committed 7296K, reserved 1048576K
}
Event: 25.835 GC heap before
{Heap before GC invocations=27 (full 3):
 PSYoungGen      total 141312K, used 120320K [0x00000000d8980000, 0x00000000e4000000, 0x0000000100000000)
  eden space 120320K, 100% used [0x00000000d8980000,0x00000000dff00000,0x00000000dff00000)
  from space 20992K, 0% used [0x00000000dff00000,0x00000000dff00000,0x00000000e1380000)
  to   space 22528K, 0% used [0x00000000e2a00000,0x00000000e2a00000,0x00000000e4000000)
 ParOldGen       total 171520K, used 64769K [0x0000000089c00000, 0x0000000094380000, 0x00000000d8980000)
  object space 171520K, 37% used [0x0000000089c00000,0x000000008db40748,0x0000000094380000)
 Metaspace       used 59175K, capacity 60082K, committed 60504K, reserved 1101824K
  class space    used 7170K, capacity 7417K, committed 7424K, reserved 1048576K
Event: 25.853 GC heap after
Heap after GC invocations=27 (full 3):
 PSYoungGen      total 152064K, used 11626K [0x00000000d8980000, 0x00000000e3980000, 0x0000000100000000)
  eden space 136192K, 0% used [0x00000000d8980000,0x00000000d8980000,0x00000000e0e80000)
  from space 15872K, 73% used [0x00000000e2a00000,0x00000000e355a858,0x00000000e3980000)
  to   space 22016K, 0% used [0x00000000e0e80000,0x00000000e0e80000,0x00000000e2400000)
 ParOldGen       total 171520K, used 64777K [0x0000000089c00000, 0x0000000094380000, 0x00000000d8980000)
  object space 171520K, 37% used [0x0000000089c00000,0x000000008db42748,0x0000000094380000)
 Metaspace       used 59175K, capacity 60082K, committed 60504K, reserved 1101824K
  class space    used 7170K, capacity 7417K, committed 7424K, reserved 1048576K
}

