# JRE version: OpenJDK Runtime Environment (8.0_232-b09) (build 1.8.0_232-b09)
# Java VM: OpenJDK 64-Bit Server VM (25.232-b09 mixed mode windows-amd64 compressed oops)
Heap:
 PSYoungGen      total 148992K, used 5208K [0x00000000d5f00000, 0x00000000e8e00000, 0x0000000100000000)
  eden space 131072K, 3% used [0x00000000d5f00000,0x00000000d64163b8,0x00000000ddf00000)
  from space 17920K, 0% used [0x00000000ddf00000,0x00000000ddf00000,0x00000000df080000)
  to   space 24064K, 0% used [0x00000000e7680000,0x00000000e7680000,0x00000000e8e00000)
 ParOldGen       total 99840K, used 38425K [0x0000000081c00000, 0x0000000087d80000, 0x00000000d5f00000)
  object space 99840K, 38% used [0x0000000081c00000,0x0000000084186748,0x0000000087d80000)
 Metaspace       used 20757K, capacity 21356K, committed 21552K, reserved 1069056K
  class space    used 2272K, capacity 2425K, committed 2432K, reserved 1048576K
GC Heap History (16 events):
Event: 1.018 GC heap before
{Heap before GC invocations=1 (full 0):
 PSYoungGen      total 38400K, used 33280K [0x00000000d5f00000, 0x00000000d8980000, 0x0000000100000000)
  eden space 33280K, 100% used [0x00000000d5f00000,0x00000000d7f80000,0x00000000d7f80000)
  from space 5120K, 0% used [0x00000000d8480000,0x00000000d8480000,0x00000000d8980000)
  to   space 5120K, 0% used [0x00000000d7f80000,0x00000000d7f80000,0x00000000d8480000)
 ParOldGen       total 87552K, used 0K [0x0000000081c00000, 0x0000000087180000, 0x00000000d5f00000)
  object space 87552K, 0% used [0x0000000081c00000,0x0000000081c00000,0x0000000087180000)
 Metaspace       used 9102K, capacity 9244K, committed 9344K, reserved 1056768K
  class space    used 1006K, capacity 1080K, committed 1152K, reserved 1048576K
Event: 1.022 GC heap after
Heap after GC invocations=1 (full 0):
 PSYoungGen      total 38400K, used 5107K [0x00000000d5f00000, 0x00000000d8980000, 0x0000000100000000)
  eden space 33280K, 0% used [0x00000000d5f00000,0x00000000d5f00000,0x00000000d7f80000)
  from space 5120K, 99% used [0x00000000d7f80000,0x00000000d847cc38,0x00000000d8480000)
  to   space 5120K, 0% used [0x00000000d8480000,0x00000000d8480000,0x00000000d8980000)
 ParOldGen       total 87552K, used 89K [0x0000000081c00000, 0x0000000087180000, 0x00000000d5f00000)
  object space 87552K, 0% used [0x0000000081c00000,0x0000000081c166e8,0x0000000087180000)
 Metaspace       used 9102K, capacity 9244K, committed 9344K, reserved 1056768K
  class space    used 1006K, capacity 1080K, committed 1152K, reserved 1048576K
}
Event: 1.306 GC heap before
{Heap before GC invocations=2 (full 0):
 PSYoungGen      total 38400K, used 38387K [0x00000000d5f00000, 0x00000000d8980000, 0x0000000100000000)
  eden space 33280K, 100% used [0x00000000d5f00000,0x00000000d7f80000,0x00000000d7f80000)
  from space 5120K, 99% used [0x00000000d7f80000,0x00000000d847cc38,0x00000000d8480000)
  to   space 5120K, 0% used [0x00000000d8480000,0x00000000d8480000,0x00000000d8980000)
 ParOldGen       total 87552K, used 89K [0x0000000081c00000, 0x0000000087180000, 0x00000000d5f00000)
  object space 87552K, 0% used [0x0000000081c00000,0x0000000081c166e8,0x0000000087180000)
 Metaspace       used 12824K, capacity 13012K, committed 13440K, reserved 1060864K
  class space    used 1476K, capacity 1542K, committed 1664K, reserved 1048576K
Event: 1.312 GC heap after
Heap after GC invocations=2 (full 0):
 PSYoungGen      total 38400K, used 5109K [0x00000000d5f00000, 0x00000000daa00000, 0x0000000100000000)
  eden space 33280K, 0% used [0x00000000d5f00000,0x00000000d5f00000,0x00000000d7f80000)
  from space 5120K, 99% used [0x00000000d8480000,0x00000000d897d788,0x00000000d8980000)
  to   space 5120K, 0% used [0x00000000d7f80000,0x00000000d7f80000,0x00000000d8480000)
 ParOldGen       total 87552K, used 2399K [0x0000000081c00000, 0x0000000087180000, 0x00000000d5f00000)
  object space 87552K, 2% used [0x0000000081c00000,0x0000000081e57c38,0x0000000087180000)
 Metaspace       used 12824K, capacity 13012K, committed 13440K, reserved 1060864K
  class space    used 1476K, capacity 1542K, committed 1664K, reserved 1048576K
}
Event: 1.723 GC heap before
{Heap before GC invocations=3 (full 0):
 PSYoungGen      total 38400K, used 38389K [0x00000000d5f00000, 0x00000000daa00000, 0x0000000100000000)
  eden space 33280K, 100% used [0x00000000d5f00000,0x00000000d7f80000,0x00000000d7f80000)
  from space 5120K, 99% used [0x00000000d8480000,0x00000000d897d788,0x00000000d8980000)
  to   space 5120K, 0% used [0x00000000d7f80000,0x00000000d7f80000,0x00000000d8480000)
 ParOldGen       total 87552K, used 2399K [0x0000000081c00000, 0x0000000087180000, 0x00000000d5f00000)
  object space 87552K, 2% used [0x0000000081c00000,0x0000000081e57c38,0x0000000087180000)
 Metaspace       used 15857K, capacity 16040K, committed 16256K, reserved 1062912K
  class space    used 1787K, capacity 1876K, committed 1920K, reserved 1048576K
Event: 1.729 GC heap after
Heap after GC invocations=3 (full 0):
 PSYoungGen      total 38400K, used 5104K [0x00000000d5f00000, 0x00000000daa00000, 0x0000000100000000)
  eden space 33280K, 0% used [0x00000000d5f00000,0x00000000d5f00000,0x00000000d7f80000)
  from space 5120K, 99% used [0x00000000d7f80000,0x00000000d847c030,0x00000000d8480000)
  to   space 5120K, 0% used [0x00000000da500000,0x00000000da500000,0x00000000daa00000)
 ParOldGen       total 87552K, used 6185K [0x0000000081c00000, 0x0000000087180000, 0x00000000d5f00000)
  object space 87552K, 7% used [0x0000000081c00000,0x000000008220a688,0x0000000087180000)
 Metaspace       used 15857K, capacity 16040K, committed 16256K, reserved 1062912K
  class space    used 1787K, capacity 1876K, committed 1920K, reserved 1048576K
}
Event: 1.993 GC heap before
{Heap before GC invocations=4 (full 0):
 PSYoungGen      total 38400K, used 38384K [0x00000000d5f00000, 0x00000000daa00000, 0x0000000100000000)
  eden space 33280K, 100% used [0x00000000d5f00000,0x00000000d7f80000,0x00000000d7f80000)
  from space 5120K, 99% used [0x00000000d7f80000,0x00000000d847c030,0x00000000d8480000)
  to   space 5120K, 0% used [0x00000000da500000,0x00000000da500000,0x00000000daa00000)
 ParOldGen       total 87552K, used 6185K [0x0000000081c00000, 0x0000000087180000, 0x00000000d5f00000)
  object space 87552K, 7% used [0x0000000081c00000,0x000000008220a688,0x0000000087180000)
 Metaspace       used 16159K, capacity 16410K, committed 16768K, reserved 1064960K
  class space    used 1812K, capacity 1911K, committed 1920K, reserved 1048576K
Event: 2.006 GC heap after
Heap after GC invocations=4 (full 0):
 PSYoungGen      total 71680K, used 5088K [0x00000000d5f00000, 0x00000000daa00000, 0x0000000100000000)
  eden space 66560K, 0% used [0x00000000d5f00000,0x00000000d5f00000,0x00000000da000000)
  from space 5120K, 99% used [0x00000000da500000,0x00000000da9f8020,0x00000000daa00000)
  to   space 5120K, 0% used [0x00000000da000000,0x00000000da000000,0x00000000da500000)
 ParOldGen       total 87552K, used 12380K [0x0000000081c00000, 0x0000000087180000, 0x00000000d5f00000)
  object space 87552K, 14% used [0x0000000081c00000,0x0000000082817030,0x0000000087180000)
 Metaspace       used 16159K, capacity 16410K, committed 16768K, reserved 1064960K
  class space    used 1812K, capacity 1911K, committed 1920K, reserved 1048576K
}
Event: 2.466 GC heap before
{Heap before GC invocations=5 (full 0):
 PSYoungGen      total 71680K, used 71648K [0x00000000d5f00000, 0x00000000daa00000, 0x0000000100000000)
  eden space 66560K, 100% used [0x00000000d5f00000,0x00000000da000000,0x00000000da000000)
  from space 5120K, 99% used [0x00000000da500000,0x00000000da9f8020,0x00000000daa00000)
  to   space 5120K, 0% used [0x00000000da000000,0x00000000da000000,0x00000000da500000)
 ParOldGen       total 87552K, used 12380K [0x0000000081c00000, 0x0000000087180000, 0x00000000d5f00000)
  object space 87552K, 14% used [0x0000000081c00000,0x0000000082817030,0x0000000087180000)
 Metaspace       used 16494K, capacity 16754K, committed 17024K, reserved 1064960K
  class space    used 1815K, capacity 1915K, committed 1920K, reserved 1048576K
Event: 2.482 GC heap after
Heap after GC invocations=5 (full 0):
 PSYoungGen      total 71680K, used 5104K [0x00000000d5f00000, 0x00000000e0000000, 0x0000000100000000)
  eden space 66560K, 0% used [0x00000000d5f00000,0x00000000d5f00000,0x00000000da000000)
  from space 5120K, 99% used [0x00000000da000000,0x00000000da4fc030,0x00000000da500000)
  to   space 15872K, 0% used [0x00000000df080000,0x00000000df080000,0x00000000e0000000)
 ParOldGen       total 87552K, used 21022K [0x0000000081c00000, 0x0000000087180000, 0x00000000d5f00000)
  object space 87552K, 24% used [0x0000000081c00000,0x0000000083087b48,0x0000000087180000)
 Metaspace       used 16494K, capacity 16754K, committed 17024K, reserved 1064960K
  class space    used 1815K, capacity 1915K, committed 1920K, reserved 1048576K
}
Event: 2.863 GC heap before
{Heap before GC invocations=6 (full 0):
 PSYoungGen      total 71680K, used 71664K [0x00000000d5f00000, 0x00000000e0000000, 0x0000000100000000)
  eden space 66560K, 100% used [0x00000000d5f00000,0x00000000da000000,0x00000000da000000)
  from space 5120K, 99% used [0x00000000da000000,0x00000000da4fc030,0x00000000da500000)
  to   space 15872K, 0% used [0x00000000df080000,0x00000000df080000,0x00000000e0000000)
 ParOldGen       total 87552K, used 21022K [0x0000000081c00000, 0x0000000087180000, 0x00000000d5f00000)
  object space 87552K, 24% used [0x0000000081c00000,0x0000000083087b48,0x0000000087180000)
 Metaspace       used 16751K, capacity 17028K, committed 17280K, reserved 1064960K
  class space    used 1817K, capacity 1918K, committed 1920K, reserved 1048576K
Event: 2.882 GC heap after
Heap after GC invocations=6 (full 0):
 PSYoungGen      total 146944K, used 14880K [0x00000000d5f00000, 0x00000000e0400000, 0x0000000100000000)
  eden space 131072K, 0% used [0x00000000d5f00000,0x00000000d5f00000,0x00000000ddf00000)
  from space 15872K, 93% used [0x00000000df080000,0x00000000dff08020,0x00000000e0000000)
  to   space 17920K, 0% used [0x00000000ddf00000,0x00000000ddf00000,0x00000000df080000)
 ParOldGen       total 87552K, used 21030K [0x0000000081c00000, 0x0000000087180000, 0x00000000d5f00000)
  object space 87552K, 24% used [0x0000000081c00000,0x0000000083089b48,0x0000000087180000)
 Metaspace       used 16751K, capacity 17028K, committed 17280K, reserved 1064960K
  class space    used 1817K, capacity 1918K, committed 1920K, reserved 1048576K
}
Event: 4.454 GC heap before
{Heap before GC invocations=7 (full 0):
 PSYoungGen      total 146944K, used 143135K [0x00000000d5f00000, 0x00000000e0400000, 0x0000000100000000)
  eden space 131072K, 97% used [0x00000000d5f00000,0x00000000ddc3fdf0,0x00000000ddf00000)
  from space 15872K, 93% used [0x00000000df080000,0x00000000dff08020,0x00000000e0000000)
  to   space 17920K, 0% used [0x00000000ddf00000,0x00000000ddf00000,0x00000000df080000)
 ParOldGen       total 87552K, used 21030K [0x0000000081c00000, 0x0000000087180000, 0x00000000d5f00000)
  object space 87552K, 24% used [0x0000000081c00000,0x0000000083089b48,0x0000000087180000)
 Metaspace       used 20635K, capacity 21212K, committed 21296K, reserved 1069056K
  class space    used 2251K, capacity 2420K, committed 2432K, reserved 1048576K
Event: 4.477 GC heap after
Heap after GC invocations=7 (full 0):
 PSYoungGen      total 148992K, used 17904K [0x00000000d5f00000, 0x00000000e8e00000, 0x0000000100000000)
  eden space 131072K, 0% used [0x00000000d5f00000,0x00000000d5f00000,0x00000000ddf00000)
  from space 17920K, 99% used [0x00000000ddf00000,0x00000000df07c010,0x00000000df080000)
  to   space 24064K, 0% used [0x00000000e7680000,0x00000000e7680000,0x00000000e8e00000)
 ParOldGen       total 87552K, used 27863K [0x0000000081c00000, 0x0000000087180000, 0x00000000d5f00000)
  object space 87552K, 31% used [0x0000000081c00000,0x0000000083735fd8,0x0000000087180000)
 Metaspace       used 20635K, capacity 21212K, committed 21296K, reserved 1069056K
  class space    used 2251K, capacity 2420K, committed 2432K, reserved 1048576K
}
Event: 4.477 GC heap before
{Heap before GC invocations=8 (full 1):
 PSYoungGen      total 148992K, used 17904K [0x00000000d5f00000, 0x00000000e8e00000, 0x0000000100000000)
  eden space 131072K, 0% used [0x00000000d5f00000,0x00000000d5f00000,0x00000000ddf00000)
  from space 17920K, 99% used [0x00000000ddf00000,0x00000000df07c010,0x00000000df080000)
  to   space 24064K, 0% used [0x00000000e7680000,0x00000000e7680000,0x00000000e8e00000)
 ParOldGen       total 87552K, used 27863K [0x0000000081c00000, 0x0000000087180000, 0x00000000d5f00000)
  object space 87552K, 31% used [0x0000000081c00000,0x0000000083735fd8,0x0000000087180000)
 Metaspace       used 20635K, capacity 21212K, committed 21296K, reserved 1069056K
  class space    used 2251K, capacity 2420K, committed 2432K, reserved 1048576K
Event: 4.596 GC heap after
Heap after GC invocations=8 (full 1):
 PSYoungGen      total 148992K, used 0K [0x00000000d5f00000, 0x00000000e8e00000, 0x0000000100000000)
  eden space 131072K, 0% used [0x00000000d5f00000,0x00000000d5f00000,0x00000000ddf00000)
  from space 17920K, 0% used [0x00000000ddf00000,0x00000000ddf00000,0x00000000df080000)
  to   space 24064K, 0% used [0x00000000e7680000,0x00000000e7680000,0x00000000e8e00000)
 ParOldGen       total 99840K, used 38425K [0x0000000081c00000, 0x0000000087d80000, 0x00000000d5f00000)
  object space 99840K, 38% used [0x0000000081c00000,0x0000000084186748,0x0000000087d80000)
 Metaspace       used 20635K, capacity 21212K, committed 21296K, reserved 1069056K
  class space    used 2251K, capacity 2420K, committed 2432K, reserved 1048576K
}

