# JRE version: OpenJDK Runtime Environment (8.0_232-b09) (build 1.8.0_232-b09)
# Java VM: OpenJDK 64-Bit Server VM (25.232-b09 mixed mode windows-amd64 compressed oops)
Heap:
 PSYoungGen      total 293376K, used 234375K [0x00000000d5f00000, 0x00000000ed080000, 0x0000000100000000)
  eden space 270336K, 78% used [0x00000000d5f00000,0x00000000e2d65828,0x00000000e6700000)
  from space 23040K, 99% used [0x00000000e8100000,0x00000000e977c4a0,0x00000000e9780000)
  to   space 26624K, 41% used [0x00000000e6700000,0x00000000e71aa2d8,0x00000000e8100000)
 ParOldGen       total 123904K, used 56370K [0x0000000081c00000, 0x0000000089500000, 0x00000000d5f00000)
  object space 123904K, 45% used [0x0000000081c00000,0x000000008530ca20,0x0000000089500000)
 Metaspace       used 57966K, capacity 58962K, committed 59096K, reserved 1101824K
  class space    used 6949K, capacity 7201K, committed 7296K, reserved 1048576K
GC Heap History (25 events):
Event: 1.687 GC heap before
{Heap before GC invocations=1 (full 0):
 PSYoungGen      total 38400K, used 33280K [0x00000000d5f00000, 0x00000000d8980000, 0x0000000100000000)
  eden space 33280K, 100% used [0x00000000d5f00000,0x00000000d7f80000,0x00000000d7f80000)
  from space 5120K, 0% used [0x00000000d8480000,0x00000000d8480000,0x00000000d8980000)
  to   space 5120K, 0% used [0x00000000d7f80000,0x00000000d7f80000,0x00000000d8480000)
 ParOldGen       total 87552K, used 0K [0x0000000081c00000, 0x0000000087180000, 0x00000000d5f00000)
  object space 87552K, 0% used [0x0000000081c00000,0x0000000081c00000,0x0000000087180000)
 Metaspace       used 9091K, capacity 9244K, committed 9344K, reserved 1056768K
  class space    used 1006K, capacity 1080K, committed 1152K, reserved 1048576K
Event: 1.691 GC heap after
Heap after GC invocations=1 (full 0):
 PSYoungGen      total 38400K, used 5090K [0x00000000d5f00000, 0x00000000d8980000, 0x0000000100000000)
  eden space 33280K, 0% used [0x00000000d5f00000,0x00000000d5f00000,0x00000000d7f80000)
  from space 5120K, 99% used [0x00000000d7f80000,0x00000000d8478af8,0x00000000d8480000)
  to   space 5120K, 0% used [0x00000000d8480000,0x00000000d8480000,0x00000000d8980000)
 ParOldGen       total 87552K, used 78K [0x0000000081c00000, 0x0000000087180000, 0x00000000d5f00000)
  object space 87552K, 0% used [0x0000000081c00000,0x0000000081c13988,0x0000000087180000)
 Metaspace       used 9091K, capacity 9244K, committed 9344K, reserved 1056768K
  class space    used 1006K, capacity 1080K, committed 1152K, reserved 1048576K
}
Event: 1.970 GC heap before
{Heap before GC invocations=2 (full 0):
 PSYoungGen      total 38400K, used 38370K [0x00000000d5f00000, 0x00000000d8980000, 0x0000000100000000)
  eden space 33280K, 100% used [0x00000000d5f00000,0x00000000d7f80000,0x00000000d7f80000)
  from space 5120K, 99% used [0x00000000d7f80000,0x00000000d8478af8,0x00000000d8480000)
  to   space 5120K, 0% used [0x00000000d8480000,0x00000000d8480000,0x00000000d8980000)
 ParOldGen       total 87552K, used 78K [0x0000000081c00000, 0x0000000087180000, 0x00000000d5f00000)
  object space 87552K, 0% used [0x0000000081c00000,0x0000000081c13988,0x0000000087180000)
 Metaspace       used 12786K, capacity 12948K, committed 13184K, reserved 1060864K
  class space    used 1471K, capacity 1542K, committed 1664K, reserved 1048576K
Event: 1.976 GC heap after
Heap after GC invocations=2 (full 0):
 PSYoungGen      total 38400K, used 5107K [0x00000000d5f00000, 0x00000000daa00000, 0x0000000100000000)
  eden space 33280K, 0% used [0x00000000d5f00000,0x00000000d5f00000,0x00000000d7f80000)
  from space 5120K, 99% used [0x00000000d8480000,0x00000000d897cf60,0x00000000d8980000)
  to   space 5120K, 0% used [0x00000000d7f80000,0x00000000d7f80000,0x00000000d8480000)
 ParOldGen       total 87552K, used 2376K [0x0000000081c00000, 0x0000000087180000, 0x00000000d5f00000)
  object space 87552K, 2% used [0x0000000081c00000,0x0000000081e52378,0x0000000087180000)
 Metaspace       used 12786K, capacity 12948K, committed 13184K, reserved 1060864K
  class space    used 1471K, capacity 1542K, committed 1664K, reserved 1048576K
}
Event: 2.382 GC heap before
{Heap before GC invocations=3 (full 0):
 PSYoungGen      total 38400K, used 38387K [0x00000000d5f00000, 0x00000000daa00000, 0x0000000100000000)
  eden space 33280K, 100% used [0x00000000d5f00000,0x00000000d7f80000,0x00000000d7f80000)
  from space 5120K, 99% used [0x00000000d8480000,0x00000000d897cf60,0x00000000d8980000)
  to   space 5120K, 0% used [0x00000000d7f80000,0x00000000d7f80000,0x00000000d8480000)
 ParOldGen       total 87552K, used 2376K [0x0000000081c00000, 0x0000000087180000, 0x00000000d5f00000)
  object space 87552K, 2% used [0x0000000081c00000,0x0000000081e52378,0x0000000087180000)
 Metaspace       used 15858K, capacity 16104K, committed 16256K, reserved 1062912K
  class space    used 1788K, capacity 1876K, committed 1920K, reserved 1048576K
Event: 2.390 GC heap after
Heap after GC invocations=3 (full 0):
 PSYoungGen      total 38400K, used 5088K [0x00000000d5f00000, 0x00000000daa00000, 0x0000000100000000)
  eden space 33280K, 0% used [0x00000000d5f00000,0x00000000d5f00000,0x00000000d7f80000)
  from space 5120K, 99% used [0x00000000d7f80000,0x00000000d8478040,0x00000000d8480000)
  to   space 5120K, 0% used [0x00000000da500000,0x00000000da500000,0x00000000daa00000)
 ParOldGen       total 87552K, used 6200K [0x0000000081c00000, 0x0000000087180000, 0x00000000d5f00000)
  object space 87552K, 7% used [0x0000000081c00000,0x000000008220e3f0,0x0000000087180000)
 Metaspace       used 15858K, capacity 16104K, committed 16256K, reserved 1062912K
  class space    used 1788K, capacity 1876K, committed 1920K, reserved 1048576K
}
Event: 2.657 GC heap before
{Heap before GC invocations=4 (full 0):
 PSYoungGen      total 38400K, used 38368K [0x00000000d5f00000, 0x00000000daa00000, 0x0000000100000000)
  eden space 33280K, 100% used [0x00000000d5f00000,0x00000000d7f80000,0x00000000d7f80000)
  from space 5120K, 99% used [0x00000000d7f80000,0x00000000d8478040,0x00000000d8480000)
  to   space 5120K, 0% used [0x00000000da500000,0x00000000da500000,0x00000000daa00000)
 ParOldGen       total 87552K, used 6200K [0x0000000081c00000, 0x0000000087180000, 0x00000000d5f00000)
  object space 87552K, 7% used [0x0000000081c00000,0x000000008220e3f0,0x0000000087180000)
 Metaspace       used 16162K, capacity 16410K, committed 16768K, reserved 1064960K
  class space    used 1813K, capacity 1911K, committed 1920K, reserved 1048576K
Event: 2.673 GC heap after
Heap after GC invocations=4 (full 0):
 PSYoungGen      total 71680K, used 5104K [0x00000000d5f00000, 0x00000000daa00000, 0x0000000100000000)
  eden space 66560K, 0% used [0x00000000d5f00000,0x00000000d5f00000,0x00000000da000000)
  from space 5120K, 99% used [0x00000000da500000,0x00000000da9fc010,0x00000000daa00000)
  to   space 5120K, 0% used [0x00000000da000000,0x00000000da000000,0x00000000da500000)
 ParOldGen       total 87552K, used 12302K [0x0000000081c00000, 0x0000000087180000, 0x00000000d5f00000)
  object space 87552K, 14% used [0x0000000081c00000,0x0000000082803890,0x0000000087180000)
 Metaspace       used 16162K, capacity 16410K, committed 16768K, reserved 1064960K
  class space    used 1813K, capacity 1911K, committed 1920K, reserved 1048576K
}
Event: 3.058 GC heap before
{Heap before GC invocations=5 (full 0):
 PSYoungGen      total 71680K, used 71664K [0x00000000d5f00000, 0x00000000daa00000, 0x0000000100000000)
  eden space 66560K, 100% used [0x00000000d5f00000,0x00000000da000000,0x00000000da000000)
  from space 5120K, 99% used [0x00000000da500000,0x00000000da9fc010,0x00000000daa00000)
  to   space 5120K, 0% used [0x00000000da000000,0x00000000da000000,0x00000000da500000)
 ParOldGen       total 87552K, used 12302K [0x0000000081c00000, 0x0000000087180000, 0x00000000d5f00000)
  object space 87552K, 14% used [0x0000000081c00000,0x0000000082803890,0x0000000087180000)
 Metaspace       used 16498K, capacity 16754K, committed 17024K, reserved 1064960K
  class space    used 1816K, capacity 1915K, committed 1920K, reserved 1048576K
Event: 3.074 GC heap after
Heap after GC invocations=5 (full 0):
 PSYoungGen      total 71680K, used 5088K [0x00000000d5f00000, 0x00000000e0000000, 0x0000000100000000)
  eden space 66560K, 0% used [0x00000000d5f00000,0x00000000d5f00000,0x00000000da000000)
  from space 5120K, 99% used [0x00000000da000000,0x00000000da4f8040,0x00000000da500000)
  to   space 15872K, 0% used [0x00000000df080000,0x00000000df080000,0x00000000e0000000)
 ParOldGen       total 87552K, used 20915K [0x0000000081c00000, 0x0000000087180000, 0x00000000d5f00000)
  object space 87552K, 23% used [0x0000000081c00000,0x000000008306cca0,0x0000000087180000)
 Metaspace       used 16498K, capacity 16754K, committed 17024K, reserved 1064960K
  class space    used 1816K, capacity 1915K, committed 1920K, reserved 1048576K
}
Event: 3.451 GC heap before
{Heap before GC invocations=6 (full 0):
 PSYoungGen      total 71680K, used 71648K [0x00000000d5f00000, 0x00000000e0000000, 0x0000000100000000)
  eden space 66560K, 100% used [0x00000000d5f00000,0x00000000da000000,0x00000000da000000)
  from space 5120K, 99% used [0x00000000da000000,0x00000000da4f8040,0x00000000da500000)
  to   space 15872K, 0% used [0x00000000df080000,0x00000000df080000,0x00000000e0000000)
 ParOldGen       total 87552K, used 20915K [0x0000000081c00000, 0x0000000087180000, 0x00000000d5f00000)
  object space 87552K, 23% used [0x0000000081c00000,0x000000008306cca0,0x0000000087180000)
 Metaspace       used 16762K, capacity 17028K, committed 17280K, reserved 1064960K
  class space    used 1818K, capacity 1918K, committed 1920K, reserved 1048576K
Event: 3.466 GC heap after
Heap after GC invocations=6 (full 0):
 PSYoungGen      total 146944K, used 14752K [0x00000000d5f00000, 0x00000000e0400000, 0x0000000100000000)
  eden space 131072K, 0% used [0x00000000d5f00000,0x00000000d5f00000,0x00000000ddf00000)
  from space 15872K, 92% used [0x00000000df080000,0x00000000dfee8020,0x00000000e0000000)
  to   space 17920K, 0% used [0x00000000ddf00000,0x00000000ddf00000,0x00000000df080000)
 ParOldGen       total 87552K, used 20923K [0x0000000081c00000, 0x0000000087180000, 0x00000000d5f00000)
  object space 87552K, 23% used [0x0000000081c00000,0x000000008306eca0,0x0000000087180000)
 Metaspace       used 16762K, capacity 17028K, committed 17280K, reserved 1064960K
  class space    used 1818K, capacity 1918K, committed 1920K, reserved 1048576K
}
Event: 7.355 GC heap before
{Heap before GC invocations=7 (full 0):
 PSYoungGen      total 146944K, used 142864K [0x00000000d5f00000, 0x00000000e0400000, 0x0000000100000000)
  eden space 131072K, 97% used [0x00000000d5f00000,0x00000000ddc1c2f0,0x00000000ddf00000)
  from space 15872K, 92% used [0x00000000df080000,0x00000000dfee8020,0x00000000e0000000)
  to   space 17920K, 0% used [0x00000000ddf00000,0x00000000ddf00000,0x00000000df080000)
 ParOldGen       total 87552K, used 20923K [0x0000000081c00000, 0x0000000087180000, 0x00000000d5f00000)
  object space 87552K, 23% used [0x0000000081c00000,0x000000008306eca0,0x0000000087180000)
 Metaspace       used 20629K, capacity 21212K, committed 21296K, reserved 1069056K
  class space    used 2252K, capacity 2420K, committed 2432K, reserved 1048576K
Event: 7.374 GC heap after
Heap after GC invocations=7 (full 0):
 PSYoungGen      total 148992K, used 17904K [0x00000000d5f00000, 0x00000000e8e00000, 0x0000000100000000)
  eden space 131072K, 0% used [0x00000000d5f00000,0x00000000d5f00000,0x00000000ddf00000)
  from space 17920K, 99% used [0x00000000ddf00000,0x00000000df07c010,0x00000000df080000)
  to   space 24064K, 0% used [0x00000000e7680000,0x00000000e7680000,0x00000000e8e00000)
 ParOldGen       total 87552K, used 27626K [0x0000000081c00000, 0x0000000087180000, 0x00000000d5f00000)
  object space 87552K, 31% used [0x0000000081c00000,0x00000000836fa990,0x0000000087180000)
 Metaspace       used 20629K, capacity 21212K, committed 21296K, reserved 1069056K
  class space    used 2252K, capacity 2420K, committed 2432K, reserved 1048576K
}
Event: 7.374 GC heap before
{Heap before GC invocations=8 (full 1):
 PSYoungGen      total 148992K, used 17904K [0x00000000d5f00000, 0x00000000e8e00000, 0x0000000100000000)
  eden space 131072K, 0% used [0x00000000d5f00000,0x00000000d5f00000,0x00000000ddf00000)
  from space 17920K, 99% used [0x00000000ddf00000,0x00000000df07c010,0x00000000df080000)
  to   space 24064K, 0% used [0x00000000e7680000,0x00000000e7680000,0x00000000e8e00000)
 ParOldGen       total 87552K, used 27626K [0x0000000081c00000, 0x0000000087180000, 0x00000000d5f00000)
  object space 87552K, 31% used [0x0000000081c00000,0x00000000836fa990,0x0000000087180000)
 Metaspace       used 20629K, capacity 21212K, committed 21296K, reserved 1069056K
  class space    used 2252K, capacity 2420K, committed 2432K, reserved 1048576K
Event: 7.478 GC heap after
Heap after GC invocations=8 (full 1):
 PSYoungGen      total 148992K, used 0K [0x00000000d5f00000, 0x00000000e8e00000, 0x0000000100000000)
  eden space 131072K, 0% used [0x00000000d5f00000,0x00000000d5f00000,0x00000000ddf00000)
  from space 17920K, 0% used [0x00000000ddf00000,0x00000000ddf00000,0x00000000df080000)
  to   space 24064K, 0% used [0x00000000e7680000,0x00000000e7680000,0x00000000e8e00000)
 ParOldGen       total 95232K, used 38419K [0x0000000081c00000, 0x0000000087900000, 0x00000000d5f00000)
  object space 95232K, 40% used [0x0000000081c00000,0x0000000084184f50,0x0000000087900000)
 Metaspace       used 20629K, capacity 21212K, committed 21296K, reserved 1069056K
  class space    used 2252K, capacity 2420K, committed 2432K, reserved 1048576K
}
Event: 11.047 GC heap before
{Heap before GC invocations=9 (full 1):
 PSYoungGen      total 148992K, used 131072K [0x00000000d5f00000, 0x00000000e8e00000, 0x0000000100000000)
  eden space 131072K, 100% used [0x00000000d5f00000,0x00000000ddf00000,0x00000000ddf00000)
  from space 17920K, 0% used [0x00000000ddf00000,0x00000000ddf00000,0x00000000df080000)
  to   space 24064K, 0% used [0x00000000e7680000,0x00000000e7680000,0x00000000e8e00000)
 ParOldGen       total 95232K, used 38419K [0x0000000081c00000, 0x0000000087900000, 0x00000000d5f00000)
  object space 95232K, 40% used [0x0000000081c00000,0x0000000084184f50,0x0000000087900000)
 Metaspace       used 32055K, capacity 32776K, committed 33024K, reserved 1079296K
  class space    used 3634K, capacity 3816K, committed 3840K, reserved 1048576K
Event: 11.060 GC heap after
Heap after GC invocations=9 (full 1):
 PSYoungGen      total 222208K, used 15456K [0x00000000d5f00000, 0x00000000e8600000, 0x0000000100000000)
  eden space 206336K, 0% used [0x00000000d5f00000,0x00000000d5f00000,0x00000000e2880000)
  from space 15872K, 97% used [0x00000000e7680000,0x00000000e8598040,0x00000000e8600000)
  to   space 24064K, 0% used [0x00000000e5700000,0x00000000e5700000,0x00000000e6e80000)
 ParOldGen       total 95232K, used 38491K [0x0000000081c00000, 0x0000000087900000, 0x00000000d5f00000)
  object space 95232K, 40% used [0x0000000081c00000,0x0000000084196f60,0x0000000087900000)
 Metaspace       used 32055K, capacity 32776K, committed 33024K, reserved 1079296K
  class space    used 3634K, capacity 3816K, committed 3840K, reserved 1048576K
}
Event: 11.836 GC heap before
{Heap before GC invocations=10 (full 1):
 PSYoungGen      total 222208K, used 68993K [0x00000000d5f00000, 0x00000000e8600000, 0x0000000100000000)
  eden space 206336K, 25% used [0x00000000d5f00000,0x00000000d9348468,0x00000000e2880000)
  from space 15872K, 97% used [0x00000000e7680000,0x00000000e8598040,0x00000000e8600000)
  to   space 24064K, 0% used [0x00000000e5700000,0x00000000e5700000,0x00000000e6e80000)
 ParOldGen       total 95232K, used 38491K [0x0000000081c00000, 0x0000000087900000, 0x00000000d5f00000)
  object space 95232K, 40% used [0x0000000081c00000,0x0000000084196f60,0x0000000087900000)
 Metaspace       used 34392K, capacity 35126K, committed 35456K, reserved 1081344K
  class space    used 3913K, capacity 4117K, committed 4224K, reserved 1048576K
Event: 11.845 GC heap after
Heap after GC invocations=10 (full 1):
 PSYoungGen      total 278016K, used 10415K [0x00000000d5f00000, 0x00000000e9780000, 0x0000000100000000)
  eden space 253952K, 0% used [0x00000000d5f00000,0x00000000d5f00000,0x00000000e5700000)
  from space 24064K, 43% used [0x00000000e5700000,0x00000000e612bea0,0x00000000e6e80000)
  to   space 23040K, 0% used [0x00000000e8100000,0x00000000e8100000,0x00000000e9780000)
 ParOldGen       total 95232K, used 38499K [0x0000000081c00000, 0x0000000087900000, 0x00000000d5f00000)
  object space 95232K, 40% used [0x0000000081c00000,0x0000000084198f60,0x0000000087900000)
 Metaspace       used 34392K, capacity 35126K, committed 35456K, reserved 1081344K
  class space    used 3913K, capacity 4117K, committed 4224K, reserved 1048576K
}
Event: 11.845 GC heap before
{Heap before GC invocations=11 (full 2):
 PSYoungGen      total 278016K, used 10415K [0x00000000d5f00000, 0x00000000e9780000, 0x0000000100000000)
  eden space 253952K, 0% used [0x00000000d5f00000,0x00000000d5f00000,0x00000000e5700000)
  from space 24064K, 43% used [0x00000000e5700000,0x00000000e612bea0,0x00000000e6e80000)
  to   space 23040K, 0% used [0x00000000e8100000,0x00000000e8100000,0x00000000e9780000)
 ParOldGen       total 95232K, used 38499K [0x0000000081c00000, 0x0000000087900000, 0x00000000d5f00000)
  object space 95232K, 40% used [0x0000000081c00000,0x0000000084198f60,0x0000000087900000)
 Metaspace       used 34392K, capacity 35126K, committed 35456K, reserved 1081344K
  class space    used 3913K, capacity 4117K, committed 4224K, reserved 1048576K
Event: 11.924 GC heap after
Heap after GC invocations=11 (full 2):
 PSYoungGen      total 278016K, used 0K [0x00000000d5f00000, 0x00000000e9780000, 0x0000000100000000)
  eden space 253952K, 0% used [0x00000000d5f00000,0x00000000d5f00000,0x00000000e5700000)
  from space 24064K, 0% used [0x00000000e5700000,0x00000000e5700000,0x00000000e6e80000)
  to   space 23040K, 0% used [0x00000000e8100000,0x00000000e8100000,0x00000000e9780000)
 ParOldGen       total 123904K, used 44914K [0x0000000081c00000, 0x0000000089500000, 0x00000000d5f00000)
  object space 123904K, 36% used [0x0000000081c00000,0x00000000847dcb78,0x0000000089500000)
 Metaspace       used 34392K, capacity 35126K, committed 35456K, reserved 1081344K
  class space    used 3913K, capacity 4117K, committed 4224K, reserved 1048576K
}
Event: 16.859 GC heap before
{Heap before GC invocations=12 (full 2):
 PSYoungGen      total 278016K, used 253952K [0x00000000d5f00000, 0x00000000e9780000, 0x0000000100000000)
  eden space 253952K, 100% used [0x00000000d5f00000,0x00000000e5700000,0x00000000e5700000)
  from space 24064K, 0% used [0x00000000e5700000,0x00000000e5700000,0x00000000e6e80000)
  to   space 23040K, 0% used [0x00000000e8100000,0x00000000e8100000,0x00000000e9780000)
 ParOldGen       total 123904K, used 44914K [0x0000000081c00000, 0x0000000089500000, 0x00000000d5f00000)
  object space 123904K, 36% used [0x0000000081c00000,0x00000000847dcb78,0x0000000089500000)
 Metaspace       used 50696K, capacity 51616K, committed 51968K, reserved 1095680K
  class space    used 6034K, capacity 6282K, committed 6400K, reserved 1048576K
Event: 16.882 GC heap after
Heap after GC invocations=12 (full 2):
 PSYoungGen      total 293376K, used 23025K [0x00000000d5f00000, 0x00000000ed080000, 0x0000000100000000)
  eden space 270336K, 0% used [0x00000000d5f00000,0x00000000d5f00000,0x00000000e6700000)
  from space 23040K, 99% used [0x00000000e8100000,0x00000000e977c4a0,0x00000000e9780000)
  to   space 26624K, 0% used [0x00000000e6700000,0x00000000e6700000,0x00000000e8100000)
 ParOldGen       total 123904K, used 46343K [0x0000000081c00000, 0x0000000089500000, 0x00000000d5f00000)
  object space 123904K, 37% used [0x0000000081c00000,0x0000000084941e80,0x0000000089500000)
 Metaspace       used 50696K, capacity 51616K, committed 51968K, reserved 1095680K
  class space    used 6034K, capacity 6282K, committed 6400K, reserved 1048576K
}
Event: 19.167 GC heap before
{Heap before GC invocations=13 (full 2):
 PSYoungGen      total 293376K, used 234375K [0x00000000d5f00000, 0x00000000ed080000, 0x0000000100000000)
  eden space 270336K, 78% used [0x00000000d5f00000,0x00000000e2d65828,0x00000000e6700000)
  from space 23040K, 99% used [0x00000000e8100000,0x00000000e977c4a0,0x00000000e9780000)
  to   space 26624K, 0% used [0x00000000e6700000,0x00000000e6700000,0x00000000e8100000)
 ParOldGen       total 123904K, used 46343K [0x0000000081c00000, 0x0000000089500000, 0x00000000d5f00000)
  object space 123904K, 37% used [0x0000000081c00000,0x0000000084941e80,0x0000000089500000)
 Metaspace       used 57966K, capacity 58962K, committed 59096K, reserved 1101824K
  class space    used 6949K, capacity 7201K, committed 7296K, reserved 1048576K

