# JRE version: OpenJDK Runtime Environment (8.0_232-b09) (build 1.8.0_232-b09)
# Java VM: OpenJDK 64-Bit Server VM (25.232-b09 mixed mode windows-amd64 compressed oops)
Heap:
 PSYoungGen      total 424448K, used 209937K [0x00000000d5f00000, 0x00000000f2d00000, 0x0000000100000000)
  eden space 399872K, 46% used [0x00000000d5f00000,0x00000000e1469fb8,0x00000000ee580000)
  from space 24576K, 98% used [0x00000000f1500000,0x00000000f2c9a540,0x00000000f2d00000)
  to   space 28160K, 0% used [0x00000000ef600000,0x00000000ef600000,0x00000000f1180000)
 ParOldGen       total 140800K, used 53418K [0x0000000081c00000, 0x000000008a580000, 0x00000000d5f00000)
  object space 140800K, 37% used [0x0000000081c00000,0x000000008502ab68,0x000000008a580000)
 Metaspace       used 57656K, capacity 58640K, committed 59008K, reserved 1101824K
  class space    used 6920K, capacity 7190K, committed 7296K, reserved 1048576K
GC Heap History (20 events):
Event: 1.152 GC heap before
{Heap before GC invocations=1 (full 0):
 PSYoungGen      total 38400K, used 33280K [0x00000000d5f00000, 0x00000000d8980000, 0x0000000100000000)
  eden space 33280K, 100% used [0x00000000d5f00000,0x00000000d7f80000,0x00000000d7f80000)
  from space 5120K, 0% used [0x00000000d8480000,0x00000000d8480000,0x00000000d8980000)
  to   space 5120K, 0% used [0x00000000d7f80000,0x00000000d7f80000,0x00000000d8480000)
 ParOldGen       total 87552K, used 0K [0x0000000081c00000, 0x0000000087180000, 0x00000000d5f00000)
  object space 87552K, 0% used [0x0000000081c00000,0x0000000081c00000,0x0000000087180000)
 Metaspace       used 9153K, capacity 9308K, committed 9600K, reserved 1058816K
  class space    used 1007K, capacity 1080K, committed 1152K, reserved 1048576K
Event: 1.172 GC heap after
Heap after GC invocations=1 (full 0):
 PSYoungGen      total 38400K, used 5108K [0x00000000d5f00000, 0x00000000daa00000, 0x0000000100000000)
  eden space 33280K, 0% used [0x00000000d5f00000,0x00000000d5f00000,0x00000000d7f80000)
  from space 5120K, 99% used [0x00000000d7f80000,0x00000000d847d1e8,0x00000000d8480000)
  to   space 5120K, 0% used [0x00000000da500000,0x00000000da500000,0x00000000daa00000)
 ParOldGen       total 87552K, used 112K [0x0000000081c00000, 0x0000000087180000, 0x00000000d5f00000)
  object space 87552K, 0% used [0x0000000081c00000,0x0000000081c1c0b0,0x0000000087180000)
 Metaspace       used 9153K, capacity 9308K, committed 9600K, reserved 1058816K
  class space    used 1007K, capacity 1080K, committed 1152K, reserved 1048576K
}
Event: 1.726 GC heap before
{Heap before GC invocations=2 (full 0):
 PSYoungGen      total 38400K, used 38388K [0x00000000d5f00000, 0x00000000daa00000, 0x0000000100000000)
  eden space 33280K, 100% used [0x00000000d5f00000,0x00000000d7f80000,0x00000000d7f80000)
  from space 5120K, 99% used [0x00000000d7f80000,0x00000000d847d1e8,0x00000000d8480000)
  to   space 5120K, 0% used [0x00000000da500000,0x00000000da500000,0x00000000daa00000)
 ParOldGen       total 87552K, used 112K [0x0000000081c00000, 0x0000000087180000, 0x00000000d5f00000)
  object space 87552K, 0% used [0x0000000081c00000,0x0000000081c1c0b0,0x0000000087180000)
 Metaspace       used 12828K, capacity 13012K, committed 13440K, reserved 1060864K
  class space    used 1479K, capacity 1542K, committed 1664K, reserved 1048576K
Event: 1.736 GC heap after
Heap after GC invocations=2 (full 0):
 PSYoungGen      total 71680K, used 5105K [0x00000000d5f00000, 0x00000000daa00000, 0x0000000100000000)
  eden space 66560K, 0% used [0x00000000d5f00000,0x00000000d5f00000,0x00000000da000000)
  from space 5120K, 99% used [0x00000000da500000,0x00000000da9fc700,0x00000000daa00000)
  to   space 5120K, 0% used [0x00000000da000000,0x00000000da000000,0x00000000da500000)
 ParOldGen       total 87552K, used 2384K [0x0000000081c00000, 0x0000000087180000, 0x00000000d5f00000)
  object space 87552K, 2% used [0x0000000081c00000,0x0000000081e541c0,0x0000000087180000)
 Metaspace       used 12828K, capacity 13012K, committed 13440K, reserved 1060864K
  class space    used 1479K, capacity 1542K, committed 1664K, reserved 1048576K
}
Event: 4.179 GC heap before
{Heap before GC invocations=3 (full 0):
 PSYoungGen      total 71680K, used 71665K [0x00000000d5f00000, 0x00000000daa00000, 0x0000000100000000)
  eden space 66560K, 100% used [0x00000000d5f00000,0x00000000da000000,0x00000000da000000)
  from space 5120K, 99% used [0x00000000da500000,0x00000000da9fc700,0x00000000daa00000)
  to   space 5120K, 0% used [0x00000000da000000,0x00000000da000000,0x00000000da500000)
 ParOldGen       total 87552K, used 2384K [0x0000000081c00000, 0x0000000087180000, 0x00000000d5f00000)
  object space 87552K, 2% used [0x0000000081c00000,0x0000000081e541c0,0x0000000087180000)
 Metaspace       used 16158K, capacity 16410K, committed 16768K, reserved 1064960K
  class space    used 1812K, capacity 1911K, committed 1920K, reserved 1048576K
Event: 4.429 GC heap after
Heap after GC invocations=3 (full 0):
 PSYoungGen      total 71680K, used 5104K [0x00000000d5f00000, 0x00000000deb00000, 0x0000000100000000)
  eden space 66560K, 0% used [0x00000000d5f00000,0x00000000d5f00000,0x00000000da000000)
  from space 5120K, 99% used [0x00000000da000000,0x00000000da4fc030,0x00000000da500000)
  to   space 5120K, 0% used [0x00000000de600000,0x00000000de600000,0x00000000deb00000)
 ParOldGen       total 87552K, used 11807K [0x0000000081c00000, 0x0000000087180000, 0x00000000d5f00000)
  object space 87552K, 13% used [0x0000000081c00000,0x0000000082787f48,0x0000000087180000)
 Metaspace       used 16158K, capacity 16410K, committed 16768K, reserved 1064960K
  class space    used 1812K, capacity 1911K, committed 1920K, reserved 1048576K
}
Event: 5.747 GC heap before
{Heap before GC invocations=4 (full 0):
 PSYoungGen      total 71680K, used 71664K [0x00000000d5f00000, 0x00000000deb00000, 0x0000000100000000)
  eden space 66560K, 100% used [0x00000000d5f00000,0x00000000da000000,0x00000000da000000)
  from space 5120K, 99% used [0x00000000da000000,0x00000000da4fc030,0x00000000da500000)
  to   space 5120K, 0% used [0x00000000de600000,0x00000000de600000,0x00000000deb00000)
 ParOldGen       total 87552K, used 11807K [0x0000000081c00000, 0x0000000087180000, 0x00000000d5f00000)
  object space 87552K, 13% used [0x0000000081c00000,0x0000000082787f48,0x0000000087180000)
 Metaspace       used 16525K, capacity 16754K, committed 17024K, reserved 1064960K
  class space    used 1816K, capacity 1915K, committed 1920K, reserved 1048576K
Event: 5.848 GC heap after
Heap after GC invocations=4 (full 0):
 PSYoungGen      total 138240K, used 5104K [0x00000000d5f00000, 0x00000000deb00000, 0x0000000100000000)
  eden space 133120K, 0% used [0x00000000d5f00000,0x00000000d5f00000,0x00000000de100000)
  from space 5120K, 99% used [0x00000000de600000,0x00000000deafc010,0x00000000deb00000)
  to   space 5120K, 0% used [0x00000000de100000,0x00000000de100000,0x00000000de600000)
 ParOldGen       total 87552K, used 20664K [0x0000000081c00000, 0x0000000087180000, 0x00000000d5f00000)
  object space 87552K, 23% used [0x0000000081c00000,0x000000008302e0a8,0x0000000087180000)
 Metaspace       used 16525K, capacity 16754K, committed 17024K, reserved 1064960K
  class space    used 1816K, capacity 1915K, committed 1920K, reserved 1048576K
}
Event: 9.622 GC heap before
{Heap before GC invocations=5 (full 0):
 PSYoungGen      total 138240K, used 138224K [0x00000000d5f00000, 0x00000000deb00000, 0x0000000100000000)
  eden space 133120K, 100% used [0x00000000d5f00000,0x00000000de100000,0x00000000de100000)
  from space 5120K, 99% used [0x00000000de600000,0x00000000deafc010,0x00000000deb00000)
  to   space 5120K, 0% used [0x00000000de100000,0x00000000de100000,0x00000000de600000)
 ParOldGen       total 87552K, used 20664K [0x0000000081c00000, 0x0000000087180000, 0x00000000d5f00000)
  object space 87552K, 23% used [0x0000000081c00000,0x000000008302e0a8,0x0000000087180000)
 Metaspace       used 18236K, capacity 18686K, committed 19072K, reserved 1067008K
  class space    used 1941K, capacity 2065K, committed 2176K, reserved 1048576K
Event: 9.696 GC heap after
Heap after GC invocations=5 (full 0):
 PSYoungGen      total 138240K, used 5120K [0x00000000d5f00000, 0x00000000e9100000, 0x0000000100000000)
  eden space 133120K, 0% used [0x00000000d5f00000,0x00000000d5f00000,0x00000000de100000)
  from space 5120K, 100% used [0x00000000de100000,0x00000000de600000,0x00000000de600000)
  to   space 23552K, 0% used [0x00000000e7a00000,0x00000000e7a00000,0x00000000e9100000)
 ParOldGen       total 87552K, used 35968K [0x0000000081c00000, 0x0000000087180000, 0x00000000d5f00000)
  object space 87552K, 41% used [0x0000000081c00000,0x0000000083f20230,0x0000000087180000)
 Metaspace       used 18236K, capacity 18686K, committed 19072K, reserved 1067008K
  class space    used 1941K, capacity 2065K, committed 2176K, reserved 1048576K
}
Event: 11.550 GC heap before
{Heap before GC invocations=6 (full 0):
 PSYoungGen      total 138240K, used 63968K [0x00000000d5f00000, 0x00000000e9100000, 0x0000000100000000)
  eden space 133120K, 44% used [0x00000000d5f00000,0x00000000d9878098,0x00000000de100000)
  from space 5120K, 100% used [0x00000000de100000,0x00000000de600000,0x00000000de600000)
  to   space 23552K, 0% used [0x00000000e7a00000,0x00000000e7a00000,0x00000000e9100000)
 ParOldGen       total 87552K, used 35968K [0x0000000081c00000, 0x0000000087180000, 0x00000000d5f00000)
  object space 87552K, 41% used [0x0000000081c00000,0x0000000083f20230,0x0000000087180000)
 Metaspace       used 20662K, capacity 21212K, committed 21296K, reserved 1069056K
  class space    used 2251K, capacity 2420K, committed 2432K, reserved 1048576K
Event: 11.589 GC heap after
Heap after GC invocations=6 (full 0):
 PSYoungGen      total 287744K, used 10015K [0x00000000d5f00000, 0x00000000e8f00000, 0x0000000100000000)
  eden space 266240K, 0% used [0x00000000d5f00000,0x00000000d5f00000,0x00000000e6300000)
  from space 21504K, 46% used [0x00000000e7a00000,0x00000000e83c7ec0,0x00000000e8f00000)
  to   space 22528K, 0% used [0x00000000e6300000,0x00000000e6300000,0x00000000e7900000)
 ParOldGen       total 87552K, used 35968K [0x0000000081c00000, 0x0000000087180000, 0x00000000d5f00000)
  object space 87552K, 41% used [0x0000000081c00000,0x0000000083f20230,0x0000000087180000)
 Metaspace       used 20662K, capacity 21212K, committed 21296K, reserved 1069056K
  class space    used 2251K, capacity 2420K, committed 2432K, reserved 1048576K
}
Event: 11.589 GC heap before
{Heap before GC invocations=7 (full 1):
 PSYoungGen      total 287744K, used 10015K [0x00000000d5f00000, 0x00000000e8f00000, 0x0000000100000000)
  eden space 266240K, 0% used [0x00000000d5f00000,0x00000000d5f00000,0x00000000e6300000)
  from space 21504K, 46% used [0x00000000e7a00000,0x00000000e83c7ec0,0x00000000e8f00000)
  to   space 22528K, 0% used [0x00000000e6300000,0x00000000e6300000,0x00000000e7900000)
 ParOldGen       total 87552K, used 35968K [0x0000000081c00000, 0x0000000087180000, 0x00000000d5f00000)
  object space 87552K, 41% used [0x0000000081c00000,0x0000000083f20230,0x0000000087180000)
 Metaspace       used 20662K, capacity 21212K, committed 21296K, reserved 1069056K
  class space    used 2251K, capacity 2420K, committed 2432K, reserved 1048576K
Event: 11.924 GC heap after
Heap after GC invocations=7 (full 1):
 PSYoungGen      total 287744K, used 0K [0x00000000d5f00000, 0x00000000e8f00000, 0x0000000100000000)
  eden space 266240K, 0% used [0x00000000d5f00000,0x00000000d5f00000,0x00000000e6300000)
  from space 21504K, 0% used [0x00000000e7a00000,0x00000000e7a00000,0x00000000e8f00000)
  to   space 22528K, 0% used [0x00000000e6300000,0x00000000e6300000,0x00000000e7900000)
 ParOldGen       total 102400K, used 37210K [0x0000000081c00000, 0x0000000088000000, 0x00000000d5f00000)
  object space 102400K, 36% used [0x0000000081c00000,0x0000000084056b00,0x0000000088000000)
 Metaspace       used 20662K, capacity 21212K, committed 21296K, reserved 1069056K
  class space    used 2251K, capacity 2420K, committed 2432K, reserved 1048576K
}
Event: 14.923 GC heap before
{Heap before GC invocations=8 (full 1):
 PSYoungGen      total 287744K, used 180598K [0x00000000d5f00000, 0x00000000e8f00000, 0x0000000100000000)
  eden space 266240K, 67% used [0x00000000d5f00000,0x00000000e0f5dbc8,0x00000000e6300000)
  from space 21504K, 0% used [0x00000000e7a00000,0x00000000e7a00000,0x00000000e8f00000)
  to   space 22528K, 0% used [0x00000000e6300000,0x00000000e6300000,0x00000000e7900000)
 ParOldGen       total 102400K, used 37210K [0x0000000081c00000, 0x0000000088000000, 0x00000000d5f00000)
  object space 102400K, 36% used [0x0000000081c00000,0x0000000084056b00,0x0000000088000000)
 Metaspace       used 34462K, capacity 35114K, committed 35456K, reserved 1081344K
  class space    used 3909K, capacity 4115K, committed 4224K, reserved 1048576K
Event: 15.110 GC heap after
Heap after GC invocations=8 (full 1):
 PSYoungGen      total 288768K, used 19451K [0x00000000d5f00000, 0x00000000f2d00000, 0x0000000100000000)
  eden space 266240K, 0% used [0x00000000d5f00000,0x00000000d5f00000,0x00000000e6300000)
  from space 22528K, 86% used [0x00000000e6300000,0x00000000e75fec48,0x00000000e7900000)
  to   space 24576K, 0% used [0x00000000f1500000,0x00000000f1500000,0x00000000f2d00000)
 ParOldGen       total 102400K, used 37218K [0x0000000081c00000, 0x0000000088000000, 0x00000000d5f00000)
  object space 102400K, 36% used [0x0000000081c00000,0x0000000084058b00,0x0000000088000000)
 Metaspace       used 34462K, capacity 35114K, committed 35456K, reserved 1081344K
  class space    used 3909K, capacity 4115K, committed 4224K, reserved 1048576K
}
Event: 15.110 GC heap before
{Heap before GC invocations=9 (full 2):
 PSYoungGen      total 288768K, used 19451K [0x00000000d5f00000, 0x00000000f2d00000, 0x0000000100000000)
  eden space 266240K, 0% used [0x00000000d5f00000,0x00000000d5f00000,0x00000000e6300000)
  from space 22528K, 86% used [0x00000000e6300000,0x00000000e75fec48,0x00000000e7900000)
  to   space 24576K, 0% used [0x00000000f1500000,0x00000000f1500000,0x00000000f2d00000)
 ParOldGen       total 102400K, used 37218K [0x0000000081c00000, 0x0000000088000000, 0x00000000d5f00000)
  object space 102400K, 36% used [0x0000000081c00000,0x0000000084058b00,0x0000000088000000)
 Metaspace       used 34462K, capacity 35114K, committed 35456K, reserved 1081344K
  class space    used 3909K, capacity 4115K, committed 4224K, reserved 1048576K
Event: 15.243 GC heap after
Heap after GC invocations=9 (full 2):
 PSYoungGen      total 288768K, used 0K [0x00000000d5f00000, 0x00000000f2d00000, 0x0000000100000000)
  eden space 266240K, 0% used [0x00000000d5f00000,0x00000000d5f00000,0x00000000e6300000)
  from space 22528K, 0% used [0x00000000e6300000,0x00000000e6300000,0x00000000e7900000)
  to   space 24576K, 0% used [0x00000000f1500000,0x00000000f1500000,0x00000000f2d00000)
 ParOldGen       total 140800K, used 53410K [0x0000000081c00000, 0x000000008a580000, 0x00000000d5f00000)
  object space 140800K, 37% used [0x0000000081c00000,0x0000000085028b68,0x000000008a580000)
 Metaspace       used 34462K, capacity 35114K, committed 35456K, reserved 1081344K
  class space    used 3909K, capacity 4115K, committed 4224K, reserved 1048576K
}
Event: 20.026 GC heap before
{Heap before GC invocations=10 (full 2):
 PSYoungGen      total 288768K, used 266240K [0x00000000d5f00000, 0x00000000f2d00000, 0x0000000100000000)
  eden space 266240K, 100% used [0x00000000d5f00000,0x00000000e6300000,0x00000000e6300000)
  from space 22528K, 0% used [0x00000000e6300000,0x00000000e6300000,0x00000000e7900000)
  to   space 24576K, 0% used [0x00000000f1500000,0x00000000f1500000,0x00000000f2d00000)
 ParOldGen       total 140800K, used 53410K [0x0000000081c00000, 0x000000008a580000, 0x00000000d5f00000)
  object space 140800K, 37% used [0x0000000081c00000,0x0000000085028b68,0x000000008a580000)
 Metaspace       used 50897K, capacity 51786K, committed 52224K, reserved 1095680K
  class space    used 6070K, capacity 6305K, committed 6400K, reserved 1048576K
Event: 20.101 GC heap after
Heap after GC invocations=10 (full 2):
 PSYoungGen      total 424448K, used 24169K [0x00000000d5f00000, 0x00000000f2d00000, 0x0000000100000000)
  eden space 399872K, 0% used [0x00000000d5f00000,0x00000000d5f00000,0x00000000ee580000)
  from space 24576K, 98% used [0x00000000f1500000,0x00000000f2c9a540,0x00000000f2d00000)
  to   space 28160K, 0% used [0x00000000ef600000,0x00000000ef600000,0x00000000f1180000)
 ParOldGen       total 140800K, used 53418K [0x0000000081c00000, 0x000000008a580000, 0x00000000d5f00000)
  object space 140800K, 37% used [0x0000000081c00000,0x000000008502ab68,0x000000008a580000)
 Metaspace       used 50897K, capacity 51786K, committed 52224K, reserved 1095680K
  class space    used 6070K, capacity 6305K, committed 6400K, reserved 1048576K
}

