# JRE version: OpenJDK Runtime Environment (8.0_232-b09) (build 1.8.0_232-b09)
# Java VM: OpenJDK 64-Bit Server VM (25.232-b09 mixed mode windows-amd64 compressed oops)
Heap:
 PSYoungGen      total 266752K, used 104217K [0x00000000d5f00000, 0x00000000eb600000, 0x0000000100000000)
  eden space 243200K, 33% used [0x00000000d5f00000,0x00000000dadf92b0,0x00000000e4c80000)
  from space 23552K, 99% used [0x00000000e6680000,0x00000000e7d4d330,0x00000000e7d80000)
  to   space 26624K, 0% used [0x00000000e4c80000,0x00000000e4c80000,0x00000000e6680000)
 ParOldGen       total 137728K, used 44777K [0x0000000081c00000, 0x000000008a280000, 0x00000000d5f00000)
  object space 137728K, 32% used [0x0000000081c00000,0x00000000847ba580,0x000000008a280000)
 Metaspace       used 54598K, capacity 55552K, committed 55680K, reserved 1097728K
  class space    used 6506K, capacity 6762K, committed 6784K, reserved 1048576K
GC Heap History (24 events):
Event: 0.689 GC heap before
{Heap before GC invocations=1 (full 0):
 PSYoungGen      total 38400K, used 33280K [0x00000000d5f00000, 0x00000000d8980000, 0x0000000100000000)
  eden space 33280K, 100% used [0x00000000d5f00000,0x00000000d7f80000,0x00000000d7f80000)
  from space 5120K, 0% used [0x00000000d8480000,0x00000000d8480000,0x00000000d8980000)
  to   space 5120K, 0% used [0x00000000d7f80000,0x00000000d7f80000,0x00000000d8480000)
 ParOldGen       total 87552K, used 0K [0x0000000081c00000, 0x0000000087180000, 0x00000000d5f00000)
  object space 87552K, 0% used [0x0000000081c00000,0x0000000081c00000,0x0000000087180000)
 Metaspace       used 9104K, capacity 9244K, committed 9344K, reserved 1056768K
  class space    used 1006K, capacity 1080K, committed 1152K, reserved 1048576K
Event: 0.693 GC heap after
Heap after GC invocations=1 (full 0):
 PSYoungGen      total 38400K, used 5103K [0x00000000d5f00000, 0x00000000d8980000, 0x0000000100000000)
  eden space 33280K, 0% used [0x00000000d5f00000,0x00000000d5f00000,0x00000000d7f80000)
  from space 5120K, 99% used [0x00000000d7f80000,0x00000000d847bfe0,0x00000000d8480000)
  to   space 5120K, 0% used [0x00000000d8480000,0x00000000d8480000,0x00000000d8980000)
 ParOldGen       total 87552K, used 91K [0x0000000081c00000, 0x0000000087180000, 0x00000000d5f00000)
  object space 87552K, 0% used [0x0000000081c00000,0x0000000081c16ef0,0x0000000087180000)
 Metaspace       used 9104K, capacity 9244K, committed 9344K, reserved 1056768K
  class space    used 1006K, capacity 1080K, committed 1152K, reserved 1048576K
}
Event: 0.968 GC heap before
{Heap before GC invocations=2 (full 0):
 PSYoungGen      total 38400K, used 38383K [0x00000000d5f00000, 0x00000000d8980000, 0x0000000100000000)
  eden space 33280K, 100% used [0x00000000d5f00000,0x00000000d7f80000,0x00000000d7f80000)
  from space 5120K, 99% used [0x00000000d7f80000,0x00000000d847bfe0,0x00000000d8480000)
  to   space 5120K, 0% used [0x00000000d8480000,0x00000000d8480000,0x00000000d8980000)
 ParOldGen       total 87552K, used 91K [0x0000000081c00000, 0x0000000087180000, 0x00000000d5f00000)
  object space 87552K, 0% used [0x0000000081c00000,0x0000000081c16ef0,0x0000000087180000)
 Metaspace       used 12813K, capacity 13012K, committed 13440K, reserved 1060864K
  class space    used 1474K, capacity 1542K, committed 1664K, reserved 1048576K
Event: 0.973 GC heap after
Heap after GC invocations=2 (full 0):
 PSYoungGen      total 38400K, used 5105K [0x00000000d5f00000, 0x00000000daa00000, 0x0000000100000000)
  eden space 33280K, 0% used [0x00000000d5f00000,0x00000000d5f00000,0x00000000d7f80000)
  from space 5120K, 99% used [0x00000000d8480000,0x00000000d897c660,0x00000000d8980000)
  to   space 5120K, 0% used [0x00000000d7f80000,0x00000000d7f80000,0x00000000d8480000)
 ParOldGen       total 87552K, used 2418K [0x0000000081c00000, 0x0000000087180000, 0x00000000d5f00000)
  object space 87552K, 2% used [0x0000000081c00000,0x0000000081e5c818,0x0000000087180000)
 Metaspace       used 12813K, capacity 13012K, committed 13440K, reserved 1060864K
  class space    used 1474K, capacity 1542K, committed 1664K, reserved 1048576K
}
Event: 1.360 GC heap before
{Heap before GC invocations=3 (full 0):
 PSYoungGen      total 38400K, used 38385K [0x00000000d5f00000, 0x00000000daa00000, 0x0000000100000000)
  eden space 33280K, 100% used [0x00000000d5f00000,0x00000000d7f80000,0x00000000d7f80000)
  from space 5120K, 99% used [0x00000000d8480000,0x00000000d897c660,0x00000000d8980000)
  to   space 5120K, 0% used [0x00000000d7f80000,0x00000000d7f80000,0x00000000d8480000)
 ParOldGen       total 87552K, used 2418K [0x0000000081c00000, 0x0000000087180000, 0x00000000d5f00000)
  object space 87552K, 2% used [0x0000000081c00000,0x0000000081e5c818,0x0000000087180000)
 Metaspace       used 15853K, capacity 16040K, committed 16256K, reserved 1062912K
  class space    used 1788K, capacity 1876K, committed 1920K, reserved 1048576K
Event: 1.366 GC heap after
Heap after GC invocations=3 (full 0):
 PSYoungGen      total 38400K, used 5088K [0x00000000d5f00000, 0x00000000daa00000, 0x0000000100000000)
  eden space 33280K, 0% used [0x00000000d5f00000,0x00000000d5f00000,0x00000000d7f80000)
  from space 5120K, 99% used [0x00000000d7f80000,0x00000000d8478020,0x00000000d8480000)
  to   space 5120K, 0% used [0x00000000da500000,0x00000000da500000,0x00000000daa00000)
 ParOldGen       total 87552K, used 6323K [0x0000000081c00000, 0x0000000087180000, 0x00000000d5f00000)
  object space 87552K, 7% used [0x0000000081c00000,0x000000008222cf38,0x0000000087180000)
 Metaspace       used 15853K, capacity 16040K, committed 16256K, reserved 1062912K
  class space    used 1788K, capacity 1876K, committed 1920K, reserved 1048576K
}
Event: 1.639 GC heap before
{Heap before GC invocations=4 (full 0):
 PSYoungGen      total 38400K, used 38368K [0x00000000d5f00000, 0x00000000daa00000, 0x0000000100000000)
  eden space 33280K, 100% used [0x00000000d5f00000,0x00000000d7f80000,0x00000000d7f80000)
  from space 5120K, 99% used [0x00000000d7f80000,0x00000000d8478020,0x00000000d8480000)
  to   space 5120K, 0% used [0x00000000da500000,0x00000000da500000,0x00000000daa00000)
 ParOldGen       total 87552K, used 6323K [0x0000000081c00000, 0x0000000087180000, 0x00000000d5f00000)
  object space 87552K, 7% used [0x0000000081c00000,0x000000008222cf38,0x0000000087180000)
 Metaspace       used 16154K, capacity 16410K, committed 16768K, reserved 1064960K
  class space    used 1813K, capacity 1911K, committed 1920K, reserved 1048576K
Event: 1.657 GC heap after
Heap after GC invocations=4 (full 0):
 PSYoungGen      total 71680K, used 5104K [0x00000000d5f00000, 0x00000000daa00000, 0x0000000100000000)
  eden space 66560K, 0% used [0x00000000d5f00000,0x00000000d5f00000,0x00000000da000000)
  from space 5120K, 99% used [0x00000000da500000,0x00000000da9fc010,0x00000000daa00000)
  to   space 5120K, 0% used [0x00000000da000000,0x00000000da000000,0x00000000da500000)
 ParOldGen       total 87552K, used 12490K [0x0000000081c00000, 0x0000000087180000, 0x00000000d5f00000)
  object space 87552K, 14% used [0x0000000081c00000,0x00000000828329b0,0x0000000087180000)
 Metaspace       used 16154K, capacity 16410K, committed 16768K, reserved 1064960K
  class space    used 1813K, capacity 1911K, committed 1920K, reserved 1048576K
}
Event: 2.052 GC heap before
{Heap before GC invocations=5 (full 0):
 PSYoungGen      total 71680K, used 71664K [0x00000000d5f00000, 0x00000000daa00000, 0x0000000100000000)
  eden space 66560K, 100% used [0x00000000d5f00000,0x00000000da000000,0x00000000da000000)
  from space 5120K, 99% used [0x00000000da500000,0x00000000da9fc010,0x00000000daa00000)
  to   space 5120K, 0% used [0x00000000da000000,0x00000000da000000,0x00000000da500000)
 ParOldGen       total 87552K, used 12490K [0x0000000081c00000, 0x0000000087180000, 0x00000000d5f00000)
  object space 87552K, 14% used [0x0000000081c00000,0x00000000828329b0,0x0000000087180000)
 Metaspace       used 16489K, capacity 16754K, committed 17024K, reserved 1064960K
  class space    used 1816K, capacity 1915K, committed 1920K, reserved 1048576K
Event: 2.066 GC heap after
Heap after GC invocations=5 (full 0):
 PSYoungGen      total 71680K, used 5120K [0x00000000d5f00000, 0x00000000e0000000, 0x0000000100000000)
  eden space 66560K, 0% used [0x00000000d5f00000,0x00000000d5f00000,0x00000000da000000)
  from space 5120K, 100% used [0x00000000da000000,0x00000000da500000,0x00000000da500000)
  to   space 15872K, 0% used [0x00000000df080000,0x00000000df080000,0x00000000e0000000)
 ParOldGen       total 87552K, used 21107K [0x0000000081c00000, 0x0000000087180000, 0x00000000d5f00000)
  object space 87552K, 24% used [0x0000000081c00000,0x000000008309ce18,0x0000000087180000)
 Metaspace       used 16489K, capacity 16754K, committed 17024K, reserved 1064960K
  class space    used 1816K, capacity 1915K, committed 1920K, reserved 1048576K
}
Event: 2.426 GC heap before
{Heap before GC invocations=6 (full 0):
 PSYoungGen      total 71680K, used 71680K [0x00000000d5f00000, 0x00000000e0000000, 0x0000000100000000)
  eden space 66560K, 100% used [0x00000000d5f00000,0x00000000da000000,0x00000000da000000)
  from space 5120K, 100% used [0x00000000da000000,0x00000000da500000,0x00000000da500000)
  to   space 15872K, 0% used [0x00000000df080000,0x00000000df080000,0x00000000e0000000)
 ParOldGen       total 87552K, used 21107K [0x0000000081c00000, 0x0000000087180000, 0x00000000d5f00000)
  object space 87552K, 24% used [0x0000000081c00000,0x000000008309ce18,0x0000000087180000)
 Metaspace       used 16758K, capacity 17028K, committed 17280K, reserved 1064960K
  class space    used 1818K, capacity 1918K, committed 1920K, reserved 1048576K
Event: 2.442 GC heap after
Heap after GC invocations=6 (full 0):
 PSYoungGen      total 146944K, used 14800K [0x00000000d5f00000, 0x00000000e0400000, 0x0000000100000000)
  eden space 131072K, 0% used [0x00000000d5f00000,0x00000000d5f00000,0x00000000ddf00000)
  from space 15872K, 93% used [0x00000000df080000,0x00000000dfef4030,0x00000000e0000000)
  to   space 17920K, 0% used [0x00000000ddf00000,0x00000000ddf00000,0x00000000df080000)
 ParOldGen       total 87552K, used 21115K [0x0000000081c00000, 0x0000000087180000, 0x00000000d5f00000)
  object space 87552K, 24% used [0x0000000081c00000,0x000000008309ee18,0x0000000087180000)
 Metaspace       used 16758K, capacity 17028K, committed 17280K, reserved 1064960K
  class space    used 1818K, capacity 1918K, committed 1920K, reserved 1048576K
}
Event: 3.902 GC heap before
{Heap before GC invocations=7 (full 0):
 PSYoungGen      total 146944K, used 142967K [0x00000000d5f00000, 0x00000000e0400000, 0x0000000100000000)
  eden space 131072K, 97% used [0x00000000d5f00000,0x00000000ddc29f98,0x00000000ddf00000)
  from space 15872K, 93% used [0x00000000df080000,0x00000000dfef4030,0x00000000e0000000)
  to   space 17920K, 0% used [0x00000000ddf00000,0x00000000ddf00000,0x00000000df080000)
 ParOldGen       total 87552K, used 21115K [0x0000000081c00000, 0x0000000087180000, 0x00000000d5f00000)
  object space 87552K, 24% used [0x0000000081c00000,0x000000008309ee18,0x0000000087180000)
 Metaspace       used 20635K, capacity 21212K, committed 21296K, reserved 1069056K
  class space    used 2252K, capacity 2420K, committed 2432K, reserved 1048576K
Event: 3.940 GC heap after
Heap after GC invocations=7 (full 0):
 PSYoungGen      total 148992K, used 17904K [0x00000000d5f00000, 0x00000000e8e00000, 0x0000000100000000)
  eden space 131072K, 0% used [0x00000000d5f00000,0x00000000d5f00000,0x00000000ddf00000)
  from space 17920K, 99% used [0x00000000ddf00000,0x00000000df07c010,0x00000000df080000)
  to   space 24064K, 0% used [0x00000000e7680000,0x00000000e7680000,0x00000000e8e00000)
 ParOldGen       total 87552K, used 27747K [0x0000000081c00000, 0x0000000087180000, 0x00000000d5f00000)
  object space 87552K, 31% used [0x0000000081c00000,0x0000000083718d10,0x0000000087180000)
 Metaspace       used 20635K, capacity 21212K, committed 21296K, reserved 1069056K
  class space    used 2252K, capacity 2420K, committed 2432K, reserved 1048576K
}
Event: 3.941 GC heap before
{Heap before GC invocations=8 (full 1):
 PSYoungGen      total 148992K, used 17904K [0x00000000d5f00000, 0x00000000e8e00000, 0x0000000100000000)
  eden space 131072K, 0% used [0x00000000d5f00000,0x00000000d5f00000,0x00000000ddf00000)
  from space 17920K, 99% used [0x00000000ddf00000,0x00000000df07c010,0x00000000df080000)
  to   space 24064K, 0% used [0x00000000e7680000,0x00000000e7680000,0x00000000e8e00000)
 ParOldGen       total 87552K, used 27747K [0x0000000081c00000, 0x0000000087180000, 0x00000000d5f00000)
  object space 87552K, 31% used [0x0000000081c00000,0x0000000083718d10,0x0000000087180000)
 Metaspace       used 20635K, capacity 21212K, committed 21296K, reserved 1069056K
  class space    used 2252K, capacity 2420K, committed 2432K, reserved 1048576K
Event: 4.072 GC heap after
Heap after GC invocations=8 (full 1):
 PSYoungGen      total 148992K, used 0K [0x00000000d5f00000, 0x00000000e8e00000, 0x0000000100000000)
  eden space 131072K, 0% used [0x00000000d5f00000,0x00000000d5f00000,0x00000000ddf00000)
  from space 17920K, 0% used [0x00000000ddf00000,0x00000000ddf00000,0x00000000df080000)
  to   space 24064K, 0% used [0x00000000e7680000,0x00000000e7680000,0x00000000e8e00000)
 ParOldGen       total 100352K, used 38429K [0x0000000081c00000, 0x0000000087e00000, 0x00000000d5f00000)
  object space 100352K, 38% used [0x0000000081c00000,0x0000000084187790,0x0000000087e00000)
 Metaspace       used 20635K, capacity 21212K, committed 21296K, reserved 1069056K
  class space    used 2252K, capacity 2420K, committed 2432K, reserved 1048576K
}
Event: 4.823 GC heap before
{Heap before GC invocations=9 (full 1):
 PSYoungGen      total 148992K, used 131072K [0x00000000d5f00000, 0x00000000e8e00000, 0x0000000100000000)
  eden space 131072K, 100% used [0x00000000d5f00000,0x00000000ddf00000,0x00000000ddf00000)
  from space 17920K, 0% used [0x00000000ddf00000,0x00000000ddf00000,0x00000000df080000)
  to   space 24064K, 0% used [0x00000000e7680000,0x00000000e7680000,0x00000000e8e00000)
 ParOldGen       total 100352K, used 38429K [0x0000000081c00000, 0x0000000087e00000, 0x00000000d5f00000)
  object space 100352K, 38% used [0x0000000081c00000,0x0000000084187790,0x0000000087e00000)
 Metaspace       used 32424K, capacity 33160K, committed 33408K, reserved 1079296K
  class space    used 3677K, capacity 3880K, committed 3968K, reserved 1048576K
Event: 4.835 GC heap after
Heap after GC invocations=9 (full 1):
 PSYoungGen      total 205824K, used 15882K [0x00000000d5f00000, 0x00000000e8680000, 0x0000000100000000)
  eden space 189440K, 0% used [0x00000000d5f00000,0x00000000d5f00000,0x00000000e1800000)
  from space 16384K, 96% used [0x00000000e7680000,0x00000000e8602a78,0x00000000e8680000)
  to   space 24064K, 0% used [0x00000000e5780000,0x00000000e5780000,0x00000000e6f00000)
 ParOldGen       total 100352K, used 38501K [0x0000000081c00000, 0x0000000087e00000, 0x00000000d5f00000)
  object space 100352K, 38% used [0x0000000081c00000,0x00000000841997a0,0x0000000087e00000)
 Metaspace       used 32424K, capacity 33160K, committed 33408K, reserved 1079296K
  class space    used 3677K, capacity 3880K, committed 3968K, reserved 1048576K
}
Event: 4.996 GC heap before
{Heap before GC invocations=10 (full 1):
 PSYoungGen      total 205824K, used 65413K [0x00000000d5f00000, 0x00000000e8680000, 0x0000000100000000)
  eden space 189440K, 26% used [0x00000000d5f00000,0x00000000d8f5ed00,0x00000000e1800000)
  from space 16384K, 96% used [0x00000000e7680000,0x00000000e8602a78,0x00000000e8680000)
  to   space 24064K, 0% used [0x00000000e5780000,0x00000000e5780000,0x00000000e6f00000)
 ParOldGen       total 100352K, used 38501K [0x0000000081c00000, 0x0000000087e00000, 0x00000000d5f00000)
  object space 100352K, 38% used [0x0000000081c00000,0x00000000841997a0,0x0000000087e00000)
 Metaspace       used 34509K, capacity 35232K, committed 35456K, reserved 1081344K
  class space    used 3913K, capacity 4124K, committed 4224K, reserved 1048576K
Event: 5.005 GC heap after
Heap after GC invocations=10 (full 1):
 PSYoungGen      total 256512K, used 10211K [0x00000000d5f00000, 0x00000000e7d80000, 0x0000000100000000)
  eden space 246272K, 0% used [0x00000000d5f00000,0x00000000d5f00000,0x00000000e4f80000)
  from space 10240K, 99% used [0x00000000e5780000,0x00000000e6178c68,0x00000000e6180000)
  to   space 23552K, 0% used [0x00000000e6680000,0x00000000e6680000,0x00000000e7d80000)
 ParOldGen       total 100352K, used 38509K [0x0000000081c00000, 0x0000000087e00000, 0x00000000d5f00000)
  object space 100352K, 38% used [0x0000000081c00000,0x000000008419b7a0,0x0000000087e00000)
 Metaspace       used 34509K, capacity 35232K, committed 35456K, reserved 1081344K
  class space    used 3913K, capacity 4124K, committed 4224K, reserved 1048576K
}
Event: 5.005 GC heap before
{Heap before GC invocations=11 (full 2):
 PSYoungGen      total 256512K, used 10211K [0x00000000d5f00000, 0x00000000e7d80000, 0x0000000100000000)
  eden space 246272K, 0% used [0x00000000d5f00000,0x00000000d5f00000,0x00000000e4f80000)
  from space 10240K, 99% used [0x00000000e5780000,0x00000000e6178c68,0x00000000e6180000)
  to   space 23552K, 0% used [0x00000000e6680000,0x00000000e6680000,0x00000000e7d80000)
 ParOldGen       total 100352K, used 38509K [0x0000000081c00000, 0x0000000087e00000, 0x00000000d5f00000)
  object space 100352K, 38% used [0x0000000081c00000,0x000000008419b7a0,0x0000000087e00000)
 Metaspace       used 34509K, capacity 35232K, committed 35456K, reserved 1081344K
  class space    used 3913K, capacity 4124K, committed 4224K, reserved 1048576K
Event: 5.073 GC heap after
Heap after GC invocations=11 (full 2):
 PSYoungGen      total 256512K, used 0K [0x00000000d5f00000, 0x00000000e7d80000, 0x0000000100000000)
  eden space 246272K, 0% used [0x00000000d5f00000,0x00000000d5f00000,0x00000000e4f80000)
  from space 10240K, 0% used [0x00000000e5780000,0x00000000e5780000,0x00000000e6180000)
  to   space 23552K, 0% used [0x00000000e6680000,0x00000000e6680000,0x00000000e7d80000)
 ParOldGen       total 137728K, used 44761K [0x0000000081c00000, 0x000000008a280000, 0x00000000d5f00000)
  object space 137728K, 32% used [0x0000000081c00000,0x00000000847b6580,0x000000008a280000)
 Metaspace       used 34509K, capacity 35232K, committed 35456K, reserved 1081344K
  class space    used 3913K, capacity 4124K, committed 4224K, reserved 1048576K
}
Event: 6.721 GC heap before
{Heap before GC invocations=12 (full 2):
 PSYoungGen      total 256512K, used 246272K [0x00000000d5f00000, 0x00000000e7d80000, 0x0000000100000000)
  eden space 246272K, 100% used [0x00000000d5f00000,0x00000000e4f80000,0x00000000e4f80000)
  from space 10240K, 0% used [0x00000000e5780000,0x00000000e5780000,0x00000000e6180000)
  to   space 23552K, 0% used [0x00000000e6680000,0x00000000e6680000,0x00000000e7d80000)
 ParOldGen       total 137728K, used 44761K [0x0000000081c00000, 0x000000008a280000, 0x00000000d5f00000)
  object space 137728K, 32% used [0x0000000081c00000,0x00000000847b6580,0x000000008a280000)
 Metaspace       used 50121K, capacity 51098K, committed 51328K, reserved 1093632K
  class space    used 5975K, capacity 6217K, committed 6272K, reserved 1048576K
Event: 6.742 GC heap after
Heap after GC invocations=12 (full 2):
 PSYoungGen      total 266752K, used 23348K [0x00000000d5f00000, 0x00000000eb600000, 0x0000000100000000)
  eden space 243200K, 0% used [0x00000000d5f00000,0x00000000d5f00000,0x00000000e4c80000)
  from space 23552K, 99% used [0x00000000e6680000,0x00000000e7d4d330,0x00000000e7d80000)
  to   space 26624K, 0% used [0x00000000e4c80000,0x00000000e4c80000,0x00000000e6680000)
 ParOldGen       total 137728K, used 44777K [0x0000000081c00000, 0x000000008a280000, 0x00000000d5f00000)
  object space 137728K, 32% used [0x0000000081c00000,0x00000000847ba580,0x000000008a280000)
 Metaspace       used 50121K, capacity 51098K, committed 51328K, reserved 1093632K
  class space    used 5975K, capacity 6217K, committed 6272K, reserved 1048576K
}

