# JRE version: OpenJDK Runtime Environment (8.0_232-b09) (build 1.8.0_232-b09)
# Java VM: OpenJDK 64-Bit Server VM (25.232-b09 mixed mode windows-amd64 compressed oops)
Heap:
 PSYoungGen      total 287744K, used 219239K [0x00000000d5f00000, 0x00000000ed800000, 0x0000000100000000)
  eden space 258560K, 84% used [0x00000000d5f00000,0x00000000e3519db8,0x00000000e5b80000)
  from space 29184K, 0% used [0x00000000e5b80000,0x00000000e5b80000,0x00000000e7800000)
  to   space 30208K, 0% used [0x00000000eba80000,0x00000000eba80000,0x00000000ed800000)
 ParOldGen       total 153088K, used 61313K [0x0000000081c00000, 0x000000008b180000, 0x00000000d5f00000)
  object space 153088K, 40% used [0x0000000081c00000,0x00000000857e0670,0x000000008b180000)
 Metaspace       used 37374K, capacity 38262K, committed 38312K, reserved 1083392K
  class space    used 3997K, capacity 4242K, committed 4264K, reserved 1048576K
GC Heap History (22 events):
Event: 0.885 GC heap before
{Heap before GC invocations=1 (full 0):
 PSYoungGen      total 38400K, used 33280K [0x00000000d5f00000, 0x00000000d8980000, 0x0000000100000000)
  eden space 33280K, 100% used [0x00000000d5f00000,0x00000000d7f80000,0x00000000d7f80000)
  from space 5120K, 0% used [0x00000000d8480000,0x00000000d8480000,0x00000000d8980000)
  to   space 5120K, 0% used [0x00000000d7f80000,0x00000000d7f80000,0x00000000d8480000)
 ParOldGen       total 87552K, used 0K [0x0000000081c00000, 0x0000000087180000, 0x00000000d5f00000)
  object space 87552K, 0% used [0x0000000081c00000,0x0000000081c00000,0x0000000087180000)
 Metaspace       used 9155K, capacity 9308K, committed 9600K, reserved 1058816K
  class space    used 1008K, capacity 1080K, committed 1152K, reserved 1048576K
Event: 0.890 GC heap after
Heap after GC invocations=1 (full 0):
 PSYoungGen      total 38400K, used 5089K [0x00000000d5f00000, 0x00000000d8980000, 0x0000000100000000)
  eden space 33280K, 0% used [0x00000000d5f00000,0x00000000d5f00000,0x00000000d7f80000)
  from space 5120K, 99% used [0x00000000d7f80000,0x00000000d84787f8,0x00000000d8480000)
  to   space 5120K, 0% used [0x00000000d8480000,0x00000000d8480000,0x00000000d8980000)
 ParOldGen       total 87552K, used 149K [0x0000000081c00000, 0x0000000087180000, 0x00000000d5f00000)
  object space 87552K, 0% used [0x0000000081c00000,0x0000000081c25590,0x0000000087180000)
 Metaspace       used 9155K, capacity 9308K, committed 9600K, reserved 1058816K
  class space    used 1008K, capacity 1080K, committed 1152K, reserved 1048576K
}
Event: 1.302 GC heap before
{Heap before GC invocations=2 (full 0):
 PSYoungGen      total 38400K, used 38369K [0x00000000d5f00000, 0x00000000d8980000, 0x0000000100000000)
  eden space 33280K, 100% used [0x00000000d5f00000,0x00000000d7f80000,0x00000000d7f80000)
  from space 5120K, 99% used [0x00000000d7f80000,0x00000000d84787f8,0x00000000d8480000)
  to   space 5120K, 0% used [0x00000000d8480000,0x00000000d8480000,0x00000000d8980000)
 ParOldGen       total 87552K, used 149K [0x0000000081c00000, 0x0000000087180000, 0x00000000d5f00000)
  object space 87552K, 0% used [0x0000000081c00000,0x0000000081c25590,0x0000000087180000)
 Metaspace       used 12821K, capacity 12948K, committed 13184K, reserved 1060864K
  class space    used 1480K, capacity 1542K, committed 1664K, reserved 1048576K
Event: 1.310 GC heap after
Heap after GC invocations=2 (full 0):
 PSYoungGen      total 38400K, used 5105K [0x00000000d5f00000, 0x00000000daa00000, 0x0000000100000000)
  eden space 33280K, 0% used [0x00000000d5f00000,0x00000000d5f00000,0x00000000d7f80000)
  from space 5120K, 99% used [0x00000000d8480000,0x00000000d897c700,0x00000000d8980000)
  to   space 5120K, 0% used [0x00000000d7f80000,0x00000000d7f80000,0x00000000d8480000)
 ParOldGen       total 87552K, used 2375K [0x0000000081c00000, 0x0000000087180000, 0x00000000d5f00000)
  object space 87552K, 2% used [0x0000000081c00000,0x0000000081e51d38,0x0000000087180000)
 Metaspace       used 12821K, capacity 12948K, committed 13184K, reserved 1060864K
  class space    used 1480K, capacity 1542K, committed 1664K, reserved 1048576K
}
Event: 2.269 GC heap before
{Heap before GC invocations=3 (full 0):
 PSYoungGen      total 38400K, used 38385K [0x00000000d5f00000, 0x00000000daa00000, 0x0000000100000000)
  eden space 33280K, 100% used [0x00000000d5f00000,0x00000000d7f80000,0x00000000d7f80000)
  from space 5120K, 99% used [0x00000000d8480000,0x00000000d897c700,0x00000000d8980000)
  to   space 5120K, 0% used [0x00000000d7f80000,0x00000000d7f80000,0x00000000d8480000)
 ParOldGen       total 87552K, used 2375K [0x0000000081c00000, 0x0000000087180000, 0x00000000d5f00000)
  object space 87552K, 2% used [0x0000000081c00000,0x0000000081e51d38,0x0000000087180000)
 Metaspace       used 15923K, capacity 16104K, committed 16256K, reserved 1062912K
  class space    used 1794K, capacity 1876K, committed 1920K, reserved 1048576K
Event: 2.384 GC heap after
Heap after GC invocations=3 (full 0):
 PSYoungGen      total 38400K, used 5088K [0x00000000d5f00000, 0x00000000daa00000, 0x0000000100000000)
  eden space 33280K, 0% used [0x00000000d5f00000,0x00000000d5f00000,0x00000000d7f80000)
  from space 5120K, 99% used [0x00000000d7f80000,0x00000000d8478040,0x00000000d8480000)
  to   space 5120K, 0% used [0x00000000da500000,0x00000000da500000,0x00000000daa00000)
 ParOldGen       total 87552K, used 6870K [0x0000000081c00000, 0x0000000087180000, 0x00000000d5f00000)
  object space 87552K, 7% used [0x0000000081c00000,0x00000000822b59b8,0x0000000087180000)
 Metaspace       used 15923K, capacity 16104K, committed 16256K, reserved 1062912K
  class space    used 1794K, capacity 1876K, committed 1920K, reserved 1048576K
}
Event: 3.166 GC heap before
{Heap before GC invocations=4 (full 0):
 PSYoungGen      total 38400K, used 38368K [0x00000000d5f00000, 0x00000000daa00000, 0x0000000100000000)
  eden space 33280K, 100% used [0x00000000d5f00000,0x00000000d7f80000,0x00000000d7f80000)
  from space 5120K, 99% used [0x00000000d7f80000,0x00000000d8478040,0x00000000d8480000)
  to   space 5120K, 0% used [0x00000000da500000,0x00000000da500000,0x00000000daa00000)
 ParOldGen       total 87552K, used 6870K [0x0000000081c00000, 0x0000000087180000, 0x00000000d5f00000)
  object space 87552K, 7% used [0x0000000081c00000,0x00000000822b59b8,0x0000000087180000)
 Metaspace       used 16139K, capacity 16410K, committed 16768K, reserved 1064960K
  class space    used 1811K, capacity 1911K, committed 1920K, reserved 1048576K
Event: 3.182 GC heap after
Heap after GC invocations=4 (full 0):
 PSYoungGen      total 71680K, used 5104K [0x00000000d5f00000, 0x00000000daa00000, 0x0000000100000000)
  eden space 66560K, 0% used [0x00000000d5f00000,0x00000000d5f00000,0x00000000da000000)
  from space 5120K, 99% used [0x00000000da500000,0x00000000da9fc030,0x00000000daa00000)
  to   space 5120K, 0% used [0x00000000da000000,0x00000000da000000,0x00000000da500000)
 ParOldGen       total 87552K, used 13405K [0x0000000081c00000, 0x0000000087180000, 0x00000000d5f00000)
  object space 87552K, 15% used [0x0000000081c00000,0x0000000082917540,0x0000000087180000)
 Metaspace       used 16139K, capacity 16410K, committed 16768K, reserved 1064960K
  class space    used 1811K, capacity 1911K, committed 1920K, reserved 1048576K
}
Event: 3.972 GC heap before
{Heap before GC invocations=5 (full 0):
 PSYoungGen      total 71680K, used 71664K [0x00000000d5f00000, 0x00000000daa00000, 0x0000000100000000)
  eden space 66560K, 100% used [0x00000000d5f00000,0x00000000da000000,0x00000000da000000)
  from space 5120K, 99% used [0x00000000da500000,0x00000000da9fc030,0x00000000daa00000)
  to   space 5120K, 0% used [0x00000000da000000,0x00000000da000000,0x00000000da500000)
 ParOldGen       total 87552K, used 13405K [0x0000000081c00000, 0x0000000087180000, 0x00000000d5f00000)
  object space 87552K, 15% used [0x0000000081c00000,0x0000000082917540,0x0000000087180000)
 Metaspace       used 16518K, capacity 16754K, committed 17024K, reserved 1064960K
  class space    used 1815K, capacity 1915K, committed 1920K, reserved 1048576K
Event: 3.992 GC heap after
Heap after GC invocations=5 (full 0):
 PSYoungGen      total 71680K, used 5104K [0x00000000d5f00000, 0x00000000e0100000, 0x0000000100000000)
  eden space 66560K, 0% used [0x00000000d5f00000,0x00000000d5f00000,0x00000000da000000)
  from space 5120K, 99% used [0x00000000da000000,0x00000000da4fc030,0x00000000da500000)
  to   space 16384K, 0% used [0x00000000df100000,0x00000000df100000,0x00000000e0100000)
 ParOldGen       total 87552K, used 22142K [0x0000000081c00000, 0x0000000087180000, 0x00000000d5f00000)
  object space 87552K, 25% used [0x0000000081c00000,0x000000008319fb18,0x0000000087180000)
 Metaspace       used 16518K, capacity 16754K, committed 17024K, reserved 1064960K
  class space    used 1815K, capacity 1915K, committed 1920K, reserved 1048576K
}
Event: 4.615 GC heap before
{Heap before GC invocations=6 (full 0):
 PSYoungGen      total 71680K, used 71664K [0x00000000d5f00000, 0x00000000e0100000, 0x0000000100000000)
  eden space 66560K, 100% used [0x00000000d5f00000,0x00000000da000000,0x00000000da000000)
  from space 5120K, 99% used [0x00000000da000000,0x00000000da4fc030,0x00000000da500000)
  to   space 16384K, 0% used [0x00000000df100000,0x00000000df100000,0x00000000e0100000)
 ParOldGen       total 87552K, used 22142K [0x0000000081c00000, 0x0000000087180000, 0x00000000d5f00000)
  object space 87552K, 25% used [0x0000000081c00000,0x000000008319fb18,0x0000000087180000)
 Metaspace       used 16825K, capacity 17034K, committed 17280K, reserved 1064960K
  class space    used 1818K, capacity 1919K, committed 1920K, reserved 1048576K
Event: 4.679 GC heap after
Heap after GC invocations=6 (full 0):
 PSYoungGen      total 147456K, used 15344K [0x00000000d5f00000, 0x00000000e0500000, 0x0000000100000000)
  eden space 131072K, 0% used [0x00000000d5f00000,0x00000000d5f00000,0x00000000ddf00000)
  from space 16384K, 93% used [0x00000000df100000,0x00000000dfffc030,0x00000000e0100000)
  to   space 18432K, 0% used [0x00000000ddf00000,0x00000000ddf00000,0x00000000df100000)
 ParOldGen       total 87552K, used 22150K [0x0000000081c00000, 0x0000000087180000, 0x00000000d5f00000)
  object space 87552K, 25% used [0x0000000081c00000,0x00000000831a1b18,0x0000000087180000)
 Metaspace       used 16825K, capacity 17034K, committed 17280K, reserved 1064960K
  class space    used 1818K, capacity 1919K, committed 1920K, reserved 1048576K
}
Event: 7.376 GC heap before
{Heap before GC invocations=7 (full 0):
 PSYoungGen      total 147456K, used 146416K [0x00000000d5f00000, 0x00000000e0500000, 0x0000000100000000)
  eden space 131072K, 100% used [0x00000000d5f00000,0x00000000ddf00000,0x00000000ddf00000)
  from space 16384K, 93% used [0x00000000df100000,0x00000000dfffc030,0x00000000e0100000)
  to   space 18432K, 0% used [0x00000000ddf00000,0x00000000ddf00000,0x00000000df100000)
 ParOldGen       total 87552K, used 22150K [0x0000000081c00000, 0x0000000087180000, 0x00000000d5f00000)
  object space 87552K, 25% used [0x0000000081c00000,0x00000000831a1b18,0x0000000087180000)
 Metaspace       used 17920K, capacity 18318K, committed 18432K, reserved 1064960K
  class space    used 1910K, capacity 2025K, committed 2048K, reserved 1048576K
Event: 7.407 GC heap after
Heap after GC invocations=7 (full 0):
 PSYoungGen      total 149504K, used 18400K [0x00000000d5f00000, 0x00000000e9100000, 0x0000000100000000)
  eden space 131072K, 0% used [0x00000000d5f00000,0x00000000d5f00000,0x00000000ddf00000)
  from space 18432K, 99% used [0x00000000ddf00000,0x00000000df0f8010,0x00000000df100000)
  to   space 25600K, 0% used [0x00000000e7800000,0x00000000e7800000,0x00000000e9100000)
 ParOldGen       total 87552K, used 30861K [0x0000000081c00000, 0x0000000087180000, 0x00000000d5f00000)
  object space 87552K, 35% used [0x0000000081c00000,0x0000000083a234d0,0x0000000087180000)
 Metaspace       used 17920K, capacity 18318K, committed 18432K, reserved 1064960K
  class space    used 1910K, capacity 2025K, committed 2048K, reserved 1048576K
}
Event: 8.482 GC heap before
{Heap before GC invocations=8 (full 0):
 PSYoungGen      total 149504K, used 71449K [0x00000000d5f00000, 0x00000000e9100000, 0x0000000100000000)
  eden space 131072K, 40% used [0x00000000d5f00000,0x00000000d92ce5b8,0x00000000ddf00000)
  from space 18432K, 99% used [0x00000000ddf00000,0x00000000df0f8010,0x00000000df100000)
  to   space 25600K, 0% used [0x00000000e7800000,0x00000000e7800000,0x00000000e9100000)
 ParOldGen       total 87552K, used 30861K [0x0000000081c00000, 0x0000000087180000, 0x00000000d5f00000)
  object space 87552K, 35% used [0x0000000081c00000,0x0000000083a234d0,0x0000000087180000)
 Metaspace       used 20709K, capacity 21112K, committed 21296K, reserved 1069056K
  class space    used 2231K, capacity 2362K, committed 2432K, reserved 1048576K
Event: 8.502 GC heap after
Heap after GC invocations=8 (full 0):
 PSYoungGen      total 284160K, used 24147K [0x00000000d5f00000, 0x00000000e9800000, 0x0000000100000000)
  eden space 258560K, 0% used [0x00000000d5f00000,0x00000000d5f00000,0x00000000e5b80000)
  from space 25600K, 94% used [0x00000000e7800000,0x00000000e8f94d40,0x00000000e9100000)
  to   space 29184K, 0% used [0x00000000e5b80000,0x00000000e5b80000,0x00000000e7800000)
 ParOldGen       total 87552K, used 33292K [0x0000000081c00000, 0x0000000087180000, 0x00000000d5f00000)
  object space 87552K, 38% used [0x0000000081c00000,0x0000000083c831d0,0x0000000087180000)
 Metaspace       used 20709K, capacity 21112K, committed 21296K, reserved 1069056K
  class space    used 2231K, capacity 2362K, committed 2432K, reserved 1048576K
}
Event: 8.502 GC heap before
{Heap before GC invocations=9 (full 1):
 PSYoungGen      total 284160K, used 24147K [0x00000000d5f00000, 0x00000000e9800000, 0x0000000100000000)
  eden space 258560K, 0% used [0x00000000d5f00000,0x00000000d5f00000,0x00000000e5b80000)
  from space 25600K, 94% used [0x00000000e7800000,0x00000000e8f94d40,0x00000000e9100000)
  to   space 29184K, 0% used [0x00000000e5b80000,0x00000000e5b80000,0x00000000e7800000)
 ParOldGen       total 87552K, used 33292K [0x0000000081c00000, 0x0000000087180000, 0x00000000d5f00000)
  object space 87552K, 38% used [0x0000000081c00000,0x0000000083c831d0,0x0000000087180000)
 Metaspace       used 20709K, capacity 21112K, committed 21296K, reserved 1069056K
  class space    used 2231K, capacity 2362K, committed 2432K, reserved 1048576K
Event: 8.822 GC heap after
Heap after GC invocations=9 (full 1):
 PSYoungGen      total 284160K, used 0K [0x00000000d5f00000, 0x00000000e9800000, 0x0000000100000000)
  eden space 258560K, 0% used [0x00000000d5f00000,0x00000000d5f00000,0x00000000e5b80000)
  from space 25600K, 0% used [0x00000000e7800000,0x00000000e7800000,0x00000000e9100000)
  to   space 29184K, 0% used [0x00000000e5b80000,0x00000000e5b80000,0x00000000e7800000)
 ParOldGen       total 111104K, used 48179K [0x0000000081c00000, 0x0000000088880000, 0x00000000d5f00000)
  object space 111104K, 43% used [0x0000000081c00000,0x0000000084b0ce70,0x0000000088880000)
 Metaspace       used 20709K, capacity 21112K, committed 21296K, reserved 1069056K
  class space    used 2231K, capacity 2362K, committed 2432K, reserved 1048576K
}
Event: 10.983 GC heap before
{Heap before GC invocations=10 (full 1):
 PSYoungGen      total 284160K, used 157052K [0x00000000d5f00000, 0x00000000e9800000, 0x0000000100000000)
  eden space 258560K, 60% used [0x00000000d5f00000,0x00000000df85f398,0x00000000e5b80000)
  from space 25600K, 0% used [0x00000000e7800000,0x00000000e7800000,0x00000000e9100000)
  to   space 29184K, 0% used [0x00000000e5b80000,0x00000000e5b80000,0x00000000e7800000)
 ParOldGen       total 111104K, used 48179K [0x0000000081c00000, 0x0000000088880000, 0x00000000d5f00000)
  object space 111104K, 43% used [0x0000000081c00000,0x0000000084b0ce70,0x0000000088880000)
 Metaspace       used 34589K, capacity 35276K, committed 35496K, reserved 1081344K
  class space    used 3748K, capacity 3990K, committed 4008K, reserved 1048576K
Event: 11.002 GC heap after
Heap after GC invocations=10 (full 1):
 PSYoungGen      total 287744K, used 21015K [0x00000000d5f00000, 0x00000000ed800000, 0x0000000100000000)
  eden space 258560K, 0% used [0x00000000d5f00000,0x00000000d5f00000,0x00000000e5b80000)
  from space 29184K, 72% used [0x00000000e5b80000,0x00000000e7005e18,0x00000000e7800000)
  to   space 30208K, 0% used [0x00000000eba80000,0x00000000eba80000,0x00000000ed800000)
 ParOldGen       total 111104K, used 48251K [0x0000000081c00000, 0x0000000088880000, 0x00000000d5f00000)
  object space 111104K, 43% used [0x0000000081c00000,0x0000000084b1ee80,0x0000000088880000)
 Metaspace       used 34589K, capacity 35276K, committed 35496K, reserved 1081344K
  class space    used 3748K, capacity 3990K, committed 4008K, reserved 1048576K
}
Event: 11.002 GC heap before
{Heap before GC invocations=11 (full 2):
 PSYoungGen      total 287744K, used 21015K [0x00000000d5f00000, 0x00000000ed800000, 0x0000000100000000)
  eden space 258560K, 0% used [0x00000000d5f00000,0x00000000d5f00000,0x00000000e5b80000)
  from space 29184K, 72% used [0x00000000e5b80000,0x00000000e7005e18,0x00000000e7800000)
  to   space 30208K, 0% used [0x00000000eba80000,0x00000000eba80000,0x00000000ed800000)
 ParOldGen       total 111104K, used 48251K [0x0000000081c00000, 0x0000000088880000, 0x00000000d5f00000)
  object space 111104K, 43% used [0x0000000081c00000,0x0000000084b1ee80,0x0000000088880000)
 Metaspace       used 34589K, capacity 35276K, committed 35496K, reserved 1081344K
  class space    used 3748K, capacity 3990K, committed 4008K, reserved 1048576K
Event: 11.082 GC heap after
Heap after GC invocations=11 (full 2):
 PSYoungGen      total 287744K, used 0K [0x00000000d5f00000, 0x00000000ed800000, 0x0000000100000000)
  eden space 258560K, 0% used [0x00000000d5f00000,0x00000000d5f00000,0x00000000e5b80000)
  from space 29184K, 0% used [0x00000000e5b80000,0x00000000e5b80000,0x00000000e7800000)
  to   space 30208K, 0% used [0x00000000eba80000,0x00000000eba80000,0x00000000ed800000)
 ParOldGen       total 153088K, used 61313K [0x0000000081c00000, 0x000000008b180000, 0x00000000d5f00000)
  object space 153088K, 40% used [0x0000000081c00000,0x00000000857e0670,0x000000008b180000)
 Metaspace       used 34432K, capacity 35036K, committed 35496K, reserved 1081344K
  class space    used 3716K, capacity 3910K, committed 4008K, reserved 1048576K
}

