# JRE version: OpenJDK Runtime Environment (8.0_232-b09) (build 1.8.0_232-b09)
# Java VM: OpenJDK 64-Bit Server VM (25.232-b09 mixed mode windows-amd64 compressed oops)
Heap:
 PSYoungGen      total 248832K, used 83923K [0x00000000d5f00000, 0x00000000e7600000, 0x0000000100000000)
  eden space 238592K, 35% used [0x00000000d5f00000,0x00000000db0f4d58,0x00000000e4800000)
  from space 10240K, 0% used [0x00000000e5580000,0x00000000e5580000,0x00000000e5f80000)
  to   space 23040K, 0% used [0x00000000e5f80000,0x00000000e5f80000,0x00000000e7600000)
 ParOldGen       total 140288K, used 44963K [0x0000000081c00000, 0x000000008a500000, 0x00000000d5f00000)
  object space 140288K, 32% used [0x0000000081c00000,0x00000000847e8e78,0x000000008a500000)
 Metaspace       used 41466K, capacity 42280K, committed 42496K, reserved 1087488K
  class space    used 4855K, capacity 5078K, committed 5120K, reserved 1048576K
GC Heap History (22 events):
Event: 0.736 GC heap before
{Heap before GC invocations=1 (full 0):
 PSYoungGen      total 38400K, used 33280K [0x00000000d5f00000, 0x00000000d8980000, 0x0000000100000000)
  eden space 33280K, 100% used [0x00000000d5f00000,0x00000000d7f80000,0x00000000d7f80000)
  from space 5120K, 0% used [0x00000000d8480000,0x00000000d8480000,0x00000000d8980000)
  to   space 5120K, 0% used [0x00000000d7f80000,0x00000000d7f80000,0x00000000d8480000)
 ParOldGen       total 87552K, used 0K [0x0000000081c00000, 0x0000000087180000, 0x00000000d5f00000)
  object space 87552K, 0% used [0x0000000081c00000,0x0000000081c00000,0x0000000087180000)
 Metaspace       used 9093K, capacity 9244K, committed 9344K, reserved 1056768K
  class space    used 1006K, capacity 1080K, committed 1152K, reserved 1048576K
Event: 0.740 GC heap after
Heap after GC invocations=1 (full 0):
 PSYoungGen      total 38400K, used 5113K [0x00000000d5f00000, 0x00000000d8980000, 0x0000000100000000)
  eden space 33280K, 0% used [0x00000000d5f00000,0x00000000d5f00000,0x00000000d7f80000)
  from space 5120K, 99% used [0x00000000d7f80000,0x00000000d847e7a0,0x00000000d8480000)
  to   space 5120K, 0% used [0x00000000d8480000,0x00000000d8480000,0x00000000d8980000)
 ParOldGen       total 87552K, used 40K [0x0000000081c00000, 0x0000000087180000, 0x00000000d5f00000)
  object space 87552K, 0% used [0x0000000081c00000,0x0000000081c0a098,0x0000000087180000)
 Metaspace       used 9093K, capacity 9244K, committed 9344K, reserved 1056768K
  class space    used 1006K, capacity 1080K, committed 1152K, reserved 1048576K
}
Event: 1.025 GC heap before
{Heap before GC invocations=2 (full 0):
 PSYoungGen      total 38400K, used 38393K [0x00000000d5f00000, 0x00000000d8980000, 0x0000000100000000)
  eden space 33280K, 100% used [0x00000000d5f00000,0x00000000d7f80000,0x00000000d7f80000)
  from space 5120K, 99% used [0x00000000d7f80000,0x00000000d847e7a0,0x00000000d8480000)
  to   space 5120K, 0% used [0x00000000d8480000,0x00000000d8480000,0x00000000d8980000)
 ParOldGen       total 87552K, used 40K [0x0000000081c00000, 0x0000000087180000, 0x00000000d5f00000)
  object space 87552K, 0% used [0x0000000081c00000,0x0000000081c0a098,0x0000000087180000)
 Metaspace       used 12797K, capacity 13012K, committed 13440K, reserved 1060864K
  class space    used 1472K, capacity 1542K, committed 1664K, reserved 1048576K
Event: 1.030 GC heap after
Heap after GC invocations=2 (full 0):
 PSYoungGen      total 38400K, used 5097K [0x00000000d5f00000, 0x00000000daa00000, 0x0000000100000000)
  eden space 33280K, 0% used [0x00000000d5f00000,0x00000000d5f00000,0x00000000d7f80000)
  from space 5120K, 99% used [0x00000000d8480000,0x00000000d897a5d8,0x00000000d8980000)
  to   space 5120K, 0% used [0x00000000d7f80000,0x00000000d7f80000,0x00000000d8480000)
 ParOldGen       total 87552K, used 2361K [0x0000000081c00000, 0x0000000087180000, 0x00000000d5f00000)
  object space 87552K, 2% used [0x0000000081c00000,0x0000000081e4e7d8,0x0000000087180000)
 Metaspace       used 12797K, capacity 13012K, committed 13440K, reserved 1060864K
  class space    used 1472K, capacity 1542K, committed 1664K, reserved 1048576K
}
Event: 1.440 GC heap before
{Heap before GC invocations=3 (full 0):
 PSYoungGen      total 38400K, used 38377K [0x00000000d5f00000, 0x00000000daa00000, 0x0000000100000000)
  eden space 33280K, 100% used [0x00000000d5f00000,0x00000000d7f80000,0x00000000d7f80000)
  from space 5120K, 99% used [0x00000000d8480000,0x00000000d897a5d8,0x00000000d8980000)
  to   space 5120K, 0% used [0x00000000d7f80000,0x00000000d7f80000,0x00000000d8480000)
 ParOldGen       total 87552K, used 2361K [0x0000000081c00000, 0x0000000087180000, 0x00000000d5f00000)
  object space 87552K, 2% used [0x0000000081c00000,0x0000000081e4e7d8,0x0000000087180000)
 Metaspace       used 15840K, capacity 16040K, committed 16256K, reserved 1062912K
  class space    used 1787K, capacity 1876K, committed 1920K, reserved 1048576K
Event: 1.446 GC heap after
Heap after GC invocations=3 (full 0):
 PSYoungGen      total 38400K, used 5088K [0x00000000d5f00000, 0x00000000daa00000, 0x0000000100000000)
  eden space 33280K, 0% used [0x00000000d5f00000,0x00000000d5f00000,0x00000000d7f80000)
  from space 5120K, 99% used [0x00000000d7f80000,0x00000000d8478060,0x00000000d8480000)
  to   space 5120K, 0% used [0x00000000da500000,0x00000000da500000,0x00000000daa00000)
 ParOldGen       total 87552K, used 6216K [0x0000000081c00000, 0x0000000087180000, 0x00000000d5f00000)
  object space 87552K, 7% used [0x0000000081c00000,0x0000000082212130,0x0000000087180000)
 Metaspace       used 15840K, capacity 16040K, committed 16256K, reserved 1062912K
  class space    used 1787K, capacity 1876K, committed 1920K, reserved 1048576K
}
Event: 1.715 GC heap before
{Heap before GC invocations=4 (full 0):
 PSYoungGen      total 38400K, used 38368K [0x00000000d5f00000, 0x00000000daa00000, 0x0000000100000000)
  eden space 33280K, 100% used [0x00000000d5f00000,0x00000000d7f80000,0x00000000d7f80000)
  from space 5120K, 99% used [0x00000000d7f80000,0x00000000d8478060,0x00000000d8480000)
  to   space 5120K, 0% used [0x00000000da500000,0x00000000da500000,0x00000000daa00000)
 ParOldGen       total 87552K, used 6216K [0x0000000081c00000, 0x0000000087180000, 0x00000000d5f00000)
  object space 87552K, 7% used [0x0000000081c00000,0x0000000082212130,0x0000000087180000)
 Metaspace       used 16136K, capacity 16410K, committed 16768K, reserved 1064960K
  class space    used 1812K, capacity 1911K, committed 1920K, reserved 1048576K
Event: 1.726 GC heap after
Heap after GC invocations=4 (full 0):
 PSYoungGen      total 71680K, used 5104K [0x00000000d5f00000, 0x00000000daa00000, 0x0000000100000000)
  eden space 66560K, 0% used [0x00000000d5f00000,0x00000000d5f00000,0x00000000da000000)
  from space 5120K, 99% used [0x00000000da500000,0x00000000da9fc030,0x00000000daa00000)
  to   space 5120K, 0% used [0x00000000da000000,0x00000000da000000,0x00000000da500000)
 ParOldGen       total 87552K, used 11961K [0x0000000081c00000, 0x0000000087180000, 0x00000000d5f00000)
  object space 87552K, 13% used [0x0000000081c00000,0x00000000827ae5b8,0x0000000087180000)
 Metaspace       used 16136K, capacity 16410K, committed 16768K, reserved 1064960K
  class space    used 1812K, capacity 1911K, committed 1920K, reserved 1048576K
}
Event: 2.156 GC heap before
{Heap before GC invocations=5 (full 0):
 PSYoungGen      total 71680K, used 71664K [0x00000000d5f00000, 0x00000000daa00000, 0x0000000100000000)
  eden space 66560K, 100% used [0x00000000d5f00000,0x00000000da000000,0x00000000da000000)
  from space 5120K, 99% used [0x00000000da500000,0x00000000da9fc030,0x00000000daa00000)
  to   space 5120K, 0% used [0x00000000da000000,0x00000000da000000,0x00000000da500000)
 ParOldGen       total 87552K, used 11961K [0x0000000081c00000, 0x0000000087180000, 0x00000000d5f00000)
  object space 87552K, 13% used [0x0000000081c00000,0x00000000827ae5b8,0x0000000087180000)
 Metaspace       used 16488K, capacity 16754K, committed 17024K, reserved 1064960K
  class space    used 1815K, capacity 1915K, committed 1920K, reserved 1048576K
Event: 2.170 GC heap after
Heap after GC invocations=5 (full 0):
 PSYoungGen      total 71680K, used 5104K [0x00000000d5f00000, 0x00000000dff00000, 0x0000000100000000)
  eden space 66560K, 0% used [0x00000000d5f00000,0x00000000d5f00000,0x00000000da000000)
  from space 5120K, 99% used [0x00000000da000000,0x00000000da4fc030,0x00000000da500000)
  to   space 15360K, 0% used [0x00000000df000000,0x00000000df000000,0x00000000dff00000)
 ParOldGen       total 87552K, used 20561K [0x0000000081c00000, 0x0000000087180000, 0x00000000d5f00000)
  object space 87552K, 23% used [0x0000000081c00000,0x0000000083014530,0x0000000087180000)
 Metaspace       used 16488K, capacity 16754K, committed 17024K, reserved 1064960K
  class space    used 1815K, capacity 1915K, committed 1920K, reserved 1048576K
}
Event: 2.588 GC heap before
{Heap before GC invocations=6 (full 0):
 PSYoungGen      total 71680K, used 71664K [0x00000000d5f00000, 0x00000000dff00000, 0x0000000100000000)
  eden space 66560K, 100% used [0x00000000d5f00000,0x00000000da000000,0x00000000da000000)
  from space 5120K, 99% used [0x00000000da000000,0x00000000da4fc030,0x00000000da500000)
  to   space 15360K, 0% used [0x00000000df000000,0x00000000df000000,0x00000000dff00000)
 ParOldGen       total 87552K, used 20561K [0x0000000081c00000, 0x0000000087180000, 0x00000000d5f00000)
  object space 87552K, 23% used [0x0000000081c00000,0x0000000083014530,0x0000000087180000)
 Metaspace       used 16770K, capacity 17028K, committed 17280K, reserved 1064960K
  class space    used 1817K, capacity 1918K, committed 1920K, reserved 1048576K
Event: 2.600 GC heap after
Heap after GC invocations=6 (full 0):
 PSYoungGen      total 145920K, used 14688K [0x00000000d5f00000, 0x00000000e0400000, 0x0000000100000000)
  eden space 130560K, 0% used [0x00000000d5f00000,0x00000000d5f00000,0x00000000dde80000)
  from space 15360K, 95% used [0x00000000df000000,0x00000000dfe58020,0x00000000dff00000)
  to   space 17920K, 0% used [0x00000000dde80000,0x00000000dde80000,0x00000000df000000)
 ParOldGen       total 87552K, used 20569K [0x0000000081c00000, 0x0000000087180000, 0x00000000d5f00000)
  object space 87552K, 23% used [0x0000000081c00000,0x0000000083016530,0x0000000087180000)
 Metaspace       used 16770K, capacity 17028K, committed 17280K, reserved 1064960K
  class space    used 1817K, capacity 1918K, committed 1920K, reserved 1048576K
}
Event: 4.082 GC heap before
{Heap before GC invocations=7 (full 0):
 PSYoungGen      total 145920K, used 143962K [0x00000000d5f00000, 0x00000000e0400000, 0x0000000100000000)
  eden space 130560K, 99% used [0x00000000d5f00000,0x00000000ddd3eba8,0x00000000dde80000)
  from space 15360K, 95% used [0x00000000df000000,0x00000000dfe58020,0x00000000dff00000)
  to   space 17920K, 0% used [0x00000000dde80000,0x00000000dde80000,0x00000000df000000)
 ParOldGen       total 87552K, used 20569K [0x0000000081c00000, 0x0000000087180000, 0x00000000d5f00000)
  object space 87552K, 23% used [0x0000000081c00000,0x0000000083016530,0x0000000087180000)
 Metaspace       used 20555K, capacity 21148K, committed 21296K, reserved 1069056K
  class space    used 2243K, capacity 2420K, committed 2432K, reserved 1048576K
Event: 4.106 GC heap after
Heap after GC invocations=7 (full 0):
 PSYoungGen      total 148480K, used 17920K [0x00000000d5f00000, 0x00000000e8d00000, 0x0000000100000000)
  eden space 130560K, 0% used [0x00000000d5f00000,0x00000000d5f00000,0x00000000dde80000)
  from space 17920K, 100% used [0x00000000dde80000,0x00000000df000000,0x00000000df000000)
  to   space 24064K, 0% used [0x00000000e7580000,0x00000000e7580000,0x00000000e8d00000)
 ParOldGen       total 87552K, used 27416K [0x0000000081c00000, 0x0000000087180000, 0x00000000d5f00000)
  object space 87552K, 31% used [0x0000000081c00000,0x00000000836c61a8,0x0000000087180000)
 Metaspace       used 20555K, capacity 21148K, committed 21296K, reserved 1069056K
  class space    used 2243K, capacity 2420K, committed 2432K, reserved 1048576K
}
Event: 4.106 GC heap before
{Heap before GC invocations=8 (full 1):
 PSYoungGen      total 148480K, used 17920K [0x00000000d5f00000, 0x00000000e8d00000, 0x0000000100000000)
  eden space 130560K, 0% used [0x00000000d5f00000,0x00000000d5f00000,0x00000000dde80000)
  from space 17920K, 100% used [0x00000000dde80000,0x00000000df000000,0x00000000df000000)
  to   space 24064K, 0% used [0x00000000e7580000,0x00000000e7580000,0x00000000e8d00000)
 ParOldGen       total 87552K, used 27416K [0x0000000081c00000, 0x0000000087180000, 0x00000000d5f00000)
  object space 87552K, 31% used [0x0000000081c00000,0x00000000836c61a8,0x0000000087180000)
 Metaspace       used 20555K, capacity 21148K, committed 21296K, reserved 1069056K
  class space    used 2243K, capacity 2420K, committed 2432K, reserved 1048576K
Event: 4.221 GC heap after
Heap after GC invocations=8 (full 1):
 PSYoungGen      total 148480K, used 0K [0x00000000d5f00000, 0x00000000e8d00000, 0x0000000100000000)
  eden space 130560K, 0% used [0x00000000d5f00000,0x00000000d5f00000,0x00000000dde80000)
  from space 17920K, 0% used [0x00000000dde80000,0x00000000dde80000,0x00000000df000000)
  to   space 24064K, 0% used [0x00000000e7580000,0x00000000e7580000,0x00000000e8d00000)
 ParOldGen       total 101888K, used 38508K [0x0000000081c00000, 0x0000000087f80000, 0x00000000d5f00000)
  object space 101888K, 37% used [0x0000000081c00000,0x000000008419b308,0x0000000087f80000)
 Metaspace       used 20555K, capacity 21148K, committed 21296K, reserved 1069056K
  class space    used 2243K, capacity 2420K, committed 2432K, reserved 1048576K
}
Event: 5.131 GC heap before
{Heap before GC invocations=9 (full 1):
 PSYoungGen      total 148480K, used 130560K [0x00000000d5f00000, 0x00000000e8d00000, 0x0000000100000000)
  eden space 130560K, 100% used [0x00000000d5f00000,0x00000000dde80000,0x00000000dde80000)
  from space 17920K, 0% used [0x00000000dde80000,0x00000000dde80000,0x00000000df000000)
  to   space 24064K, 0% used [0x00000000e7580000,0x00000000e7580000,0x00000000e8d00000)
 ParOldGen       total 101888K, used 38508K [0x0000000081c00000, 0x0000000087f80000, 0x00000000d5f00000)
  object space 101888K, 37% used [0x0000000081c00000,0x000000008419b308,0x0000000087f80000)
 Metaspace       used 32470K, capacity 33224K, committed 33664K, reserved 1079296K
  class space    used 3675K, capacity 3880K, committed 3968K, reserved 1048576K
Event: 5.144 GC heap after
Heap after GC invocations=9 (full 1):
 PSYoungGen      total 200704K, used 16085K [0x00000000d5f00000, 0x00000000e8580000, 0x0000000100000000)
  eden space 184320K, 0% used [0x00000000d5f00000,0x00000000d5f00000,0x00000000e1300000)
  from space 16384K, 98% used [0x00000000e7580000,0x00000000e85357f8,0x00000000e8580000)
  to   space 24576K, 0% used [0x00000000e5580000,0x00000000e5580000,0x00000000e6d80000)
 ParOldGen       total 101888K, used 38580K [0x0000000081c00000, 0x0000000087f80000, 0x00000000d5f00000)
  object space 101888K, 37% used [0x0000000081c00000,0x00000000841ad318,0x0000000087f80000)
 Metaspace       used 32470K, capacity 33224K, committed 33664K, reserved 1079296K
  class space    used 3675K, capacity 3880K, committed 3968K, reserved 1048576K
}
Event: 5.332 GC heap before
{Heap before GC invocations=10 (full 1):
 PSYoungGen      total 200704K, used 68196K [0x00000000d5f00000, 0x00000000e8580000, 0x0000000100000000)
  eden space 184320K, 28% used [0x00000000d5f00000,0x00000000d91e3868,0x00000000e1300000)
  from space 16384K, 98% used [0x00000000e7580000,0x00000000e85357f8,0x00000000e8580000)
  to   space 24576K, 0% used [0x00000000e5580000,0x00000000e5580000,0x00000000e6d80000)
 ParOldGen       total 101888K, used 38580K [0x0000000081c00000, 0x0000000087f80000, 0x00000000d5f00000)
  object space 101888K, 37% used [0x0000000081c00000,0x00000000841ad318,0x0000000087f80000)
 Metaspace       used 34656K, capacity 35334K, committed 35496K, reserved 1081344K
  class space    used 3917K, capacity 4093K, committed 4096K, reserved 1048576K
Event: 5.342 GC heap after
Heap after GC invocations=10 (full 1):
 PSYoungGen      total 248832K, used 10234K [0x00000000d5f00000, 0x00000000e7600000, 0x0000000100000000)
  eden space 238592K, 0% used [0x00000000d5f00000,0x00000000d5f00000,0x00000000e4800000)
  from space 10240K, 99% used [0x00000000e5580000,0x00000000e5f7ebc0,0x00000000e5f80000)
  to   space 23040K, 0% used [0x00000000e5f80000,0x00000000e5f80000,0x00000000e7600000)
 ParOldGen       total 101888K, used 38580K [0x0000000081c00000, 0x0000000087f80000, 0x00000000d5f00000)
  object space 101888K, 37% used [0x0000000081c00000,0x00000000841ad318,0x0000000087f80000)
 Metaspace       used 34656K, capacity 35334K, committed 35496K, reserved 1081344K
  class space    used 3917K, capacity 4093K, committed 4096K, reserved 1048576K
}
Event: 5.342 GC heap before
{Heap before GC invocations=11 (full 2):
 PSYoungGen      total 248832K, used 10234K [0x00000000d5f00000, 0x00000000e7600000, 0x0000000100000000)
  eden space 238592K, 0% used [0x00000000d5f00000,0x00000000d5f00000,0x00000000e4800000)
  from space 10240K, 99% used [0x00000000e5580000,0x00000000e5f7ebc0,0x00000000e5f80000)
  to   space 23040K, 0% used [0x00000000e5f80000,0x00000000e5f80000,0x00000000e7600000)
 ParOldGen       total 101888K, used 38580K [0x0000000081c00000, 0x0000000087f80000, 0x00000000d5f00000)
  object space 101888K, 37% used [0x0000000081c00000,0x00000000841ad318,0x0000000087f80000)
 Metaspace       used 34656K, capacity 35334K, committed 35496K, reserved 1081344K
  class space    used 3917K, capacity 4093K, committed 4096K, reserved 1048576K
Event: 5.407 GC heap after
Heap after GC invocations=11 (full 2):
 PSYoungGen      total 248832K, used 0K [0x00000000d5f00000, 0x00000000e7600000, 0x0000000100000000)
  eden space 238592K, 0% used [0x00000000d5f00000,0x00000000d5f00000,0x00000000e4800000)
  from space 10240K, 0% used [0x00000000e5580000,0x00000000e5580000,0x00000000e5f80000)
  to   space 23040K, 0% used [0x00000000e5f80000,0x00000000e5f80000,0x00000000e7600000)
 ParOldGen       total 140288K, used 44963K [0x0000000081c00000, 0x000000008a500000, 0x00000000d5f00000)
  object space 140288K, 32% used [0x0000000081c00000,0x00000000847e8e78,0x000000008a500000)
 Metaspace       used 34656K, capacity 35334K, committed 35496K, reserved 1081344K
  class space    used 3917K, capacity 4093K, committed 4096K, reserved 1048576K
}

