# JRE version: OpenJDK Runtime Environment (8.0_232-b09) (build 1.8.0_232-b09)
# Java VM: OpenJDK 64-Bit Server VM (25.232-b09 mixed mode windows-amd64 compressed oops)
Heap:
 PSYoungGen      total 148992K, used 48626K [0x00000000d5f00000, 0x00000000e2b80000, 0x0000000100000000)
  eden space 124416K, 39% used [0x00000000d5f00000,0x00000000d8e7c948,0x00000000dd880000)
  from space 24576K, 0% used [0x00000000dd880000,0x00000000dd880000,0x00000000df080000)
  to   space 23552K, 0% used [0x00000000e1480000,0x00000000e1480000,0x00000000e2b80000)
 ParOldGen       total 144384K, used 44722K [0x0000000081c00000, 0x000000008a900000, 0x00000000d5f00000)
  object space 144384K, 30% used [0x0000000081c00000,0x00000000847acbb8,0x000000008a900000)
 Metaspace       used 36444K, capacity 37166K, committed 37504K, reserved 1083392K
  class space    used 4171K, capacity 4356K, committed 4480K, reserved 1048576K
GC Heap History (22 events):
Event: 1.081 GC heap before
{Heap before GC invocations=1 (full 0):
 PSYoungGen      total 38400K, used 33280K [0x00000000d5f00000, 0x00000000d8980000, 0x0000000100000000)
  eden space 33280K, 100% used [0x00000000d5f00000,0x00000000d7f80000,0x00000000d7f80000)
  from space 5120K, 0% used [0x00000000d8480000,0x00000000d8480000,0x00000000d8980000)
  to   space 5120K, 0% used [0x00000000d7f80000,0x00000000d7f80000,0x00000000d8480000)
 ParOldGen       total 87552K, used 0K [0x0000000081c00000, 0x0000000087180000, 0x00000000d5f00000)
  object space 87552K, 0% used [0x0000000081c00000,0x0000000081c00000,0x0000000087180000)
 Metaspace       used 9086K, capacity 9244K, committed 9344K, reserved 1056768K
  class space    used 1006K, capacity 1080K, committed 1152K, reserved 1048576K
Event: 1.086 GC heap after
Heap after GC invocations=1 (full 0):
 PSYoungGen      total 38400K, used 5098K [0x00000000d5f00000, 0x00000000d8980000, 0x0000000100000000)
  eden space 33280K, 0% used [0x00000000d5f00000,0x00000000d5f00000,0x00000000d7f80000)
  from space 5120K, 99% used [0x00000000d7f80000,0x00000000d847aac0,0x00000000d8480000)
  to   space 5120K, 0% used [0x00000000d8480000,0x00000000d8480000,0x00000000d8980000)
 ParOldGen       total 87552K, used 141K [0x0000000081c00000, 0x0000000087180000, 0x00000000d5f00000)
  object space 87552K, 0% used [0x0000000081c00000,0x0000000081c23590,0x0000000087180000)
 Metaspace       used 9086K, capacity 9244K, committed 9344K, reserved 1056768K
  class space    used 1006K, capacity 1080K, committed 1152K, reserved 1048576K
}
Event: 1.497 GC heap before
{Heap before GC invocations=2 (full 0):
 PSYoungGen      total 38400K, used 38378K [0x00000000d5f00000, 0x00000000d8980000, 0x0000000100000000)
  eden space 33280K, 100% used [0x00000000d5f00000,0x00000000d7f80000,0x00000000d7f80000)
  from space 5120K, 99% used [0x00000000d7f80000,0x00000000d847aac0,0x00000000d8480000)
  to   space 5120K, 0% used [0x00000000d8480000,0x00000000d8480000,0x00000000d8980000)
 ParOldGen       total 87552K, used 141K [0x0000000081c00000, 0x0000000087180000, 0x00000000d5f00000)
  object space 87552K, 0% used [0x0000000081c00000,0x0000000081c23590,0x0000000087180000)
 Metaspace       used 12812K, capacity 12948K, committed 13184K, reserved 1060864K
  class space    used 1476K, capacity 1542K, committed 1664K, reserved 1048576K
Event: 1.513 GC heap after
Heap after GC invocations=2 (full 0):
 PSYoungGen      total 38400K, used 5095K [0x00000000d5f00000, 0x00000000daa00000, 0x0000000100000000)
  eden space 33280K, 0% used [0x00000000d5f00000,0x00000000d5f00000,0x00000000d7f80000)
  from space 5120K, 99% used [0x00000000d8480000,0x00000000d8979e58,0x00000000d8980000)
  to   space 5120K, 0% used [0x00000000d7f80000,0x00000000d7f80000,0x00000000d8480000)
 ParOldGen       total 87552K, used 2434K [0x0000000081c00000, 0x0000000087180000, 0x00000000d5f00000)
  object space 87552K, 2% used [0x0000000081c00000,0x0000000081e608f0,0x0000000087180000)
 Metaspace       used 12812K, capacity 12948K, committed 13184K, reserved 1060864K
  class space    used 1476K, capacity 1542K, committed 1664K, reserved 1048576K
}
Event: 2.262 GC heap before
{Heap before GC invocations=3 (full 0):
 PSYoungGen      total 38400K, used 38375K [0x00000000d5f00000, 0x00000000daa00000, 0x0000000100000000)
  eden space 33280K, 100% used [0x00000000d5f00000,0x00000000d7f80000,0x00000000d7f80000)
  from space 5120K, 99% used [0x00000000d8480000,0x00000000d8979e58,0x00000000d8980000)
  to   space 5120K, 0% used [0x00000000d7f80000,0x00000000d7f80000,0x00000000d8480000)
 ParOldGen       total 87552K, used 2434K [0x0000000081c00000, 0x0000000087180000, 0x00000000d5f00000)
  object space 87552K, 2% used [0x0000000081c00000,0x0000000081e608f0,0x0000000087180000)
 Metaspace       used 15876K, capacity 16104K, committed 16256K, reserved 1062912K
  class space    used 1788K, capacity 1876K, committed 1920K, reserved 1048576K
Event: 2.269 GC heap after
Heap after GC invocations=3 (full 0):
 PSYoungGen      total 38400K, used 5104K [0x00000000d5f00000, 0x00000000daa00000, 0x0000000100000000)
  eden space 33280K, 0% used [0x00000000d5f00000,0x00000000d5f00000,0x00000000d7f80000)
  from space 5120K, 99% used [0x00000000d7f80000,0x00000000d847c030,0x00000000d8480000)
  to   space 5120K, 0% used [0x00000000da500000,0x00000000da500000,0x00000000daa00000)
 ParOldGen       total 87552K, used 6283K [0x0000000081c00000, 0x0000000087180000, 0x00000000d5f00000)
  object space 87552K, 7% used [0x0000000081c00000,0x0000000082222fe0,0x0000000087180000)
 Metaspace       used 15876K, capacity 16104K, committed 16256K, reserved 1062912K
  class space    used 1788K, capacity 1876K, committed 1920K, reserved 1048576K
}
Event: 2.546 GC heap before
{Heap before GC invocations=4 (full 0):
 PSYoungGen      total 38400K, used 38384K [0x00000000d5f00000, 0x00000000daa00000, 0x0000000100000000)
  eden space 33280K, 100% used [0x00000000d5f00000,0x00000000d7f80000,0x00000000d7f80000)
  from space 5120K, 99% used [0x00000000d7f80000,0x00000000d847c030,0x00000000d8480000)
  to   space 5120K, 0% used [0x00000000da500000,0x00000000da500000,0x00000000daa00000)
 ParOldGen       total 87552K, used 6283K [0x0000000081c00000, 0x0000000087180000, 0x00000000d5f00000)
  object space 87552K, 7% used [0x0000000081c00000,0x0000000082222fe0,0x0000000087180000)
 Metaspace       used 16163K, capacity 16410K, committed 16768K, reserved 1064960K
  class space    used 1812K, capacity 1911K, committed 1920K, reserved 1048576K
Event: 2.554 GC heap after
Heap after GC invocations=4 (full 0):
 PSYoungGen      total 71680K, used 5104K [0x00000000d5f00000, 0x00000000daa00000, 0x0000000100000000)
  eden space 66560K, 0% used [0x00000000d5f00000,0x00000000d5f00000,0x00000000da000000)
  from space 5120K, 99% used [0x00000000da500000,0x00000000da9fc010,0x00000000daa00000)
  to   space 5120K, 0% used [0x00000000da000000,0x00000000da000000,0x00000000da500000)
 ParOldGen       total 87552K, used 12386K [0x0000000081c00000, 0x0000000087180000, 0x00000000d5f00000)
  object space 87552K, 14% used [0x0000000081c00000,0x0000000082818878,0x0000000087180000)
 Metaspace       used 16163K, capacity 16410K, committed 16768K, reserved 1064960K
  class space    used 1812K, capacity 1911K, committed 1920K, reserved 1048576K
}
Event: 3.108 GC heap before
{Heap before GC invocations=5 (full 0):
 PSYoungGen      total 71680K, used 71664K [0x00000000d5f00000, 0x00000000daa00000, 0x0000000100000000)
  eden space 66560K, 100% used [0x00000000d5f00000,0x00000000da000000,0x00000000da000000)
  from space 5120K, 99% used [0x00000000da500000,0x00000000da9fc010,0x00000000daa00000)
  to   space 5120K, 0% used [0x00000000da000000,0x00000000da000000,0x00000000da500000)
 ParOldGen       total 87552K, used 12386K [0x0000000081c00000, 0x0000000087180000, 0x00000000d5f00000)
  object space 87552K, 14% used [0x0000000081c00000,0x0000000082818878,0x0000000087180000)
 Metaspace       used 16509K, capacity 16754K, committed 17024K, reserved 1064960K
  class space    used 1816K, capacity 1915K, committed 1920K, reserved 1048576K
Event: 3.125 GC heap after
Heap after GC invocations=5 (full 0):
 PSYoungGen      total 71680K, used 5120K [0x00000000d5f00000, 0x00000000e0000000, 0x0000000100000000)
  eden space 66560K, 0% used [0x00000000d5f00000,0x00000000d5f00000,0x00000000da000000)
  from space 5120K, 100% used [0x00000000da000000,0x00000000da500000,0x00000000da500000)
  to   space 15872K, 0% used [0x00000000df080000,0x00000000df080000,0x00000000e0000000)
 ParOldGen       total 87552K, used 21088K [0x0000000081c00000, 0x0000000087180000, 0x00000000d5f00000)
  object space 87552K, 24% used [0x0000000081c00000,0x00000000830981c8,0x0000000087180000)
 Metaspace       used 16509K, capacity 16754K, committed 17024K, reserved 1064960K
  class space    used 1816K, capacity 1915K, committed 1920K, reserved 1048576K
}
Event: 3.579 GC heap before
{Heap before GC invocations=6 (full 0):
 PSYoungGen      total 71680K, used 71680K [0x00000000d5f00000, 0x00000000e0000000, 0x0000000100000000)
  eden space 66560K, 100% used [0x00000000d5f00000,0x00000000da000000,0x00000000da000000)
  from space 5120K, 100% used [0x00000000da000000,0x00000000da500000,0x00000000da500000)
  to   space 15872K, 0% used [0x00000000df080000,0x00000000df080000,0x00000000e0000000)
 ParOldGen       total 87552K, used 21088K [0x0000000081c00000, 0x0000000087180000, 0x00000000d5f00000)
  object space 87552K, 24% used [0x0000000081c00000,0x00000000830981c8,0x0000000087180000)
 Metaspace       used 16783K, capacity 17028K, committed 17280K, reserved 1064960K
  class space    used 1818K, capacity 1918K, committed 1920K, reserved 1048576K
Event: 3.592 GC heap after
Heap after GC invocations=6 (full 0):
 PSYoungGen      total 146944K, used 15280K [0x00000000d5f00000, 0x00000000e0400000, 0x0000000100000000)
  eden space 131072K, 0% used [0x00000000d5f00000,0x00000000d5f00000,0x00000000ddf00000)
  from space 15872K, 96% used [0x00000000df080000,0x00000000dff6c010,0x00000000e0000000)
  to   space 17920K, 0% used [0x00000000ddf00000,0x00000000ddf00000,0x00000000df080000)
 ParOldGen       total 87552K, used 21096K [0x0000000081c00000, 0x0000000087180000, 0x00000000d5f00000)
  object space 87552K, 24% used [0x0000000081c00000,0x000000008309a1c8,0x0000000087180000)
 Metaspace       used 16783K, capacity 17028K, committed 17280K, reserved 1064960K
  class space    used 1818K, capacity 1918K, committed 1920K, reserved 1048576K
}
Event: 5.398 GC heap before
{Heap before GC invocations=7 (full 0):
 PSYoungGen      total 146944K, used 142470K [0x00000000d5f00000, 0x00000000e0400000, 0x0000000100000000)
  eden space 131072K, 97% used [0x00000000d5f00000,0x00000000ddb35b00,0x00000000ddf00000)
  from space 15872K, 96% used [0x00000000df080000,0x00000000dff6c010,0x00000000e0000000)
  to   space 17920K, 0% used [0x00000000ddf00000,0x00000000ddf00000,0x00000000df080000)
 ParOldGen       total 87552K, used 21096K [0x0000000081c00000, 0x0000000087180000, 0x00000000d5f00000)
  object space 87552K, 24% used [0x0000000081c00000,0x000000008309a1c8,0x0000000087180000)
 Metaspace       used 20649K, capacity 21212K, committed 21296K, reserved 1069056K
  class space    used 2255K, capacity 2420K, committed 2432K, reserved 1048576K
Event: 5.433 GC heap after
Heap after GC invocations=7 (full 0):
 PSYoungGen      total 148992K, used 17888K [0x00000000d5f00000, 0x00000000e0400000, 0x0000000100000000)
  eden space 131072K, 0% used [0x00000000d5f00000,0x00000000d5f00000,0x00000000ddf00000)
  from space 17920K, 99% used [0x00000000ddf00000,0x00000000df078020,0x00000000df080000)
  to   space 15872K, 0% used [0x00000000df080000,0x00000000df080000,0x00000000e0000000)
 ParOldGen       total 87552K, used 28005K [0x0000000081c00000, 0x0000000087180000, 0x00000000d5f00000)
  object space 87552K, 31% used [0x0000000081c00000,0x0000000083759548,0x0000000087180000)
 Metaspace       used 20649K, capacity 21212K, committed 21296K, reserved 1069056K
  class space    used 2255K, capacity 2420K, committed 2432K, reserved 1048576K
}
Event: 5.433 GC heap before
{Heap before GC invocations=8 (full 1):
 PSYoungGen      total 148992K, used 17888K [0x00000000d5f00000, 0x00000000e0400000, 0x0000000100000000)
  eden space 131072K, 0% used [0x00000000d5f00000,0x00000000d5f00000,0x00000000ddf00000)
  from space 17920K, 99% used [0x00000000ddf00000,0x00000000df078020,0x00000000df080000)
  to   space 15872K, 0% used [0x00000000df080000,0x00000000df080000,0x00000000e0000000)
 ParOldGen       total 87552K, used 28005K [0x0000000081c00000, 0x0000000087180000, 0x00000000d5f00000)
  object space 87552K, 31% used [0x0000000081c00000,0x0000000083759548,0x0000000087180000)
 Metaspace       used 20649K, capacity 21212K, committed 21296K, reserved 1069056K
  class space    used 2255K, capacity 2420K, committed 2432K, reserved 1048576K
Event: 5.607 GC heap after
Heap after GC invocations=8 (full 1):
 PSYoungGen      total 148992K, used 0K [0x00000000d5f00000, 0x00000000e0400000, 0x0000000100000000)
  eden space 131072K, 0% used [0x00000000d5f00000,0x00000000d5f00000,0x00000000ddf00000)
  from space 17920K, 0% used [0x00000000ddf00000,0x00000000ddf00000,0x00000000df080000)
  to   space 15872K, 0% used [0x00000000df080000,0x00000000df080000,0x00000000e0000000)
 ParOldGen       total 102912K, used 38749K [0x0000000081c00000, 0x0000000088080000, 0x00000000d5f00000)
  object space 102912K, 37% used [0x0000000081c00000,0x00000000841d7670,0x0000000088080000)
 Metaspace       used 20649K, capacity 21212K, committed 21296K, reserved 1069056K
  class space    used 2255K, capacity 2420K, committed 2432K, reserved 1048576K
}
Event: 6.466 GC heap before
{Heap before GC invocations=9 (full 1):
 PSYoungGen      total 148992K, used 131072K [0x00000000d5f00000, 0x00000000e0400000, 0x0000000100000000)
  eden space 131072K, 100% used [0x00000000d5f00000,0x00000000ddf00000,0x00000000ddf00000)
  from space 17920K, 0% used [0x00000000ddf00000,0x00000000ddf00000,0x00000000df080000)
  to   space 15872K, 0% used [0x00000000df080000,0x00000000df080000,0x00000000e0000000)
 ParOldGen       total 102912K, used 38749K [0x0000000081c00000, 0x0000000088080000, 0x00000000d5f00000)
  object space 102912K, 37% used [0x0000000081c00000,0x00000000841d7670,0x0000000088080000)
 Metaspace       used 32140K, capacity 32872K, committed 33152K, reserved 1079296K
  class space    used 3641K, capacity 3848K, committed 3968K, reserved 1048576K
Event: 6.475 GC heap after
Heap after GC invocations=9 (full 1):
 PSYoungGen      total 140288K, used 15643K [0x00000000d5f00000, 0x00000000e4000000, 0x0000000100000000)
  eden space 124416K, 0% used [0x00000000d5f00000,0x00000000d5f00000,0x00000000dd880000)
  from space 15872K, 98% used [0x00000000df080000,0x00000000dffc6c48,0x00000000e0000000)
  to   space 24576K, 0% used [0x00000000dd880000,0x00000000dd880000,0x00000000df080000)
 ParOldGen       total 102912K, used 38757K [0x0000000081c00000, 0x0000000088080000, 0x00000000d5f00000)
  object space 102912K, 37% used [0x0000000081c00000,0x00000000841d9670,0x0000000088080000)
 Metaspace       used 32140K, capacity 32872K, committed 33152K, reserved 1079296K
  class space    used 3641K, capacity 3848K, committed 3968K, reserved 1048576K
}
Event: 6.669 GC heap before
{Heap before GC invocations=10 (full 1):
 PSYoungGen      total 140288K, used 63527K [0x00000000d5f00000, 0x00000000e4000000, 0x0000000100000000)
  eden space 124416K, 38% used [0x00000000d5f00000,0x00000000d8dc3220,0x00000000dd880000)
  from space 15872K, 98% used [0x00000000df080000,0x00000000dffc6c48,0x00000000e0000000)
  to   space 24576K, 0% used [0x00000000dd880000,0x00000000dd880000,0x00000000df080000)
 ParOldGen       total 102912K, used 38757K [0x0000000081c00000, 0x0000000088080000, 0x00000000d5f00000)
  object space 102912K, 37% used [0x0000000081c00000,0x00000000841d9670,0x0000000088080000)
 Metaspace       used 34418K, capacity 35108K, committed 35456K, reserved 1081344K
  class space    used 3904K, capacity 4114K, committed 4224K, reserved 1048576K
Event: 6.683 GC heap after
Heap after GC invocations=10 (full 1):
 PSYoungGen      total 148992K, used 10253K [0x00000000d5f00000, 0x00000000e2b80000, 0x0000000100000000)
  eden space 124416K, 0% used [0x00000000d5f00000,0x00000000d5f00000,0x00000000dd880000)
  from space 24576K, 41% used [0x00000000dd880000,0x00000000de283430,0x00000000df080000)
  to   space 23552K, 0% used [0x00000000e1480000,0x00000000e1480000,0x00000000e2b80000)
 ParOldGen       total 102912K, used 38757K [0x0000000081c00000, 0x0000000088080000, 0x00000000d5f00000)
  object space 102912K, 37% used [0x0000000081c00000,0x00000000841d9670,0x0000000088080000)
 Metaspace       used 34418K, capacity 35108K, committed 35456K, reserved 1081344K
  class space    used 3904K, capacity 4114K, committed 4224K, reserved 1048576K
}
Event: 6.683 GC heap before
{Heap before GC invocations=11 (full 2):
 PSYoungGen      total 148992K, used 10253K [0x00000000d5f00000, 0x00000000e2b80000, 0x0000000100000000)
  eden space 124416K, 0% used [0x00000000d5f00000,0x00000000d5f00000,0x00000000dd880000)
  from space 24576K, 41% used [0x00000000dd880000,0x00000000de283430,0x00000000df080000)
  to   space 23552K, 0% used [0x00000000e1480000,0x00000000e1480000,0x00000000e2b80000)
 ParOldGen       total 102912K, used 38757K [0x0000000081c00000, 0x0000000088080000, 0x00000000d5f00000)
  object space 102912K, 37% used [0x0000000081c00000,0x00000000841d9670,0x0000000088080000)
 Metaspace       used 34418K, capacity 35108K, committed 35456K, reserved 1081344K
  class space    used 3904K, capacity 4114K, committed 4224K, reserved 1048576K
Event: 6.806 GC heap after
Heap after GC invocations=11 (full 2):
 PSYoungGen      total 148992K, used 0K [0x00000000d5f00000, 0x00000000e2b80000, 0x0000000100000000)
  eden space 124416K, 0% used [0x00000000d5f00000,0x00000000d5f00000,0x00000000dd880000)
  from space 24576K, 0% used [0x00000000dd880000,0x00000000dd880000,0x00000000df080000)
  to   space 23552K, 0% used [0x00000000e1480000,0x00000000e1480000,0x00000000e2b80000)
 ParOldGen       total 144384K, used 44722K [0x0000000081c00000, 0x000000008a900000, 0x00000000d5f00000)
  object space 144384K, 30% used [0x0000000081c00000,0x00000000847acbb8,0x000000008a900000)
 Metaspace       used 34418K, capacity 35108K, committed 35456K, reserved 1081344K
  class space    used 3904K, capacity 4114K, committed 4224K, reserved 1048576K
}

