# JRE version: OpenJDK Runtime Environment (8.0_232-b09) (build 1.8.0_232-b09)
# Java VM: OpenJDK 64-Bit Server VM (25.232-b09 mixed mode windows-amd64 compressed oops)
Heap:
 PSYoungGen      total 355328K, used 200954K [0x00000000d5f00000, 0x00000000f0900000, 0x0000000100000000)
  eden space 331264K, 53% used [0x00000000d5f00000,0x00000000e0bfaab0,0x00000000ea280000)
  from space 24064K, 99% used [0x00000000ef180000,0x00000000f08c4090,0x00000000f0900000)
  to   space 28160K, 0% used [0x00000000ed200000,0x00000000ed200000,0x00000000eed80000)
 ParOldGen       total 159744K, used 53194K [0x0000000081c00000, 0x000000008b800000, 0x00000000d5f00000)
  object space 159744K, 33% used [0x0000000081c00000,0x0000000084ff2900,0x000000008b800000)
 Metaspace       used 57431K, capacity 58410K, committed 58880K, reserved 1101824K
  class space    used 6891K, capacity 7157K, committed 7168K, reserved 1048576K
GC Heap History (20 events):
Event: 1.153 GC heap before
{Heap before GC invocations=1 (full 0):
 PSYoungGen      total 38400K, used 33280K [0x00000000d5f00000, 0x00000000d8980000, 0x0000000100000000)
  eden space 33280K, 100% used [0x00000000d5f00000,0x00000000d7f80000,0x00000000d7f80000)
  from space 5120K, 0% used [0x00000000d8480000,0x00000000d8480000,0x00000000d8980000)
  to   space 5120K, 0% used [0x00000000d7f80000,0x00000000d7f80000,0x00000000d8480000)
 ParOldGen       total 87552K, used 0K [0x0000000081c00000, 0x0000000087180000, 0x00000000d5f00000)
  object space 87552K, 0% used [0x0000000081c00000,0x0000000081c00000,0x0000000087180000)
 Metaspace       used 9141K, capacity 9244K, committed 9344K, reserved 1056768K
  class space    used 1007K, capacity 1080K, committed 1152K, reserved 1048576K
Event: 1.179 GC heap after
Heap after GC invocations=1 (full 0):
 PSYoungGen      total 38400K, used 5092K [0x00000000d5f00000, 0x00000000daa00000, 0x0000000100000000)
  eden space 33280K, 0% used [0x00000000d5f00000,0x00000000d5f00000,0x00000000d7f80000)
  from space 5120K, 99% used [0x00000000d7f80000,0x00000000d8479120,0x00000000d8480000)
  to   space 5120K, 0% used [0x00000000da500000,0x00000000da500000,0x00000000daa00000)
 ParOldGen       total 87552K, used 112K [0x0000000081c00000, 0x0000000087180000, 0x00000000d5f00000)
  object space 87552K, 0% used [0x0000000081c00000,0x0000000081c1c0b0,0x0000000087180000)
 Metaspace       used 9141K, capacity 9244K, committed 9344K, reserved 1056768K
  class space    used 1007K, capacity 1080K, committed 1152K, reserved 1048576K
}
Event: 1.769 GC heap before
{Heap before GC invocations=2 (full 0):
 PSYoungGen      total 38400K, used 38372K [0x00000000d5f00000, 0x00000000daa00000, 0x0000000100000000)
  eden space 33280K, 100% used [0x00000000d5f00000,0x00000000d7f80000,0x00000000d7f80000)
  from space 5120K, 99% used [0x00000000d7f80000,0x00000000d8479120,0x00000000d8480000)
  to   space 5120K, 0% used [0x00000000da500000,0x00000000da500000,0x00000000daa00000)
 ParOldGen       total 87552K, used 112K [0x0000000081c00000, 0x0000000087180000, 0x00000000d5f00000)
  object space 87552K, 0% used [0x0000000081c00000,0x0000000081c1c0b0,0x0000000087180000)
 Metaspace       used 12836K, capacity 13012K, committed 13440K, reserved 1060864K
  class space    used 1479K, capacity 1542K, committed 1664K, reserved 1048576K
Event: 1.777 GC heap after
Heap after GC invocations=2 (full 0):
 PSYoungGen      total 71680K, used 5107K [0x00000000d5f00000, 0x00000000daa00000, 0x0000000100000000)
  eden space 66560K, 0% used [0x00000000d5f00000,0x00000000d5f00000,0x00000000da000000)
  from space 5120K, 99% used [0x00000000da500000,0x00000000da9fcef0,0x00000000daa00000)
  to   space 5120K, 0% used [0x00000000da000000,0x00000000da000000,0x00000000da500000)
 ParOldGen       total 87552K, used 2409K [0x0000000081c00000, 0x0000000087180000, 0x00000000d5f00000)
  object space 87552K, 2% used [0x0000000081c00000,0x0000000081e5a5f8,0x0000000087180000)
 Metaspace       used 12836K, capacity 13012K, committed 13440K, reserved 1060864K
  class space    used 1479K, capacity 1542K, committed 1664K, reserved 1048576K
}
Event: 3.880 GC heap before
{Heap before GC invocations=3 (full 0):
 PSYoungGen      total 71680K, used 71667K [0x00000000d5f00000, 0x00000000daa00000, 0x0000000100000000)
  eden space 66560K, 100% used [0x00000000d5f00000,0x00000000da000000,0x00000000da000000)
  from space 5120K, 99% used [0x00000000da500000,0x00000000da9fcef0,0x00000000daa00000)
  to   space 5120K, 0% used [0x00000000da000000,0x00000000da000000,0x00000000da500000)
 ParOldGen       total 87552K, used 2409K [0x0000000081c00000, 0x0000000087180000, 0x00000000d5f00000)
  object space 87552K, 2% used [0x0000000081c00000,0x0000000081e5a5f8,0x0000000087180000)
 Metaspace       used 16169K, capacity 16410K, committed 16768K, reserved 1064960K
  class space    used 1812K, capacity 1911K, committed 1920K, reserved 1048576K
Event: 3.934 GC heap after
Heap after GC invocations=3 (full 0):
 PSYoungGen      total 71680K, used 5088K [0x00000000d5f00000, 0x00000000deb00000, 0x0000000100000000)
  eden space 66560K, 0% used [0x00000000d5f00000,0x00000000d5f00000,0x00000000da000000)
  from space 5120K, 99% used [0x00000000da000000,0x00000000da4f8040,0x00000000da500000)
  to   space 5120K, 0% used [0x00000000de600000,0x00000000de600000,0x00000000deb00000)
 ParOldGen       total 87552K, used 11874K [0x0000000081c00000, 0x0000000087180000, 0x00000000d5f00000)
  object space 87552K, 13% used [0x0000000081c00000,0x0000000082798858,0x0000000087180000)
 Metaspace       used 16169K, capacity 16410K, committed 16768K, reserved 1064960K
  class space    used 1812K, capacity 1911K, committed 1920K, reserved 1048576K
}
Event: 5.541 GC heap before
{Heap before GC invocations=4 (full 0):
 PSYoungGen      total 71680K, used 71648K [0x00000000d5f00000, 0x00000000deb00000, 0x0000000100000000)
  eden space 66560K, 100% used [0x00000000d5f00000,0x00000000da000000,0x00000000da000000)
  from space 5120K, 99% used [0x00000000da000000,0x00000000da4f8040,0x00000000da500000)
  to   space 5120K, 0% used [0x00000000de600000,0x00000000de600000,0x00000000deb00000)
 ParOldGen       total 87552K, used 11874K [0x0000000081c00000, 0x0000000087180000, 0x00000000d5f00000)
  object space 87552K, 13% used [0x0000000081c00000,0x0000000082798858,0x0000000087180000)
 Metaspace       used 16529K, capacity 16754K, committed 17024K, reserved 1064960K
  class space    used 1816K, capacity 1915K, committed 1920K, reserved 1048576K
Event: 5.610 GC heap after
Heap after GC invocations=4 (full 0):
 PSYoungGen      total 138240K, used 5104K [0x00000000d5f00000, 0x00000000deb00000, 0x0000000100000000)
  eden space 133120K, 0% used [0x00000000d5f00000,0x00000000d5f00000,0x00000000de100000)
  from space 5120K, 99% used [0x00000000de600000,0x00000000deafc010,0x00000000deb00000)
  to   space 5120K, 0% used [0x00000000de100000,0x00000000de100000,0x00000000de600000)
 ParOldGen       total 87552K, used 20540K [0x0000000081c00000, 0x0000000087180000, 0x00000000d5f00000)
  object space 87552K, 23% used [0x0000000081c00000,0x000000008300f1b8,0x0000000087180000)
 Metaspace       used 16529K, capacity 16754K, committed 17024K, reserved 1064960K
  class space    used 1816K, capacity 1915K, committed 1920K, reserved 1048576K
}
Event: 8.987 GC heap before
{Heap before GC invocations=5 (full 0):
 PSYoungGen      total 138240K, used 138224K [0x00000000d5f00000, 0x00000000deb00000, 0x0000000100000000)
  eden space 133120K, 100% used [0x00000000d5f00000,0x00000000de100000,0x00000000de100000)
  from space 5120K, 99% used [0x00000000de600000,0x00000000deafc010,0x00000000deb00000)
  to   space 5120K, 0% used [0x00000000de100000,0x00000000de100000,0x00000000de600000)
 ParOldGen       total 87552K, used 20540K [0x0000000081c00000, 0x0000000087180000, 0x00000000d5f00000)
  object space 87552K, 23% used [0x0000000081c00000,0x000000008300f1b8,0x0000000087180000)
 Metaspace       used 18226K, capacity 18686K, committed 19072K, reserved 1067008K
  class space    used 1941K, capacity 2065K, committed 2176K, reserved 1048576K
Event: 9.065 GC heap after
Heap after GC invocations=5 (full 0):
 PSYoungGen      total 138240K, used 5104K [0x00000000d5f00000, 0x00000000e9100000, 0x0000000100000000)
  eden space 133120K, 0% used [0x00000000d5f00000,0x00000000d5f00000,0x00000000de100000)
  from space 5120K, 99% used [0x00000000de100000,0x00000000de5fc010,0x00000000de600000)
  to   space 23552K, 0% used [0x00000000e7a00000,0x00000000e7a00000,0x00000000e9100000)
 ParOldGen       total 87552K, used 35991K [0x0000000081c00000, 0x0000000087180000, 0x00000000d5f00000)
  object space 87552K, 41% used [0x0000000081c00000,0x0000000083f25dc8,0x0000000087180000)
 Metaspace       used 18226K, capacity 18686K, committed 19072K, reserved 1067008K
  class space    used 1941K, capacity 2065K, committed 2176K, reserved 1048576K
}
Event: 10.986 GC heap before
{Heap before GC invocations=6 (full 0):
 PSYoungGen      total 138240K, used 64677K [0x00000000d5f00000, 0x00000000e9100000, 0x0000000100000000)
  eden space 133120K, 44% used [0x00000000d5f00000,0x00000000d992d6b8,0x00000000de100000)
  from space 5120K, 99% used [0x00000000de100000,0x00000000de5fc010,0x00000000de600000)
  to   space 23552K, 0% used [0x00000000e7a00000,0x00000000e7a00000,0x00000000e9100000)
 ParOldGen       total 87552K, used 35991K [0x0000000081c00000, 0x0000000087180000, 0x00000000d5f00000)
  object space 87552K, 41% used [0x0000000081c00000,0x0000000083f25dc8,0x0000000087180000)
 Metaspace       used 20672K, capacity 21212K, committed 21296K, reserved 1069056K
  class space    used 2250K, capacity 2420K, committed 2432K, reserved 1048576K
Event: 11.008 GC heap after
Heap after GC invocations=6 (full 0):
 PSYoungGen      total 287744K, used 10119K [0x00000000d5f00000, 0x00000000e8f00000, 0x0000000100000000)
  eden space 266240K, 0% used [0x00000000d5f00000,0x00000000d5f00000,0x00000000e6300000)
  from space 21504K, 47% used [0x00000000e7a00000,0x00000000e83e1cd8,0x00000000e8f00000)
  to   space 22528K, 0% used [0x00000000e6300000,0x00000000e6300000,0x00000000e7900000)
 ParOldGen       total 87552K, used 35999K [0x0000000081c00000, 0x0000000087180000, 0x00000000d5f00000)
  object space 87552K, 41% used [0x0000000081c00000,0x0000000083f27dc8,0x0000000087180000)
 Metaspace       used 20672K, capacity 21212K, committed 21296K, reserved 1069056K
  class space    used 2250K, capacity 2420K, committed 2432K, reserved 1048576K
}
Event: 11.008 GC heap before
{Heap before GC invocations=7 (full 1):
 PSYoungGen      total 287744K, used 10119K [0x00000000d5f00000, 0x00000000e8f00000, 0x0000000100000000)
  eden space 266240K, 0% used [0x00000000d5f00000,0x00000000d5f00000,0x00000000e6300000)
  from space 21504K, 47% used [0x00000000e7a00000,0x00000000e83e1cd8,0x00000000e8f00000)
  to   space 22528K, 0% used [0x00000000e6300000,0x00000000e6300000,0x00000000e7900000)
 ParOldGen       total 87552K, used 35999K [0x0000000081c00000, 0x0000000087180000, 0x00000000d5f00000)
  object space 87552K, 41% used [0x0000000081c00000,0x0000000083f27dc8,0x0000000087180000)
 Metaspace       used 20672K, capacity 21212K, committed 21296K, reserved 1069056K
  class space    used 2250K, capacity 2420K, committed 2432K, reserved 1048576K
Event: 11.279 GC heap after
Heap after GC invocations=7 (full 1):
 PSYoungGen      total 287744K, used 0K [0x00000000d5f00000, 0x00000000e8f00000, 0x0000000100000000)
  eden space 266240K, 0% used [0x00000000d5f00000,0x00000000d5f00000,0x00000000e6300000)
  from space 21504K, 0% used [0x00000000e7a00000,0x00000000e7a00000,0x00000000e8f00000)
  to   space 22528K, 0% used [0x00000000e6300000,0x00000000e6300000,0x00000000e7900000)
 ParOldGen       total 110080K, used 40636K [0x0000000081c00000, 0x0000000088780000, 0x00000000d5f00000)
  object space 110080K, 36% used [0x0000000081c00000,0x00000000843af000,0x0000000088780000)
 Metaspace       used 20672K, capacity 21212K, committed 21296K, reserved 1069056K
  class space    used 2250K, capacity 2420K, committed 2432K, reserved 1048576K
}
Event: 13.906 GC heap before
{Heap before GC invocations=8 (full 1):
 PSYoungGen      total 287744K, used 178863K [0x00000000d5f00000, 0x00000000e8f00000, 0x0000000100000000)
  eden space 266240K, 67% used [0x00000000d5f00000,0x00000000e0dabe70,0x00000000e6300000)
  from space 21504K, 0% used [0x00000000e7a00000,0x00000000e7a00000,0x00000000e8f00000)
  to   space 22528K, 0% used [0x00000000e6300000,0x00000000e6300000,0x00000000e7900000)
 ParOldGen       total 110080K, used 40636K [0x0000000081c00000, 0x0000000088780000, 0x00000000d5f00000)
  object space 110080K, 36% used [0x0000000081c00000,0x00000000843af000,0x0000000088780000)
 Metaspace       used 34505K, capacity 35222K, committed 35496K, reserved 1081344K
  class space    used 3901K, capacity 4085K, committed 4096K, reserved 1048576K
Event: 13.952 GC heap after
Heap after GC invocations=8 (full 1):
 PSYoungGen      total 288768K, used 19378K [0x00000000d5f00000, 0x00000000f0980000, 0x0000000100000000)
  eden space 266240K, 0% used [0x00000000d5f00000,0x00000000d5f00000,0x00000000e6300000)
  from space 22528K, 86% used [0x00000000e6300000,0x00000000e75eca30,0x00000000e7900000)
  to   space 24576K, 0% used [0x00000000ef180000,0x00000000ef180000,0x00000000f0980000)
 ParOldGen       total 110080K, used 40644K [0x0000000081c00000, 0x0000000088780000, 0x00000000d5f00000)
  object space 110080K, 36% used [0x0000000081c00000,0x00000000843b1000,0x0000000088780000)
 Metaspace       used 34505K, capacity 35222K, committed 35496K, reserved 1081344K
  class space    used 3901K, capacity 4085K, committed 4096K, reserved 1048576K
}
Event: 13.952 GC heap before
{Heap before GC invocations=9 (full 2):
 PSYoungGen      total 288768K, used 19378K [0x00000000d5f00000, 0x00000000f0980000, 0x0000000100000000)
  eden space 266240K, 0% used [0x00000000d5f00000,0x00000000d5f00000,0x00000000e6300000)
  from space 22528K, 86% used [0x00000000e6300000,0x00000000e75eca30,0x00000000e7900000)
  to   space 24576K, 0% used [0x00000000ef180000,0x00000000ef180000,0x00000000f0980000)
 ParOldGen       total 110080K, used 40644K [0x0000000081c00000, 0x0000000088780000, 0x00000000d5f00000)
  object space 110080K, 36% used [0x0000000081c00000,0x00000000843b1000,0x0000000088780000)
 Metaspace       used 34505K, capacity 35222K, committed 35496K, reserved 1081344K
  class space    used 3901K, capacity 4085K, committed 4096K, reserved 1048576K
Event: 14.193 GC heap after
Heap after GC invocations=9 (full 2):
 PSYoungGen      total 288768K, used 0K [0x00000000d5f00000, 0x00000000f0980000, 0x0000000100000000)
  eden space 266240K, 0% used [0x00000000d5f00000,0x00000000d5f00000,0x00000000e6300000)
  from space 22528K, 0% used [0x00000000e6300000,0x00000000e6300000,0x00000000e7900000)
  to   space 24576K, 0% used [0x00000000ef180000,0x00000000ef180000,0x00000000f0980000)
 ParOldGen       total 159744K, used 53186K [0x0000000081c00000, 0x000000008b800000, 0x00000000d5f00000)
  object space 159744K, 33% used [0x0000000081c00000,0x0000000084ff0900,0x000000008b800000)
 Metaspace       used 34505K, capacity 35222K, committed 35496K, reserved 1081344K
  class space    used 3901K, capacity 4085K, committed 4096K, reserved 1048576K
}
Event: 20.024 GC heap before
{Heap before GC invocations=10 (full 2):
 PSYoungGen      total 288768K, used 266240K [0x00000000d5f00000, 0x00000000f0980000, 0x0000000100000000)
  eden space 266240K, 100% used [0x00000000d5f00000,0x00000000e6300000,0x00000000e6300000)
  from space 22528K, 0% used [0x00000000e6300000,0x00000000e6300000,0x00000000e7900000)
  to   space 24576K, 0% used [0x00000000ef180000,0x00000000ef180000,0x00000000f0980000)
 ParOldGen       total 159744K, used 53186K [0x0000000081c00000, 0x000000008b800000, 0x00000000d5f00000)
  object space 159744K, 33% used [0x0000000081c00000,0x0000000084ff0900,0x000000008b800000)
 Metaspace       used 50639K, capacity 51498K, committed 51968K, reserved 1095680K
  class space    used 6037K, capacity 6273K, committed 6400K, reserved 1048576K
Event: 20.075 GC heap after
Heap after GC invocations=10 (full 2):
 PSYoungGen      total 355328K, used 23824K [0x00000000d5f00000, 0x00000000f0900000, 0x0000000100000000)
  eden space 331264K, 0% used [0x00000000d5f00000,0x00000000d5f00000,0x00000000ea280000)
  from space 24064K, 99% used [0x00000000ef180000,0x00000000f08c4090,0x00000000f0900000)
  to   space 28160K, 0% used [0x00000000ed200000,0x00000000ed200000,0x00000000eed80000)
 ParOldGen       total 159744K, used 53194K [0x0000000081c00000, 0x000000008b800000, 0x00000000d5f00000)
  object space 159744K, 33% used [0x0000000081c00000,0x0000000084ff2900,0x000000008b800000)
 Metaspace       used 50639K, capacity 51498K, committed 51968K, reserved 1095680K
  class space    used 6037K, capacity 6273K, committed 6400K, reserved 1048576K
}

