# JRE version: OpenJDK Runtime Environment (8.0_232-b09) (build 1.8.0_232-b09)
# Java VM: OpenJDK 64-Bit Server VM (25.232-b09 mixed mode windows-amd64 compressed oops)
Heap:
 PSYoungGen      total 324096K, used 146934K [0x00000000d5f00000, 0x00000000f2280000, 0x0000000100000000)
  eden space 290304K, 45% used [0x00000000d5f00000,0x00000000ddef92f8,0x00000000e7a80000)
  from space 33792K, 47% used [0x00000000e7a80000,0x00000000e8a04530,0x00000000e9b80000)
  to   space 32256K, 0% used [0x00000000f0300000,0x00000000f0300000,0x00000000f2280000)
 ParOldGen       total 176128K, used 65038K [0x0000000081c00000, 0x000000008c800000, 0x00000000d5f00000)
  object space 176128K, 36% used [0x0000000081c00000,0x0000000085b83bd0,0x000000008c800000)
 Metaspace       used 72021K, capacity 73204K, committed 73728K, reserved 1114112K
  class space    used 8812K, capacity 9119K, committed 9216K, reserved 1048576K
GC Heap History (32 events):
Event: 0.799 GC heap before
{Heap before GC invocations=1 (full 0):
 PSYoungGen      total 38400K, used 33280K [0x00000000d5f00000, 0x00000000d8980000, 0x0000000100000000)
  eden space 33280K, 100% used [0x00000000d5f00000,0x00000000d7f80000,0x00000000d7f80000)
  from space 5120K, 0% used [0x00000000d8480000,0x00000000d8480000,0x00000000d8980000)
  to   space 5120K, 0% used [0x00000000d7f80000,0x00000000d7f80000,0x00000000d8480000)
 ParOldGen       total 87552K, used 0K [0x0000000081c00000, 0x0000000087180000, 0x00000000d5f00000)
  object space 87552K, 0% used [0x0000000081c00000,0x0000000081c00000,0x0000000087180000)
 Metaspace       used 9096K, capacity 9244K, committed 9344K, reserved 1056768K
  class space    used 1006K, capacity 1080K, committed 1152K, reserved 1048576K
Event: 0.804 GC heap after
Heap after GC invocations=1 (full 0):
 PSYoungGen      total 38400K, used 5107K [0x00000000d5f00000, 0x00000000d8980000, 0x0000000100000000)
  eden space 33280K, 0% used [0x00000000d5f00000,0x00000000d5f00000,0x00000000d7f80000)
  from space 5120K, 99% used [0x00000000d7f80000,0x00000000d847cf60,0x00000000d8480000)
  to   space 5120K, 0% used [0x00000000d8480000,0x00000000d8480000,0x00000000d8980000)
 ParOldGen       total 87552K, used 40K [0x0000000081c00000, 0x0000000087180000, 0x00000000d5f00000)
  object space 87552K, 0% used [0x0000000081c00000,0x0000000081c0a098,0x0000000087180000)
 Metaspace       used 9096K, capacity 9244K, committed 9344K, reserved 1056768K
  class space    used 1006K, capacity 1080K, committed 1152K, reserved 1048576K
}
Event: 1.084 GC heap before
{Heap before GC invocations=2 (full 0):
 PSYoungGen      total 38400K, used 38387K [0x00000000d5f00000, 0x00000000d8980000, 0x0000000100000000)
  eden space 33280K, 100% used [0x00000000d5f00000,0x00000000d7f80000,0x00000000d7f80000)
  from space 5120K, 99% used [0x00000000d7f80000,0x00000000d847cf60,0x00000000d8480000)
  to   space 5120K, 0% used [0x00000000d8480000,0x00000000d8480000,0x00000000d8980000)
 ParOldGen       total 87552K, used 40K [0x0000000081c00000, 0x0000000087180000, 0x00000000d5f00000)
  object space 87552K, 0% used [0x0000000081c00000,0x0000000081c0a098,0x0000000087180000)
 Metaspace       used 12799K, capacity 13012K, committed 13440K, reserved 1060864K
  class space    used 1472K, capacity 1542K, committed 1664K, reserved 1048576K
Event: 1.088 GC heap after
Heap after GC invocations=2 (full 0):
 PSYoungGen      total 38400K, used 5113K [0x00000000d5f00000, 0x00000000daa00000, 0x0000000100000000)
  eden space 33280K, 0% used [0x00000000d5f00000,0x00000000d5f00000,0x00000000d7f80000)
  from space 5120K, 99% used [0x00000000d8480000,0x00000000d897e5c8,0x00000000d8980000)
  to   space 5120K, 0% used [0x00000000d7f80000,0x00000000d7f80000,0x00000000d8480000)
 ParOldGen       total 87552K, used 2282K [0x0000000081c00000, 0x0000000087180000, 0x00000000d5f00000)
  object space 87552K, 2% used [0x0000000081c00000,0x0000000081e3a928,0x0000000087180000)
 Metaspace       used 12799K, capacity 13012K, committed 13440K, reserved 1060864K
  class space    used 1472K, capacity 1542K, committed 1664K, reserved 1048576K
}
Event: 1.479 GC heap before
{Heap before GC invocations=3 (full 0):
 PSYoungGen      total 38400K, used 38393K [0x00000000d5f00000, 0x00000000daa00000, 0x0000000100000000)
  eden space 33280K, 100% used [0x00000000d5f00000,0x00000000d7f80000,0x00000000d7f80000)
  from space 5120K, 99% used [0x00000000d8480000,0x00000000d897e5c8,0x00000000d8980000)
  to   space 5120K, 0% used [0x00000000d7f80000,0x00000000d7f80000,0x00000000d8480000)
 ParOldGen       total 87552K, used 2282K [0x0000000081c00000, 0x0000000087180000, 0x00000000d5f00000)
  object space 87552K, 2% used [0x0000000081c00000,0x0000000081e3a928,0x0000000087180000)
 Metaspace       used 15855K, capacity 16040K, committed 16256K, reserved 1062912K
  class space    used 1787K, capacity 1876K, committed 1920K, reserved 1048576K
Event: 1.485 GC heap after
Heap after GC invocations=3 (full 0):
 PSYoungGen      total 38400K, used 5088K [0x00000000d5f00000, 0x00000000daa00000, 0x0000000100000000)
  eden space 33280K, 0% used [0x00000000d5f00000,0x00000000d5f00000,0x00000000d7f80000)
  from space 5120K, 99% used [0x00000000d7f80000,0x00000000d8478040,0x00000000d8480000)
  to   space 5120K, 0% used [0x00000000da500000,0x00000000da500000,0x00000000daa00000)
 ParOldGen       total 87552K, used 6205K [0x0000000081c00000, 0x0000000087180000, 0x00000000d5f00000)
  object space 87552K, 7% used [0x0000000081c00000,0x000000008220f430,0x0000000087180000)
 Metaspace       used 15855K, capacity 16040K, committed 16256K, reserved 1062912K
  class space    used 1787K, capacity 1876K, committed 1920K, reserved 1048576K
}
Event: 1.722 GC heap before
{Heap before GC invocations=4 (full 0):
 PSYoungGen      total 38400K, used 38368K [0x00000000d5f00000, 0x00000000daa00000, 0x0000000100000000)
  eden space 33280K, 100% used [0x00000000d5f00000,0x00000000d7f80000,0x00000000d7f80000)
  from space 5120K, 99% used [0x00000000d7f80000,0x00000000d8478040,0x00000000d8480000)
  to   space 5120K, 0% used [0x00000000da500000,0x00000000da500000,0x00000000daa00000)
 ParOldGen       total 87552K, used 6205K [0x0000000081c00000, 0x0000000087180000, 0x00000000d5f00000)
  object space 87552K, 7% used [0x0000000081c00000,0x000000008220f430,0x0000000087180000)
 Metaspace       used 16141K, capacity 16410K, committed 16768K, reserved 1064960K
  class space    used 1811K, capacity 1911K, committed 1920K, reserved 1048576K
Event: 1.732 GC heap after
Heap after GC invocations=4 (full 0):
 PSYoungGen      total 71680K, used 5104K [0x00000000d5f00000, 0x00000000daa00000, 0x0000000100000000)
  eden space 66560K, 0% used [0x00000000d5f00000,0x00000000d5f00000,0x00000000da000000)
  from space 5120K, 99% used [0x00000000da500000,0x00000000da9fc010,0x00000000daa00000)
  to   space 5120K, 0% used [0x00000000da000000,0x00000000da000000,0x00000000da500000)
 ParOldGen       total 87552K, used 12091K [0x0000000081c00000, 0x0000000087180000, 0x00000000d5f00000)
  object space 87552K, 13% used [0x0000000081c00000,0x00000000827cee98,0x0000000087180000)
 Metaspace       used 16141K, capacity 16410K, committed 16768K, reserved 1064960K
  class space    used 1811K, capacity 1911K, committed 1920K, reserved 1048576K
}
Event: 2.094 GC heap before
{Heap before GC invocations=5 (full 0):
 PSYoungGen      total 71680K, used 71664K [0x00000000d5f00000, 0x00000000daa00000, 0x0000000100000000)
  eden space 66560K, 100% used [0x00000000d5f00000,0x00000000da000000,0x00000000da000000)
  from space 5120K, 99% used [0x00000000da500000,0x00000000da9fc010,0x00000000daa00000)
  to   space 5120K, 0% used [0x00000000da000000,0x00000000da000000,0x00000000da500000)
 ParOldGen       total 87552K, used 12091K [0x0000000081c00000, 0x0000000087180000, 0x00000000d5f00000)
  object space 87552K, 13% used [0x0000000081c00000,0x00000000827cee98,0x0000000087180000)
 Metaspace       used 16469K, capacity 16690K, committed 17024K, reserved 1064960K
  class space    used 1814K, capacity 1915K, committed 1920K, reserved 1048576K
Event: 2.110 GC heap after
Heap after GC invocations=5 (full 0):
 PSYoungGen      total 71680K, used 5104K [0x00000000d5f00000, 0x00000000e0000000, 0x0000000100000000)
  eden space 66560K, 0% used [0x00000000d5f00000,0x00000000d5f00000,0x00000000da000000)
  from space 5120K, 99% used [0x00000000da000000,0x00000000da4fc010,0x00000000da500000)
  to   space 15872K, 0% used [0x00000000df080000,0x00000000df080000,0x00000000e0000000)
 ParOldGen       total 87552K, used 20679K [0x0000000081c00000, 0x0000000087180000, 0x00000000d5f00000)
  object space 87552K, 23% used [0x0000000081c00000,0x0000000083031fb8,0x0000000087180000)
 Metaspace       used 16469K, capacity 16690K, committed 17024K, reserved 1064960K
  class space    used 1814K, capacity 1915K, committed 1920K, reserved 1048576K
}
Event: 2.471 GC heap before
{Heap before GC invocations=6 (full 0):
 PSYoungGen      total 71680K, used 71664K [0x00000000d5f00000, 0x00000000e0000000, 0x0000000100000000)
  eden space 66560K, 100% used [0x00000000d5f00000,0x00000000da000000,0x00000000da000000)
  from space 5120K, 99% used [0x00000000da000000,0x00000000da4fc010,0x00000000da500000)
  to   space 15872K, 0% used [0x00000000df080000,0x00000000df080000,0x00000000e0000000)
 ParOldGen       total 87552K, used 20679K [0x0000000081c00000, 0x0000000087180000, 0x00000000d5f00000)
  object space 87552K, 23% used [0x0000000081c00000,0x0000000083031fb8,0x0000000087180000)
 Metaspace       used 16736K, capacity 17028K, committed 17280K, reserved 1064960K
  class space    used 1817K, capacity 1918K, committed 1920K, reserved 1048576K
Event: 2.486 GC heap after
Heap after GC invocations=6 (full 0):
 PSYoungGen      total 146944K, used 14816K [0x00000000d5f00000, 0x00000000e0400000, 0x0000000100000000)
  eden space 131072K, 0% used [0x00000000d5f00000,0x00000000d5f00000,0x00000000ddf00000)
  from space 15872K, 93% used [0x00000000df080000,0x00000000dfef8020,0x00000000e0000000)
  to   space 17920K, 0% used [0x00000000ddf00000,0x00000000ddf00000,0x00000000df080000)
 ParOldGen       total 87552K, used 20687K [0x0000000081c00000, 0x0000000087180000, 0x00000000d5f00000)
  object space 87552K, 23% used [0x0000000081c00000,0x0000000083033fb8,0x0000000087180000)
 Metaspace       used 16736K, capacity 17028K, committed 17280K, reserved 1064960K
  class space    used 1817K, capacity 1918K, committed 1920K, reserved 1048576K
}
Event: 3.860 GC heap before
{Heap before GC invocations=7 (full 0):
 PSYoungGen      total 146944K, used 143875K [0x00000000d5f00000, 0x00000000e0400000, 0x0000000100000000)
  eden space 131072K, 98% used [0x00000000d5f00000,0x00000000ddd08de8,0x00000000ddf00000)
  from space 15872K, 93% used [0x00000000df080000,0x00000000dfef8020,0x00000000e0000000)
  to   space 17920K, 0% used [0x00000000ddf00000,0x00000000ddf00000,0x00000000df080000)
 ParOldGen       total 87552K, used 20687K [0x0000000081c00000, 0x0000000087180000, 0x00000000d5f00000)
  object space 87552K, 23% used [0x0000000081c00000,0x0000000083033fb8,0x0000000087180000)
 Metaspace       used 20626K, capacity 21208K, committed 21296K, reserved 1069056K
  class space    used 2250K, capacity 2420K, committed 2432K, reserved 1048576K
Event: 3.896 GC heap after
Heap after GC invocations=7 (full 0):
 PSYoungGen      total 148992K, used 17888K [0x00000000d5f00000, 0x00000000e8e00000, 0x0000000100000000)
  eden space 131072K, 0% used [0x00000000d5f00000,0x00000000d5f00000,0x00000000ddf00000)
  from space 17920K, 99% used [0x00000000ddf00000,0x00000000df078020,0x00000000df080000)
  to   space 24064K, 0% used [0x00000000e7680000,0x00000000e7680000,0x00000000e8e00000)
 ParOldGen       total 87552K, used 27588K [0x0000000081c00000, 0x0000000087180000, 0x00000000d5f00000)
  object space 87552K, 31% used [0x0000000081c00000,0x00000000836f1330,0x0000000087180000)
 Metaspace       used 20626K, capacity 21208K, committed 21296K, reserved 1069056K
  class space    used 2250K, capacity 2420K, committed 2432K, reserved 1048576K
}
Event: 3.896 GC heap before
{Heap before GC invocations=8 (full 1):
 PSYoungGen      total 148992K, used 17888K [0x00000000d5f00000, 0x00000000e8e00000, 0x0000000100000000)
  eden space 131072K, 0% used [0x00000000d5f00000,0x00000000d5f00000,0x00000000ddf00000)
  from space 17920K, 99% used [0x00000000ddf00000,0x00000000df078020,0x00000000df080000)
  to   space 24064K, 0% used [0x00000000e7680000,0x00000000e7680000,0x00000000e8e00000)
 ParOldGen       total 87552K, used 27588K [0x0000000081c00000, 0x0000000087180000, 0x00000000d5f00000)
  object space 87552K, 31% used [0x0000000081c00000,0x00000000836f1330,0x0000000087180000)
 Metaspace       used 20626K, capacity 21208K, committed 21296K, reserved 1069056K
  class space    used 2250K, capacity 2420K, committed 2432K, reserved 1048576K
Event: 4.023 GC heap after
Heap after GC invocations=8 (full 1):
 PSYoungGen      total 148992K, used 0K [0x00000000d5f00000, 0x00000000e8e00000, 0x0000000100000000)
  eden space 131072K, 0% used [0x00000000d5f00000,0x00000000d5f00000,0x00000000ddf00000)
  from space 17920K, 0% used [0x00000000ddf00000,0x00000000ddf00000,0x00000000df080000)
  to   space 24064K, 0% used [0x00000000e7680000,0x00000000e7680000,0x00000000e8e00000)
 ParOldGen       total 100864K, used 38415K [0x0000000081c00000, 0x0000000087e80000, 0x00000000d5f00000)
  object space 100864K, 38% used [0x0000000081c00000,0x0000000084183f38,0x0000000087e80000)
 Metaspace       used 20626K, capacity 21208K, committed 21296K, reserved 1069056K
  class space    used 2250K, capacity 2420K, committed 2432K, reserved 1048576K
}
Event: 4.776 GC heap before
{Heap before GC invocations=9 (full 1):
 PSYoungGen      total 148992K, used 131072K [0x00000000d5f00000, 0x00000000e8e00000, 0x0000000100000000)
  eden space 131072K, 100% used [0x00000000d5f00000,0x00000000ddf00000,0x00000000ddf00000)
  from space 17920K, 0% used [0x00000000ddf00000,0x00000000ddf00000,0x00000000df080000)
  to   space 24064K, 0% used [0x00000000e7680000,0x00000000e7680000,0x00000000e8e00000)
 ParOldGen       total 100864K, used 38415K [0x0000000081c00000, 0x0000000087e80000, 0x00000000d5f00000)
  object space 100864K, 38% used [0x0000000081c00000,0x0000000084183f38,0x0000000087e80000)
 Metaspace       used 32116K, capacity 32772K, committed 33024K, reserved 1079296K
  class space    used 3642K, capacity 3816K, committed 3840K, reserved 1048576K
Event: 4.786 GC heap after
Heap after GC invocations=9 (full 1):
 PSYoungGen      total 203776K, used 15629K [0x00000000d5f00000, 0x00000000e8600000, 0x0000000100000000)
  eden space 187904K, 0% used [0x00000000d5f00000,0x00000000d5f00000,0x00000000e1680000)
  from space 15872K, 98% used [0x00000000e7680000,0x00000000e85c3530,0x00000000e8600000)
  to   space 24064K, 0% used [0x00000000e5700000,0x00000000e5700000,0x00000000e6e80000)
 ParOldGen       total 100864K, used 38487K [0x0000000081c00000, 0x0000000087e80000, 0x00000000d5f00000)
  object space 100864K, 38% used [0x0000000081c00000,0x0000000084195f48,0x0000000087e80000)
 Metaspace       used 32116K, capacity 32772K, committed 33024K, reserved 1079296K
  class space    used 3642K, capacity 3816K, committed 3840K, reserved 1048576K
}
Event: 4.944 GC heap before
{Heap before GC invocations=10 (full 1):
 PSYoungGen      total 203776K, used 67035K [0x00000000d5f00000, 0x00000000e8600000, 0x0000000100000000)
  eden space 187904K, 27% used [0x00000000d5f00000,0x00000000d9133a40,0x00000000e1680000)
  from space 15872K, 98% used [0x00000000e7680000,0x00000000e85c3530,0x00000000e8600000)
  to   space 24064K, 0% used [0x00000000e5700000,0x00000000e5700000,0x00000000e6e80000)
 ParOldGen       total 100864K, used 38487K [0x0000000081c00000, 0x0000000087e80000, 0x00000000d5f00000)
  object space 100864K, 38% used [0x0000000081c00000,0x0000000084195f48,0x0000000087e80000)
 Metaspace       used 34444K, capacity 35128K, committed 35456K, reserved 1081344K
  class space    used 3930K, capacity 4118K, committed 4224K, reserved 1048576K
Event: 4.953 GC heap after
Heap after GC invocations=10 (full 1):
 PSYoungGen      total 253952K, used 10430K [0x00000000d5f00000, 0x00000000e7a80000, 0x0000000100000000)
  eden space 243200K, 0% used [0x00000000d5f00000,0x00000000d5f00000,0x00000000e4c80000)
  from space 10752K, 97% used [0x00000000e5700000,0x00000000e612fb80,0x00000000e6180000)
  to   space 23552K, 0% used [0x00000000e6380000,0x00000000e6380000,0x00000000e7a80000)
 ParOldGen       total 100864K, used 38495K [0x0000000081c00000, 0x0000000087e80000, 0x00000000d5f00000)
  object space 100864K, 38% used [0x0000000081c00000,0x0000000084197f48,0x0000000087e80000)
 Metaspace       used 34444K, capacity 35128K, committed 35456K, reserved 1081344K
  class space    used 3930K, capacity 4118K, committed 4224K, reserved 1048576K
}
Event: 4.953 GC heap before
{Heap before GC invocations=11 (full 2):
 PSYoungGen      total 253952K, used 10430K [0x00000000d5f00000, 0x00000000e7a80000, 0x0000000100000000)
  eden space 243200K, 0% used [0x00000000d5f00000,0x00000000d5f00000,0x00000000e4c80000)
  from space 10752K, 97% used [0x00000000e5700000,0x00000000e612fb80,0x00000000e6180000)
  to   space 23552K, 0% used [0x00000000e6380000,0x00000000e6380000,0x00000000e7a80000)
 ParOldGen       total 100864K, used 38495K [0x0000000081c00000, 0x0000000087e80000, 0x00000000d5f00000)
  object space 100864K, 38% used [0x0000000081c00000,0x0000000084197f48,0x0000000087e80000)
 Metaspace       used 34444K, capacity 35128K, committed 35456K, reserved 1081344K
  class space    used 3930K, capacity 4118K, committed 4224K, reserved 1048576K
Event: 5.017 GC heap after
Heap after GC invocations=11 (full 2):
 PSYoungGen      total 253952K, used 0K [0x00000000d5f00000, 0x00000000e7a80000, 0x0000000100000000)
  eden space 243200K, 0% used [0x00000000d5f00000,0x00000000d5f00000,0x00000000e4c80000)
  from space 10752K, 0% used [0x00000000e5700000,0x00000000e5700000,0x00000000e6180000)
  to   space 23552K, 0% used [0x00000000e6380000,0x00000000e6380000,0x00000000e7a80000)
 ParOldGen       total 138752K, used 44984K [0x0000000081c00000, 0x000000008a380000, 0x00000000d5f00000)
  object space 138752K, 32% used [0x0000000081c00000,0x00000000847ee3d0,0x000000008a380000)
 Metaspace       used 34444K, capacity 35128K, committed 35456K, reserved 1081344K
  class space    used 3930K, capacity 4118K, committed 4224K, reserved 1048576K
}
Event: 6.617 GC heap before
{Heap before GC invocations=12 (full 2):
 PSYoungGen      total 253952K, used 243200K [0x00000000d5f00000, 0x00000000e7a80000, 0x0000000100000000)
  eden space 243200K, 100% used [0x00000000d5f00000,0x00000000e4c80000,0x00000000e4c80000)
  from space 10752K, 0% used [0x00000000e5700000,0x00000000e5700000,0x00000000e6180000)
  to   space 23552K, 0% used [0x00000000e6380000,0x00000000e6380000,0x00000000e7a80000)
 ParOldGen       total 138752K, used 44984K [0x0000000081c00000, 0x000000008a380000, 0x00000000d5f00000)
  object space 138752K, 32% used [0x0000000081c00000,0x00000000847ee3d0,0x000000008a380000)
 Metaspace       used 49960K, capacity 50892K, committed 51328K, reserved 1093632K
  class space    used 5984K, capacity 6242K, committed 6272K, reserved 1048576K
Event: 6.645 GC heap after
Heap after GC invocations=12 (full 2):
 PSYoungGen      total 264192K, used 22933K [0x00000000d5f00000, 0x00000000eb280000, 0x0000000100000000)
  eden space 240640K, 0% used [0x00000000d5f00000,0x00000000d5f00000,0x00000000e4a00000)
  from space 23552K, 97% used [0x00000000e6380000,0x00000000e79e5758,0x00000000e7a80000)
  to   space 26112K, 0% used [0x00000000e4a00000,0x00000000e4a00000,0x00000000e6380000)
 ParOldGen       total 138752K, used 44992K [0x0000000081c00000, 0x000000008a380000, 0x00000000d5f00000)
  object space 138752K, 32% used [0x0000000081c00000,0x00000000847f03d0,0x000000008a380000)
 Metaspace       used 49960K, capacity 50892K, committed 51328K, reserved 1093632K
  class space    used 5984K, capacity 6242K, committed 6272K, reserved 1048576K
}
Event: 7.999 GC heap before
{Heap before GC invocations=13 (full 2):
 PSYoungGen      total 264192K, used 263573K [0x00000000d5f00000, 0x00000000eb280000, 0x0000000100000000)
  eden space 240640K, 100% used [0x00000000d5f00000,0x00000000e4a00000,0x00000000e4a00000)
  from space 23552K, 97% used [0x00000000e6380000,0x00000000e79e5758,0x00000000e7a80000)
  to   space 26112K, 0% used [0x00000000e4a00000,0x00000000e4a00000,0x00000000e6380000)
 ParOldGen       total 138752K, used 44992K [0x0000000081c00000, 0x000000008a380000, 0x00000000d5f00000)
  object space 138752K, 32% used [0x0000000081c00000,0x00000000847f03d0,0x000000008a380000)
 Metaspace       used 57836K, capacity 58808K, committed 59096K, reserved 1101824K
  class space    used 6967K, capacity 7224K, committed 7296K, reserved 1048576K
Event: 8.035 GC heap after
Heap after GC invocations=13 (full 2):
 PSYoungGen      total 266752K, used 26105K [0x00000000d5f00000, 0x00000000ebb00000, 0x0000000100000000)
  eden space 240640K, 0% used [0x00000000d5f00000,0x00000000d5f00000,0x00000000e4a00000)
  from space 26112K, 99% used [0x00000000e4a00000,0x00000000e637e7d0,0x00000000e6380000)
  to   space 32256K, 0% used [0x00000000e9b80000,0x00000000e9b80000,0x00000000ebb00000)
 ParOldGen       total 138752K, used 51998K [0x0000000081c00000, 0x000000008a380000, 0x00000000d5f00000)
  object space 138752K, 37% used [0x0000000081c00000,0x0000000084ec7a98,0x000000008a380000)
 Metaspace       used 57836K, capacity 58808K, committed 59096K, reserved 1101824K
  class space    used 6967K, capacity 7224K, committed 7296K, reserved 1048576K
}
Event: 8.069 GC heap before
{Heap before GC invocations=14 (full 2):
 PSYoungGen      total 266752K, used 47263K [0x00000000d5f00000, 0x00000000ebb00000, 0x0000000100000000)
  eden space 240640K, 8% used [0x00000000d5f00000,0x00000000d73a94f8,0x00000000e4a00000)
  from space 26112K, 99% used [0x00000000e4a00000,0x00000000e637e7d0,0x00000000e6380000)
  to   space 32256K, 0% used [0x00000000e9b80000,0x00000000e9b80000,0x00000000ebb00000)
 ParOldGen       total 138752K, used 51998K [0x0000000081c00000, 0x000000008a380000, 0x00000000d5f00000)
  object space 138752K, 37% used [0x0000000081c00000,0x0000000084ec7a98,0x000000008a380000)
 Metaspace       used 57875K, capacity 58808K, committed 59096K, reserved 1101824K
  class space    used 6969K, capacity 7224K, committed 7296K, reserved 1048576K
Event: 8.088 GC heap after
Heap after GC invocations=14 (full 2):
 PSYoungGen      total 322560K, used 23736K [0x00000000d5f00000, 0x00000000eee00000, 0x0000000100000000)
  eden space 290304K, 0% used [0x00000000d5f00000,0x00000000d5f00000,0x00000000e7a80000)
  from space 32256K, 73% used [0x00000000e9b80000,0x00000000eb2ae270,0x00000000ebb00000)
  to   space 33792K, 0% used [0x00000000e7a80000,0x00000000e7a80000,0x00000000e9b80000)
 ParOldGen       total 138752K, used 52006K [0x0000000081c00000, 0x000000008a380000, 0x00000000d5f00000)
  object space 138752K, 37% used [0x0000000081c00000,0x0000000084ec9a98,0x000000008a380000)
 Metaspace       used 57875K, capacity 58808K, committed 59096K, reserved 1101824K
  class space    used 6969K, capacity 7224K, committed 7296K, reserved 1048576K
}
Event: 8.088 GC heap before
{Heap before GC invocations=15 (full 3):
 PSYoungGen      total 322560K, used 23736K [0x00000000d5f00000, 0x00000000eee00000, 0x0000000100000000)
  eden space 290304K, 0% used [0x00000000d5f00000,0x00000000d5f00000,0x00000000e7a80000)
  from space 32256K, 73% used [0x00000000e9b80000,0x00000000eb2ae270,0x00000000ebb00000)
  to   space 33792K, 0% used [0x00000000e7a80000,0x00000000e7a80000,0x00000000e9b80000)
 ParOldGen       total 138752K, used 52006K [0x0000000081c00000, 0x000000008a380000, 0x00000000d5f00000)
  object space 138752K, 37% used [0x0000000081c00000,0x0000000084ec9a98,0x000000008a380000)
 Metaspace       used 57875K, capacity 58808K, committed 59096K, reserved 1101824K
  class space    used 6969K, capacity 7224K, committed 7296K, reserved 1048576K
Event: 8.306 GC heap after
Heap after GC invocations=15 (full 3):
 PSYoungGen      total 322560K, used 0K [0x00000000d5f00000, 0x00000000eee00000, 0x0000000100000000)
  eden space 290304K, 0% used [0x00000000d5f00000,0x00000000d5f00000,0x00000000e7a80000)
  from space 32256K, 0% used [0x00000000e9b80000,0x00000000e9b80000,0x00000000ebb00000)
  to   space 33792K, 0% used [0x00000000e7a80000,0x00000000e7a80000,0x00000000e9b80000)
 ParOldGen       total 176128K, used 65030K [0x0000000081c00000, 0x000000008c800000, 0x00000000d5f00000)
  object space 176128K, 36% used [0x0000000081c00000,0x0000000085b81bd0,0x000000008c800000)
 Metaspace       used 57875K, capacity 58808K, committed 59096K, reserved 1101824K
  class space    used 6969K, capacity 7224K, committed 7296K, reserved 1048576K
}
Event: 9.439 GC heap before
{Heap before GC invocations=16 (full 3):
 PSYoungGen      total 322560K, used 290304K [0x00000000d5f00000, 0x00000000eee00000, 0x0000000100000000)
  eden space 290304K, 100% used [0x00000000d5f00000,0x00000000e7a80000,0x00000000e7a80000)
  from space 32256K, 0% used [0x00000000e9b80000,0x00000000e9b80000,0x00000000ebb00000)
  to   space 33792K, 0% used [0x00000000e7a80000,0x00000000e7a80000,0x00000000e9b80000)
 ParOldGen       total 176128K, used 65030K [0x0000000081c00000, 0x000000008c800000, 0x00000000d5f00000)
  object space 176128K, 36% used [0x0000000081c00000,0x0000000085b81bd0,0x000000008c800000)
 Metaspace       used 62132K, capacity 63212K, committed 63744K, reserved 1105920K
  class space    used 7548K, capacity 7822K, committed 7936K, reserved 1048576K
Event: 9.463 GC heap after
Heap after GC invocations=16 (full 3):
 PSYoungGen      total 324096K, used 15889K [0x00000000d5f00000, 0x00000000f2280000, 0x0000000100000000)
  eden space 290304K, 0% used [0x00000000d5f00000,0x00000000d5f00000,0x00000000e7a80000)
  from space 33792K, 47% used [0x00000000e7a80000,0x00000000e8a04530,0x00000000e9b80000)
  to   space 32256K, 0% used [0x00000000f0300000,0x00000000f0300000,0x00000000f2280000)
 ParOldGen       total 176128K, used 65038K [0x0000000081c00000, 0x000000008c800000, 0x00000000d5f00000)
  object space 176128K, 36% used [0x0000000081c00000,0x0000000085b83bd0,0x000000008c800000)
 Metaspace       used 62132K, capacity 63212K, committed 63744K, reserved 1105920K
  class space    used 7548K, capacity 7822K, committed 7936K, reserved 1048576K
}

