# JRE version: OpenJDK Runtime Environment (8.0_232-b09) (build 1.8.0_232-b09)
# Java VM: OpenJDK 64-Bit Server VM (25.232-b09 mixed mode windows-amd64 compressed oops)
Heap:
 PSYoungGen      total 148992K, used 51822K [0x00000000d5f00000, 0x00000000e3300000, 0x0000000100000000)
  eden space 131072K, 39% used [0x00000000d5f00000,0x00000000d919b9e0,0x00000000ddf00000)
  from space 17920K, 0% used [0x00000000ddf00000,0x00000000ddf00000,0x00000000df080000)
  to   space 23040K, 0% used [0x00000000e1c80000,0x00000000e1c80000,0x00000000e3300000)
 ParOldGen       total 100352K, used 45195K [0x0000000081c00000, 0x0000000087e00000, 0x00000000d5f00000)
  object space 100352K, 45% used [0x0000000081c00000,0x0000000084822cc0,0x0000000087e00000)
 Metaspace       used 38654K, capacity 39448K, committed 39808K, reserved 1085440K
  class space    used 4409K, capacity 4623K, committed 4736K, reserved 1048576K
GC Heap History (22 events):
Event: 1.488 GC heap before
{Heap before GC invocations=1 (full 0):
 PSYoungGen      total 38400K, used 33280K [0x00000000d5f00000, 0x00000000d8980000, 0x0000000100000000)
  eden space 33280K, 100% used [0x00000000d5f00000,0x00000000d7f80000,0x00000000d7f80000)
  from space 5120K, 0% used [0x00000000d8480000,0x00000000d8480000,0x00000000d8980000)
  to   space 5120K, 0% used [0x00000000d7f80000,0x00000000d7f80000,0x00000000d8480000)
 ParOldGen       total 87552K, used 0K [0x0000000081c00000, 0x0000000087180000, 0x00000000d5f00000)
  object space 87552K, 0% used [0x0000000081c00000,0x0000000081c00000,0x0000000087180000)
 Metaspace       used 9100K, capacity 9244K, committed 9344K, reserved 1056768K
  class space    used 1006K, capacity 1080K, committed 1152K, reserved 1048576K
Event: 1.494 GC heap after
Heap after GC invocations=1 (full 0):
 PSYoungGen      total 38400K, used 5089K [0x00000000d5f00000, 0x00000000d8980000, 0x0000000100000000)
  eden space 33280K, 0% used [0x00000000d5f00000,0x00000000d5f00000,0x00000000d7f80000)
  from space 5120K, 99% used [0x00000000d7f80000,0x00000000d8478588,0x00000000d8480000)
  to   space 5120K, 0% used [0x00000000d8480000,0x00000000d8480000,0x00000000d8980000)
 ParOldGen       total 87552K, used 89K [0x0000000081c00000, 0x0000000087180000, 0x00000000d5f00000)
  object space 87552K, 0% used [0x0000000081c00000,0x0000000081c166e8,0x0000000087180000)
 Metaspace       used 9100K, capacity 9244K, committed 9344K, reserved 1056768K
  class space    used 1006K, capacity 1080K, committed 1152K, reserved 1048576K
}
Event: 1.873 GC heap before
{Heap before GC invocations=2 (full 0):
 PSYoungGen      total 38400K, used 38369K [0x00000000d5f00000, 0x00000000d8980000, 0x0000000100000000)
  eden space 33280K, 100% used [0x00000000d5f00000,0x00000000d7f80000,0x00000000d7f80000)
  from space 5120K, 99% used [0x00000000d7f80000,0x00000000d8478588,0x00000000d8480000)
  to   space 5120K, 0% used [0x00000000d8480000,0x00000000d8480000,0x00000000d8980000)
 ParOldGen       total 87552K, used 89K [0x0000000081c00000, 0x0000000087180000, 0x00000000d5f00000)
  object space 87552K, 0% used [0x0000000081c00000,0x0000000081c166e8,0x0000000087180000)
 Metaspace       used 12806K, capacity 12948K, committed 13184K, reserved 1060864K
  class space    used 1475K, capacity 1542K, committed 1664K, reserved 1048576K
Event: 1.880 GC heap after
Heap after GC invocations=2 (full 0):
 PSYoungGen      total 38400K, used 5102K [0x00000000d5f00000, 0x00000000d8980000, 0x0000000100000000)
  eden space 33280K, 0% used [0x00000000d5f00000,0x00000000d5f00000,0x00000000d7f80000)
  from space 5120K, 99% used [0x00000000d8480000,0x00000000d897ba28,0x00000000d8980000)
  to   space 5120K, 0% used [0x00000000d7f80000,0x00000000d7f80000,0x00000000d8480000)
 ParOldGen       total 87552K, used 2425K [0x0000000081c00000, 0x0000000087180000, 0x00000000d5f00000)
  object space 87552K, 2% used [0x0000000081c00000,0x0000000081e5e750,0x0000000087180000)
 Metaspace       used 12806K, capacity 12948K, committed 13184K, reserved 1060864K
  class space    used 1475K, capacity 1542K, committed 1664K, reserved 1048576K
}
Event: 2.404 GC heap before
{Heap before GC invocations=3 (full 0):
 PSYoungGen      total 38400K, used 38382K [0x00000000d5f00000, 0x00000000d8980000, 0x0000000100000000)
  eden space 33280K, 100% used [0x00000000d5f00000,0x00000000d7f80000,0x00000000d7f80000)
  from space 5120K, 99% used [0x00000000d8480000,0x00000000d897ba28,0x00000000d8980000)
  to   space 5120K, 0% used [0x00000000d7f80000,0x00000000d7f80000,0x00000000d8480000)
 ParOldGen       total 87552K, used 2425K [0x0000000081c00000, 0x0000000087180000, 0x00000000d5f00000)
  object space 87552K, 2% used [0x0000000081c00000,0x0000000081e5e750,0x0000000087180000)
 Metaspace       used 15880K, capacity 16104K, committed 16256K, reserved 1062912K
  class space    used 1788K, capacity 1876K, committed 1920K, reserved 1048576K
Event: 2.412 GC heap after
Heap after GC invocations=3 (full 0):
 PSYoungGen      total 38400K, used 5104K [0x00000000d5f00000, 0x00000000daa00000, 0x0000000100000000)
  eden space 33280K, 0% used [0x00000000d5f00000,0x00000000d5f00000,0x00000000d7f80000)
  from space 5120K, 99% used [0x00000000d7f80000,0x00000000d847c030,0x00000000d8480000)
  to   space 5120K, 0% used [0x00000000da500000,0x00000000da500000,0x00000000daa00000)
 ParOldGen       total 87552K, used 6253K [0x0000000081c00000, 0x0000000087180000, 0x00000000d5f00000)
  object space 87552K, 7% used [0x0000000081c00000,0x000000008221b618,0x0000000087180000)
 Metaspace       used 15880K, capacity 16104K, committed 16256K, reserved 1062912K
  class space    used 1788K, capacity 1876K, committed 1920K, reserved 1048576K
}
Event: 2.793 GC heap before
{Heap before GC invocations=4 (full 0):
 PSYoungGen      total 38400K, used 38384K [0x00000000d5f00000, 0x00000000daa00000, 0x0000000100000000)
  eden space 33280K, 100% used [0x00000000d5f00000,0x00000000d7f80000,0x00000000d7f80000)
  from space 5120K, 99% used [0x00000000d7f80000,0x00000000d847c030,0x00000000d8480000)
  to   space 5120K, 0% used [0x00000000da500000,0x00000000da500000,0x00000000daa00000)
 ParOldGen       total 87552K, used 6253K [0x0000000081c00000, 0x0000000087180000, 0x00000000d5f00000)
  object space 87552K, 7% used [0x0000000081c00000,0x000000008221b618,0x0000000087180000)
 Metaspace       used 16183K, capacity 16410K, committed 16768K, reserved 1064960K
  class space    used 1812K, capacity 1911K, committed 1920K, reserved 1048576K
Event: 2.805 GC heap after
Heap after GC invocations=4 (full 0):
 PSYoungGen      total 71680K, used 5104K [0x00000000d5f00000, 0x00000000daa00000, 0x0000000100000000)
  eden space 66560K, 0% used [0x00000000d5f00000,0x00000000d5f00000,0x00000000da000000)
  from space 5120K, 99% used [0x00000000da500000,0x00000000da9fc010,0x00000000daa00000)
  to   space 5120K, 0% used [0x00000000da000000,0x00000000da000000,0x00000000da500000)
 ParOldGen       total 87552K, used 12313K [0x0000000081c00000, 0x0000000087180000, 0x00000000d5f00000)
  object space 87552K, 14% used [0x0000000081c00000,0x0000000082806748,0x0000000087180000)
 Metaspace       used 16183K, capacity 16410K, committed 16768K, reserved 1064960K
  class space    used 1812K, capacity 1911K, committed 1920K, reserved 1048576K
}
Event: 3.367 GC heap before
{Heap before GC invocations=5 (full 0):
 PSYoungGen      total 71680K, used 71664K [0x00000000d5f00000, 0x00000000daa00000, 0x0000000100000000)
  eden space 66560K, 100% used [0x00000000d5f00000,0x00000000da000000,0x00000000da000000)
  from space 5120K, 99% used [0x00000000da500000,0x00000000da9fc010,0x00000000daa00000)
  to   space 5120K, 0% used [0x00000000da000000,0x00000000da000000,0x00000000da500000)
 ParOldGen       total 87552K, used 12313K [0x0000000081c00000, 0x0000000087180000, 0x00000000d5f00000)
  object space 87552K, 14% used [0x0000000081c00000,0x0000000082806748,0x0000000087180000)
 Metaspace       used 16582K, capacity 16818K, committed 17024K, reserved 1064960K
  class space    used 1816K, capacity 1915K, committed 1920K, reserved 1048576K
Event: 3.387 GC heap after
Heap after GC invocations=5 (full 0):
 PSYoungGen      total 71680K, used 5120K [0x00000000d5f00000, 0x00000000e0000000, 0x0000000100000000)
  eden space 66560K, 0% used [0x00000000d5f00000,0x00000000d5f00000,0x00000000da000000)
  from space 5120K, 100% used [0x00000000da000000,0x00000000da500000,0x00000000da500000)
  to   space 15872K, 0% used [0x00000000df080000,0x00000000df080000,0x00000000e0000000)
 ParOldGen       total 87552K, used 20988K [0x0000000081c00000, 0x0000000087180000, 0x00000000d5f00000)
  object space 87552K, 23% used [0x0000000081c00000,0x000000008307f078,0x0000000087180000)
 Metaspace       used 16582K, capacity 16818K, committed 17024K, reserved 1064960K
  class space    used 1816K, capacity 1915K, committed 1920K, reserved 1048576K
}
Event: 3.779 GC heap before
{Heap before GC invocations=6 (full 0):
 PSYoungGen      total 71680K, used 71680K [0x00000000d5f00000, 0x00000000e0000000, 0x0000000100000000)
  eden space 66560K, 100% used [0x00000000d5f00000,0x00000000da000000,0x00000000da000000)
  from space 5120K, 100% used [0x00000000da000000,0x00000000da500000,0x00000000da500000)
  to   space 15872K, 0% used [0x00000000df080000,0x00000000df080000,0x00000000e0000000)
 ParOldGen       total 87552K, used 20988K [0x0000000081c00000, 0x0000000087180000, 0x00000000d5f00000)
  object space 87552K, 23% used [0x0000000081c00000,0x000000008307f078,0x0000000087180000)
 Metaspace       used 16797K, capacity 17092K, committed 17280K, reserved 1064960K
  class space    used 1818K, capacity 1918K, committed 1920K, reserved 1048576K
Event: 3.792 GC heap after
Heap after GC invocations=6 (full 0):
 PSYoungGen      total 146944K, used 14720K [0x00000000d5f00000, 0x00000000e0400000, 0x0000000100000000)
  eden space 131072K, 0% used [0x00000000d5f00000,0x00000000d5f00000,0x00000000ddf00000)
  from space 15872K, 92% used [0x00000000df080000,0x00000000dfee0020,0x00000000e0000000)
  to   space 17920K, 0% used [0x00000000ddf00000,0x00000000ddf00000,0x00000000df080000)
 ParOldGen       total 87552K, used 20996K [0x0000000081c00000, 0x0000000087180000, 0x00000000d5f00000)
  object space 87552K, 23% used [0x0000000081c00000,0x0000000083081078,0x0000000087180000)
 Metaspace       used 16797K, capacity 17092K, committed 17280K, reserved 1064960K
  class space    used 1818K, capacity 1918K, committed 1920K, reserved 1048576K
}
Event: 5.306 GC heap before
{Heap before GC invocations=7 (full 0):
 PSYoungGen      total 146944K, used 144550K [0x00000000d5f00000, 0x00000000e0400000, 0x0000000100000000)
  eden space 131072K, 99% used [0x00000000d5f00000,0x00000000dddc9ab8,0x00000000ddf00000)
  from space 15872K, 92% used [0x00000000df080000,0x00000000dfee0020,0x00000000e0000000)
  to   space 17920K, 0% used [0x00000000ddf00000,0x00000000ddf00000,0x00000000df080000)
 ParOldGen       total 87552K, used 20996K [0x0000000081c00000, 0x0000000087180000, 0x00000000d5f00000)
  object space 87552K, 23% used [0x0000000081c00000,0x0000000083081078,0x0000000087180000)
 Metaspace       used 20650K, capacity 21212K, committed 21296K, reserved 1069056K
  class space    used 2252K, capacity 2420K, committed 2432K, reserved 1048576K
Event: 5.330 GC heap after
Heap after GC invocations=7 (full 0):
 PSYoungGen      total 148992K, used 17904K [0x00000000d5f00000, 0x00000000e0400000, 0x0000000100000000)
  eden space 131072K, 0% used [0x00000000d5f00000,0x00000000d5f00000,0x00000000ddf00000)
  from space 17920K, 99% used [0x00000000ddf00000,0x00000000df07c010,0x00000000df080000)
  to   space 15872K, 0% used [0x00000000df080000,0x00000000df080000,0x00000000e0000000)
 ParOldGen       total 87552K, used 27690K [0x0000000081c00000, 0x0000000087180000, 0x00000000d5f00000)
  object space 87552K, 31% used [0x0000000081c00000,0x000000008370a8d8,0x0000000087180000)
 Metaspace       used 20650K, capacity 21212K, committed 21296K, reserved 1069056K
  class space    used 2252K, capacity 2420K, committed 2432K, reserved 1048576K
}
Event: 5.330 GC heap before
{Heap before GC invocations=8 (full 1):
 PSYoungGen      total 148992K, used 17904K [0x00000000d5f00000, 0x00000000e0400000, 0x0000000100000000)
  eden space 131072K, 0% used [0x00000000d5f00000,0x00000000d5f00000,0x00000000ddf00000)
  from space 17920K, 99% used [0x00000000ddf00000,0x00000000df07c010,0x00000000df080000)
  to   space 15872K, 0% used [0x00000000df080000,0x00000000df080000,0x00000000e0000000)
 ParOldGen       total 87552K, used 27690K [0x0000000081c00000, 0x0000000087180000, 0x00000000d5f00000)
  object space 87552K, 31% used [0x0000000081c00000,0x000000008370a8d8,0x0000000087180000)
 Metaspace       used 20650K, capacity 21212K, committed 21296K, reserved 1069056K
  class space    used 2252K, capacity 2420K, committed 2432K, reserved 1048576K
Event: 5.451 GC heap after
Heap after GC invocations=8 (full 1):
 PSYoungGen      total 148992K, used 0K [0x00000000d5f00000, 0x00000000e0400000, 0x0000000100000000)
  eden space 131072K, 0% used [0x00000000d5f00000,0x00000000d5f00000,0x00000000ddf00000)
  from space 17920K, 0% used [0x00000000ddf00000,0x00000000ddf00000,0x00000000df080000)
  to   space 15872K, 0% used [0x00000000df080000,0x00000000df080000,0x00000000e0000000)
 ParOldGen       total 100352K, used 38433K [0x0000000081c00000, 0x0000000087e00000, 0x00000000d5f00000)
  object space 100352K, 38% used [0x0000000081c00000,0x00000000841887b8,0x0000000087e00000)
 Metaspace       used 20650K, capacity 21212K, committed 21296K, reserved 1069056K
  class space    used 2252K, capacity 2420K, committed 2432K, reserved 1048576K
}
Event: 6.327 GC heap before
{Heap before GC invocations=9 (full 1):
 PSYoungGen      total 148992K, used 131072K [0x00000000d5f00000, 0x00000000e0400000, 0x0000000100000000)
  eden space 131072K, 100% used [0x00000000d5f00000,0x00000000ddf00000,0x00000000ddf00000)
  from space 17920K, 0% used [0x00000000ddf00000,0x00000000ddf00000,0x00000000df080000)
  to   space 15872K, 0% used [0x00000000df080000,0x00000000df080000,0x00000000e0000000)
 ParOldGen       total 100352K, used 38434K [0x0000000081c00000, 0x0000000087e00000, 0x00000000d5f00000)
  object space 100352K, 38% used [0x0000000081c00000,0x0000000084188898,0x0000000087e00000)
 Metaspace       used 31865K, capacity 32552K, committed 32768K, reserved 1079296K
  class space    used 3600K, capacity 3784K, committed 3840K, reserved 1048576K
Event: 6.336 GC heap after
Heap after GC invocations=9 (full 1):
 PSYoungGen      total 146944K, used 15335K [0x00000000d5f00000, 0x00000000e0400000, 0x0000000100000000)
  eden space 131072K, 0% used [0x00000000d5f00000,0x00000000d5f00000,0x00000000ddf00000)
  from space 15872K, 96% used [0x00000000df080000,0x00000000dff79e18,0x00000000e0000000)
  to   space 17920K, 0% used [0x00000000ddf00000,0x00000000ddf00000,0x00000000df080000)
 ParOldGen       total 100352K, used 38442K [0x0000000081c00000, 0x0000000087e00000, 0x00000000d5f00000)
  object space 100352K, 38% used [0x0000000081c00000,0x000000008418a898,0x0000000087e00000)
 Metaspace       used 31865K, capacity 32552K, committed 32768K, reserved 1079296K
  class space    used 3600K, capacity 3784K, committed 3840K, reserved 1048576K
}
Event: 6.484 GC heap before
{Heap before GC invocations=10 (full 1):
 PSYoungGen      total 146944K, used 69693K [0x00000000d5f00000, 0x00000000e0400000, 0x0000000100000000)
  eden space 131072K, 41% used [0x00000000d5f00000,0x00000000d9415898,0x00000000ddf00000)
  from space 15872K, 96% used [0x00000000df080000,0x00000000dff79e18,0x00000000e0000000)
  to   space 17920K, 0% used [0x00000000ddf00000,0x00000000ddf00000,0x00000000df080000)
 ParOldGen       total 100352K, used 38442K [0x0000000081c00000, 0x0000000087e00000, 0x00000000d5f00000)
  object space 100352K, 38% used [0x0000000081c00000,0x000000008418a898,0x0000000087e00000)
 Metaspace       used 34431K, capacity 35078K, committed 35456K, reserved 1081344K
  class space    used 3927K, capacity 4109K, committed 4224K, reserved 1048576K
Event: 6.490 GC heap after
Heap after GC invocations=10 (full 1):
 PSYoungGen      total 148992K, used 10735K [0x00000000d5f00000, 0x00000000e3300000, 0x0000000100000000)
  eden space 131072K, 0% used [0x00000000d5f00000,0x00000000d5f00000,0x00000000ddf00000)
  from space 17920K, 59% used [0x00000000ddf00000,0x00000000de97be28,0x00000000df080000)
  to   space 23040K, 0% used [0x00000000e1c80000,0x00000000e1c80000,0x00000000e3300000)
 ParOldGen       total 100352K, used 38514K [0x0000000081c00000, 0x0000000087e00000, 0x00000000d5f00000)
  object space 100352K, 38% used [0x0000000081c00000,0x000000008419c8a8,0x0000000087e00000)
 Metaspace       used 34431K, capacity 35078K, committed 35456K, reserved 1081344K
  class space    used 3927K, capacity 4109K, committed 4224K, reserved 1048576K
}
Event: 6.490 GC heap before
{Heap before GC invocations=11 (full 2):
 PSYoungGen      total 148992K, used 10735K [0x00000000d5f00000, 0x00000000e3300000, 0x0000000100000000)
  eden space 131072K, 0% used [0x00000000d5f00000,0x00000000d5f00000,0x00000000ddf00000)
  from space 17920K, 59% used [0x00000000ddf00000,0x00000000de97be28,0x00000000df080000)
  to   space 23040K, 0% used [0x00000000e1c80000,0x00000000e1c80000,0x00000000e3300000)
 ParOldGen       total 100352K, used 38514K [0x0000000081c00000, 0x0000000087e00000, 0x00000000d5f00000)
  object space 100352K, 38% used [0x0000000081c00000,0x000000008419c8a8,0x0000000087e00000)
 Metaspace       used 34431K, capacity 35078K, committed 35456K, reserved 1081344K
  class space    used 3927K, capacity 4109K, committed 4224K, reserved 1048576K
Event: 6.570 GC heap after
Heap after GC invocations=11 (full 2):
 PSYoungGen      total 148992K, used 0K [0x00000000d5f00000, 0x00000000e3300000, 0x0000000100000000)
  eden space 131072K, 0% used [0x00000000d5f00000,0x00000000d5f00000,0x00000000ddf00000)
  from space 17920K, 0% used [0x00000000ddf00000,0x00000000ddf00000,0x00000000df080000)
  to   space 23040K, 0% used [0x00000000e1c80000,0x00000000e1c80000,0x00000000e3300000)
 ParOldGen       total 100352K, used 45195K [0x0000000081c00000, 0x0000000087e00000, 0x00000000d5f00000)
  object space 100352K, 45% used [0x0000000081c00000,0x0000000084822cc0,0x0000000087e00000)
 Metaspace       used 34431K, capacity 35078K, committed 35456K, reserved 1081344K
  class space    used 3927K, capacity 4109K, committed 4224K, reserved 1048576K
}

