# JRE version: OpenJDK Runtime Environment (8.0_232-b09) (build 1.8.0_232-b09)
# Java VM: OpenJDK 64-Bit Server VM (25.232-b09 mixed mode windows-amd64 compressed oops)
Heap:
 PSYoungGen      total 323584K, used 149633K [0x00000000d5f00000, 0x00000000f0380000, 0x0000000100000000)
  eden space 296960K, 50% used [0x00000000d5f00000,0x00000000df1206a8,0x00000000e8100000)
  from space 26624K, 0% used [0x00000000e8100000,0x00000000e8100000,0x00000000e9b00000)
  to   space 32256K, 0% used [0x00000000ee400000,0x00000000ee400000,0x00000000f0380000)
 ParOldGen       total 180224K, used 74677K [0x0000000081c00000, 0x000000008cc00000, 0x00000000d5f00000)
  object space 180224K, 41% used [0x0000000081c00000,0x00000000864ed5c0,0x000000008cc00000)
 Metaspace       used 59621K, capacity 60668K, committed 61056K, reserved 1103872K
  class space    used 7162K, capacity 7428K, committed 7552K, reserved 1048576K
GC Heap History (28 events):
Event: 1.299 GC heap before
{Heap before GC invocations=1 (full 0):
 PSYoungGen      total 38400K, used 33280K [0x00000000d5f00000, 0x00000000d8980000, 0x0000000100000000)
  eden space 33280K, 100% used [0x00000000d5f00000,0x00000000d7f80000,0x00000000d7f80000)
  from space 5120K, 0% used [0x00000000d8480000,0x00000000d8480000,0x00000000d8980000)
  to   space 5120K, 0% used [0x00000000d7f80000,0x00000000d7f80000,0x00000000d8480000)
 ParOldGen       total 87552K, used 0K [0x0000000081c00000, 0x0000000087180000, 0x00000000d5f00000)
  object space 87552K, 0% used [0x0000000081c00000,0x0000000081c00000,0x0000000087180000)
 Metaspace       used 9261K, capacity 9436K, committed 9600K, reserved 1058816K
  class space    used 1025K, capacity 1080K, committed 1152K, reserved 1048576K
Event: 1.310 GC heap after
Heap after GC invocations=1 (full 0):
 PSYoungGen      total 38400K, used 5116K [0x00000000d5f00000, 0x00000000d8980000, 0x0000000100000000)
  eden space 33280K, 0% used [0x00000000d5f00000,0x00000000d5f00000,0x00000000d7f80000)
  from space 5120K, 99% used [0x00000000d7f80000,0x00000000d847f188,0x00000000d8480000)
  to   space 5120K, 0% used [0x00000000d8480000,0x00000000d8480000,0x00000000d8980000)
 ParOldGen       total 87552K, used 281K [0x0000000081c00000, 0x0000000087180000, 0x00000000d5f00000)
  object space 87552K, 0% used [0x0000000081c00000,0x0000000081c46758,0x0000000087180000)
 Metaspace       used 9261K, capacity 9436K, committed 9600K, reserved 1058816K
  class space    used 1025K, capacity 1080K, committed 1152K, reserved 1048576K
}
Event: 2.011 GC heap before
{Heap before GC invocations=2 (full 0):
 PSYoungGen      total 38400K, used 38396K [0x00000000d5f00000, 0x00000000d8980000, 0x0000000100000000)
  eden space 33280K, 100% used [0x00000000d5f00000,0x00000000d7f80000,0x00000000d7f80000)
  from space 5120K, 99% used [0x00000000d7f80000,0x00000000d847f188,0x00000000d8480000)
  to   space 5120K, 0% used [0x00000000d8480000,0x00000000d8480000,0x00000000d8980000)
 ParOldGen       total 87552K, used 281K [0x0000000081c00000, 0x0000000087180000, 0x00000000d5f00000)
  object space 87552K, 0% used [0x0000000081c00000,0x0000000081c46758,0x0000000087180000)
 Metaspace       used 12949K, capacity 13108K, committed 13440K, reserved 1060864K
  class space    used 1497K, capacity 1574K, committed 1664K, reserved 1048576K
Event: 2.065 GC heap after
Heap after GC invocations=2 (full 0):
 PSYoungGen      total 38400K, used 5104K [0x00000000d5f00000, 0x00000000daa00000, 0x0000000100000000)
  eden space 33280K, 0% used [0x00000000d5f00000,0x00000000d5f00000,0x00000000d7f80000)
  from space 5120K, 99% used [0x00000000d8480000,0x00000000d897c028,0x00000000d8980000)
  to   space 5120K, 0% used [0x00000000d7f80000,0x00000000d7f80000,0x00000000d8480000)
 ParOldGen       total 87552K, used 2565K [0x0000000081c00000, 0x0000000087180000, 0x00000000d5f00000)
  object space 87552K, 2% used [0x0000000081c00000,0x0000000081e814d0,0x0000000087180000)
 Metaspace       used 12949K, capacity 13108K, committed 13440K, reserved 1060864K
  class space    used 1497K, capacity 1574K, committed 1664K, reserved 1048576K
}
Event: 3.708 GC heap before
{Heap before GC invocations=3 (full 0):
 PSYoungGen      total 38400K, used 38384K [0x00000000d5f00000, 0x00000000daa00000, 0x0000000100000000)
  eden space 33280K, 100% used [0x00000000d5f00000,0x00000000d7f80000,0x00000000d7f80000)
  from space 5120K, 99% used [0x00000000d8480000,0x00000000d897c028,0x00000000d8980000)
  to   space 5120K, 0% used [0x00000000d7f80000,0x00000000d7f80000,0x00000000d8480000)
 ParOldGen       total 87552K, used 2565K [0x0000000081c00000, 0x0000000087180000, 0x00000000d5f00000)
  object space 87552K, 2% used [0x0000000081c00000,0x0000000081e814d0,0x0000000087180000)
 Metaspace       used 15876K, capacity 16104K, committed 16256K, reserved 1062912K
  class space    used 1787K, capacity 1876K, committed 1920K, reserved 1048576K
Event: 3.828 GC heap after
Heap after GC invocations=3 (full 0):
 PSYoungGen      total 38400K, used 5088K [0x00000000d5f00000, 0x00000000daa00000, 0x0000000100000000)
  eden space 33280K, 0% used [0x00000000d5f00000,0x00000000d5f00000,0x00000000d7f80000)
  from space 5120K, 99% used [0x00000000d7f80000,0x00000000d8478040,0x00000000d8480000)
  to   space 5120K, 0% used [0x00000000da500000,0x00000000da500000,0x00000000daa00000)
 ParOldGen       total 87552K, used 6312K [0x0000000081c00000, 0x0000000087180000, 0x00000000d5f00000)
  object space 87552K, 7% used [0x0000000081c00000,0x000000008222a298,0x0000000087180000)
 Metaspace       used 15876K, capacity 16104K, committed 16256K, reserved 1062912K
  class space    used 1787K, capacity 1876K, committed 1920K, reserved 1048576K
}
Event: 4.637 GC heap before
{Heap before GC invocations=4 (full 0):
 PSYoungGen      total 38400K, used 38368K [0x00000000d5f00000, 0x00000000daa00000, 0x0000000100000000)
  eden space 33280K, 100% used [0x00000000d5f00000,0x00000000d7f80000,0x00000000d7f80000)
  from space 5120K, 99% used [0x00000000d7f80000,0x00000000d8478040,0x00000000d8480000)
  to   space 5120K, 0% used [0x00000000da500000,0x00000000da500000,0x00000000daa00000)
 ParOldGen       total 87552K, used 6312K [0x0000000081c00000, 0x0000000087180000, 0x00000000d5f00000)
  object space 87552K, 7% used [0x0000000081c00000,0x000000008222a298,0x0000000087180000)
 Metaspace       used 16176K, capacity 16410K, committed 16768K, reserved 1064960K
  class space    used 1812K, capacity 1911K, committed 1920K, reserved 1048576K
Event: 4.651 GC heap after
Heap after GC invocations=4 (full 0):
 PSYoungGen      total 71680K, used 5104K [0x00000000d5f00000, 0x00000000daa00000, 0x0000000100000000)
  eden space 66560K, 0% used [0x00000000d5f00000,0x00000000d5f00000,0x00000000da000000)
  from space 5120K, 99% used [0x00000000da500000,0x00000000da9fc010,0x00000000daa00000)
  to   space 5120K, 0% used [0x00000000da000000,0x00000000da000000,0x00000000da500000)
 ParOldGen       total 87552K, used 12408K [0x0000000081c00000, 0x0000000087180000, 0x00000000d5f00000)
  object space 87552K, 14% used [0x0000000081c00000,0x000000008281e028,0x0000000087180000)
 Metaspace       used 16176K, capacity 16410K, committed 16768K, reserved 1064960K
  class space    used 1812K, capacity 1911K, committed 1920K, reserved 1048576K
}
Event: 6.328 GC heap before
{Heap before GC invocations=5 (full 0):
 PSYoungGen      total 71680K, used 71664K [0x00000000d5f00000, 0x00000000daa00000, 0x0000000100000000)
  eden space 66560K, 100% used [0x00000000d5f00000,0x00000000da000000,0x00000000da000000)
  from space 5120K, 99% used [0x00000000da500000,0x00000000da9fc010,0x00000000daa00000)
  to   space 5120K, 0% used [0x00000000da000000,0x00000000da000000,0x00000000da500000)
 ParOldGen       total 87552K, used 12408K [0x0000000081c00000, 0x0000000087180000, 0x00000000d5f00000)
  object space 87552K, 14% used [0x0000000081c00000,0x000000008281e028,0x0000000087180000)
 Metaspace       used 16507K, capacity 16754K, committed 17024K, reserved 1064960K
  class space    used 1816K, capacity 1915K, committed 1920K, reserved 1048576K
Event: 6.346 GC heap after
Heap after GC invocations=5 (full 0):
 PSYoungGen      total 71680K, used 5088K [0x00000000d5f00000, 0x00000000dff00000, 0x0000000100000000)
  eden space 66560K, 0% used [0x00000000d5f00000,0x00000000d5f00000,0x00000000da000000)
  from space 5120K, 99% used [0x00000000da000000,0x00000000da4f8020,0x00000000da500000)
  to   space 15360K, 0% used [0x00000000df000000,0x00000000df000000,0x00000000dff00000)
 ParOldGen       total 87552K, used 20997K [0x0000000081c00000, 0x0000000087180000, 0x00000000d5f00000)
  object space 87552K, 23% used [0x0000000081c00000,0x00000000830817b8,0x0000000087180000)
 Metaspace       used 16507K, capacity 16754K, committed 17024K, reserved 1064960K
  class space    used 1816K, capacity 1915K, committed 1920K, reserved 1048576K
}
Event: 7.754 GC heap before
{Heap before GC invocations=6 (full 0):
 PSYoungGen      total 71680K, used 71648K [0x00000000d5f00000, 0x00000000dff00000, 0x0000000100000000)
  eden space 66560K, 100% used [0x00000000d5f00000,0x00000000da000000,0x00000000da000000)
  from space 5120K, 99% used [0x00000000da000000,0x00000000da4f8020,0x00000000da500000)
  to   space 15360K, 0% used [0x00000000df000000,0x00000000df000000,0x00000000dff00000)
 ParOldGen       total 87552K, used 20997K [0x0000000081c00000, 0x0000000087180000, 0x00000000d5f00000)
  object space 87552K, 23% used [0x0000000081c00000,0x00000000830817b8,0x0000000087180000)
 Metaspace       used 16828K, capacity 17098K, committed 17280K, reserved 1064960K
  class space    used 1818K, capacity 1919K, committed 1920K, reserved 1048576K
Event: 7.858 GC heap after
Heap after GC invocations=6 (full 0):
 PSYoungGen      total 145920K, used 14944K [0x00000000d5f00000, 0x00000000e0400000, 0x0000000100000000)
  eden space 130560K, 0% used [0x00000000d5f00000,0x00000000d5f00000,0x00000000dde80000)
  from space 15360K, 97% used [0x00000000df000000,0x00000000dfe98020,0x00000000dff00000)
  to   space 17920K, 0% used [0x00000000dde80000,0x00000000dde80000,0x00000000df000000)
 ParOldGen       total 87552K, used 20997K [0x0000000081c00000, 0x0000000087180000, 0x00000000d5f00000)
  object space 87552K, 23% used [0x0000000081c00000,0x00000000830817b8,0x0000000087180000)
 Metaspace       used 16828K, capacity 17098K, committed 17280K, reserved 1064960K
  class space    used 1818K, capacity 1919K, committed 1920K, reserved 1048576K
}
Event: 11.771 GC heap before
{Heap before GC invocations=7 (full 0):
 PSYoungGen      total 145920K, used 139423K [0x00000000d5f00000, 0x00000000e0400000, 0x0000000100000000)
  eden space 130560K, 95% used [0x00000000d5f00000,0x00000000dd88fe48,0x00000000dde80000)
  from space 15360K, 97% used [0x00000000df000000,0x00000000dfe98020,0x00000000dff00000)
  to   space 17920K, 0% used [0x00000000dde80000,0x00000000dde80000,0x00000000df000000)
 ParOldGen       total 87552K, used 20997K [0x0000000081c00000, 0x0000000087180000, 0x00000000d5f00000)
  object space 87552K, 23% used [0x0000000081c00000,0x00000000830817b8,0x0000000087180000)
 Metaspace       used 20669K, capacity 21212K, committed 21296K, reserved 1069056K
  class space    used 2254K, capacity 2420K, committed 2432K, reserved 1048576K
Event: 11.801 GC heap after
Heap after GC invocations=7 (full 0):
 PSYoungGen      total 148480K, used 17920K [0x00000000d5f00000, 0x00000000e8d00000, 0x0000000100000000)
  eden space 130560K, 0% used [0x00000000d5f00000,0x00000000d5f00000,0x00000000dde80000)
  from space 17920K, 100% used [0x00000000dde80000,0x00000000df000000,0x00000000df000000)
  to   space 24064K, 0% used [0x00000000e7580000,0x00000000e7580000,0x00000000e8d00000)
 ParOldGen       total 87552K, used 27477K [0x0000000081c00000, 0x0000000087180000, 0x00000000d5f00000)
  object space 87552K, 31% used [0x0000000081c00000,0x00000000836d5408,0x0000000087180000)
 Metaspace       used 20669K, capacity 21212K, committed 21296K, reserved 1069056K
  class space    used 2254K, capacity 2420K, committed 2432K, reserved 1048576K
}
Event: 11.801 GC heap before
{Heap before GC invocations=8 (full 1):
 PSYoungGen      total 148480K, used 17920K [0x00000000d5f00000, 0x00000000e8d00000, 0x0000000100000000)
  eden space 130560K, 0% used [0x00000000d5f00000,0x00000000d5f00000,0x00000000dde80000)
  from space 17920K, 100% used [0x00000000dde80000,0x00000000df000000,0x00000000df000000)
  to   space 24064K, 0% used [0x00000000e7580000,0x00000000e7580000,0x00000000e8d00000)
 ParOldGen       total 87552K, used 27477K [0x0000000081c00000, 0x0000000087180000, 0x00000000d5f00000)
  object space 87552K, 31% used [0x0000000081c00000,0x00000000836d5408,0x0000000087180000)
 Metaspace       used 20669K, capacity 21212K, committed 21296K, reserved 1069056K
  class space    used 2254K, capacity 2420K, committed 2432K, reserved 1048576K
Event: 11.989 GC heap after
Heap after GC invocations=8 (full 1):
 PSYoungGen      total 148480K, used 0K [0x00000000d5f00000, 0x00000000e8d00000, 0x0000000100000000)
  eden space 130560K, 0% used [0x00000000d5f00000,0x00000000d5f00000,0x00000000dde80000)
  from space 17920K, 0% used [0x00000000dde80000,0x00000000dde80000,0x00000000df000000)
  to   space 24064K, 0% used [0x00000000e7580000,0x00000000e7580000,0x00000000e8d00000)
 ParOldGen       total 92672K, used 38415K [0x0000000081c00000, 0x0000000087680000, 0x00000000d5f00000)
  object space 92672K, 41% used [0x0000000081c00000,0x0000000084183d68,0x0000000087680000)
 Metaspace       used 20669K, capacity 21212K, committed 21296K, reserved 1069056K
  class space    used 2254K, capacity 2420K, committed 2432K, reserved 1048576K
}
Event: 14.989 GC heap before
{Heap before GC invocations=9 (full 1):
 PSYoungGen      total 148480K, used 130560K [0x00000000d5f00000, 0x00000000e8d00000, 0x0000000100000000)
  eden space 130560K, 100% used [0x00000000d5f00000,0x00000000dde80000,0x00000000dde80000)
  from space 17920K, 0% used [0x00000000dde80000,0x00000000dde80000,0x00000000df000000)
  to   space 24064K, 0% used [0x00000000e7580000,0x00000000e7580000,0x00000000e8d00000)
 ParOldGen       total 92672K, used 38415K [0x0000000081c00000, 0x0000000087680000, 0x00000000d5f00000)
  object space 92672K, 41% used [0x0000000081c00000,0x0000000084183d68,0x0000000087680000)
 Metaspace       used 32354K, capacity 33000K, committed 33408K, reserved 1079296K
  class space    used 3659K, capacity 3848K, committed 3968K, reserved 1048576K
Event: 15.002 GC heap after
Heap after GC invocations=9 (full 1):
 PSYoungGen      total 228864K, used 15926K [0x00000000d5f00000, 0x00000000e8580000, 0x0000000100000000)
  eden space 212480K, 0% used [0x00000000d5f00000,0x00000000d5f00000,0x00000000e2e80000)
  from space 16384K, 97% used [0x00000000e7580000,0x00000000e850db98,0x00000000e8580000)
  to   space 24064K, 0% used [0x00000000e5680000,0x00000000e5680000,0x00000000e6e00000)
 ParOldGen       total 92672K, used 38423K [0x0000000081c00000, 0x0000000087680000, 0x00000000d5f00000)
  object space 92672K, 41% used [0x0000000081c00000,0x0000000084185d68,0x0000000087680000)
 Metaspace       used 32354K, capacity 33000K, committed 33408K, reserved 1079296K
  class space    used 3659K, capacity 3848K, committed 3968K, reserved 1048576K
}
Event: 15.717 GC heap before
{Heap before GC invocations=10 (full 1):
 PSYoungGen      total 228864K, used 69281K [0x00000000d5f00000, 0x00000000e8580000, 0x0000000100000000)
  eden space 212480K, 25% used [0x00000000d5f00000,0x00000000d931abe8,0x00000000e2e80000)
  from space 16384K, 97% used [0x00000000e7580000,0x00000000e850db98,0x00000000e8580000)
  to   space 24064K, 0% used [0x00000000e5680000,0x00000000e5680000,0x00000000e6e00000)
 ParOldGen       total 92672K, used 38423K [0x0000000081c00000, 0x0000000087680000, 0x00000000d5f00000)
  object space 92672K, 41% used [0x0000000081c00000,0x0000000084185d68,0x0000000087680000)
 Metaspace       used 34542K, capacity 35232K, committed 35456K, reserved 1081344K
  class space    used 3907K, capacity 4124K, committed 4224K, reserved 1048576K
Event: 15.761 GC heap after
Heap after GC invocations=10 (full 1):
 PSYoungGen      total 277504K, used 10223K [0x00000000d5f00000, 0x00000000eb200000, 0x0000000100000000)
  eden space 253440K, 0% used [0x00000000d5f00000,0x00000000d5f00000,0x00000000e5680000)
  from space 24064K, 42% used [0x00000000e5680000,0x00000000e607bd08,0x00000000e6e00000)
  to   space 23552K, 0% used [0x00000000e9b00000,0x00000000e9b00000,0x00000000eb200000)
 ParOldGen       total 92672K, used 38431K [0x0000000081c00000, 0x0000000087680000, 0x00000000d5f00000)
  object space 92672K, 41% used [0x0000000081c00000,0x0000000084187d68,0x0000000087680000)
 Metaspace       used 34542K, capacity 35232K, committed 35456K, reserved 1081344K
  class space    used 3907K, capacity 4124K, committed 4224K, reserved 1048576K
}
Event: 15.761 GC heap before
{Heap before GC invocations=11 (full 2):
 PSYoungGen      total 277504K, used 10223K [0x00000000d5f00000, 0x00000000eb200000, 0x0000000100000000)
  eden space 253440K, 0% used [0x00000000d5f00000,0x00000000d5f00000,0x00000000e5680000)
  from space 24064K, 42% used [0x00000000e5680000,0x00000000e607bd08,0x00000000e6e00000)
  to   space 23552K, 0% used [0x00000000e9b00000,0x00000000e9b00000,0x00000000eb200000)
 ParOldGen       total 92672K, used 38431K [0x0000000081c00000, 0x0000000087680000, 0x00000000d5f00000)
  object space 92672K, 41% used [0x0000000081c00000,0x0000000084187d68,0x0000000087680000)
 Metaspace       used 34542K, capacity 35232K, committed 35456K, reserved 1081344K
  class space    used 3907K, capacity 4124K, committed 4224K, reserved 1048576K
Event: 15.988 GC heap after
Heap after GC invocations=11 (full 2):
 PSYoungGen      total 277504K, used 0K [0x00000000d5f00000, 0x00000000eb200000, 0x0000000100000000)
  eden space 253440K, 0% used [0x00000000d5f00000,0x00000000d5f00000,0x00000000e5680000)
  from space 24064K, 0% used [0x00000000e5680000,0x00000000e5680000,0x00000000e6e00000)
  to   space 23552K, 0% used [0x00000000e9b00000,0x00000000e9b00000,0x00000000eb200000)
 ParOldGen       total 122368K, used 44697K [0x0000000081c00000, 0x0000000089380000, 0x00000000d5f00000)
  object space 122368K, 36% used [0x0000000081c00000,0x00000000847a6628,0x0000000089380000)
 Metaspace       used 34542K, capacity 35232K, committed 35456K, reserved 1081344K
  class space    used 3907K, capacity 4124K, committed 4224K, reserved 1048576K
}
Event: 19.630 GC heap before
{Heap before GC invocations=12 (full 2):
 PSYoungGen      total 277504K, used 253440K [0x00000000d5f00000, 0x00000000eb200000, 0x0000000100000000)
  eden space 253440K, 100% used [0x00000000d5f00000,0x00000000e5680000,0x00000000e5680000)
  from space 24064K, 0% used [0x00000000e5680000,0x00000000e5680000,0x00000000e6e00000)
  to   space 23552K, 0% used [0x00000000e9b00000,0x00000000e9b00000,0x00000000eb200000)
 ParOldGen       total 122368K, used 44697K [0x0000000081c00000, 0x0000000089380000, 0x00000000d5f00000)
  object space 122368K, 36% used [0x0000000081c00000,0x00000000847a6628,0x0000000089380000)
 Metaspace       used 50443K, capacity 51370K, committed 51712K, reserved 1095680K
  class space    used 6025K, capacity 6273K, committed 6400K, reserved 1048576K
Event: 19.658 GC heap after
Heap after GC invocations=12 (full 2):
 PSYoungGen      total 320512K, used 23461K [0x00000000d5f00000, 0x00000000ecb00000, 0x0000000100000000)
  eden space 296960K, 0% used [0x00000000d5f00000,0x00000000d5f00000,0x00000000e8100000)
  from space 23552K, 99% used [0x00000000e9b00000,0x00000000eb1e97c0,0x00000000eb200000)
  to   space 26624K, 0% used [0x00000000e8100000,0x00000000e8100000,0x00000000e9b00000)
 ParOldGen       total 122368K, used 44713K [0x0000000081c00000, 0x0000000089380000, 0x00000000d5f00000)
  object space 122368K, 36% used [0x0000000081c00000,0x00000000847aa628,0x0000000089380000)
 Metaspace       used 50443K, capacity 51370K, committed 51712K, reserved 1095680K
  class space    used 6025K, capacity 6273K, committed 6400K, reserved 1048576K
}
Event: 25.696 GC heap before
{Heap before GC invocations=13 (full 2):
 PSYoungGen      total 320512K, used 267718K [0x00000000d5f00000, 0x00000000ecb00000, 0x0000000100000000)
  eden space 296960K, 82% used [0x00000000d5f00000,0x00000000e4d883e0,0x00000000e8100000)
  from space 23552K, 99% used [0x00000000e9b00000,0x00000000eb1e97c0,0x00000000eb200000)
  to   space 26624K, 0% used [0x00000000e8100000,0x00000000e8100000,0x00000000e9b00000)
 ParOldGen       total 122368K, used 44713K [0x0000000081c00000, 0x0000000089380000, 0x00000000d5f00000)
  object space 122368K, 36% used [0x0000000081c00000,0x00000000847aa628,0x0000000089380000)
 Metaspace       used 57928K, capacity 58876K, committed 59096K, reserved 1101824K
  class space    used 6956K, capacity 7224K, committed 7296K, reserved 1048576K
Event: 25.753 GC heap after
Heap after GC invocations=13 (full 2):
 PSYoungGen      total 323584K, used 26598K [0x00000000d5f00000, 0x00000000f0380000, 0x0000000100000000)
  eden space 296960K, 0% used [0x00000000d5f00000,0x00000000d5f00000,0x00000000e8100000)
  from space 26624K, 99% used [0x00000000e8100000,0x00000000e9af9a38,0x00000000e9b00000)
  to   space 32256K, 0% used [0x00000000ee400000,0x00000000ee400000,0x00000000f0380000)
 ParOldGen       total 122368K, used 51320K [0x0000000081c00000, 0x0000000089380000, 0x00000000d5f00000)
  object space 122368K, 41% used [0x0000000081c00000,0x0000000084e1e140,0x0000000089380000)
 Metaspace       used 57928K, capacity 58876K, committed 59096K, reserved 1101824K
  class space    used 6956K, capacity 7224K, committed 7296K, reserved 1048576K
}
Event: 25.753 GC heap before
{Heap before GC invocations=14 (full 3):
 PSYoungGen      total 323584K, used 26598K [0x00000000d5f00000, 0x00000000f0380000, 0x0000000100000000)
  eden space 296960K, 0% used [0x00000000d5f00000,0x00000000d5f00000,0x00000000e8100000)
  from space 26624K, 99% used [0x00000000e8100000,0x00000000e9af9a38,0x00000000e9b00000)
  to   space 32256K, 0% used [0x00000000ee400000,0x00000000ee400000,0x00000000f0380000)
 ParOldGen       total 122368K, used 51320K [0x0000000081c00000, 0x0000000089380000, 0x00000000d5f00000)
  object space 122368K, 41% used [0x0000000081c00000,0x0000000084e1e140,0x0000000089380000)
 Metaspace       used 57928K, capacity 58876K, committed 59096K, reserved 1101824K
  class space    used 6956K, capacity 7224K, committed 7296K, reserved 1048576K
Event: 26.551 GC heap after
Heap after GC invocations=14 (full 3):
 PSYoungGen      total 323584K, used 0K [0x00000000d5f00000, 0x00000000f0380000, 0x0000000100000000)
  eden space 296960K, 0% used [0x00000000d5f00000,0x00000000d5f00000,0x00000000e8100000)
  from space 26624K, 0% used [0x00000000e8100000,0x00000000e8100000,0x00000000e9b00000)
  to   space 32256K, 0% used [0x00000000ee400000,0x00000000ee400000,0x00000000f0380000)
 ParOldGen       total 180224K, used 74677K [0x0000000081c00000, 0x000000008cc00000, 0x00000000d5f00000)
  object space 180224K, 41% used [0x0000000081c00000,0x00000000864ed5c0,0x000000008cc00000)
 Metaspace       used 57928K, capacity 58876K, committed 59096K, reserved 1101824K
  class space    used 6956K, capacity 7224K, committed 7296K, reserved 1048576K
}

