# JRE version: OpenJDK Runtime Environment (8.0_232-b09) (build 1.8.0_232-b09)
# Java VM: OpenJDK 64-Bit Server VM (25.232-b09 mixed mode windows-amd64 compressed oops)
Heap:
 PSYoungGen      total 85504K, used 38355K [0x00000000d5f00000, 0x00000000dc180000, 0x0000000100000000)
  eden space 70144K, 37% used [0x00000000d5f00000,0x00000000d78ed730,0x00000000da380000)
  from space 15360K, 76% used [0x00000000da380000,0x00000000daf07600,0x00000000db280000)
  to   space 14848K, 0% used [0x00000000db300000,0x00000000db300000,0x00000000dc180000)
 ParOldGen       total 97792K, used 46844K [0x0000000081c00000, 0x0000000087b80000, 0x00000000d5f00000)
  object space 97792K, 47% used [0x0000000081c00000,0x00000000849bf260,0x0000000087b80000)
 Metaspace       used 49758K, capacity 50688K, committed 50816K, reserved 1093632K
  class space    used 5995K, capacity 6250K, committed 6272K, reserved 1048576K
GC Heap History (50 events):
Event: 1.254 GC heap before
{Heap before GC invocations=1 (full 0):
 PSYoungGen      total 38400K, used 33280K [0x00000000d5f00000, 0x00000000d8980000, 0x0000000100000000)
  eden space 33280K, 100% used [0x00000000d5f00000,0x00000000d7f80000,0x00000000d7f80000)
  from space 5120K, 0% used [0x00000000d8480000,0x00000000d8480000,0x00000000d8980000)
  to   space 5120K, 0% used [0x00000000d7f80000,0x00000000d7f80000,0x00000000d8480000)
 ParOldGen       total 87552K, used 0K [0x0000000081c00000, 0x0000000087180000, 0x00000000d5f00000)
  object space 87552K, 0% used [0x0000000081c00000,0x0000000081c00000,0x0000000087180000)
 Metaspace       used 9090K, capacity 9244K, committed 9344K, reserved 1056768K
  class space    used 1006K, capacity 1080K, committed 1152K, reserved 1048576K
Event: 1.258 GC heap after
Heap after GC invocations=1 (full 0):
 PSYoungGen      total 38400K, used 5113K [0x00000000d5f00000, 0x00000000d8980000, 0x0000000100000000)
  eden space 33280K, 0% used [0x00000000d5f00000,0x00000000d5f00000,0x00000000d7f80000)
  from space 5120K, 99% used [0x00000000d7f80000,0x00000000d847e668,0x00000000d8480000)
  to   space 5120K, 0% used [0x00000000d8480000,0x00000000d8480000,0x00000000d8980000)
 ParOldGen       total 87552K, used 16K [0x0000000081c00000, 0x0000000087180000, 0x00000000d5f00000)
  object space 87552K, 0% used [0x0000000081c00000,0x0000000081c04000,0x0000000087180000)
 Metaspace       used 9090K, capacity 9244K, committed 9344K, reserved 1056768K
  class space    used 1006K, capacity 1080K, committed 1152K, reserved 1048576K
}
Event: 1.585 GC heap before
{Heap before GC invocations=2 (full 0):
 PSYoungGen      total 38400K, used 38393K [0x00000000d5f00000, 0x00000000d8980000, 0x0000000100000000)
  eden space 33280K, 100% used [0x00000000d5f00000,0x00000000d7f80000,0x00000000d7f80000)
  from space 5120K, 99% used [0x00000000d7f80000,0x00000000d847e668,0x00000000d8480000)
  to   space 5120K, 0% used [0x00000000d8480000,0x00000000d8480000,0x00000000d8980000)
 ParOldGen       total 87552K, used 16K [0x0000000081c00000, 0x0000000087180000, 0x00000000d5f00000)
  object space 87552K, 0% used [0x0000000081c00000,0x0000000081c04000,0x0000000087180000)
 Metaspace       used 12759K, capacity 12948K, committed 13184K, reserved 1060864K
  class space    used 1465K, capacity 1542K, committed 1664K, reserved 1048576K
Event: 1.590 GC heap after
Heap after GC invocations=2 (full 0):
 PSYoungGen      total 38400K, used 5088K [0x00000000d5f00000, 0x00000000d8980000, 0x0000000100000000)
  eden space 33280K, 0% used [0x00000000d5f00000,0x00000000d5f00000,0x00000000d7f80000)
  from space 5120K, 99% used [0x00000000d8480000,0x00000000d8978208,0x00000000d8980000)
  to   space 5120K, 0% used [0x00000000d7f80000,0x00000000d7f80000,0x00000000d8480000)
 ParOldGen       total 87552K, used 2250K [0x0000000081c00000, 0x0000000087180000, 0x00000000d5f00000)
  object space 87552K, 2% used [0x0000000081c00000,0x0000000081e32848,0x0000000087180000)
 Metaspace       used 12759K, capacity 12948K, committed 13184K, reserved 1060864K
  class space    used 1465K, capacity 1542K, committed 1664K, reserved 1048576K
}
Event: 2.996 GC heap before
{Heap before GC invocations=3 (full 0):
 PSYoungGen      total 38400K, used 38368K [0x00000000d5f00000, 0x00000000d8980000, 0x0000000100000000)
  eden space 33280K, 100% used [0x00000000d5f00000,0x00000000d7f80000,0x00000000d7f80000)
  from space 5120K, 99% used [0x00000000d8480000,0x00000000d8978208,0x00000000d8980000)
  to   space 5120K, 0% used [0x00000000d7f80000,0x00000000d7f80000,0x00000000d8480000)
 ParOldGen       total 87552K, used 2250K [0x0000000081c00000, 0x0000000087180000, 0x00000000d5f00000)
  object space 87552K, 2% used [0x0000000081c00000,0x0000000081e32848,0x0000000087180000)
 Metaspace       used 15850K, capacity 16040K, committed 16256K, reserved 1062912K
  class space    used 1788K, capacity 1876K, committed 1920K, reserved 1048576K
Event: 3.004 GC heap after
Heap after GC invocations=3 (full 0):
 PSYoungGen      total 38400K, used 5104K [0x00000000d5f00000, 0x00000000d8980000, 0x0000000100000000)
  eden space 33280K, 0% used [0x00000000d5f00000,0x00000000d5f00000,0x00000000d7f80000)
  from space 5120K, 99% used [0x00000000d7f80000,0x00000000d847c030,0x00000000d8480000)
  to   space 5120K, 0% used [0x00000000d8480000,0x00000000d8480000,0x00000000d8980000)
 ParOldGen       total 87552K, used 6185K [0x0000000081c00000, 0x0000000087180000, 0x00000000d5f00000)
  object space 87552K, 7% used [0x0000000081c00000,0x000000008220a498,0x0000000087180000)
 Metaspace       used 15850K, capacity 16040K, committed 16256K, reserved 1062912K
  class space    used 1788K, capacity 1876K, committed 1920K, reserved 1048576K
}
Event: 4.453 GC heap before
{Heap before GC invocations=4 (full 0):
 PSYoungGen      total 38400K, used 38384K [0x00000000d5f00000, 0x00000000d8980000, 0x0000000100000000)
  eden space 33280K, 100% used [0x00000000d5f00000,0x00000000d7f80000,0x00000000d7f80000)
  from space 5120K, 99% used [0x00000000d7f80000,0x00000000d847c030,0x00000000d8480000)
  to   space 5120K, 0% used [0x00000000d8480000,0x00000000d8480000,0x00000000d8980000)
 ParOldGen       total 87552K, used 6185K [0x0000000081c00000, 0x0000000087180000, 0x00000000d5f00000)
  object space 87552K, 7% used [0x0000000081c00000,0x000000008220a498,0x0000000087180000)
 Metaspace       used 16147K, capacity 16410K, committed 16768K, reserved 1064960K
  class space    used 1813K, capacity 1911K, committed 1920K, reserved 1048576K
Event: 4.460 GC heap after
Heap after GC invocations=4 (full 0):
 PSYoungGen      total 38400K, used 5088K [0x00000000d5f00000, 0x00000000d8980000, 0x0000000100000000)
  eden space 33280K, 0% used [0x00000000d5f00000,0x00000000d5f00000,0x00000000d7f80000)
  from space 5120K, 99% used [0x00000000d8480000,0x00000000d8978020,0x00000000d8980000)
  to   space 5120K, 0% used [0x00000000d7f80000,0x00000000d7f80000,0x00000000d8480000)
 ParOldGen       total 87552K, used 12340K [0x0000000081c00000, 0x0000000087180000, 0x00000000d5f00000)
  object space 87552K, 14% used [0x0000000081c00000,0x000000008280d238,0x0000000087180000)
 Metaspace       used 16147K, capacity 16410K, committed 16768K, reserved 1064960K
  class space    used 1813K, capacity 1911K, committed 1920K, reserved 1048576K
}
Event: 5.208 GC heap before
{Heap before GC invocations=5 (full 0):
 PSYoungGen      total 38400K, used 38368K [0x00000000d5f00000, 0x00000000d8980000, 0x0000000100000000)
  eden space 33280K, 100% used [0x00000000d5f00000,0x00000000d7f80000,0x00000000d7f80000)
  from space 5120K, 99% used [0x00000000d8480000,0x00000000d8978020,0x00000000d8980000)
  to   space 5120K, 0% used [0x00000000d7f80000,0x00000000d7f80000,0x00000000d8480000)
 ParOldGen       total 87552K, used 12340K [0x0000000081c00000, 0x0000000087180000, 0x00000000d5f00000)
  object space 87552K, 14% used [0x0000000081c00000,0x000000008280d238,0x0000000087180000)
 Metaspace       used 16359K, capacity 16608K, committed 16768K, reserved 1064960K
  class space    used 1814K, capacity 1912K, committed 1920K, reserved 1048576K
Event: 5.218 GC heap after
Heap after GC invocations=5 (full 0):
 PSYoungGen      total 37888K, used 5104K [0x00000000d5f00000, 0x00000000d9800000, 0x0000000100000000)
  eden space 32768K, 0% used [0x00000000d5f00000,0x00000000d5f00000,0x00000000d7f00000)
  from space 5120K, 99% used [0x00000000d7f80000,0x00000000d847c030,0x00000000d8480000)
  to   space 12800K, 0% used [0x00000000d8b80000,0x00000000d8b80000,0x00000000d9800000)
 ParOldGen       total 87552K, used 16508K [0x0000000081c00000, 0x0000000087180000, 0x00000000d5f00000)
  object space 87552K, 18% used [0x0000000081c00000,0x0000000082c1f108,0x0000000087180000)
 Metaspace       used 16359K, capacity 16608K, committed 16768K, reserved 1064960K
  class space    used 1814K, capacity 1912K, committed 1920K, reserved 1048576K
}
Event: 6.748 GC heap before
{Heap before GC invocations=6 (full 0):
 PSYoungGen      total 37888K, used 37872K [0x00000000d5f00000, 0x00000000d9800000, 0x0000000100000000)
  eden space 32768K, 100% used [0x00000000d5f00000,0x00000000d7f00000,0x00000000d7f00000)
  from space 5120K, 99% used [0x00000000d7f80000,0x00000000d847c030,0x00000000d8480000)
  to   space 12800K, 0% used [0x00000000d8b80000,0x00000000d8b80000,0x00000000d9800000)
 ParOldGen       total 87552K, used 16508K [0x0000000081c00000, 0x0000000087180000, 0x00000000d5f00000)
  object space 87552K, 18% used [0x0000000081c00000,0x0000000082c1f108,0x0000000087180000)
 Metaspace       used 16507K, capacity 16754K, committed 17024K, reserved 1064960K
  class space    used 1817K, capacity 1915K, committed 1920K, reserved 1048576K
Event: 6.755 GC heap after
Heap after GC invocations=6 (full 0):
 PSYoungGen      total 45056K, used 10064K [0x00000000d5f00000, 0x00000000d9880000, 0x0000000100000000)
  eden space 32256K, 0% used [0x00000000d5f00000,0x00000000d5f00000,0x00000000d7e80000)
  from space 12800K, 78% used [0x00000000d8b80000,0x00000000d9554030,0x00000000d9800000)
  to   space 13312K, 0% used [0x00000000d7e80000,0x00000000d7e80000,0x00000000d8b80000)
 ParOldGen       total 87552K, used 16516K [0x0000000081c00000, 0x0000000087180000, 0x00000000d5f00000)
  object space 87552K, 18% used [0x0000000081c00000,0x0000000082c21108,0x0000000087180000)
 Metaspace       used 16507K, capacity 16754K, committed 17024K, reserved 1064960K
  class space    used 1817K, capacity 1915K, committed 1920K, reserved 1048576K
}
Event: 7.781 GC heap before
{Heap before GC invocations=7 (full 0):
 PSYoungGen      total 45056K, used 42320K [0x00000000d5f00000, 0x00000000d9880000, 0x0000000100000000)
  eden space 32256K, 100% used [0x00000000d5f00000,0x00000000d7e80000,0x00000000d7e80000)
  from space 12800K, 78% used [0x00000000d8b80000,0x00000000d9554030,0x00000000d9800000)
  to   space 13312K, 0% used [0x00000000d7e80000,0x00000000d7e80000,0x00000000d8b80000)
 ParOldGen       total 87552K, used 16516K [0x0000000081c00000, 0x0000000087180000, 0x00000000d5f00000)
  object space 87552K, 18% used [0x0000000081c00000,0x0000000082c21108,0x0000000087180000)
 Metaspace       used 16612K, capacity 16894K, committed 17024K, reserved 1064960K
  class space    used 1818K, capacity 1917K, committed 1920K, reserved 1048576K
Event: 7.790 GC heap after
Heap after GC invocations=7 (full 0):
 PSYoungGen      total 45056K, used 13216K [0x00000000d5f00000, 0x00000000d9b00000, 0x0000000100000000)
  eden space 31744K, 0% used [0x00000000d5f00000,0x00000000d5f00000,0x00000000d7e00000)
  from space 13312K, 99% used [0x00000000d7e80000,0x00000000d8b68000,0x00000000d8b80000)
  to   space 14848K, 0% used [0x00000000d8c80000,0x00000000d8c80000,0x00000000d9b00000)
 ParOldGen       total 87552K, used 18222K [0x0000000081c00000, 0x0000000087180000, 0x00000000d5f00000)
  object space 87552K, 20% used [0x0000000081c00000,0x0000000082dcb9c8,0x0000000087180000)
 Metaspace       used 16612K, capacity 16894K, committed 17024K, reserved 1064960K
  class space    used 1818K, capacity 1917K, committed 1920K, reserved 1048576K
}
Event: 8.695 GC heap before
{Heap before GC invocations=8 (full 0):
 PSYoungGen      total 45056K, used 44960K [0x00000000d5f00000, 0x00000000d9b00000, 0x0000000100000000)
  eden space 31744K, 100% used [0x00000000d5f00000,0x00000000d7e00000,0x00000000d7e00000)
  from space 13312K, 99% used [0x00000000d7e80000,0x00000000d8b68000,0x00000000d8b80000)
  to   space 14848K, 0% used [0x00000000d8c80000,0x00000000d8c80000,0x00000000d9b00000)
 ParOldGen       total 87552K, used 18222K [0x0000000081c00000, 0x0000000087180000, 0x00000000d5f00000)
  object space 87552K, 20% used [0x0000000081c00000,0x0000000082dcb9c8,0x0000000087180000)
 Metaspace       used 16747K, capacity 17028K, committed 17280K, reserved 1064960K
  class space    used 1818K, capacity 1918K, committed 1920K, reserved 1048576K
Event: 8.709 GC heap after
Heap after GC invocations=8 (full 0):
 PSYoungGen      total 43008K, used 14832K [0x00000000d5f00000, 0x00000000da180000, 0x0000000100000000)
  eden space 28160K, 0% used [0x00000000d5f00000,0x00000000d5f00000,0x00000000d7a80000)
  from space 14848K, 99% used [0x00000000d8c80000,0x00000000d9afc010,0x00000000d9b00000)
  to   space 18432K, 0% used [0x00000000d7a80000,0x00000000d7a80000,0x00000000d8c80000)
 ParOldGen       total 87552K, used 22141K [0x0000000081c00000, 0x0000000087180000, 0x00000000d5f00000)
  object space 87552K, 25% used [0x0000000081c00000,0x000000008319f788,0x0000000087180000)
 Metaspace       used 16747K, capacity 17028K, committed 17280K, reserved 1064960K
  class space    used 1818K, capacity 1918K, committed 1920K, reserved 1048576K
}
Event: 9.685 GC heap before
{Heap before GC invocations=9 (full 0):
 PSYoungGen      total 43008K, used 42992K [0x00000000d5f00000, 0x00000000da180000, 0x0000000100000000)
  eden space 28160K, 100% used [0x00000000d5f00000,0x00000000d7a80000,0x00000000d7a80000)
  from space 14848K, 99% used [0x00000000d8c80000,0x00000000d9afc010,0x00000000d9b00000)
  to   space 18432K, 0% used [0x00000000d7a80000,0x00000000d7a80000,0x00000000d8c80000)
 ParOldGen       total 87552K, used 22141K [0x0000000081c00000, 0x0000000087180000, 0x00000000d5f00000)
  object space 87552K, 25% used [0x0000000081c00000,0x000000008319f788,0x0000000087180000)
 Metaspace       used 16996K, capacity 17290K, committed 17536K, reserved 1064960K
  class space    used 1833K, capacity 1919K, committed 1920K, reserved 1048576K
Event: 9.696 GC heap after
Heap after GC invocations=9 (full 0):
 PSYoungGen      total 46592K, used 12416K [0x00000000d5f00000, 0x00000000daf00000, 0x0000000100000000)
  eden space 28160K, 0% used [0x00000000d5f00000,0x00000000d5f00000,0x00000000d7a80000)
  from space 18432K, 67% used [0x00000000d7a80000,0x00000000d86a0000,0x00000000d8c80000)
  to   space 18432K, 0% used [0x00000000d9d00000,0x00000000d9d00000,0x00000000daf00000)
 ParOldGen       total 87552K, used 26325K [0x0000000081c00000, 0x0000000087180000, 0x00000000d5f00000)
  object space 87552K, 30% used [0x0000000081c00000,0x00000000835b5648,0x0000000087180000)
 Metaspace       used 16996K, capacity 17290K, committed 17536K, reserved 1064960K
  class space    used 1833K, capacity 1919K, committed 1920K, reserved 1048576K
}
Event: 13.988 GC heap before
{Heap before GC invocations=10 (full 0):
 PSYoungGen      total 46592K, used 40576K [0x00000000d5f00000, 0x00000000daf00000, 0x0000000100000000)
  eden space 28160K, 100% used [0x00000000d5f00000,0x00000000d7a80000,0x00000000d7a80000)
  from space 18432K, 67% used [0x00000000d7a80000,0x00000000d86a0000,0x00000000d8c80000)
  to   space 18432K, 0% used [0x00000000d9d00000,0x00000000d9d00000,0x00000000daf00000)
 ParOldGen       total 87552K, used 26325K [0x0000000081c00000, 0x0000000087180000, 0x00000000d5f00000)
  object space 87552K, 30% used [0x0000000081c00000,0x00000000835b5648,0x0000000087180000)
 Metaspace       used 17770K, capacity 18126K, committed 18432K, reserved 1064960K
  class space    used 1909K, capacity 2025K, committed 2048K, reserved 1048576K
Event: 13.999 GC heap after
Heap after GC invocations=10 (full 0):
 PSYoungGen      total 33792K, used 6035K [0x00000000d5f00000, 0x00000000da300000, 0x0000000100000000)
  eden space 27648K, 0% used [0x00000000d5f00000,0x00000000d5f00000,0x00000000d7a00000)
  from space 6144K, 98% used [0x00000000d9d00000,0x00000000da2e4fe0,0x00000000da300000)
  to   space 18432K, 0% used [0x00000000d7f00000,0x00000000d7f00000,0x00000000d9100000)
 ParOldGen       total 87552K, used 34571K [0x0000000081c00000, 0x0000000087180000, 0x00000000d5f00000)
  object space 87552K, 39% used [0x0000000081c00000,0x0000000083dc2e00,0x0000000087180000)
 Metaspace       used 17770K, capacity 18126K, committed 18432K, reserved 1064960K
  class space    used 1909K, capacity 2025K, committed 2048K, reserved 1048576K
}
Event: 15.958 GC heap before
{Heap before GC invocations=11 (full 0):
 PSYoungGen      total 33792K, used 33683K [0x00000000d5f00000, 0x00000000da300000, 0x0000000100000000)
  eden space 27648K, 100% used [0x00000000d5f00000,0x00000000d7a00000,0x00000000d7a00000)
  from space 6144K, 98% used [0x00000000d9d00000,0x00000000da2e4fe0,0x00000000da300000)
  to   space 18432K, 0% used [0x00000000d7f00000,0x00000000d7f00000,0x00000000d9100000)
 ParOldGen       total 87552K, used 34571K [0x0000000081c00000, 0x0000000087180000, 0x00000000d5f00000)
  object space 87552K, 39% used [0x0000000081c00000,0x0000000083dc2e00,0x0000000087180000)
 Metaspace       used 18223K, capacity 18686K, committed 19072K, reserved 1067008K
  class space    used 1943K, capacity 2065K, committed 2176K, reserved 1048576K
Event: 15.965 GC heap after
Heap after GC invocations=11 (full 0):
 PSYoungGen      total 30208K, used 2635K [0x00000000d5f00000, 0x00000000d9e80000, 0x0000000100000000)
  eden space 27136K, 0% used [0x00000000d5f00000,0x00000000d5f00000,0x00000000d7980000)
  from space 3072K, 85% used [0x00000000d7f00000,0x00000000d8192db0,0x00000000d8200000)
  to   space 18944K, 0% used [0x00000000d8c00000,0x00000000d8c00000,0x00000000d9e80000)
 ParOldGen       total 87552K, used 39774K [0x0000000081c00000, 0x0000000087180000, 0x00000000d5f00000)
  object space 87552K, 45% used [0x0000000081c00000,0x00000000842d7860,0x0000000087180000)
 Metaspace       used 18223K, capacity 18686K, committed 19072K, reserved 1067008K
  class space    used 1943K, capacity 2065K, committed 2176K, reserved 1048576K
}
Event: 17.917 GC heap before
{Heap before GC invocations=12 (full 0):
 PSYoungGen      total 30208K, used 29771K [0x00000000d5f00000, 0x00000000d9e80000, 0x0000000100000000)
  eden space 27136K, 100% used [0x00000000d5f00000,0x00000000d7980000,0x00000000d7980000)
  from space 3072K, 85% used [0x00000000d7f00000,0x00000000d8192db0,0x00000000d8200000)
  to   space 18944K, 0% used [0x00000000d8c00000,0x00000000d8c00000,0x00000000d9e80000)
 ParOldGen       total 87552K, used 39774K [0x0000000081c00000, 0x0000000087180000, 0x00000000d5f00000)
  object space 87552K, 45% used [0x0000000081c00000,0x00000000842d7860,0x0000000087180000)
 Metaspace       used 18337K, capacity 18774K, committed 19072K, reserved 1067008K
  class space    used 1950K, capacity 2073K, committed 2176K, reserved 1048576K
Event: 17.922 GC heap after
Heap after GC invocations=12 (full 0):
 PSYoungGen      total 45056K, used 1767K [0x00000000d5f00000, 0x00000000d9e00000, 0x0000000100000000)
  eden space 26624K, 0% used [0x00000000d5f00000,0x00000000d5f00000,0x00000000d7900000)
  from space 18432K, 9% used [0x00000000d8c00000,0x00000000d8db9d68,0x00000000d9e00000)
  to   space 18944K, 0% used [0x00000000d7900000,0x00000000d7900000,0x00000000d8b80000)
 ParOldGen       total 87552K, used 41334K [0x0000000081c00000, 0x0000000087180000, 0x00000000d5f00000)
  object space 87552K, 47% used [0x0000000081c00000,0x000000008445d860,0x0000000087180000)
 Metaspace       used 18337K, capacity 18774K, committed 19072K, reserved 1067008K
  class space    used 1950K, capacity 2073K, committed 2176K, reserved 1048576K
}
Event: 18.934 GC heap before
{Heap before GC invocations=13 (full 0):
 PSYoungGen      total 45056K, used 27993K [0x00000000d5f00000, 0x00000000d9e00000, 0x0000000100000000)
  eden space 26624K, 98% used [0x00000000d5f00000,0x00000000d789c968,0x00000000d7900000)
  from space 18432K, 9% used [0x00000000d8c00000,0x00000000d8db9d68,0x00000000d9e00000)
  to   space 18944K, 0% used [0x00000000d7900000,0x00000000d7900000,0x00000000d8b80000)
 ParOldGen       total 87552K, used 41334K [0x0000000081c00000, 0x0000000087180000, 0x00000000d5f00000)
  object space 87552K, 47% used [0x0000000081c00000,0x000000008445d860,0x0000000087180000)
 Metaspace       used 20665K, capacity 21212K, committed 21296K, reserved 1069056K
  class space    used 2254K, capacity 2420K, committed 2432K, reserved 1048576K
Event: 18.939 GC heap after
Heap after GC invocations=13 (full 0):
 PSYoungGen      total 29184K, used 2978K [0x00000000d5f00000, 0x00000000d9d80000, 0x0000000100000000)
  eden space 26112K, 0% used [0x00000000d5f00000,0x00000000d5f00000,0x00000000d7880000)
  from space 3072K, 96% used [0x00000000d7900000,0x00000000d7be8890,0x00000000d7c00000)
  to   space 18944K, 0% used [0x00000000d8b00000,0x00000000d8b00000,0x00000000d9d80000)
 ParOldGen       total 87552K, used 42577K [0x0000000081c00000, 0x0000000087180000, 0x00000000d5f00000)
  object space 87552K, 48% used [0x0000000081c00000,0x0000000084594710,0x0000000087180000)
 Metaspace       used 20665K, capacity 21212K, committed 21296K, reserved 1069056K
  class space    used 2254K, capacity 2420K, committed 2432K, reserved 1048576K
}
Event: 18.939 GC heap before
{Heap before GC invocations=14 (full 1):
 PSYoungGen      total 29184K, used 2978K [0x00000000d5f00000, 0x00000000d9d80000, 0x0000000100000000)
  eden space 26112K, 0% used [0x00000000d5f00000,0x00000000d5f00000,0x00000000d7880000)
  from space 3072K, 96% used [0x00000000d7900000,0x00000000d7be8890,0x00000000d7c00000)
  to   space 18944K, 0% used [0x00000000d8b00000,0x00000000d8b00000,0x00000000d9d80000)
 ParOldGen       total 87552K, used 42577K [0x0000000081c00000, 0x0000000087180000, 0x00000000d5f00000)
  object space 87552K, 48% used [0x0000000081c00000,0x0000000084594710,0x0000000087180000)
 Metaspace       used 20665K, capacity 21212K, committed 21296K, reserved 1069056K
  class space    used 2254K, capacity 2420K, committed 2432K, reserved 1048576K
Event: 19.054 GC heap after
Heap after GC invocations=14 (full 1):
 PSYoungGen      total 29184K, used 0K [0x00000000d5f00000, 0x00000000d9d80000, 0x0000000100000000)
  eden space 26112K, 0% used [0x00000000d5f00000,0x00000000d5f00000,0x00000000d7880000)
  from space 3072K, 0% used [0x00000000d7900000,0x00000000d7900000,0x00000000d7c00000)
  to   space 18944K, 0% used [0x00000000d8b00000,0x00000000d8b00000,0x00000000d9d80000)
 ParOldGen       total 97792K, used 38109K [0x0000000081c00000, 0x0000000087b80000, 0x00000000d5f00000)
  object space 97792K, 38% used [0x0000000081c00000,0x00000000841375d0,0x0000000087b80000)
 Metaspace       used 20665K, capacity 21212K, committed 21296K, reserved 1069056K
  class space    used 2254K, capacity 2420K, committed 2432K, reserved 1048576K
}
Event: 19.680 GC heap before
{Heap before GC invocations=15 (full 1):
 PSYoungGen      total 29184K, used 26112K [0x00000000d5f00000, 0x00000000d9d80000, 0x0000000100000000)
  eden space 26112K, 100% used [0x00000000d5f00000,0x00000000d7880000,0x00000000d7880000)
  from space 3072K, 0% used [0x00000000d7900000,0x00000000d7900000,0x00000000d7c00000)
  to   space 18944K, 0% used [0x00000000d8b00000,0x00000000d8b00000,0x00000000d9d80000)
 ParOldGen       total 97792K, used 38109K [0x0000000081c00000, 0x0000000087b80000, 0x00000000d5f00000)
  object space 97792K, 38% used [0x0000000081c00000,0x00000000841375d0,0x0000000087b80000)
 Metaspace       used 22868K, capacity 23474K, committed 23808K, reserved 1071104K
  class space    used 2561K, capacity 2751K, committed 2816K, reserved 1048576K
Event: 19.682 GC heap after
Heap after GC invocations=15 (full 1):
 PSYoungGen      total 45056K, used 2937K [0x00000000d5f00000, 0x00000000da480000, 0x0000000100000000)
  eden space 26112K, 0% used [0x00000000d5f00000,0x00000000d5f00000,0x00000000d7880000)
  from space 18944K, 15% used [0x00000000d8b00000,0x00000000d8dde768,0x00000000d9d80000)
  to   space 18944K, 0% used [0x00000000d7880000,0x00000000d7880000,0x00000000d8b00000)
 ParOldGen       total 97792K, used 38117K [0x0000000081c00000, 0x0000000087b80000, 0x00000000d5f00000)
  object space 97792K, 38% used [0x0000000081c00000,0x00000000841395d0,0x0000000087b80000)
 Metaspace       used 22868K, capacity 23474K, committed 23808K, reserved 1071104K
  class space    used 2561K, capacity 2751K, committed 2816K, reserved 1048576K
}
Event: 20.029 GC heap before
{Heap before GC invocations=16 (full 1):
 PSYoungGen      total 45056K, used 29049K [0x00000000d5f00000, 0x00000000da480000, 0x0000000100000000)
  eden space 26112K, 100% used [0x00000000d5f00000,0x00000000d7880000,0x00000000d7880000)
  from space 18944K, 15% used [0x00000000d8b00000,0x00000000d8dde768,0x00000000d9d80000)
  to   space 18944K, 0% used [0x00000000d7880000,0x00000000d7880000,0x00000000d8b00000)
 ParOldGen       total 97792K, used 38117K [0x0000000081c00000, 0x0000000087b80000, 0x00000000d5f00000)
  object space 97792K, 38% used [0x0000000081c00000,0x00000000841395d0,0x0000000087b80000)
 Metaspace       used 24845K, capacity 25508K, committed 25856K, reserved 1073152K
  class space    used 2859K, capacity 3042K, committed 3072K, reserved 1048576K
Event: 20.031 GC heap after
Heap after GC invocations=16 (full 1):
 PSYoungGen      total 45056K, used 3497K [0x00000000d5f00000, 0x00000000da400000, 0x0000000100000000)
  eden space 26112K, 0% used [0x00000000d5f00000,0x00000000d5f00000,0x00000000d7880000)
  from space 18944K, 18% used [0x00000000d7880000,0x00000000d7bea5e0,0x00000000d8b00000)
  to   space 18432K, 0% used [0x00000000d9200000,0x00000000d9200000,0x00000000da400000)
 ParOldGen       total 97792K, used 38125K [0x0000000081c00000, 0x0000000087b80000, 0x00000000d5f00000)
  object space 97792K, 38% used [0x0000000081c00000,0x000000008413b5d0,0x0000000087b80000)
 Metaspace       used 24845K, capacity 25508K, committed 25856K, reserved 1073152K
  class space    used 2859K, capacity 3042K, committed 3072K, reserved 1048576K
}
Event: 20.313 GC heap before
{Heap before GC invocations=17 (full 1):
 PSYoungGen      total 45056K, used 29609K [0x00000000d5f00000, 0x00000000da400000, 0x0000000100000000)
  eden space 26112K, 100% used [0x00000000d5f00000,0x00000000d7880000,0x00000000d7880000)
  from space 18944K, 18% used [0x00000000d7880000,0x00000000d7bea5e0,0x00000000d8b00000)
  to   space 18432K, 0% used [0x00000000d9200000,0x00000000d9200000,0x00000000da400000)
 ParOldGen       total 97792K, used 38125K [0x0000000081c00000, 0x0000000087b80000, 0x00000000d5f00000)
  object space 97792K, 38% used [0x0000000081c00000,0x000000008413b5d0,0x0000000087b80000)
 Metaspace       used 27190K, capacity 27812K, committed 28160K, reserved 1075200K
  class space    used 3134K, capacity 3298K, committed 3328K, reserved 1048576K
Event: 20.320 GC heap after
Heap after GC invocations=17 (full 1):
 PSYoungGen      total 53248K, used 6259K [0x00000000d5f00000, 0x00000000da480000, 0x0000000100000000)
  eden space 34816K, 0% used [0x00000000d5f00000,0x00000000d5f00000,0x00000000d8100000)
  from space 18432K, 33% used [0x00000000d9200000,0x00000000d981ccb8,0x00000000da400000)
  to   space 17408K, 0% used [0x00000000d8100000,0x00000000d8100000,0x00000000d9200000)
 ParOldGen       total 97792K, used 38133K [0x0000000081c00000, 0x0000000087b80000, 0x00000000d5f00000)
  object space 97792K, 38% used [0x0000000081c00000,0x000000008413d5d0,0x0000000087b80000)
 Metaspace       used 27190K, capacity 27812K, committed 28160K, reserved 1075200K
  class space    used 3134K, capacity 3298K, committed 3328K, reserved 1048576K
}
Event: 20.680 GC heap before
{Heap before GC invocations=18 (full 1):
 PSYoungGen      total 53248K, used 41075K [0x00000000d5f00000, 0x00000000da480000, 0x0000000100000000)
  eden space 34816K, 100% used [0x00000000d5f00000,0x00000000d8100000,0x00000000d8100000)
  from space 18432K, 33% used [0x00000000d9200000,0x00000000d981ccb8,0x00000000da400000)
  to   space 17408K, 0% used [0x00000000d8100000,0x00000000d8100000,0x00000000d9200000)
 ParOldGen       total 97792K, used 38133K [0x0000000081c00000, 0x0000000087b80000, 0x00000000d5f00000)
  object space 97792K, 38% used [0x0000000081c00000,0x000000008413d5d0,0x0000000087b80000)
 Metaspace       used 30093K, capacity 30760K, committed 31104K, reserved 1077248K
  class space    used 3465K, capacity 3656K, committed 3712K, reserved 1048576K
Event: 20.685 GC heap after
Heap after GC invocations=18 (full 1):
 PSYoungGen      total 52224K, used 7226K [0x00000000d5f00000, 0x00000000daa80000, 0x0000000100000000)
  eden space 34816K, 0% used [0x00000000d5f00000,0x00000000d5f00000,0x00000000d8100000)
  from space 17408K, 41% used [0x00000000d8100000,0x00000000d880eb00,0x00000000d9200000)
  to   space 16384K, 0% used [0x00000000d9a80000,0x00000000d9a80000,0x00000000daa80000)
 ParOldGen       total 97792K, used 39603K [0x0000000081c00000, 0x0000000087b80000, 0x00000000d5f00000)
  object space 97792K, 40% used [0x0000000081c00000,0x00000000842acfb8,0x0000000087b80000)
 Metaspace       used 30093K, capacity 30760K, committed 31104K, reserved 1077248K
  class space    used 3465K, capacity 3656K, committed 3712K, reserved 1048576K
}
Event: 20.860 GC heap before
{Heap before GC invocations=19 (full 1):
 PSYoungGen      total 52224K, used 42042K [0x00000000d5f00000, 0x00000000daa80000, 0x0000000100000000)
  eden space 34816K, 100% used [0x00000000d5f00000,0x00000000d8100000,0x00000000d8100000)
  from space 17408K, 41% used [0x00000000d8100000,0x00000000d880eb00,0x00000000d9200000)
  to   space 16384K, 0% used [0x00000000d9a80000,0x00000000d9a80000,0x00000000daa80000)
 ParOldGen       total 97792K, used 39603K [0x0000000081c00000, 0x0000000087b80000, 0x00000000d5f00000)
  object space 97792K, 40% used [0x0000000081c00000,0x00000000842acfb8,0x0000000087b80000)
 Metaspace       used 31993K, capacity 32648K, committed 33024K, reserved 1079296K
  class space    used 3638K, capacity 3816K, committed 3840K, reserved 1048576K
Event: 20.864 GC heap after
Heap after GC invocations=19 (full 1):
 PSYoungGen      total 60928K, used 2997K [0x00000000d5f00000, 0x00000000dab00000, 0x0000000100000000)
  eden space 44544K, 0% used [0x00000000d5f00000,0x00000000d5f00000,0x00000000d8a80000)
  from space 16384K, 18% used [0x00000000d9a80000,0x00000000d9d6d520,0x00000000daa80000)
  to   space 16384K, 0% used [0x00000000d8a80000,0x00000000d8a80000,0x00000000d9a80000)
 ParOldGen       total 97792K, used 44118K [0x0000000081c00000, 0x0000000087b80000, 0x00000000d5f00000)
  object space 97792K, 45% used [0x0000000081c00000,0x0000000084715b98,0x0000000087b80000)
 Metaspace       used 31993K, capacity 32648K, committed 33024K, reserved 1079296K
  class space    used 3638K, capacity 3816K, committed 3840K, reserved 1048576K
}
Event: 21.077 GC heap before
{Heap before GC invocations=20 (full 1):
 PSYoungGen      total 60928K, used 47541K [0x00000000d5f00000, 0x00000000dab00000, 0x0000000100000000)
  eden space 44544K, 100% used [0x00000000d5f00000,0x00000000d8a80000,0x00000000d8a80000)
  from space 16384K, 18% used [0x00000000d9a80000,0x00000000d9d6d520,0x00000000daa80000)
  to   space 16384K, 0% used [0x00000000d8a80000,0x00000000d8a80000,0x00000000d9a80000)
 ParOldGen       total 97792K, used 44118K [0x0000000081c00000, 0x0000000087b80000, 0x00000000d5f00000)
  object space 97792K, 45% used [0x0000000081c00000,0x0000000084715b98,0x0000000087b80000)
 Metaspace       used 34131K, capacity 34790K, committed 35072K, reserved 1081344K
  class space    used 3907K, capacity 4077K, committed 4096K, reserved 1048576K
Event: 21.089 GC heap after
Heap after GC invocations=20 (full 1):
 PSYoungGen      total 60928K, used 3541K [0x00000000d5f00000, 0x00000000db800000, 0x0000000100000000)
  eden space 44544K, 0% used [0x00000000d5f00000,0x00000000d5f00000,0x00000000d8a80000)
  from space 16384K, 21% used [0x00000000d8a80000,0x00000000d8df5408,0x00000000d9a80000)
  to   space 15872K, 0% used [0x00000000da880000,0x00000000da880000,0x00000000db800000)
 ParOldGen       total 97792K, used 44870K [0x0000000081c00000, 0x0000000087b80000, 0x00000000d5f00000)
  object space 97792K, 45% used [0x0000000081c00000,0x00000000847d1b98,0x0000000087b80000)
 Metaspace       used 34131K, capacity 34790K, committed 35072K, reserved 1081344K
  class space    used 3907K, capacity 4077K, committed 4096K, reserved 1048576K
}
Event: 21.153 GC heap before
{Heap before GC invocations=21 (full 1):
 PSYoungGen      total 60928K, used 12817K [0x00000000d5f00000, 0x00000000db800000, 0x0000000100000000)
  eden space 44544K, 20% used [0x00000000d5f00000,0x00000000d680f310,0x00000000d8a80000)
  from space 16384K, 21% used [0x00000000d8a80000,0x00000000d8df5408,0x00000000d9a80000)
  to   space 15872K, 0% used [0x00000000da880000,0x00000000da880000,0x00000000db800000)
 ParOldGen       total 97792K, used 44870K [0x0000000081c00000, 0x0000000087b80000, 0x00000000d5f00000)
  object space 97792K, 45% used [0x0000000081c00000,0x00000000847d1b98,0x0000000087b80000)
 Metaspace       used 34452K, capacity 35110K, committed 35456K, reserved 1081344K
  class space    used 3957K, capacity 4141K, committed 4224K, reserved 1048576K
Event: 21.156 GC heap after
Heap after GC invocations=21 (full 1):
 PSYoungGen      total 75264K, used 509K [0x00000000d5f00000, 0x00000000db880000, 0x0000000100000000)
  eden space 59392K, 0% used [0x00000000d5f00000,0x00000000d5f00000,0x00000000d9900000)
  from space 15872K, 3% used [0x00000000da880000,0x00000000da8ff490,0x00000000db800000)
  to   space 15872K, 0% used [0x00000000d9900000,0x00000000d9900000,0x00000000da880000)
 ParOldGen       total 97792K, used 45906K [0x0000000081c00000, 0x0000000087b80000, 0x00000000d5f00000)
  object space 97792K, 46% used [0x0000000081c00000,0x00000000848d4990,0x0000000087b80000)
 Metaspace       used 34452K, capacity 35110K, committed 35456K, reserved 1081344K
  class space    used 3957K, capacity 4141K, committed 4224K, reserved 1048576K
}
Event: 21.156 GC heap before
{Heap before GC invocations=22 (full 2):
 PSYoungGen      total 75264K, used 509K [0x00000000d5f00000, 0x00000000db880000, 0x0000000100000000)
  eden space 59392K, 0% used [0x00000000d5f00000,0x00000000d5f00000,0x00000000d9900000)
  from space 15872K, 3% used [0x00000000da880000,0x00000000da8ff490,0x00000000db800000)
  to   space 15872K, 0% used [0x00000000d9900000,0x00000000d9900000,0x00000000da880000)
 ParOldGen       total 97792K, used 45906K [0x0000000081c00000, 0x0000000087b80000, 0x00000000d5f00000)
  object space 97792K, 46% used [0x0000000081c00000,0x00000000848d4990,0x0000000087b80000)
 Metaspace       used 34452K, capacity 35110K, committed 35456K, reserved 1081344K
  class space    used 3957K, capacity 4141K, committed 4224K, reserved 1048576K
Event: 21.254 GC heap after
Heap after GC invocations=22 (full 2):
 PSYoungGen      total 75264K, used 0K [0x00000000d5f00000, 0x00000000db880000, 0x0000000100000000)
  eden space 59392K, 0% used [0x00000000d5f00000,0x00000000d5f00000,0x00000000d9900000)
  from space 15872K, 0% used [0x00000000da880000,0x00000000da880000,0x00000000db800000)
  to   space 15872K, 0% used [0x00000000d9900000,0x00000000d9900000,0x00000000da880000)
 ParOldGen       total 97792K, used 44245K [0x0000000081c00000, 0x0000000087b80000, 0x00000000d5f00000)
  object space 97792K, 45% used [0x0000000081c00000,0x00000000847354d8,0x0000000087b80000)
 Metaspace       used 34452K, capacity 35110K, committed 35456K, reserved 1081344K
  class space    used 3957K, capacity 4141K, committed 4224K, reserved 1048576K
}
Event: 21.780 GC heap before
{Heap before GC invocations=23 (full 2):
 PSYoungGen      total 75264K, used 59392K [0x00000000d5f00000, 0x00000000db880000, 0x0000000100000000)
  eden space 59392K, 100% used [0x00000000d5f00000,0x00000000d9900000,0x00000000d9900000)
  from space 15872K, 0% used [0x00000000da880000,0x00000000da880000,0x00000000db800000)
  to   space 15872K, 0% used [0x00000000d9900000,0x00000000d9900000,0x00000000da880000)
 ParOldGen       total 97792K, used 44245K [0x0000000081c00000, 0x0000000087b80000, 0x00000000d5f00000)
  object space 97792K, 45% used [0x0000000081c00000,0x00000000847354d8,0x0000000087b80000)
 Metaspace       used 38819K, capacity 39544K, committed 39808K, reserved 1085440K
  class space    used 4512K, capacity 4719K, committed 4736K, reserved 1048576K
Event: 21.785 GC heap after
Heap after GC invocations=23 (full 2):
 PSYoungGen      total 75264K, used 5500K [0x00000000d5f00000, 0x00000000dc180000, 0x0000000100000000)
  eden space 59392K, 0% used [0x00000000d5f00000,0x00000000d5f00000,0x00000000d9900000)
  from space 15872K, 34% used [0x00000000d9900000,0x00000000d9e5f060,0x00000000da880000)
  to   space 14848K, 0% used [0x00000000db300000,0x00000000db300000,0x00000000dc180000)
 ParOldGen       total 97792K, used 44253K [0x0000000081c00000, 0x0000000087b80000, 0x00000000d5f00000)
  object space 97792K, 45% used [0x0000000081c00000,0x00000000847374d8,0x0000000087b80000)
 Metaspace       used 38819K, capacity 39544K, committed 39808K, reserved 1085440K
  class space    used 4512K, capacity 4719K, committed 4736K, reserved 1048576K
}
Event: 22.845 GC heap before
{Heap before GC invocations=24 (full 2):
 PSYoungGen      total 75264K, used 64892K [0x00000000d5f00000, 0x00000000dc180000, 0x0000000100000000)
  eden space 59392K, 100% used [0x00000000d5f00000,0x00000000d9900000,0x00000000d9900000)
  from space 15872K, 34% used [0x00000000d9900000,0x00000000d9e5f060,0x00000000da880000)
  to   space 14848K, 0% used [0x00000000db300000,0x00000000db300000,0x00000000dc180000)
 ParOldGen       total 97792K, used 44253K [0x0000000081c00000, 0x0000000087b80000, 0x00000000d5f00000)
  object space 97792K, 45% used [0x0000000081c00000,0x00000000847374d8,0x0000000087b80000)
 Metaspace       used 45107K, capacity 45958K, committed 46208K, reserved 1089536K
  class space    used 5400K, capacity 5643K, committed 5760K, reserved 1048576K
Event: 22.853 GC heap after
Heap after GC invocations=24 (full 2):
 PSYoungGen      total 84992K, used 9292K [0x00000000d5f00000, 0x00000000dc180000, 0x0000000100000000)
  eden space 70144K, 0% used [0x00000000d5f00000,0x00000000d5f00000,0x00000000da380000)
  from space 14848K, 62% used [0x00000000db300000,0x00000000dbc132a0,0x00000000dc180000)
  to   space 15360K, 0% used [0x00000000da380000,0x00000000da380000,0x00000000db280000)
 ParOldGen       total 97792K, used 46836K [0x0000000081c00000, 0x0000000087b80000, 0x00000000d5f00000)
  object space 97792K, 47% used [0x0000000081c00000,0x00000000849bd260,0x0000000087b80000)
 Metaspace       used 45107K, capacity 45958K, committed 46208K, reserved 1089536K
  class space    used 5400K, capacity 5643K, committed 5760K, reserved 1048576K
}
Event: 23.505 GC heap before
{Heap before GC invocations=25 (full 2):
 PSYoungGen      total 84992K, used 79436K [0x00000000d5f00000, 0x00000000dc180000, 0x0000000100000000)
  eden space 70144K, 100% used [0x00000000d5f00000,0x00000000da380000,0x00000000da380000)
  from space 14848K, 62% used [0x00000000db300000,0x00000000dbc132a0,0x00000000dc180000)
  to   space 15360K, 0% used [0x00000000da380000,0x00000000da380000,0x00000000db280000)
 ParOldGen       total 97792K, used 46836K [0x0000000081c00000, 0x0000000087b80000, 0x00000000d5f00000)
  object space 97792K, 47% used [0x0000000081c00000,0x00000000849bd260,0x0000000087b80000)
 Metaspace       used 48104K, capacity 49076K, committed 49408K, reserved 1093632K
  class space    used 5794K, capacity 6056K, committed 6144K, reserved 1048576K
Event: 23.516 GC heap after
Heap after GC invocations=25 (full 2):
 PSYoungGen      total 85504K, used 11805K [0x00000000d5f00000, 0x00000000dc180000, 0x0000000100000000)
  eden space 70144K, 0% used [0x00000000d5f00000,0x00000000d5f00000,0x00000000da380000)
  from space 15360K, 76% used [0x00000000da380000,0x00000000daf07600,0x00000000db280000)
  to   space 14848K, 0% used [0x00000000db300000,0x00000000db300000,0x00000000dc180000)
 ParOldGen       total 97792K, used 46844K [0x0000000081c00000, 0x0000000087b80000, 0x00000000d5f00000)
  object space 97792K, 47% used [0x0000000081c00000,0x00000000849bf260,0x0000000087b80000)
 Metaspace       used 48104K, capacity 49076K, committed 49408K, reserved 1093632K
  class space    used 5794K, capacity 6056K, committed 6144K, reserved 1048576K
}

