# JRE version: OpenJDK Runtime Environment (8.0_232-b09) (build 1.8.0_232-b09)
# Java VM: OpenJDK 64-Bit Server VM (25.232-b09 mixed mode windows-amd64 compressed oops)
Heap:
 PSYoungGen      total 372736K, used 99079K [0x00000000d5f00000, 0x00000000eed80000, 0x0000000100000000)
  eden space 342528K, 28% used [0x00000000d5f00000,0x00000000dbfc1ef8,0x00000000ead80000)
  from space 30208K, 0% used [0x00000000eaf80000,0x00000000eaf80000,0x00000000ecd00000)
  to   space 32768K, 0% used [0x00000000ecd80000,0x00000000ecd80000,0x00000000eed80000)
 ParOldGen       total 93184K, used 68211K [0x0000000081c00000, 0x0000000087700000, 0x00000000d5f00000)
  object space 93184K, 73% used [0x0000000081c00000,0x0000000085e9cda0,0x0000000087700000)
 Metaspace       used 58947K, capacity 59922K, committed 60248K, reserved 1101824K
  class space    used 7109K, capacity 7393K, committed 7424K, reserved 1048576K
GC Heap History (28 events):
Event: 1.870 GC heap before
{Heap before GC invocations=1 (full 0):
 PSYoungGen      total 38400K, used 33280K [0x00000000d5f00000, 0x00000000d8980000, 0x0000000100000000)
  eden space 33280K, 100% used [0x00000000d5f00000,0x00000000d7f80000,0x00000000d7f80000)
  from space 5120K, 0% used [0x00000000d8480000,0x00000000d8480000,0x00000000d8980000)
  to   space 5120K, 0% used [0x00000000d7f80000,0x00000000d7f80000,0x00000000d8480000)
 ParOldGen       total 87552K, used 0K [0x0000000081c00000, 0x0000000087180000, 0x00000000d5f00000)
  object space 87552K, 0% used [0x0000000081c00000,0x0000000081c00000,0x0000000087180000)
 Metaspace       used 9087K, capacity 9244K, committed 9344K, reserved 1056768K
  class space    used 1006K, capacity 1080K, committed 1152K, reserved 1048576K
Event: 1.873 GC heap after
Heap after GC invocations=1 (full 0):
 PSYoungGen      total 38400K, used 5098K [0x00000000d5f00000, 0x00000000d8980000, 0x0000000100000000)
  eden space 33280K, 0% used [0x00000000d5f00000,0x00000000d5f00000,0x00000000d7f80000)
  from space 5120K, 99% used [0x00000000d7f80000,0x00000000d847a830,0x00000000d8480000)
  to   space 5120K, 0% used [0x00000000d8480000,0x00000000d8480000,0x00000000d8980000)
 ParOldGen       total 87552K, used 53K [0x0000000081c00000, 0x0000000087180000, 0x00000000d5f00000)
  object space 87552K, 0% used [0x0000000081c00000,0x0000000081c0d668,0x0000000087180000)
 Metaspace       used 9087K, capacity 9244K, committed 9344K, reserved 1056768K
  class space    used 1006K, capacity 1080K, committed 1152K, reserved 1048576K
}
Event: 2.144 GC heap before
{Heap before GC invocations=2 (full 0):
 PSYoungGen      total 38400K, used 38378K [0x00000000d5f00000, 0x00000000d8980000, 0x0000000100000000)
  eden space 33280K, 100% used [0x00000000d5f00000,0x00000000d7f80000,0x00000000d7f80000)
  from space 5120K, 99% used [0x00000000d7f80000,0x00000000d847a830,0x00000000d8480000)
  to   space 5120K, 0% used [0x00000000d8480000,0x00000000d8480000,0x00000000d8980000)
 ParOldGen       total 87552K, used 53K [0x0000000081c00000, 0x0000000087180000, 0x00000000d5f00000)
  object space 87552K, 0% used [0x0000000081c00000,0x0000000081c0d668,0x0000000087180000)
 Metaspace       used 12737K, capacity 12948K, committed 13184K, reserved 1060864K
  class space    used 1463K, capacity 1542K, committed 1664K, reserved 1048576K
Event: 2.149 GC heap after
Heap after GC invocations=2 (full 0):
 PSYoungGen      total 38400K, used 5109K [0x00000000d5f00000, 0x00000000d8980000, 0x0000000100000000)
  eden space 33280K, 0% used [0x00000000d5f00000,0x00000000d5f00000,0x00000000d7f80000)
  from space 5120K, 99% used [0x00000000d8480000,0x00000000d897d600,0x00000000d8980000)
  to   space 5120K, 0% used [0x00000000d7f80000,0x00000000d7f80000,0x00000000d8480000)
 ParOldGen       total 87552K, used 2355K [0x0000000081c00000, 0x0000000087180000, 0x00000000d5f00000)
  object space 87552K, 2% used [0x0000000081c00000,0x0000000081e4cc30,0x0000000087180000)
 Metaspace       used 12737K, capacity 12948K, committed 13184K, reserved 1060864K
  class space    used 1463K, capacity 1542K, committed 1664K, reserved 1048576K
}
Event: 2.797 GC heap before
{Heap before GC invocations=3 (full 0):
 PSYoungGen      total 38400K, used 38389K [0x00000000d5f00000, 0x00000000d8980000, 0x0000000100000000)
  eden space 33280K, 100% used [0x00000000d5f00000,0x00000000d7f80000,0x00000000d7f80000)
  from space 5120K, 99% used [0x00000000d8480000,0x00000000d897d600,0x00000000d8980000)
  to   space 5120K, 0% used [0x00000000d7f80000,0x00000000d7f80000,0x00000000d8480000)
 ParOldGen       total 87552K, used 2355K [0x0000000081c00000, 0x0000000087180000, 0x00000000d5f00000)
  object space 87552K, 2% used [0x0000000081c00000,0x0000000081e4cc30,0x0000000087180000)
 Metaspace       used 15853K, capacity 16104K, committed 16256K, reserved 1062912K
  class space    used 1788K, capacity 1876K, committed 1920K, reserved 1048576K
Event: 2.809 GC heap after
Heap after GC invocations=3 (full 0):
 PSYoungGen      total 38400K, used 5088K [0x00000000d5f00000, 0x00000000daa00000, 0x0000000100000000)
  eden space 33280K, 0% used [0x00000000d5f00000,0x00000000d5f00000,0x00000000d7f80000)
  from space 5120K, 99% used [0x00000000d7f80000,0x00000000d8478020,0x00000000d8480000)
  to   space 5120K, 0% used [0x00000000da500000,0x00000000da500000,0x00000000daa00000)
 ParOldGen       total 87552K, used 6178K [0x0000000081c00000, 0x0000000087180000, 0x00000000d5f00000)
  object space 87552K, 7% used [0x0000000081c00000,0x00000000822089a0,0x0000000087180000)
 Metaspace       used 15853K, capacity 16104K, committed 16256K, reserved 1062912K
  class space    used 1788K, capacity 1876K, committed 1920K, reserved 1048576K
}
Event: 3.274 GC heap before
{Heap before GC invocations=4 (full 0):
 PSYoungGen      total 38400K, used 38368K [0x00000000d5f00000, 0x00000000daa00000, 0x0000000100000000)
  eden space 33280K, 100% used [0x00000000d5f00000,0x00000000d7f80000,0x00000000d7f80000)
  from space 5120K, 99% used [0x00000000d7f80000,0x00000000d8478020,0x00000000d8480000)
  to   space 5120K, 0% used [0x00000000da500000,0x00000000da500000,0x00000000daa00000)
 ParOldGen       total 87552K, used 6178K [0x0000000081c00000, 0x0000000087180000, 0x00000000d5f00000)
  object space 87552K, 7% used [0x0000000081c00000,0x00000000822089a0,0x0000000087180000)
 Metaspace       used 16144K, capacity 16410K, committed 16768K, reserved 1064960K
  class space    used 1813K, capacity 1911K, committed 1920K, reserved 1048576K
Event: 3.285 GC heap after
Heap after GC invocations=4 (full 0):
 PSYoungGen      total 71680K, used 5104K [0x00000000d5f00000, 0x00000000daa00000, 0x0000000100000000)
  eden space 66560K, 0% used [0x00000000d5f00000,0x00000000d5f00000,0x00000000da000000)
  from space 5120K, 99% used [0x00000000da500000,0x00000000da9fc010,0x00000000daa00000)
  to   space 5120K, 0% used [0x00000000da000000,0x00000000da000000,0x00000000da500000)
 ParOldGen       total 87552K, used 11915K [0x0000000081c00000, 0x0000000087180000, 0x00000000d5f00000)
  object space 87552K, 13% used [0x0000000081c00000,0x00000000827a2f58,0x0000000087180000)
 Metaspace       used 16144K, capacity 16410K, committed 16768K, reserved 1064960K
  class space    used 1813K, capacity 1911K, committed 1920K, reserved 1048576K
}
Event: 3.704 GC heap before
{Heap before GC invocations=5 (full 0):
 PSYoungGen      total 71680K, used 71664K [0x00000000d5f00000, 0x00000000daa00000, 0x0000000100000000)
  eden space 66560K, 100% used [0x00000000d5f00000,0x00000000da000000,0x00000000da000000)
  from space 5120K, 99% used [0x00000000da500000,0x00000000da9fc010,0x00000000daa00000)
  to   space 5120K, 0% used [0x00000000da000000,0x00000000da000000,0x00000000da500000)
 ParOldGen       total 87552K, used 11915K [0x0000000081c00000, 0x0000000087180000, 0x00000000d5f00000)
  object space 87552K, 13% used [0x0000000081c00000,0x00000000827a2f58,0x0000000087180000)
 Metaspace       used 16502K, capacity 16754K, committed 17024K, reserved 1064960K
  class space    used 1816K, capacity 1915K, committed 1920K, reserved 1048576K
Event: 3.719 GC heap after
Heap after GC invocations=5 (full 0):
 PSYoungGen      total 71680K, used 5104K [0x00000000d5f00000, 0x00000000e0000000, 0x0000000100000000)
  eden space 66560K, 0% used [0x00000000d5f00000,0x00000000d5f00000,0x00000000da000000)
  from space 5120K, 99% used [0x00000000da000000,0x00000000da4fc030,0x00000000da500000)
  to   space 15872K, 0% used [0x00000000df080000,0x00000000df080000,0x00000000e0000000)
 ParOldGen       total 87552K, used 20808K [0x0000000081c00000, 0x0000000087180000, 0x00000000d5f00000)
  object space 87552K, 23% used [0x0000000081c00000,0x0000000083052040,0x0000000087180000)
 Metaspace       used 16502K, capacity 16754K, committed 17024K, reserved 1064960K
  class space    used 1816K, capacity 1915K, committed 1920K, reserved 1048576K
}
Event: 4.075 GC heap before
{Heap before GC invocations=6 (full 0):
 PSYoungGen      total 71680K, used 71664K [0x00000000d5f00000, 0x00000000e0000000, 0x0000000100000000)
  eden space 66560K, 100% used [0x00000000d5f00000,0x00000000da000000,0x00000000da000000)
  from space 5120K, 99% used [0x00000000da000000,0x00000000da4fc030,0x00000000da500000)
  to   space 15872K, 0% used [0x00000000df080000,0x00000000df080000,0x00000000e0000000)
 ParOldGen       total 87552K, used 20808K [0x0000000081c00000, 0x0000000087180000, 0x00000000d5f00000)
  object space 87552K, 23% used [0x0000000081c00000,0x0000000083052040,0x0000000087180000)
 Metaspace       used 16742K, capacity 17028K, committed 17280K, reserved 1064960K
  class space    used 1818K, capacity 1918K, committed 1920K, reserved 1048576K
Event: 4.089 GC heap after
Heap after GC invocations=6 (full 0):
 PSYoungGen      total 145920K, used 15872K [0x00000000d5f00000, 0x00000000e0600000, 0x0000000100000000)
  eden space 130048K, 0% used [0x00000000d5f00000,0x00000000d5f00000,0x00000000dde00000)
  from space 15872K, 100% used [0x00000000df080000,0x00000000e0000000,0x00000000e0000000)
  to   space 18944K, 0% used [0x00000000dde00000,0x00000000dde00000,0x00000000df080000)
 ParOldGen       total 87552K, used 21616K [0x0000000081c00000, 0x0000000087180000, 0x00000000d5f00000)
  object space 87552K, 24% used [0x0000000081c00000,0x000000008311c040,0x0000000087180000)
 Metaspace       used 16742K, capacity 17028K, committed 17280K, reserved 1064960K
  class space    used 1818K, capacity 1918K, committed 1920K, reserved 1048576K
}
Event: 7.413 GC heap before
{Heap before GC invocations=7 (full 0):
 PSYoungGen      total 145920K, used 145920K [0x00000000d5f00000, 0x00000000e0600000, 0x0000000100000000)
  eden space 130048K, 100% used [0x00000000d5f00000,0x00000000dde00000,0x00000000dde00000)
  from space 15872K, 100% used [0x00000000df080000,0x00000000e0000000,0x00000000e0000000)
  to   space 18944K, 0% used [0x00000000dde00000,0x00000000dde00000,0x00000000df080000)
 ParOldGen       total 87552K, used 21616K [0x0000000081c00000, 0x0000000087180000, 0x00000000d5f00000)
  object space 87552K, 24% used [0x0000000081c00000,0x000000008311c040,0x0000000087180000)
 Metaspace       used 19219K, capacity 19786K, committed 19968K, reserved 1067008K
  class space    used 2105K, capacity 2241K, committed 2304K, reserved 1048576K
Event: 7.433 GC heap after
Heap after GC invocations=7 (full 0):
 PSYoungGen      total 148992K, used 18928K [0x00000000d5f00000, 0x00000000e8e00000, 0x0000000100000000)
  eden space 130048K, 0% used [0x00000000d5f00000,0x00000000d5f00000,0x00000000dde00000)
  from space 18944K, 99% used [0x00000000dde00000,0x00000000df07c010,0x00000000df080000)
  to   space 25088K, 0% used [0x00000000e7580000,0x00000000e7580000,0x00000000e8e00000)
 ParOldGen       total 87552K, used 27864K [0x0000000081c00000, 0x0000000087180000, 0x00000000d5f00000)
  object space 87552K, 31% used [0x0000000081c00000,0x0000000083736018,0x0000000087180000)
 Metaspace       used 19219K, capacity 19786K, committed 19968K, reserved 1067008K
  class space    used 2105K, capacity 2241K, committed 2304K, reserved 1048576K
}
Event: 8.003 GC heap before
{Heap before GC invocations=8 (full 0):
 PSYoungGen      total 148992K, used 29314K [0x00000000d5f00000, 0x00000000e8e00000, 0x0000000100000000)
  eden space 130048K, 7% used [0x00000000d5f00000,0x00000000d6924bb8,0x00000000dde00000)
  from space 18944K, 99% used [0x00000000dde00000,0x00000000df07c010,0x00000000df080000)
  to   space 25088K, 0% used [0x00000000e7580000,0x00000000e7580000,0x00000000e8e00000)
 ParOldGen       total 87552K, used 27864K [0x0000000081c00000, 0x0000000087180000, 0x00000000d5f00000)
  object space 87552K, 31% used [0x0000000081c00000,0x0000000083736018,0x0000000087180000)
 Metaspace       used 20677K, capacity 21212K, committed 21296K, reserved 1069056K
  class space    used 2253K, capacity 2420K, committed 2432K, reserved 1048576K
Event: 8.015 GC heap after
Heap after GC invocations=8 (full 0):
 PSYoungGen      total 284160K, used 17807K [0x00000000d5f00000, 0x00000000e9000000, 0x0000000100000000)
  eden space 259072K, 0% used [0x00000000d5f00000,0x00000000d5f00000,0x00000000e5c00000)
  from space 25088K, 70% used [0x00000000e7580000,0x00000000e86e3f78,0x00000000e8e00000)
  to   space 26112K, 0% used [0x00000000e5c00000,0x00000000e5c00000,0x00000000e7580000)
 ParOldGen       total 87552K, used 30123K [0x0000000081c00000, 0x0000000087180000, 0x00000000d5f00000)
  object space 87552K, 34% used [0x0000000081c00000,0x000000008396ad80,0x0000000087180000)
 Metaspace       used 20677K, capacity 21212K, committed 21296K, reserved 1069056K
  class space    used 2253K, capacity 2420K, committed 2432K, reserved 1048576K
}
Event: 8.015 GC heap before
{Heap before GC invocations=9 (full 1):
 PSYoungGen      total 284160K, used 17807K [0x00000000d5f00000, 0x00000000e9000000, 0x0000000100000000)
  eden space 259072K, 0% used [0x00000000d5f00000,0x00000000d5f00000,0x00000000e5c00000)
  from space 25088K, 70% used [0x00000000e7580000,0x00000000e86e3f78,0x00000000e8e00000)
  to   space 26112K, 0% used [0x00000000e5c00000,0x00000000e5c00000,0x00000000e7580000)
 ParOldGen       total 87552K, used 30123K [0x0000000081c00000, 0x0000000087180000, 0x00000000d5f00000)
  object space 87552K, 34% used [0x0000000081c00000,0x000000008396ad80,0x0000000087180000)
 Metaspace       used 20677K, capacity 21212K, committed 21296K, reserved 1069056K
  class space    used 2253K, capacity 2420K, committed 2432K, reserved 1048576K
Event: 8.116 GC heap after
Heap after GC invocations=9 (full 1):
 PSYoungGen      total 284160K, used 0K [0x00000000d5f00000, 0x00000000e9000000, 0x0000000100000000)
  eden space 259072K, 0% used [0x00000000d5f00000,0x00000000d5f00000,0x00000000e5c00000)
  from space 25088K, 0% used [0x00000000e7580000,0x00000000e7580000,0x00000000e8e00000)
  to   space 26112K, 0% used [0x00000000e5c00000,0x00000000e5c00000,0x00000000e7580000)
 ParOldGen       total 93184K, used 36956K [0x0000000081c00000, 0x0000000087700000, 0x00000000d5f00000)
  object space 93184K, 39% used [0x0000000081c00000,0x0000000084017250,0x0000000087700000)
 Metaspace       used 20677K, capacity 21212K, committed 21296K, reserved 1069056K
  class space    used 2253K, capacity 2420K, committed 2432K, reserved 1048576K
}
Event: 9.323 GC heap before
{Heap before GC invocations=10 (full 1):
 PSYoungGen      total 284160K, used 198922K [0x00000000d5f00000, 0x00000000e9000000, 0x0000000100000000)
  eden space 259072K, 76% used [0x00000000d5f00000,0x00000000e2142928,0x00000000e5c00000)
  from space 25088K, 0% used [0x00000000e7580000,0x00000000e7580000,0x00000000e8e00000)
  to   space 26112K, 0% used [0x00000000e5c00000,0x00000000e5c00000,0x00000000e7580000)
 ParOldGen       total 93184K, used 36956K [0x0000000081c00000, 0x0000000087700000, 0x00000000d5f00000)
  object space 93184K, 39% used [0x0000000081c00000,0x0000000084017250,0x0000000087700000)
 Metaspace       used 34522K, capacity 35150K, committed 35456K, reserved 1081344K
  class space    used 3935K, capacity 4121K, committed 4224K, reserved 1048576K
Event: 9.340 GC heap after
Heap after GC invocations=10 (full 1):
 PSYoungGen      total 285184K, used 20290K [0x00000000d5f00000, 0x00000000eed00000, 0x0000000100000000)
  eden space 259072K, 0% used [0x00000000d5f00000,0x00000000d5f00000,0x00000000e5c00000)
  from space 26112K, 77% used [0x00000000e5c00000,0x00000000e6fd0a80,0x00000000e7580000)
  to   space 27648K, 0% used [0x00000000ed200000,0x00000000ed200000,0x00000000eed00000)
 ParOldGen       total 93184K, used 37028K [0x0000000081c00000, 0x0000000087700000, 0x00000000d5f00000)
  object space 93184K, 39% used [0x0000000081c00000,0x0000000084029260,0x0000000087700000)
 Metaspace       used 34522K, capacity 35150K, committed 35456K, reserved 1081344K
  class space    used 3935K, capacity 4121K, committed 4224K, reserved 1048576K
}
Event: 9.340 GC heap before
{Heap before GC invocations=11 (full 2):
 PSYoungGen      total 285184K, used 20290K [0x00000000d5f00000, 0x00000000eed00000, 0x0000000100000000)
  eden space 259072K, 0% used [0x00000000d5f00000,0x00000000d5f00000,0x00000000e5c00000)
  from space 26112K, 77% used [0x00000000e5c00000,0x00000000e6fd0a80,0x00000000e7580000)
  to   space 27648K, 0% used [0x00000000ed200000,0x00000000ed200000,0x00000000eed00000)
 ParOldGen       total 93184K, used 37028K [0x0000000081c00000, 0x0000000087700000, 0x00000000d5f00000)
  object space 93184K, 39% used [0x0000000081c00000,0x0000000084029260,0x0000000087700000)
 Metaspace       used 34522K, capacity 35150K, committed 35456K, reserved 1081344K
  class space    used 3935K, capacity 4121K, committed 4224K, reserved 1048576K
Event: 9.462 GC heap after
Heap after GC invocations=11 (full 2):
 PSYoungGen      total 285184K, used 0K [0x00000000d5f00000, 0x00000000eed00000, 0x0000000100000000)
  eden space 259072K, 0% used [0x00000000d5f00000,0x00000000d5f00000,0x00000000e5c00000)
  from space 26112K, 0% used [0x00000000e5c00000,0x00000000e5c00000,0x00000000e7580000)
  to   space 27648K, 0% used [0x00000000ed200000,0x00000000ed200000,0x00000000eed00000)
 ParOldGen       total 93184K, used 55450K [0x0000000081c00000, 0x0000000087700000, 0x00000000d5f00000)
  object space 93184K, 59% used [0x0000000081c00000,0x0000000085226878,0x0000000087700000)
 Metaspace       used 34522K, capacity 35150K, committed 35456K, reserved 1081344K
  class space    used 3935K, capacity 4121K, committed 4224K, reserved 1048576K
}
Event: 11.516 GC heap before
{Heap before GC invocations=12 (full 2):
 PSYoungGen      total 285184K, used 259072K [0x00000000d5f00000, 0x00000000eed00000, 0x0000000100000000)
  eden space 259072K, 100% used [0x00000000d5f00000,0x00000000e5c00000,0x00000000e5c00000)
  from space 26112K, 0% used [0x00000000e5c00000,0x00000000e5c00000,0x00000000e7580000)
  to   space 27648K, 0% used [0x00000000ed200000,0x00000000ed200000,0x00000000eed00000)
 ParOldGen       total 93184K, used 55450K [0x0000000081c00000, 0x0000000087700000, 0x00000000d5f00000)
  object space 93184K, 59% used [0x0000000081c00000,0x0000000085226878,0x0000000087700000)
 Metaspace       used 50832K, capacity 51750K, committed 51968K, reserved 1095680K
  class space    used 6091K, capacity 6347K, committed 6400K, reserved 1048576K
Event: 11.542 GC heap after
Heap after GC invocations=12 (full 2):
 PSYoungGen      total 322560K, used 24824K [0x00000000d5f00000, 0x00000000eea80000, 0x0000000100000000)
  eden space 297472K, 0% used [0x00000000d5f00000,0x00000000d5f00000,0x00000000e8180000)
  from space 25088K, 98% used [0x00000000ed200000,0x00000000eea3e2a8,0x00000000eea80000)
  to   space 30208K, 0% used [0x00000000eaf80000,0x00000000eaf80000,0x00000000ecd00000)
 ParOldGen       total 93184K, used 55458K [0x0000000081c00000, 0x0000000087700000, 0x00000000d5f00000)
  object space 93184K, 59% used [0x0000000081c00000,0x0000000085228878,0x0000000087700000)
 Metaspace       used 50832K, capacity 51750K, committed 51968K, reserved 1095680K
  class space    used 6091K, capacity 6347K, committed 6400K, reserved 1048576K
}
Event: 12.810 GC heap before
{Heap before GC invocations=13 (full 2):
 PSYoungGen      total 322560K, used 204755K [0x00000000d5f00000, 0x00000000eea80000, 0x0000000100000000)
  eden space 297472K, 60% used [0x00000000d5f00000,0x00000000e0eb6bf8,0x00000000e8180000)
  from space 25088K, 98% used [0x00000000ed200000,0x00000000eea3e2a8,0x00000000eea80000)
  to   space 30208K, 0% used [0x00000000eaf80000,0x00000000eaf80000,0x00000000ecd00000)
 ParOldGen       total 93184K, used 55458K [0x0000000081c00000, 0x0000000087700000, 0x00000000d5f00000)
  object space 93184K, 59% used [0x0000000081c00000,0x0000000085228878,0x0000000087700000)
 Metaspace       used 57985K, capacity 58920K, committed 59096K, reserved 1101824K
  class space    used 6988K, capacity 7258K, committed 7296K, reserved 1048576K
Event: 12.835 GC heap after
Heap after GC invocations=13 (full 2):
 PSYoungGen      total 372736K, used 25410K [0x00000000d5f00000, 0x00000000eed80000, 0x0000000100000000)
  eden space 342528K, 0% used [0x00000000d5f00000,0x00000000d5f00000,0x00000000ead80000)
  from space 30208K, 84% used [0x00000000eaf80000,0x00000000ec850960,0x00000000ecd00000)
  to   space 32768K, 0% used [0x00000000ecd80000,0x00000000ecd80000,0x00000000eed80000)
 ParOldGen       total 93184K, used 55466K [0x0000000081c00000, 0x0000000087700000, 0x00000000d5f00000)
  object space 93184K, 59% used [0x0000000081c00000,0x000000008522a878,0x0000000087700000)
 Metaspace       used 57985K, capacity 58920K, committed 59096K, reserved 1101824K
  class space    used 6988K, capacity 7258K, committed 7296K, reserved 1048576K
}
Event: 12.835 GC heap before
{Heap before GC invocations=14 (full 3):
 PSYoungGen      total 372736K, used 25410K [0x00000000d5f00000, 0x00000000eed80000, 0x0000000100000000)
  eden space 342528K, 0% used [0x00000000d5f00000,0x00000000d5f00000,0x00000000ead80000)
  from space 30208K, 84% used [0x00000000eaf80000,0x00000000ec850960,0x00000000ecd00000)
  to   space 32768K, 0% used [0x00000000ecd80000,0x00000000ecd80000,0x00000000eed80000)
 ParOldGen       total 93184K, used 55466K [0x0000000081c00000, 0x0000000087700000, 0x00000000d5f00000)
  object space 93184K, 59% used [0x0000000081c00000,0x000000008522a878,0x0000000087700000)
 Metaspace       used 57985K, capacity 58920K, committed 59096K, reserved 1101824K
  class space    used 6988K, capacity 7258K, committed 7296K, reserved 1048576K
Event: 13.026 GC heap after
Heap after GC invocations=14 (full 3):
 PSYoungGen      total 372736K, used 0K [0x00000000d5f00000, 0x00000000eed80000, 0x0000000100000000)
  eden space 342528K, 0% used [0x00000000d5f00000,0x00000000d5f00000,0x00000000ead80000)
  from space 30208K, 0% used [0x00000000eaf80000,0x00000000eaf80000,0x00000000ecd00000)
  to   space 32768K, 0% used [0x00000000ecd80000,0x00000000ecd80000,0x00000000eed80000)
 ParOldGen       total 93184K, used 68211K [0x0000000081c00000, 0x0000000087700000, 0x00000000d5f00000)
  object space 93184K, 73% used [0x0000000081c00000,0x0000000085e9cda0,0x0000000087700000)
 Metaspace       used 57985K, capacity 58920K, committed 59096K, reserved 1101824K
  class space    used 6988K, capacity 7258K, committed 7296K, reserved 1048576K
}

