# JRE version: OpenJDK Runtime Environment (8.0_232-b09) (build 1.8.0_232-b09)
# Java VM: OpenJDK 64-Bit Server VM (25.232-b09 mixed mode windows-amd64 compressed oops)
Heap:
 PSYoungGen      total 283136K, used 192769K [0x00000000d5f00000, 0x00000000ec580000, 0x0000000100000000)
  eden space 257024K, 75% used [0x00000000d5f00000,0x00000000e1b406e0,0x00000000e5a00000)
  from space 26112K, 0% used [0x00000000e5a00000,0x00000000e5a00000,0x00000000e7380000)
  to   space 32768K, 0% used [0x00000000ea580000,0x00000000ea580000,0x00000000ec580000)
 ParOldGen       total 209408K, used 75571K [0x0000000081c00000, 0x000000008e880000, 0x00000000d5f00000)
  object space 209408K, 36% used [0x0000000081c00000,0x00000000865ccf28,0x000000008e880000)
 Metaspace       used 59810K, capacity 60820K, committed 61056K, reserved 1103872K
  class space    used 7166K, capacity 7432K, committed 7552K, reserved 1048576K
GC Heap History (28 events):
Event: 1.705 GC heap before
{Heap before GC invocations=1 (full 0):
 PSYoungGen      total 38400K, used 33280K [0x00000000d5f00000, 0x00000000d8980000, 0x0000000100000000)
  eden space 33280K, 100% used [0x00000000d5f00000,0x00000000d7f80000,0x00000000d7f80000)
  from space 5120K, 0% used [0x00000000d8480000,0x00000000d8480000,0x00000000d8980000)
  to   space 5120K, 0% used [0x00000000d7f80000,0x00000000d7f80000,0x00000000d8480000)
 ParOldGen       total 87552K, used 0K [0x0000000081c00000, 0x0000000087180000, 0x00000000d5f00000)
  object space 87552K, 0% used [0x0000000081c00000,0x0000000081c00000,0x0000000087180000)
 Metaspace       used 9096K, capacity 9244K, committed 9344K, reserved 1056768K
  class space    used 1006K, capacity 1080K, committed 1152K, reserved 1048576K
Event: 1.710 GC heap after
Heap after GC invocations=1 (full 0):
 PSYoungGen      total 38400K, used 5118K [0x00000000d5f00000, 0x00000000d8980000, 0x0000000100000000)
  eden space 33280K, 0% used [0x00000000d5f00000,0x00000000d5f00000,0x00000000d7f80000)
  from space 5120K, 99% used [0x00000000d7f80000,0x00000000d847f918,0x00000000d8480000)
  to   space 5120K, 0% used [0x00000000d8480000,0x00000000d8480000,0x00000000d8980000)
 ParOldGen       total 87552K, used 85K [0x0000000081c00000, 0x0000000087180000, 0x00000000d5f00000)
  object space 87552K, 0% used [0x0000000081c00000,0x0000000081c157c0,0x0000000087180000)
 Metaspace       used 9096K, capacity 9244K, committed 9344K, reserved 1056768K
  class space    used 1006K, capacity 1080K, committed 1152K, reserved 1048576K
}
Event: 2.000 GC heap before
{Heap before GC invocations=2 (full 0):
 PSYoungGen      total 38400K, used 38398K [0x00000000d5f00000, 0x00000000d8980000, 0x0000000100000000)
  eden space 33280K, 100% used [0x00000000d5f00000,0x00000000d7f80000,0x00000000d7f80000)
  from space 5120K, 99% used [0x00000000d7f80000,0x00000000d847f918,0x00000000d8480000)
  to   space 5120K, 0% used [0x00000000d8480000,0x00000000d8480000,0x00000000d8980000)
 ParOldGen       total 87552K, used 85K [0x0000000081c00000, 0x0000000087180000, 0x00000000d5f00000)
  object space 87552K, 0% used [0x0000000081c00000,0x0000000081c157c0,0x0000000087180000)
 Metaspace       used 12802K, capacity 13012K, committed 13440K, reserved 1060864K
  class space    used 1473K, capacity 1542K, committed 1664K, reserved 1048576K
Event: 2.005 GC heap after
Heap after GC invocations=2 (full 0):
 PSYoungGen      total 38400K, used 5099K [0x00000000d5f00000, 0x00000000daa00000, 0x0000000100000000)
  eden space 33280K, 0% used [0x00000000d5f00000,0x00000000d5f00000,0x00000000d7f80000)
  from space 5120K, 99% used [0x00000000d8480000,0x00000000d897aea8,0x00000000d8980000)
  to   space 5120K, 0% used [0x00000000d7f80000,0x00000000d7f80000,0x00000000d8480000)
 ParOldGen       total 87552K, used 2383K [0x0000000081c00000, 0x0000000087180000, 0x00000000d5f00000)
  object space 87552K, 2% used [0x0000000081c00000,0x0000000081e53c80,0x0000000087180000)
 Metaspace       used 12802K, capacity 13012K, committed 13440K, reserved 1060864K
  class space    used 1473K, capacity 1542K, committed 1664K, reserved 1048576K
}
Event: 2.545 GC heap before
{Heap before GC invocations=3 (full 0):
 PSYoungGen      total 38400K, used 38379K [0x00000000d5f00000, 0x00000000daa00000, 0x0000000100000000)
  eden space 33280K, 100% used [0x00000000d5f00000,0x00000000d7f80000,0x00000000d7f80000)
  from space 5120K, 99% used [0x00000000d8480000,0x00000000d897aea8,0x00000000d8980000)
  to   space 5120K, 0% used [0x00000000d7f80000,0x00000000d7f80000,0x00000000d8480000)
 ParOldGen       total 87552K, used 2383K [0x0000000081c00000, 0x0000000087180000, 0x00000000d5f00000)
  object space 87552K, 2% used [0x0000000081c00000,0x0000000081e53c80,0x0000000087180000)
 Metaspace       used 15859K, capacity 16104K, committed 16256K, reserved 1062912K
  class space    used 1787K, capacity 1876K, committed 1920K, reserved 1048576K
Event: 2.551 GC heap after
Heap after GC invocations=3 (full 0):
 PSYoungGen      total 38400K, used 5104K [0x00000000d5f00000, 0x00000000daa00000, 0x0000000100000000)
  eden space 33280K, 0% used [0x00000000d5f00000,0x00000000d5f00000,0x00000000d7f80000)
  from space 5120K, 99% used [0x00000000d7f80000,0x00000000d847c030,0x00000000d8480000)
  to   space 5120K, 0% used [0x00000000da500000,0x00000000da500000,0x00000000daa00000)
 ParOldGen       total 87552K, used 6223K [0x0000000081c00000, 0x0000000087180000, 0x00000000d5f00000)
  object space 87552K, 7% used [0x0000000081c00000,0x0000000082213e70,0x0000000087180000)
 Metaspace       used 15859K, capacity 16104K, committed 16256K, reserved 1062912K
  class space    used 1787K, capacity 1876K, committed 1920K, reserved 1048576K
}
Event: 2.933 GC heap before
{Heap before GC invocations=4 (full 0):
 PSYoungGen      total 38400K, used 38384K [0x00000000d5f00000, 0x00000000daa00000, 0x0000000100000000)
  eden space 33280K, 100% used [0x00000000d5f00000,0x00000000d7f80000,0x00000000d7f80000)
  from space 5120K, 99% used [0x00000000d7f80000,0x00000000d847c030,0x00000000d8480000)
  to   space 5120K, 0% used [0x00000000da500000,0x00000000da500000,0x00000000daa00000)
 ParOldGen       total 87552K, used 6223K [0x0000000081c00000, 0x0000000087180000, 0x00000000d5f00000)
  object space 87552K, 7% used [0x0000000081c00000,0x0000000082213e70,0x0000000087180000)
 Metaspace       used 16157K, capacity 16410K, committed 16768K, reserved 1064960K
  class space    used 1812K, capacity 1911K, committed 1920K, reserved 1048576K
Event: 2.944 GC heap after
Heap after GC invocations=4 (full 0):
 PSYoungGen      total 71680K, used 5104K [0x00000000d5f00000, 0x00000000daa00000, 0x0000000100000000)
  eden space 66560K, 0% used [0x00000000d5f00000,0x00000000d5f00000,0x00000000da000000)
  from space 5120K, 99% used [0x00000000da500000,0x00000000da9fc010,0x00000000daa00000)
  to   space 5120K, 0% used [0x00000000da000000,0x00000000da000000,0x00000000da500000)
 ParOldGen       total 87552K, used 11948K [0x0000000081c00000, 0x0000000087180000, 0x00000000d5f00000)
  object space 87552K, 13% used [0x0000000081c00000,0x00000000827ab398,0x0000000087180000)
 Metaspace       used 16157K, capacity 16410K, committed 16768K, reserved 1064960K
  class space    used 1812K, capacity 1911K, committed 1920K, reserved 1048576K
}
Event: 3.410 GC heap before
{Heap before GC invocations=5 (full 0):
 PSYoungGen      total 71680K, used 71664K [0x00000000d5f00000, 0x00000000daa00000, 0x0000000100000000)
  eden space 66560K, 100% used [0x00000000d5f00000,0x00000000da000000,0x00000000da000000)
  from space 5120K, 99% used [0x00000000da500000,0x00000000da9fc010,0x00000000daa00000)
  to   space 5120K, 0% used [0x00000000da000000,0x00000000da000000,0x00000000da500000)
 ParOldGen       total 87552K, used 11948K [0x0000000081c00000, 0x0000000087180000, 0x00000000d5f00000)
  object space 87552K, 13% used [0x0000000081c00000,0x00000000827ab398,0x0000000087180000)
 Metaspace       used 16507K, capacity 16754K, committed 17024K, reserved 1064960K
  class space    used 1814K, capacity 1915K, committed 1920K, reserved 1048576K
Event: 3.427 GC heap after
Heap after GC invocations=5 (full 0):
 PSYoungGen      total 71680K, used 5104K [0x00000000d5f00000, 0x00000000e0000000, 0x0000000100000000)
  eden space 66560K, 0% used [0x00000000d5f00000,0x00000000d5f00000,0x00000000da000000)
  from space 5120K, 99% used [0x00000000da000000,0x00000000da4fc030,0x00000000da500000)
  to   space 15872K, 0% used [0x00000000df080000,0x00000000df080000,0x00000000e0000000)
 ParOldGen       total 87552K, used 20710K [0x0000000081c00000, 0x0000000087180000, 0x00000000d5f00000)
  object space 87552K, 23% used [0x0000000081c00000,0x00000000830399b8,0x0000000087180000)
 Metaspace       used 16507K, capacity 16754K, committed 17024K, reserved 1064960K
  class space    used 1814K, capacity 1915K, committed 1920K, reserved 1048576K
}
Event: 3.852 GC heap before
{Heap before GC invocations=6 (full 0):
 PSYoungGen      total 71680K, used 71664K [0x00000000d5f00000, 0x00000000e0000000, 0x0000000100000000)
  eden space 66560K, 100% used [0x00000000d5f00000,0x00000000da000000,0x00000000da000000)
  from space 5120K, 99% used [0x00000000da000000,0x00000000da4fc030,0x00000000da500000)
  to   space 15872K, 0% used [0x00000000df080000,0x00000000df080000,0x00000000e0000000)
 ParOldGen       total 87552K, used 20710K [0x0000000081c00000, 0x0000000087180000, 0x00000000d5f00000)
  object space 87552K, 23% used [0x0000000081c00000,0x00000000830399b8,0x0000000087180000)
 Metaspace       used 16748K, capacity 17028K, committed 17280K, reserved 1064960K
  class space    used 1817K, capacity 1918K, committed 1920K, reserved 1048576K
Event: 3.870 GC heap after
Heap after GC invocations=6 (full 0):
 PSYoungGen      total 146944K, used 14752K [0x00000000d5f00000, 0x00000000e0400000, 0x0000000100000000)
  eden space 131072K, 0% used [0x00000000d5f00000,0x00000000d5f00000,0x00000000ddf00000)
  from space 15872K, 92% used [0x00000000df080000,0x00000000dfee8020,0x00000000e0000000)
  to   space 17920K, 0% used [0x00000000ddf00000,0x00000000ddf00000,0x00000000df080000)
 ParOldGen       total 87552K, used 20718K [0x0000000081c00000, 0x0000000087180000, 0x00000000d5f00000)
  object space 87552K, 23% used [0x0000000081c00000,0x000000008303b9b8,0x0000000087180000)
 Metaspace       used 16748K, capacity 17028K, committed 17280K, reserved 1064960K
  class space    used 1817K, capacity 1918K, committed 1920K, reserved 1048576K
}
Event: 5.511 GC heap before
{Heap before GC invocations=7 (full 0):
 PSYoungGen      total 146944K, used 140369K [0x00000000d5f00000, 0x00000000e0400000, 0x0000000100000000)
  eden space 131072K, 95% used [0x00000000d5f00000,0x00000000dd9ac4d8,0x00000000ddf00000)
  from space 15872K, 92% used [0x00000000df080000,0x00000000dfee8020,0x00000000e0000000)
  to   space 17920K, 0% used [0x00000000ddf00000,0x00000000ddf00000,0x00000000df080000)
 ParOldGen       total 87552K, used 20718K [0x0000000081c00000, 0x0000000087180000, 0x00000000d5f00000)
  object space 87552K, 23% used [0x0000000081c00000,0x000000008303b9b8,0x0000000087180000)
 Metaspace       used 20641K, capacity 21212K, committed 21296K, reserved 1069056K
  class space    used 2250K, capacity 2420K, committed 2432K, reserved 1048576K
Event: 5.544 GC heap after
Heap after GC invocations=7 (full 0):
 PSYoungGen      total 148992K, used 17920K [0x00000000d5f00000, 0x00000000e8e00000, 0x0000000100000000)
  eden space 131072K, 0% used [0x00000000d5f00000,0x00000000d5f00000,0x00000000ddf00000)
  from space 17920K, 100% used [0x00000000ddf00000,0x00000000df080000,0x00000000df080000)
  to   space 24064K, 0% used [0x00000000e7680000,0x00000000e7680000,0x00000000e8e00000)
 ParOldGen       total 87552K, used 27273K [0x0000000081c00000, 0x0000000087180000, 0x00000000d5f00000)
  object space 87552K, 31% used [0x0000000081c00000,0x00000000836a24a0,0x0000000087180000)
 Metaspace       used 20641K, capacity 21212K, committed 21296K, reserved 1069056K
  class space    used 2250K, capacity 2420K, committed 2432K, reserved 1048576K
}
Event: 5.544 GC heap before
{Heap before GC invocations=8 (full 1):
 PSYoungGen      total 148992K, used 17920K [0x00000000d5f00000, 0x00000000e8e00000, 0x0000000100000000)
  eden space 131072K, 0% used [0x00000000d5f00000,0x00000000d5f00000,0x00000000ddf00000)
  from space 17920K, 100% used [0x00000000ddf00000,0x00000000df080000,0x00000000df080000)
  to   space 24064K, 0% used [0x00000000e7680000,0x00000000e7680000,0x00000000e8e00000)
 ParOldGen       total 87552K, used 27273K [0x0000000081c00000, 0x0000000087180000, 0x00000000d5f00000)
  object space 87552K, 31% used [0x0000000081c00000,0x00000000836a24a0,0x0000000087180000)
 Metaspace       used 20641K, capacity 21212K, committed 21296K, reserved 1069056K
  class space    used 2250K, capacity 2420K, committed 2432K, reserved 1048576K
Event: 5.669 GC heap after
Heap after GC invocations=8 (full 1):
 PSYoungGen      total 148992K, used 0K [0x00000000d5f00000, 0x00000000e8e00000, 0x0000000100000000)
  eden space 131072K, 0% used [0x00000000d5f00000,0x00000000d5f00000,0x00000000ddf00000)
  from space 17920K, 0% used [0x00000000ddf00000,0x00000000ddf00000,0x00000000df080000)
  to   space 24064K, 0% used [0x00000000e7680000,0x00000000e7680000,0x00000000e8e00000)
 ParOldGen       total 99328K, used 38748K [0x0000000081c00000, 0x0000000087d00000, 0x00000000d5f00000)
  object space 99328K, 39% used [0x0000000081c00000,0x00000000841d7128,0x0000000087d00000)
 Metaspace       used 20641K, capacity 21212K, committed 21296K, reserved 1069056K
  class space    used 2250K, capacity 2420K, committed 2432K, reserved 1048576K
}
Event: 6.616 GC heap before
{Heap before GC invocations=9 (full 1):
 PSYoungGen      total 148992K, used 131072K [0x00000000d5f00000, 0x00000000e8e00000, 0x0000000100000000)
  eden space 131072K, 100% used [0x00000000d5f00000,0x00000000ddf00000,0x00000000ddf00000)
  from space 17920K, 0% used [0x00000000ddf00000,0x00000000ddf00000,0x00000000df080000)
  to   space 24064K, 0% used [0x00000000e7680000,0x00000000e7680000,0x00000000e8e00000)
 ParOldGen       total 99328K, used 38748K [0x0000000081c00000, 0x0000000087d00000, 0x00000000d5f00000)
  object space 99328K, 39% used [0x0000000081c00000,0x00000000841d7128,0x0000000087d00000)
 Metaspace       used 32089K, capacity 32712K, committed 33024K, reserved 1079296K
  class space    used 3634K, capacity 3816K, committed 3840K, reserved 1048576K
Event: 6.628 GC heap after
Heap after GC invocations=9 (full 1):
 PSYoungGen      total 209920K, used 15491K [0x00000000d5f00000, 0x00000000e8600000, 0x0000000100000000)
  eden space 194048K, 0% used [0x00000000d5f00000,0x00000000d5f00000,0x00000000e1c80000)
  from space 15872K, 97% used [0x00000000e7680000,0x00000000e85a0de8,0x00000000e8600000)
  to   space 24064K, 0% used [0x00000000e5700000,0x00000000e5700000,0x00000000e6e80000)
 ParOldGen       total 99328K, used 38820K [0x0000000081c00000, 0x0000000087d00000, 0x00000000d5f00000)
  object space 99328K, 39% used [0x0000000081c00000,0x00000000841e9138,0x0000000087d00000)
 Metaspace       used 32089K, capacity 32712K, committed 33024K, reserved 1079296K
  class space    used 3634K, capacity 3816K, committed 3840K, reserved 1048576K
}
Event: 6.759 GC heap before
{Heap before GC invocations=10 (full 1):
 PSYoungGen      total 209920K, used 67326K [0x00000000d5f00000, 0x00000000e8600000, 0x0000000100000000)
  eden space 194048K, 26% used [0x00000000d5f00000,0x00000000d919eb90,0x00000000e1c80000)
  from space 15872K, 97% used [0x00000000e7680000,0x00000000e85a0de8,0x00000000e8600000)
  to   space 24064K, 0% used [0x00000000e5700000,0x00000000e5700000,0x00000000e6e80000)
 ParOldGen       total 99328K, used 38820K [0x0000000081c00000, 0x0000000087d00000, 0x00000000d5f00000)
  object space 99328K, 39% used [0x0000000081c00000,0x00000000841e9138,0x0000000087d00000)
 Metaspace       used 34433K, capacity 35126K, committed 35456K, reserved 1081344K
  class space    used 3914K, capacity 4117K, committed 4224K, reserved 1048576K
Event: 6.766 GC heap after
Heap after GC invocations=10 (full 1):
 PSYoungGen      total 278016K, used 10482K [0x00000000d5f00000, 0x00000000e8a00000, 0x0000000100000000)
  eden space 253952K, 0% used [0x00000000d5f00000,0x00000000d5f00000,0x00000000e5700000)
  from space 24064K, 43% used [0x00000000e5700000,0x00000000e613c900,0x00000000e6e80000)
  to   space 23040K, 0% used [0x00000000e7380000,0x00000000e7380000,0x00000000e8a00000)
 ParOldGen       total 99328K, used 38828K [0x0000000081c00000, 0x0000000087d00000, 0x00000000d5f00000)
  object space 99328K, 39% used [0x0000000081c00000,0x00000000841eb138,0x0000000087d00000)
 Metaspace       used 34433K, capacity 35126K, committed 35456K, reserved 1081344K
  class space    used 3914K, capacity 4117K, committed 4224K, reserved 1048576K
}
Event: 6.766 GC heap before
{Heap before GC invocations=11 (full 2):
 PSYoungGen      total 278016K, used 10482K [0x00000000d5f00000, 0x00000000e8a00000, 0x0000000100000000)
  eden space 253952K, 0% used [0x00000000d5f00000,0x00000000d5f00000,0x00000000e5700000)
  from space 24064K, 43% used [0x00000000e5700000,0x00000000e613c900,0x00000000e6e80000)
  to   space 23040K, 0% used [0x00000000e7380000,0x00000000e7380000,0x00000000e8a00000)
 ParOldGen       total 99328K, used 38828K [0x0000000081c00000, 0x0000000087d00000, 0x00000000d5f00000)
  object space 99328K, 39% used [0x0000000081c00000,0x00000000841eb138,0x0000000087d00000)
 Metaspace       used 34433K, capacity 35126K, committed 35456K, reserved 1081344K
  class space    used 3914K, capacity 4117K, committed 4224K, reserved 1048576K
Event: 6.889 GC heap after
Heap after GC invocations=11 (full 2):
 PSYoungGen      total 278016K, used 0K [0x00000000d5f00000, 0x00000000e8a00000, 0x0000000100000000)
  eden space 253952K, 0% used [0x00000000d5f00000,0x00000000d5f00000,0x00000000e5700000)
  from space 24064K, 0% used [0x00000000e5700000,0x00000000e5700000,0x00000000e6e80000)
  to   space 23040K, 0% used [0x00000000e7380000,0x00000000e7380000,0x00000000e8a00000)
 ParOldGen       total 139776K, used 44939K [0x0000000081c00000, 0x000000008a480000, 0x00000000d5f00000)
  object space 139776K, 32% used [0x0000000081c00000,0x00000000847e2ef0,0x000000008a480000)
 Metaspace       used 34433K, capacity 35126K, committed 35456K, reserved 1081344K
  class space    used 3914K, capacity 4117K, committed 4224K, reserved 1048576K
}
Event: 8.647 GC heap before
{Heap before GC invocations=12 (full 2):
 PSYoungGen      total 278016K, used 253952K [0x00000000d5f00000, 0x00000000e8a00000, 0x0000000100000000)
  eden space 253952K, 100% used [0x00000000d5f00000,0x00000000e5700000,0x00000000e5700000)
  from space 24064K, 0% used [0x00000000e5700000,0x00000000e5700000,0x00000000e6e80000)
  to   space 23040K, 0% used [0x00000000e7380000,0x00000000e7380000,0x00000000e8a00000)
 ParOldGen       total 139776K, used 44939K [0x0000000081c00000, 0x000000008a480000, 0x00000000d5f00000)
  object space 139776K, 32% used [0x0000000081c00000,0x00000000847e2ef0,0x000000008a480000)
 Metaspace       used 50234K, capacity 51164K, committed 51328K, reserved 1093632K
  class space    used 5991K, capacity 6244K, committed 6272K, reserved 1048576K
Event: 8.668 GC heap after
Heap after GC invocations=12 (full 2):
 PSYoungGen      total 280064K, used 23020K [0x00000000d5f00000, 0x00000000eb400000, 0x0000000100000000)
  eden space 257024K, 0% used [0x00000000d5f00000,0x00000000d5f00000,0x00000000e5a00000)
  from space 23040K, 99% used [0x00000000e7380000,0x00000000e89fb0f0,0x00000000e8a00000)
  to   space 26112K, 0% used [0x00000000e5a00000,0x00000000e5a00000,0x00000000e7380000)
 ParOldGen       total 139776K, used 45703K [0x0000000081c00000, 0x000000008a480000, 0x00000000d5f00000)
  object space 139776K, 32% used [0x0000000081c00000,0x00000000848a1cc8,0x000000008a480000)
 Metaspace       used 50234K, capacity 51164K, committed 51328K, reserved 1093632K
  class space    used 5991K, capacity 6244K, committed 6272K, reserved 1048576K
}
Event: 9.880 GC heap before
{Heap before GC invocations=13 (full 2):
 PSYoungGen      total 280064K, used 255497K [0x00000000d5f00000, 0x00000000eb400000, 0x0000000100000000)
  eden space 257024K, 90% used [0x00000000d5f00000,0x00000000e4207590,0x00000000e5a00000)
  from space 23040K, 99% used [0x00000000e7380000,0x00000000e89fb0f0,0x00000000e8a00000)
  to   space 26112K, 0% used [0x00000000e5a00000,0x00000000e5a00000,0x00000000e7380000)
 ParOldGen       total 139776K, used 45703K [0x0000000081c00000, 0x000000008a480000, 0x00000000d5f00000)
  object space 139776K, 32% used [0x0000000081c00000,0x00000000848a1cc8,0x000000008a480000)
 Metaspace       used 57949K, capacity 58894K, committed 59096K, reserved 1101824K
  class space    used 6953K, capacity 7227K, committed 7296K, reserved 1048576K
Event: 9.912 GC heap after
Heap after GC invocations=13 (full 2):
 PSYoungGen      total 283136K, used 26091K [0x00000000d5f00000, 0x00000000ec580000, 0x0000000100000000)
  eden space 257024K, 0% used [0x00000000d5f00000,0x00000000d5f00000,0x00000000e5a00000)
  from space 26112K, 99% used [0x00000000e5a00000,0x00000000e737aec8,0x00000000e7380000)
  to   space 32768K, 0% used [0x00000000ea580000,0x00000000ea580000,0x00000000ec580000)
 ParOldGen       total 139776K, used 53848K [0x0000000081c00000, 0x000000008a480000, 0x00000000d5f00000)
  object space 139776K, 38% used [0x0000000081c00000,0x0000000085096148,0x000000008a480000)
 Metaspace       used 57949K, capacity 58894K, committed 59096K, reserved 1101824K
  class space    used 6953K, capacity 7227K, committed 7296K, reserved 1048576K
}
Event: 9.912 GC heap before
{Heap before GC invocations=14 (full 3):
 PSYoungGen      total 283136K, used 26091K [0x00000000d5f00000, 0x00000000ec580000, 0x0000000100000000)
  eden space 257024K, 0% used [0x00000000d5f00000,0x00000000d5f00000,0x00000000e5a00000)
  from space 26112K, 99% used [0x00000000e5a00000,0x00000000e737aec8,0x00000000e7380000)
  to   space 32768K, 0% used [0x00000000ea580000,0x00000000ea580000,0x00000000ec580000)
 ParOldGen       total 139776K, used 53848K [0x0000000081c00000, 0x000000008a480000, 0x00000000d5f00000)
  object space 139776K, 38% used [0x0000000081c00000,0x0000000085096148,0x000000008a480000)
 Metaspace       used 57949K, capacity 58894K, committed 59096K, reserved 1101824K
  class space    used 6953K, capacity 7227K, committed 7296K, reserved 1048576K
Event: 10.230 GC heap after
Heap after GC invocations=14 (full 3):
 PSYoungGen      total 283136K, used 0K [0x00000000d5f00000, 0x00000000ec580000, 0x0000000100000000)
  eden space 257024K, 0% used [0x00000000d5f00000,0x00000000d5f00000,0x00000000e5a00000)
  from space 26112K, 0% used [0x00000000e5a00000,0x00000000e5a00000,0x00000000e7380000)
  to   space 32768K, 0% used [0x00000000ea580000,0x00000000ea580000,0x00000000ec580000)
 ParOldGen       total 209408K, used 75571K [0x0000000081c00000, 0x000000008e880000, 0x00000000d5f00000)
  object space 209408K, 36% used [0x0000000081c00000,0x00000000865ccf28,0x000000008e880000)
 Metaspace       used 57949K, capacity 58894K, committed 59096K, reserved 1101824K
  class space    used 6953K, capacity 7227K, committed 7296K, reserved 1048576K
}

