# JRE version: OpenJDK Runtime Environment (8.0_232-b09) (build 1.8.0_232-b09)
# Java VM: OpenJDK 64-Bit Server VM (25.232-b09 mixed mode windows-amd64 compressed oops)
Heap:
 PSYoungGen      total 198656K, used 70165K [0x00000000d5f00000, 0x00000000e3a00000, 0x0000000100000000)
  eden space 173056K, 40% used [0x00000000d5f00000,0x00000000da385768,0x00000000e0800000)
  from space 25600K, 0% used [0x00000000e2100000,0x00000000e2100000,0x00000000e3a00000)
  to   space 25600K, 0% used [0x00000000e0800000,0x00000000e0800000,0x00000000e2100000)
 ParOldGen       total 94208K, used 46938K [0x0000000081c00000, 0x0000000087800000, 0x00000000d5f00000)
  object space 94208K, 49% used [0x0000000081c00000,0x00000000849d6b08,0x0000000087800000)
 Metaspace       used 38569K, capacity 39320K, committed 39552K, reserved 1083392K
  class space    used 4481K, capacity 4687K, committed 4736K, reserved 1048576K
GC Heap History (24 events):
Event: 0.824 GC heap before
{Heap before GC invocations=1 (full 0):
 PSYoungGen      total 38400K, used 33280K [0x00000000d5f00000, 0x00000000d8980000, 0x0000000100000000)
  eden space 33280K, 100% used [0x00000000d5f00000,0x00000000d7f80000,0x00000000d7f80000)
  from space 5120K, 0% used [0x00000000d8480000,0x00000000d8480000,0x00000000d8980000)
  to   space 5120K, 0% used [0x00000000d7f80000,0x00000000d7f80000,0x00000000d8480000)
 ParOldGen       total 87552K, used 0K [0x0000000081c00000, 0x0000000087180000, 0x00000000d5f00000)
  object space 87552K, 0% used [0x0000000081c00000,0x0000000081c00000,0x0000000087180000)
 Metaspace       used 9089K, capacity 9244K, committed 9344K, reserved 1056768K
  class space    used 1006K, capacity 1080K, committed 1152K, reserved 1048576K
Event: 0.829 GC heap after
Heap after GC invocations=1 (full 0):
 PSYoungGen      total 38400K, used 5108K [0x00000000d5f00000, 0x00000000d8980000, 0x0000000100000000)
  eden space 33280K, 0% used [0x00000000d5f00000,0x00000000d5f00000,0x00000000d7f80000)
  from space 5120K, 99% used [0x00000000d7f80000,0x00000000d847d2d0,0x00000000d8480000)
  to   space 5120K, 0% used [0x00000000d8480000,0x00000000d8480000,0x00000000d8980000)
 ParOldGen       total 87552K, used 29K [0x0000000081c00000, 0x0000000087180000, 0x00000000d5f00000)
  object space 87552K, 0% used [0x0000000081c00000,0x0000000081c074a8,0x0000000087180000)
 Metaspace       used 9089K, capacity 9244K, committed 9344K, reserved 1056768K
  class space    used 1006K, capacity 1080K, committed 1152K, reserved 1048576K
}
Event: 1.104 GC heap before
{Heap before GC invocations=2 (full 0):
 PSYoungGen      total 38400K, used 38388K [0x00000000d5f00000, 0x00000000d8980000, 0x0000000100000000)
  eden space 33280K, 100% used [0x00000000d5f00000,0x00000000d7f80000,0x00000000d7f80000)
  from space 5120K, 99% used [0x00000000d7f80000,0x00000000d847d2d0,0x00000000d8480000)
  to   space 5120K, 0% used [0x00000000d8480000,0x00000000d8480000,0x00000000d8980000)
 ParOldGen       total 87552K, used 29K [0x0000000081c00000, 0x0000000087180000, 0x00000000d5f00000)
  object space 87552K, 0% used [0x0000000081c00000,0x0000000081c074a8,0x0000000087180000)
 Metaspace       used 12752K, capacity 12948K, committed 13184K, reserved 1060864K
  class space    used 1465K, capacity 1542K, committed 1664K, reserved 1048576K
Event: 1.109 GC heap after
Heap after GC invocations=2 (full 0):
 PSYoungGen      total 38400K, used 5100K [0x00000000d5f00000, 0x00000000daa00000, 0x0000000100000000)
  eden space 33280K, 0% used [0x00000000d5f00000,0x00000000d5f00000,0x00000000d7f80000)
  from space 5120K, 99% used [0x00000000d8480000,0x00000000d897b028,0x00000000d8980000)
  to   space 5120K, 0% used [0x00000000d7f80000,0x00000000d7f80000,0x00000000d8480000)
 ParOldGen       total 87552K, used 2301K [0x0000000081c00000, 0x0000000087180000, 0x00000000d5f00000)
  object space 87552K, 2% used [0x0000000081c00000,0x0000000081e3f788,0x0000000087180000)
 Metaspace       used 12752K, capacity 12948K, committed 13184K, reserved 1060864K
  class space    used 1465K, capacity 1542K, committed 1664K, reserved 1048576K
}
Event: 1.509 GC heap before
{Heap before GC invocations=3 (full 0):
 PSYoungGen      total 38400K, used 38380K [0x00000000d5f00000, 0x00000000daa00000, 0x0000000100000000)
  eden space 33280K, 100% used [0x00000000d5f00000,0x00000000d7f80000,0x00000000d7f80000)
  from space 5120K, 99% used [0x00000000d8480000,0x00000000d897b028,0x00000000d8980000)
  to   space 5120K, 0% used [0x00000000d7f80000,0x00000000d7f80000,0x00000000d8480000)
 ParOldGen       total 87552K, used 2301K [0x0000000081c00000, 0x0000000087180000, 0x00000000d5f00000)
  object space 87552K, 2% used [0x0000000081c00000,0x0000000081e3f788,0x0000000087180000)
 Metaspace       used 15843K, capacity 16040K, committed 16256K, reserved 1062912K
  class space    used 1788K, capacity 1876K, committed 1920K, reserved 1048576K
Event: 1.516 GC heap after
Heap after GC invocations=3 (full 0):
 PSYoungGen      total 38400K, used 5104K [0x00000000d5f00000, 0x00000000daa00000, 0x0000000100000000)
  eden space 33280K, 0% used [0x00000000d5f00000,0x00000000d5f00000,0x00000000d7f80000)
  from space 5120K, 99% used [0x00000000d7f80000,0x00000000d847c030,0x00000000d8480000)
  to   space 5120K, 0% used [0x00000000da500000,0x00000000da500000,0x00000000daa00000)
 ParOldGen       total 87552K, used 6157K [0x0000000081c00000, 0x0000000087180000, 0x00000000d5f00000)
  object space 87552K, 7% used [0x0000000081c00000,0x0000000082203630,0x0000000087180000)
 Metaspace       used 15843K, capacity 16040K, committed 16256K, reserved 1062912K
  class space    used 1788K, capacity 1876K, committed 1920K, reserved 1048576K
}
Event: 1.790 GC heap before
{Heap before GC invocations=4 (full 0):
 PSYoungGen      total 38400K, used 38384K [0x00000000d5f00000, 0x00000000daa00000, 0x0000000100000000)
  eden space 33280K, 100% used [0x00000000d5f00000,0x00000000d7f80000,0x00000000d7f80000)
  from space 5120K, 99% used [0x00000000d7f80000,0x00000000d847c030,0x00000000d8480000)
  to   space 5120K, 0% used [0x00000000da500000,0x00000000da500000,0x00000000daa00000)
 ParOldGen       total 87552K, used 6157K [0x0000000081c00000, 0x0000000087180000, 0x00000000d5f00000)
  object space 87552K, 7% used [0x0000000081c00000,0x0000000082203630,0x0000000087180000)
 Metaspace       used 16153K, capacity 16410K, committed 16768K, reserved 1064960K
  class space    used 1813K, capacity 1911K, committed 1920K, reserved 1048576K
Event: 1.802 GC heap after
Heap after GC invocations=4 (full 0):
 PSYoungGen      total 71680K, used 5104K [0x00000000d5f00000, 0x00000000daa00000, 0x0000000100000000)
  eden space 66560K, 0% used [0x00000000d5f00000,0x00000000d5f00000,0x00000000da000000)
  from space 5120K, 99% used [0x00000000da500000,0x00000000da9fc030,0x00000000daa00000)
  to   space 5120K, 0% used [0x00000000da000000,0x00000000da000000,0x00000000da500000)
 ParOldGen       total 87552K, used 12224K [0x0000000081c00000, 0x0000000087180000, 0x00000000d5f00000)
  object space 87552K, 13% used [0x0000000081c00000,0x00000000827f02a8,0x0000000087180000)
 Metaspace       used 16153K, capacity 16410K, committed 16768K, reserved 1064960K
  class space    used 1813K, capacity 1911K, committed 1920K, reserved 1048576K
}
Event: 2.225 GC heap before
{Heap before GC invocations=5 (full 0):
 PSYoungGen      total 71680K, used 71664K [0x00000000d5f00000, 0x00000000daa00000, 0x0000000100000000)
  eden space 66560K, 100% used [0x00000000d5f00000,0x00000000da000000,0x00000000da000000)
  from space 5120K, 99% used [0x00000000da500000,0x00000000da9fc030,0x00000000daa00000)
  to   space 5120K, 0% used [0x00000000da000000,0x00000000da000000,0x00000000da500000)
 ParOldGen       total 87552K, used 12224K [0x0000000081c00000, 0x0000000087180000, 0x00000000d5f00000)
  object space 87552K, 13% used [0x0000000081c00000,0x00000000827f02a8,0x0000000087180000)
 Metaspace       used 16530K, capacity 16754K, committed 17024K, reserved 1064960K
  class space    used 1816K, capacity 1915K, committed 1920K, reserved 1048576K
Event: 2.238 GC heap after
Heap after GC invocations=5 (full 0):
 PSYoungGen      total 71680K, used 5104K [0x00000000d5f00000, 0x00000000e0000000, 0x0000000100000000)
  eden space 66560K, 0% used [0x00000000d5f00000,0x00000000d5f00000,0x00000000da000000)
  from space 5120K, 99% used [0x00000000da000000,0x00000000da4fc030,0x00000000da500000)
  to   space 15872K, 0% used [0x00000000df080000,0x00000000df080000,0x00000000e0000000)
 ParOldGen       total 87552K, used 21132K [0x0000000081c00000, 0x0000000087180000, 0x00000000d5f00000)
  object space 87552K, 24% used [0x0000000081c00000,0x00000000830a3390,0x0000000087180000)
 Metaspace       used 16530K, capacity 16754K, committed 17024K, reserved 1064960K
  class space    used 1816K, capacity 1915K, committed 1920K, reserved 1048576K
}
Event: 2.612 GC heap before
{Heap before GC invocations=6 (full 0):
 PSYoungGen      total 71680K, used 71664K [0x00000000d5f00000, 0x00000000e0000000, 0x0000000100000000)
  eden space 66560K, 100% used [0x00000000d5f00000,0x00000000da000000,0x00000000da000000)
  from space 5120K, 99% used [0x00000000da000000,0x00000000da4fc030,0x00000000da500000)
  to   space 15872K, 0% used [0x00000000df080000,0x00000000df080000,0x00000000e0000000)
 ParOldGen       total 87552K, used 21132K [0x0000000081c00000, 0x0000000087180000, 0x00000000d5f00000)
  object space 87552K, 24% used [0x0000000081c00000,0x00000000830a3390,0x0000000087180000)
 Metaspace       used 16759K, capacity 17028K, committed 17280K, reserved 1064960K
  class space    used 1818K, capacity 1918K, committed 1920K, reserved 1048576K
Event: 2.632 GC heap after
Heap after GC invocations=6 (full 0):
 PSYoungGen      total 145408K, used 15856K [0x00000000d5f00000, 0x00000000e0700000, 0x0000000100000000)
  eden space 129536K, 0% used [0x00000000d5f00000,0x00000000d5f00000,0x00000000ddd80000)
  from space 15872K, 99% used [0x00000000df080000,0x00000000dfffc050,0x00000000e0000000)
  to   space 19456K, 0% used [0x00000000ddd80000,0x00000000ddd80000,0x00000000df080000)
 ParOldGen       total 87552K, used 22204K [0x0000000081c00000, 0x0000000087180000, 0x00000000d5f00000)
  object space 87552K, 25% used [0x0000000081c00000,0x00000000831af390,0x0000000087180000)
 Metaspace       used 16759K, capacity 17028K, committed 17280K, reserved 1064960K
  class space    used 1818K, capacity 1918K, committed 1920K, reserved 1048576K
}
Event: 4.027 GC heap before
{Heap before GC invocations=7 (full 0):
 PSYoungGen      total 145408K, used 145392K [0x00000000d5f00000, 0x00000000e0700000, 0x0000000100000000)
  eden space 129536K, 100% used [0x00000000d5f00000,0x00000000ddd80000,0x00000000ddd80000)
  from space 15872K, 99% used [0x00000000df080000,0x00000000dfffc050,0x00000000e0000000)
  to   space 19456K, 0% used [0x00000000ddd80000,0x00000000ddd80000,0x00000000df080000)
 ParOldGen       total 87552K, used 22204K [0x0000000081c00000, 0x0000000087180000, 0x00000000d5f00000)
  object space 87552K, 25% used [0x0000000081c00000,0x00000000831af390,0x0000000087180000)
 Metaspace       used 19366K, capacity 19950K, committed 20224K, reserved 1067008K
  class space    used 2132K, capacity 2273K, committed 2304K, reserved 1048576K
Event: 4.061 GC heap after
Heap after GC invocations=7 (full 0):
 PSYoungGen      total 148992K, used 19440K [0x00000000d5f00000, 0x00000000e0700000, 0x0000000100000000)
  eden space 129536K, 0% used [0x00000000d5f00000,0x00000000d5f00000,0x00000000ddd80000)
  from space 19456K, 99% used [0x00000000ddd80000,0x00000000df07c010,0x00000000df080000)
  to   space 15872K, 0% used [0x00000000df080000,0x00000000df080000,0x00000000e0000000)
 ParOldGen       total 87552K, used 27614K [0x0000000081c00000, 0x0000000087180000, 0x00000000d5f00000)
  object space 87552K, 31% used [0x0000000081c00000,0x00000000836f7820,0x0000000087180000)
 Metaspace       used 19366K, capacity 19950K, committed 20224K, reserved 1067008K
  class space    used 2132K, capacity 2273K, committed 2304K, reserved 1048576K
}
Event: 4.241 GC heap before
{Heap before GC invocations=8 (full 0):
 PSYoungGen      total 148992K, used 27275K [0x00000000d5f00000, 0x00000000e0700000, 0x0000000100000000)
  eden space 129536K, 6% used [0x00000000d5f00000,0x00000000d66a6cc0,0x00000000ddd80000)
  from space 19456K, 99% used [0x00000000ddd80000,0x00000000df07c010,0x00000000df080000)
  to   space 15872K, 0% used [0x00000000df080000,0x00000000df080000,0x00000000e0000000)
 ParOldGen       total 87552K, used 27614K [0x0000000081c00000, 0x0000000087180000, 0x00000000d5f00000)
  object space 87552K, 31% used [0x0000000081c00000,0x00000000836f7820,0x0000000087180000)
 Metaspace       used 20649K, capacity 21212K, committed 21296K, reserved 1069056K
  class space    used 2256K, capacity 2420K, committed 2432K, reserved 1048576K
Event: 4.253 GC heap after
Heap after GC invocations=8 (full 0):
 PSYoungGen      total 145408K, used 15872K [0x00000000d5f00000, 0x00000000e0700000, 0x0000000100000000)
  eden space 129536K, 0% used [0x00000000d5f00000,0x00000000d5f00000,0x00000000ddd80000)
  from space 15872K, 100% used [0x00000000df080000,0x00000000e0000000,0x00000000e0000000)
  to   space 19456K, 0% used [0x00000000ddd80000,0x00000000ddd80000,0x00000000df080000)
 ParOldGen       total 87552K, used 32066K [0x0000000081c00000, 0x0000000087180000, 0x00000000d5f00000)
  object space 87552K, 36% used [0x0000000081c00000,0x0000000083b50848,0x0000000087180000)
 Metaspace       used 20649K, capacity 21212K, committed 21296K, reserved 1069056K
  class space    used 2256K, capacity 2420K, committed 2432K, reserved 1048576K
}
Event: 4.253 GC heap before
{Heap before GC invocations=9 (full 1):
 PSYoungGen      total 145408K, used 15872K [0x00000000d5f00000, 0x00000000e0700000, 0x0000000100000000)
  eden space 129536K, 0% used [0x00000000d5f00000,0x00000000d5f00000,0x00000000ddd80000)
  from space 15872K, 100% used [0x00000000df080000,0x00000000e0000000,0x00000000e0000000)
  to   space 19456K, 0% used [0x00000000ddd80000,0x00000000ddd80000,0x00000000df080000)
 ParOldGen       total 87552K, used 32066K [0x0000000081c00000, 0x0000000087180000, 0x00000000d5f00000)
  object space 87552K, 36% used [0x0000000081c00000,0x0000000083b50848,0x0000000087180000)
 Metaspace       used 20649K, capacity 21212K, committed 21296K, reserved 1069056K
  class space    used 2256K, capacity 2420K, committed 2432K, reserved 1048576K
Event: 4.358 GC heap after
Heap after GC invocations=9 (full 1):
 PSYoungGen      total 145408K, used 0K [0x00000000d5f00000, 0x00000000e0700000, 0x0000000100000000)
  eden space 129536K, 0% used [0x00000000d5f00000,0x00000000d5f00000,0x00000000ddd80000)
  from space 15872K, 0% used [0x00000000df080000,0x00000000df080000,0x00000000e0000000)
  to   space 19456K, 0% used [0x00000000ddd80000,0x00000000ddd80000,0x00000000df080000)
 ParOldGen       total 94208K, used 37054K [0x0000000081c00000, 0x0000000087800000, 0x00000000d5f00000)
  object space 94208K, 39% used [0x0000000081c00000,0x000000008402f8c0,0x0000000087800000)
 Metaspace       used 20649K, capacity 21212K, committed 21296K, reserved 1069056K
  class space    used 2256K, capacity 2420K, committed 2432K, reserved 1048576K
}
Event: 5.308 GC heap before
{Heap before GC invocations=10 (full 1):
 PSYoungGen      total 145408K, used 129536K [0x00000000d5f00000, 0x00000000e0700000, 0x0000000100000000)
  eden space 129536K, 100% used [0x00000000d5f00000,0x00000000ddd80000,0x00000000ddd80000)
  from space 15872K, 0% used [0x00000000df080000,0x00000000df080000,0x00000000e0000000)
  to   space 19456K, 0% used [0x00000000ddd80000,0x00000000ddd80000,0x00000000df080000)
 ParOldGen       total 94208K, used 37054K [0x0000000081c00000, 0x0000000087800000, 0x00000000d5f00000)
  object space 94208K, 39% used [0x0000000081c00000,0x000000008402fa48,0x0000000087800000)
 Metaspace       used 31534K, capacity 32200K, committed 32512K, reserved 1077248K
  class space    used 3573K, capacity 3752K, committed 3840K, reserved 1048576K
Event: 5.316 GC heap after
Heap after GC invocations=10 (full 1):
 PSYoungGen      total 148992K, used 15727K [0x00000000d5f00000, 0x00000000e3b00000, 0x0000000100000000)
  eden space 129536K, 0% used [0x00000000d5f00000,0x00000000d5f00000,0x00000000ddd80000)
  from space 19456K, 80% used [0x00000000ddd80000,0x00000000decdbdd0,0x00000000df080000)
  to   space 26624K, 0% used [0x00000000e2100000,0x00000000e2100000,0x00000000e3b00000)
 ParOldGen       total 94208K, used 37126K [0x0000000081c00000, 0x0000000087800000, 0x00000000d5f00000)
  object space 94208K, 39% used [0x0000000081c00000,0x0000000084041a58,0x0000000087800000)
 Metaspace       used 31534K, capacity 32200K, committed 32512K, reserved 1077248K
  class space    used 3573K, capacity 3752K, committed 3840K, reserved 1048576K
}
Event: 5.519 GC heap before
{Heap before GC invocations=11 (full 1):
 PSYoungGen      total 148992K, used 82597K [0x00000000d5f00000, 0x00000000e3b00000, 0x0000000100000000)
  eden space 129536K, 51% used [0x00000000d5f00000,0x00000000da04d758,0x00000000ddd80000)
  from space 19456K, 80% used [0x00000000ddd80000,0x00000000decdbdd0,0x00000000df080000)
  to   space 26624K, 0% used [0x00000000e2100000,0x00000000e2100000,0x00000000e3b00000)
 ParOldGen       total 94208K, used 37126K [0x0000000081c00000, 0x0000000087800000, 0x00000000d5f00000)
  object space 94208K, 39% used [0x0000000081c00000,0x0000000084041a58,0x0000000087800000)
 Metaspace       used 34485K, capacity 35186K, committed 35456K, reserved 1081344K
  class space    used 3931K, capacity 4127K, committed 4224K, reserved 1048576K
Event: 5.526 GC heap after
Heap after GC invocations=11 (full 1):
 PSYoungGen      total 198656K, used 11244K [0x00000000d5f00000, 0x00000000e3a00000, 0x0000000100000000)
  eden space 173056K, 0% used [0x00000000d5f00000,0x00000000d5f00000,0x00000000e0800000)
  from space 25600K, 43% used [0x00000000e2100000,0x00000000e2bfb098,0x00000000e3a00000)
  to   space 25600K, 0% used [0x00000000e0800000,0x00000000e0800000,0x00000000e2100000)
 ParOldGen       total 94208K, used 37134K [0x0000000081c00000, 0x0000000087800000, 0x00000000d5f00000)
  object space 94208K, 39% used [0x0000000081c00000,0x0000000084043a58,0x0000000087800000)
 Metaspace       used 34485K, capacity 35186K, committed 35456K, reserved 1081344K
  class space    used 3931K, capacity 4127K, committed 4224K, reserved 1048576K
}
Event: 5.526 GC heap before
{Heap before GC invocations=12 (full 2):
 PSYoungGen      total 198656K, used 11244K [0x00000000d5f00000, 0x00000000e3a00000, 0x0000000100000000)
  eden space 173056K, 0% used [0x00000000d5f00000,0x00000000d5f00000,0x00000000e0800000)
  from space 25600K, 43% used [0x00000000e2100000,0x00000000e2bfb098,0x00000000e3a00000)
  to   space 25600K, 0% used [0x00000000e0800000,0x00000000e0800000,0x00000000e2100000)
 ParOldGen       total 94208K, used 37134K [0x0000000081c00000, 0x0000000087800000, 0x00000000d5f00000)
  object space 94208K, 39% used [0x0000000081c00000,0x0000000084043a58,0x0000000087800000)
 Metaspace       used 34485K, capacity 35186K, committed 35456K, reserved 1081344K
  class space    used 3931K, capacity 4127K, committed 4224K, reserved 1048576K
Event: 5.680 GC heap after
Heap after GC invocations=12 (full 2):
 PSYoungGen      total 198656K, used 0K [0x00000000d5f00000, 0x00000000e3a00000, 0x0000000100000000)
  eden space 173056K, 0% used [0x00000000d5f00000,0x00000000d5f00000,0x00000000e0800000)
  from space 25600K, 0% used [0x00000000e2100000,0x00000000e2100000,0x00000000e3a00000)
  to   space 25600K, 0% used [0x00000000e0800000,0x00000000e0800000,0x00000000e2100000)
 ParOldGen       total 94208K, used 46938K [0x0000000081c00000, 0x0000000087800000, 0x00000000d5f00000)
  object space 94208K, 49% used [0x0000000081c00000,0x00000000849d6b08,0x0000000087800000)
 Metaspace       used 34485K, capacity 35186K, committed 35456K, reserved 1081344K
  class space    used 3931K, capacity 4127K, committed 4224K, reserved 1048576K
}

